[0.654s] DEBUG:colcon:Command line arguments: ['/usr/bin/colcon', 'build', '--symlink-install']
[0.655s] DEBUG:colcon:Parsed command line arguments: Namespace(log_base=None, log_level=None, verb_name='build', build_base='build', install_base='install', merge_install=False, symlink_install=True, test_result_base=None, continue_on_error=False, executor='parallel', parallel_workers=8, event_handlers=None, ignore_user_meta=False, metas=['./colcon.meta'], base_paths=['.'], packages_ignore=None, packages_ignore_regex=None, paths=None, packages_up_to=None, packages_up_to_regex=None, packages_above=None, packages_above_and_dependencies=None, packages_above_depth=None, packages_select_by_dep=None, packages_skip_by_dep=None, packages_skip_up_to=None, packages_select_build_failed=False, packages_skip_build_finished=False, packages_select_test_failures=False, packages_skip_test_passed=False, packages_select=None, packages_skip=None, packages_select_regex=None, packages_skip_regex=None, packages_start=None, packages_end=None, allow_overriding=[], cmake_args=None, cmake_target=None, cmake_target_skip_unavailable=False, cmake_clean_cache=False, cmake_clean_first=False, cmake_force_configure=False, ament_cmake_args=None, catkin_cmake_args=None, catkin_skip_building_tests=False, mixin_files=None, mixin=None, verb_parser=<colcon_mixin.mixin.mixin_argument.MixinArgumentDecorator object at 0x7f033b437430>, verb_extension=<colcon_core.verb.build.BuildVerb object at 0x7f033b436f50>, main=<bound method BuildVerb.main of <colcon_core.verb.build.BuildVerb object at 0x7f033b436f50>>, mixin_verb=('build',))
[1.550s] Level 1:colcon.colcon_core.package_discovery:discover_packages(colcon_meta) check parameters
[1.551s] Level 1:colcon.colcon_core.package_discovery:discover_packages(recursive) check parameters
[1.551s] Level 1:colcon.colcon_core.package_discovery:discover_packages(ignore) check parameters
[1.551s] Level 1:colcon.colcon_core.package_discovery:discover_packages(path) check parameters
[1.551s] Level 1:colcon.colcon_core.package_discovery:discover_packages(colcon_meta) discover
[1.551s] Level 1:colcon.colcon_core.package_discovery:discover_packages(recursive) discover
[1.551s] INFO:colcon.colcon_core.package_discovery:Crawling recursively for packages in '/home/jsh/robot_ws'
[1.552s] Level 1:colcon.colcon_core.package_identification:_identify(.) by extensions ['ignore', 'ignore_ament_install']
[1.552s] Level 1:colcon.colcon_core.package_identification:_identify(.) by extension 'ignore'
[1.552s] Level 1:colcon.colcon_core.package_identification:_identify(.) by extension 'ignore_ament_install'
[1.553s] Level 1:colcon.colcon_core.package_identification:_identify(.) by extensions ['colcon_pkg']
[1.553s] Level 1:colcon.colcon_core.package_identification:_identify(.) by extension 'colcon_pkg'
[1.553s] Level 1:colcon.colcon_core.package_identification:_identify(.) by extensions ['colcon_meta']
[1.553s] Level 1:colcon.colcon_core.package_identification:_identify(.) by extension 'colcon_meta'
[1.553s] Level 1:colcon.colcon_core.package_identification:_identify(.) by extensions ['ros']
[1.553s] Level 1:colcon.colcon_core.package_identification:_identify(.) by extension 'ros'
[1.600s] Level 1:colcon.colcon_core.package_identification:_identify(.) by extensions ['cmake', 'python']
[1.601s] Level 1:colcon.colcon_core.package_identification:_identify(.) by extension 'cmake'
[1.601s] Level 1:colcon.colcon_core.package_identification:_identify(.) by extension 'python'
[1.601s] Level 1:colcon.colcon_core.package_identification:_identify(.) by extensions ['python_setup_py']
[1.601s] Level 1:colcon.colcon_core.package_identification:_identify(.) by extension 'python_setup_py'
[1.602s] Level 1:colcon.colcon_core.package_identification:_identify(build) by extensions ['ignore', 'ignore_ament_install']
[1.602s] Level 1:colcon.colcon_core.package_identification:_identify(build) by extension 'ignore'
[1.603s] Level 1:colcon.colcon_core.package_identification:_identify(build) ignored
[1.603s] Level 1:colcon.colcon_core.package_identification:_identify(install) by extensions ['ignore', 'ignore_ament_install']
[1.603s] Level 1:colcon.colcon_core.package_identification:_identify(install) by extension 'ignore'
[1.604s] Level 1:colcon.colcon_core.package_identification:_identify(install) ignored
[1.604s] Level 1:colcon.colcon_core.package_identification:_identify(log) by extensions ['ignore', 'ignore_ament_install']
[1.604s] Level 1:colcon.colcon_core.package_identification:_identify(log) by extension 'ignore'
[1.605s] Level 1:colcon.colcon_core.package_identification:_identify(log) ignored
[1.605s] Level 1:colcon.colcon_core.package_identification:_identify(src) by extensions ['ignore', 'ignore_ament_install']
[1.605s] Level 1:colcon.colcon_core.package_identification:_identify(src) by extension 'ignore'
[1.605s] Level 1:colcon.colcon_core.package_identification:_identify(src) by extension 'ignore_ament_install'
[1.606s] Level 1:colcon.colcon_core.package_identification:_identify(src) by extensions ['colcon_pkg']
[1.606s] Level 1:colcon.colcon_core.package_identification:_identify(src) by extension 'colcon_pkg'
[1.606s] Level 1:colcon.colcon_core.package_identification:_identify(src) by extensions ['colcon_meta']
[1.606s] Level 1:colcon.colcon_core.package_identification:_identify(src) by extension 'colcon_meta'
[1.606s] Level 1:colcon.colcon_core.package_identification:_identify(src) by extensions ['ros']
[1.606s] Level 1:colcon.colcon_core.package_identification:_identify(src) by extension 'ros'
[1.607s] Level 1:colcon.colcon_core.package_identification:_identify(src) by extensions ['cmake', 'python']
[1.607s] Level 1:colcon.colcon_core.package_identification:_identify(src) by extension 'cmake'
[1.607s] Level 1:colcon.colcon_core.package_identification:_identify(src) by extension 'python'
[1.607s] Level 1:colcon.colcon_core.package_identification:_identify(src) by extensions ['python_setup_py']
[1.607s] Level 1:colcon.colcon_core.package_identification:_identify(src) by extension 'python_setup_py'
[1.608s] Level 1:colcon.colcon_core.package_identification:_identify(src/micro_ros_setup) by extensions ['ignore', 'ignore_ament_install']
[1.608s] Level 1:colcon.colcon_core.package_identification:_identify(src/micro_ros_setup) by extension 'ignore'
[1.608s] Level 1:colcon.colcon_core.package_identification:_identify(src/micro_ros_setup) by extension 'ignore_ament_install'
[1.609s] Level 1:colcon.colcon_core.package_identification:_identify(src/micro_ros_setup) by extensions ['colcon_pkg']
[1.609s] Level 1:colcon.colcon_core.package_identification:_identify(src/micro_ros_setup) by extension 'colcon_pkg'
[1.609s] Level 1:colcon.colcon_core.package_identification:_identify(src/micro_ros_setup) by extensions ['colcon_meta']
[1.609s] Level 1:colcon.colcon_core.package_identification:_identify(src/micro_ros_setup) by extension 'colcon_meta'
[1.609s] Level 1:colcon.colcon_core.package_identification:_identify(src/micro_ros_setup) by extensions ['ros']
[1.610s] Level 1:colcon.colcon_core.package_identification:_identify(src/micro_ros_setup) by extension 'ros'
[1.622s] DEBUG:colcon.colcon_core.package_identification:Package 'src/micro_ros_setup' with type 'ros.ament_cmake' and name 'micro_ros_setup'
[1.623s] Level 1:colcon.colcon_core.package_identification:_identify(src/multi_robot_arm) by extensions ['ignore', 'ignore_ament_install']
[1.623s] Level 1:colcon.colcon_core.package_identification:_identify(src/multi_robot_arm) by extension 'ignore'
[1.623s] Level 1:colcon.colcon_core.package_identification:_identify(src/multi_robot_arm) by extension 'ignore_ament_install'
[1.623s] Level 1:colcon.colcon_core.package_identification:_identify(src/multi_robot_arm) by extensions ['colcon_pkg']
[1.624s] Level 1:colcon.colcon_core.package_identification:_identify(src/multi_robot_arm) by extension 'colcon_pkg'
[1.624s] Level 1:colcon.colcon_core.package_identification:_identify(src/multi_robot_arm) by extensions ['colcon_meta']
[1.624s] Level 1:colcon.colcon_core.package_identification:_identify(src/multi_robot_arm) by extension 'colcon_meta'
[1.624s] Level 1:colcon.colcon_core.package_identification:_identify(src/multi_robot_arm) by extensions ['ros']
[1.624s] Level 1:colcon.colcon_core.package_identification:_identify(src/multi_robot_arm) by extension 'ros'
[1.628s] DEBUG:colcon.colcon_core.package_identification:Package 'src/multi_robot_arm' with type 'ros.ament_cmake' and name 'multi_robot_arm'
[1.628s] Level 1:colcon.colcon_core.package_identification:_identify(src/pymoveit2) by extensions ['ignore', 'ignore_ament_install']
[1.629s] Level 1:colcon.colcon_core.package_identification:_identify(src/pymoveit2) by extension 'ignore'
[1.629s] Level 1:colcon.colcon_core.package_identification:_identify(src/pymoveit2) by extension 'ignore_ament_install'
[1.629s] Level 1:colcon.colcon_core.package_identification:_identify(src/pymoveit2) by extensions ['colcon_pkg']
[1.629s] Level 1:colcon.colcon_core.package_identification:_identify(src/pymoveit2) by extension 'colcon_pkg'
[1.629s] Level 1:colcon.colcon_core.package_identification:_identify(src/pymoveit2) by extensions ['colcon_meta']
[1.630s] Level 1:colcon.colcon_core.package_identification:_identify(src/pymoveit2) by extension 'colcon_meta'
[1.630s] Level 1:colcon.colcon_core.package_identification:_identify(src/pymoveit2) by extensions ['ros']
[1.630s] Level 1:colcon.colcon_core.package_identification:_identify(src/pymoveit2) by extension 'ros'
[1.632s] DEBUG:colcon.colcon_core.package_identification:Package 'src/pymoveit2' with type 'ros.ament_cmake' and name 'pymoveit2'
[1.632s] Level 1:colcon.colcon_core.package_identification:_identify(src/uros) by extensions ['ignore', 'ignore_ament_install']
[1.633s] Level 1:colcon.colcon_core.package_identification:_identify(src/uros) by extension 'ignore'
[1.633s] Level 1:colcon.colcon_core.package_identification:_identify(src/uros) by extension 'ignore_ament_install'
[1.633s] Level 1:colcon.colcon_core.package_identification:_identify(src/uros) by extensions ['colcon_pkg']
[1.633s] Level 1:colcon.colcon_core.package_identification:_identify(src/uros) by extension 'colcon_pkg'
[1.634s] Level 1:colcon.colcon_core.package_identification:_identify(src/uros) by extensions ['colcon_meta']
[1.634s] Level 1:colcon.colcon_core.package_identification:_identify(src/uros) by extension 'colcon_meta'
[1.634s] Level 1:colcon.colcon_core.package_identification:_identify(src/uros) by extensions ['ros']
[1.634s] Level 1:colcon.colcon_core.package_identification:_identify(src/uros) by extension 'ros'
[1.635s] Level 1:colcon.colcon_core.package_identification:_identify(src/uros) by extensions ['cmake', 'python']
[1.635s] Level 1:colcon.colcon_core.package_identification:_identify(src/uros) by extension 'cmake'
[1.635s] Level 1:colcon.colcon_core.package_identification:_identify(src/uros) by extension 'python'
[1.635s] Level 1:colcon.colcon_core.package_identification:_identify(src/uros) by extensions ['python_setup_py']
[1.635s] Level 1:colcon.colcon_core.package_identification:_identify(src/uros) by extension 'python_setup_py'
[1.636s] Level 1:colcon.colcon_core.package_identification:_identify(src/uros/micro-ROS-Agent) by extensions ['ignore', 'ignore_ament_install']
[1.636s] Level 1:colcon.colcon_core.package_identification:_identify(src/uros/micro-ROS-Agent) by extension 'ignore'
[1.636s] Level 1:colcon.colcon_core.package_identification:_identify(src/uros/micro-ROS-Agent) by extension 'ignore_ament_install'
[1.637s] Level 1:colcon.colcon_core.package_identification:_identify(src/uros/micro-ROS-Agent) by extensions ['colcon_pkg']
[1.637s] Level 1:colcon.colcon_core.package_identification:_identify(src/uros/micro-ROS-Agent) by extension 'colcon_pkg'
[1.637s] Level 1:colcon.colcon_core.package_identification:_identify(src/uros/micro-ROS-Agent) by extensions ['colcon_meta']
[1.637s] Level 1:colcon.colcon_core.package_identification:_identify(src/uros/micro-ROS-Agent) by extension 'colcon_meta'
[1.637s] Level 1:colcon.colcon_core.package_identification:_identify(src/uros/micro-ROS-Agent) by extensions ['ros']
[1.637s] Level 1:colcon.colcon_core.package_identification:_identify(src/uros/micro-ROS-Agent) by extension 'ros'
[1.638s] Level 1:colcon.colcon_core.package_identification:_identify(src/uros/micro-ROS-Agent) by extensions ['cmake', 'python']
[1.638s] Level 1:colcon.colcon_core.package_identification:_identify(src/uros/micro-ROS-Agent) by extension 'cmake'
[1.638s] Level 1:colcon.colcon_core.package_identification:_identify(src/uros/micro-ROS-Agent) by extension 'python'
[1.638s] Level 1:colcon.colcon_core.package_identification:_identify(src/uros/micro-ROS-Agent) by extensions ['python_setup_py']
[1.638s] Level 1:colcon.colcon_core.package_identification:_identify(src/uros/micro-ROS-Agent) by extension 'python_setup_py'
[1.639s] Level 1:colcon.colcon_core.package_identification:_identify(src/uros/micro-ROS-Agent/micro_ros_agent) by extensions ['ignore', 'ignore_ament_install']
[1.639s] Level 1:colcon.colcon_core.package_identification:_identify(src/uros/micro-ROS-Agent/micro_ros_agent) by extension 'ignore'
[1.639s] Level 1:colcon.colcon_core.package_identification:_identify(src/uros/micro-ROS-Agent/micro_ros_agent) by extension 'ignore_ament_install'
[1.640s] Level 1:colcon.colcon_core.package_identification:_identify(src/uros/micro-ROS-Agent/micro_ros_agent) by extensions ['colcon_pkg']
[1.640s] Level 1:colcon.colcon_core.package_identification:_identify(src/uros/micro-ROS-Agent/micro_ros_agent) by extension 'colcon_pkg'
[1.640s] Level 1:colcon.colcon_core.package_identification:_identify(src/uros/micro-ROS-Agent/micro_ros_agent) by extensions ['colcon_meta']
[1.640s] Level 1:colcon.colcon_core.package_identification:_identify(src/uros/micro-ROS-Agent/micro_ros_agent) by extension 'colcon_meta'
[1.640s] Level 1:colcon.colcon_core.package_identification:_identify(src/uros/micro-ROS-Agent/micro_ros_agent) by extensions ['ros']
[1.641s] Level 1:colcon.colcon_core.package_identification:_identify(src/uros/micro-ROS-Agent/micro_ros_agent) by extension 'ros'
[1.644s] DEBUG:colcon.colcon_core.package_identification:Package 'src/uros/micro-ROS-Agent/micro_ros_agent' with type 'ros.ament_cmake' and name 'micro_ros_agent'
[1.645s] Level 1:colcon.colcon_core.package_identification:_identify(src/uros/micro-ROS-Agent/snap) by extensions ['ignore', 'ignore_ament_install']
[1.645s] Level 1:colcon.colcon_core.package_identification:_identify(src/uros/micro-ROS-Agent/snap) by extension 'ignore'
[1.645s] Level 1:colcon.colcon_core.package_identification:_identify(src/uros/micro-ROS-Agent/snap) by extension 'ignore_ament_install'
[1.646s] Level 1:colcon.colcon_core.package_identification:_identify(src/uros/micro-ROS-Agent/snap) by extensions ['colcon_pkg']
[1.646s] Level 1:colcon.colcon_core.package_identification:_identify(src/uros/micro-ROS-Agent/snap) by extension 'colcon_pkg'
[1.646s] Level 1:colcon.colcon_core.package_identification:_identify(src/uros/micro-ROS-Agent/snap) by extensions ['colcon_meta']
[1.646s] Level 1:colcon.colcon_core.package_identification:_identify(src/uros/micro-ROS-Agent/snap) by extension 'colcon_meta'
[1.646s] Level 1:colcon.colcon_core.package_identification:_identify(src/uros/micro-ROS-Agent/snap) by extensions ['ros']
[1.647s] Level 1:colcon.colcon_core.package_identification:_identify(src/uros/micro-ROS-Agent/snap) by extension 'ros'
[1.647s] Level 1:colcon.colcon_core.package_identification:_identify(src/uros/micro-ROS-Agent/snap) by extensions ['cmake', 'python']
[1.647s] Level 1:colcon.colcon_core.package_identification:_identify(src/uros/micro-ROS-Agent/snap) by extension 'cmake'
[1.647s] Level 1:colcon.colcon_core.package_identification:_identify(src/uros/micro-ROS-Agent/snap) by extension 'python'
[1.647s] Level 1:colcon.colcon_core.package_identification:_identify(src/uros/micro-ROS-Agent/snap) by extensions ['python_setup_py']
[1.648s] Level 1:colcon.colcon_core.package_identification:_identify(src/uros/micro-ROS-Agent/snap) by extension 'python_setup_py'
[1.648s] Level 1:colcon.colcon_core.package_identification:_identify(src/uros/micro-ROS-Agent/snap/hooks) by extensions ['ignore', 'ignore_ament_install']
[1.648s] Level 1:colcon.colcon_core.package_identification:_identify(src/uros/micro-ROS-Agent/snap/hooks) by extension 'ignore'
[1.649s] Level 1:colcon.colcon_core.package_identification:_identify(src/uros/micro-ROS-Agent/snap/hooks) by extension 'ignore_ament_install'
[1.649s] Level 1:colcon.colcon_core.package_identification:_identify(src/uros/micro-ROS-Agent/snap/hooks) by extensions ['colcon_pkg']
[1.649s] Level 1:colcon.colcon_core.package_identification:_identify(src/uros/micro-ROS-Agent/snap/hooks) by extension 'colcon_pkg'
[1.649s] Level 1:colcon.colcon_core.package_identification:_identify(src/uros/micro-ROS-Agent/snap/hooks) by extensions ['colcon_meta']
[1.649s] Level 1:colcon.colcon_core.package_identification:_identify(src/uros/micro-ROS-Agent/snap/hooks) by extension 'colcon_meta'
[1.650s] Level 1:colcon.colcon_core.package_identification:_identify(src/uros/micro-ROS-Agent/snap/hooks) by extensions ['ros']
[1.650s] Level 1:colcon.colcon_core.package_identification:_identify(src/uros/micro-ROS-Agent/snap/hooks) by extension 'ros'
[1.650s] Level 1:colcon.colcon_core.package_identification:_identify(src/uros/micro-ROS-Agent/snap/hooks) by extensions ['cmake', 'python']
[1.650s] Level 1:colcon.colcon_core.package_identification:_identify(src/uros/micro-ROS-Agent/snap/hooks) by extension 'cmake'
[1.650s] Level 1:colcon.colcon_core.package_identification:_identify(src/uros/micro-ROS-Agent/snap/hooks) by extension 'python'
[1.651s] Level 1:colcon.colcon_core.package_identification:_identify(src/uros/micro-ROS-Agent/snap/hooks) by extensions ['python_setup_py']
[1.651s] Level 1:colcon.colcon_core.package_identification:_identify(src/uros/micro-ROS-Agent/snap/hooks) by extension 'python_setup_py'
[1.651s] Level 1:colcon.colcon_core.package_identification:_identify(src/uros/micro-ROS-Agent/snap/local) by extensions ['ignore', 'ignore_ament_install']
[1.652s] Level 1:colcon.colcon_core.package_identification:_identify(src/uros/micro-ROS-Agent/snap/local) by extension 'ignore'
[1.652s] Level 1:colcon.colcon_core.package_identification:_identify(src/uros/micro-ROS-Agent/snap/local) by extension 'ignore_ament_install'
[1.652s] Level 1:colcon.colcon_core.package_identification:_identify(src/uros/micro-ROS-Agent/snap/local) by extensions ['colcon_pkg']
[1.652s] Level 1:colcon.colcon_core.package_identification:_identify(src/uros/micro-ROS-Agent/snap/local) by extension 'colcon_pkg'
[1.652s] Level 1:colcon.colcon_core.package_identification:_identify(src/uros/micro-ROS-Agent/snap/local) by extensions ['colcon_meta']
[1.653s] Level 1:colcon.colcon_core.package_identification:_identify(src/uros/micro-ROS-Agent/snap/local) by extension 'colcon_meta'
[1.653s] Level 1:colcon.colcon_core.package_identification:_identify(src/uros/micro-ROS-Agent/snap/local) by extensions ['ros']
[1.653s] Level 1:colcon.colcon_core.package_identification:_identify(src/uros/micro-ROS-Agent/snap/local) by extension 'ros'
[1.653s] Level 1:colcon.colcon_core.package_identification:_identify(src/uros/micro-ROS-Agent/snap/local) by extensions ['cmake', 'python']
[1.653s] Level 1:colcon.colcon_core.package_identification:_identify(src/uros/micro-ROS-Agent/snap/local) by extension 'cmake'
[1.654s] Level 1:colcon.colcon_core.package_identification:_identify(src/uros/micro-ROS-Agent/snap/local) by extension 'python'
[1.654s] Level 1:colcon.colcon_core.package_identification:_identify(src/uros/micro-ROS-Agent/snap/local) by extensions ['python_setup_py']
[1.654s] Level 1:colcon.colcon_core.package_identification:_identify(src/uros/micro-ROS-Agent/snap/local) by extension 'python_setup_py'
[1.654s] Level 1:colcon.colcon_core.package_identification:_identify(src/uros/micro_ros_msgs) by extensions ['ignore', 'ignore_ament_install']
[1.655s] Level 1:colcon.colcon_core.package_identification:_identify(src/uros/micro_ros_msgs) by extension 'ignore'
[1.655s] Level 1:colcon.colcon_core.package_identification:_identify(src/uros/micro_ros_msgs) by extension 'ignore_ament_install'
[1.655s] Level 1:colcon.colcon_core.package_identification:_identify(src/uros/micro_ros_msgs) by extensions ['colcon_pkg']
[1.655s] Level 1:colcon.colcon_core.package_identification:_identify(src/uros/micro_ros_msgs) by extension 'colcon_pkg'
[1.656s] Level 1:colcon.colcon_core.package_identification:_identify(src/uros/micro_ros_msgs) by extensions ['colcon_meta']
[1.656s] Level 1:colcon.colcon_core.package_identification:_identify(src/uros/micro_ros_msgs) by extension 'colcon_meta'
[1.656s] Level 1:colcon.colcon_core.package_identification:_identify(src/uros/micro_ros_msgs) by extensions ['ros']
[1.656s] Level 1:colcon.colcon_core.package_identification:_identify(src/uros/micro_ros_msgs) by extension 'ros'
[1.658s] DEBUG:colcon.colcon_core.package_identification:Package 'src/uros/micro_ros_msgs' with type 'ros.ament_cmake' and name 'micro_ros_msgs'
[1.658s] Level 1:colcon.colcon_core.package_discovery:discover_packages(recursive) using defaults
[1.658s] Level 1:colcon.colcon_core.package_discovery:discover_packages(ignore) discover
[1.659s] Level 1:colcon.colcon_core.package_discovery:discover_packages(ignore) using defaults
[1.659s] Level 1:colcon.colcon_core.package_discovery:discover_packages(path) discover
[1.659s] Level 1:colcon.colcon_core.package_discovery:discover_packages(path) using defaults
[1.785s] Level 1:colcon.colcon_core.package_discovery:discover_packages(prefix_path) check parameters
[1.785s] Level 1:colcon.colcon_core.package_discovery:discover_packages(prefix_path) discover
[1.798s] DEBUG:colcon.colcon_installed_package_information.package_discovery:Found 428 installed packages in /opt/ros/humble
[1.806s] Level 1:colcon.colcon_core.package_discovery:discover_packages(prefix_path) using defaults
[2.009s] Level 5:colcon.colcon_core.verb:set package 'micro_ros_msgs' build argument 'cmake_args' from command line to 'None'
[2.009s] Level 5:colcon.colcon_core.verb:set package 'micro_ros_msgs' build argument 'cmake_target' from command line to 'None'
[2.009s] Level 5:colcon.colcon_core.verb:set package 'micro_ros_msgs' build argument 'cmake_target_skip_unavailable' from command line to 'False'
[2.009s] Level 5:colcon.colcon_core.verb:set package 'micro_ros_msgs' build argument 'cmake_clean_cache' from command line to 'False'
[2.009s] Level 5:colcon.colcon_core.verb:set package 'micro_ros_msgs' build argument 'cmake_clean_first' from command line to 'False'
[2.009s] Level 5:colcon.colcon_core.verb:set package 'micro_ros_msgs' build argument 'cmake_force_configure' from command line to 'False'
[2.009s] Level 5:colcon.colcon_core.verb:set package 'micro_ros_msgs' build argument 'ament_cmake_args' from command line to 'None'
[2.009s] Level 5:colcon.colcon_core.verb:set package 'micro_ros_msgs' build argument 'catkin_cmake_args' from command line to 'None'
[2.010s] Level 5:colcon.colcon_core.verb:set package 'micro_ros_msgs' build argument 'catkin_skip_building_tests' from command line to 'False'
[2.010s] DEBUG:colcon.colcon_core.verb:Building package 'micro_ros_msgs' with the following arguments: {'ament_cmake_args': None, 'build_base': '/home/jsh/robot_ws/build/micro_ros_msgs', 'catkin_cmake_args': None, 'catkin_skip_building_tests': False, 'cmake_args': None, 'cmake_clean_cache': False, 'cmake_clean_first': False, 'cmake_force_configure': False, 'cmake_target': None, 'cmake_target_skip_unavailable': False, 'install_base': '/home/jsh/robot_ws/install/micro_ros_msgs', 'merge_install': False, 'path': '/home/jsh/robot_ws/src/uros/micro_ros_msgs', 'symlink_install': True, 'test_result_base': None}
[2.011s] Level 5:colcon.colcon_core.verb:set package 'micro_ros_setup' build argument 'cmake_args' from command line to 'None'
[2.011s] Level 5:colcon.colcon_core.verb:set package 'micro_ros_setup' build argument 'cmake_target' from command line to 'None'
[2.011s] Level 5:colcon.colcon_core.verb:set package 'micro_ros_setup' build argument 'cmake_target_skip_unavailable' from command line to 'False'
[2.011s] Level 5:colcon.colcon_core.verb:set package 'micro_ros_setup' build argument 'cmake_clean_cache' from command line to 'False'
[2.011s] Level 5:colcon.colcon_core.verb:set package 'micro_ros_setup' build argument 'cmake_clean_first' from command line to 'False'
[2.011s] Level 5:colcon.colcon_core.verb:set package 'micro_ros_setup' build argument 'cmake_force_configure' from command line to 'False'
[2.011s] Level 5:colcon.colcon_core.verb:set package 'micro_ros_setup' build argument 'ament_cmake_args' from command line to 'None'
[2.011s] Level 5:colcon.colcon_core.verb:set package 'micro_ros_setup' build argument 'catkin_cmake_args' from command line to 'None'
[2.012s] Level 5:colcon.colcon_core.verb:set package 'micro_ros_setup' build argument 'catkin_skip_building_tests' from command line to 'False'
[2.012s] DEBUG:colcon.colcon_core.verb:Building package 'micro_ros_setup' with the following arguments: {'ament_cmake_args': None, 'build_base': '/home/jsh/robot_ws/build/micro_ros_setup', 'catkin_cmake_args': None, 'catkin_skip_building_tests': False, 'cmake_args': None, 'cmake_clean_cache': False, 'cmake_clean_first': False, 'cmake_force_configure': False, 'cmake_target': None, 'cmake_target_skip_unavailable': False, 'install_base': '/home/jsh/robot_ws/install/micro_ros_setup', 'merge_install': False, 'path': '/home/jsh/robot_ws/src/micro_ros_setup', 'symlink_install': True, 'test_result_base': None}
[2.013s] Level 5:colcon.colcon_core.verb:set package 'multi_robot_arm' build argument 'cmake_args' from command line to 'None'
[2.013s] Level 5:colcon.colcon_core.verb:set package 'multi_robot_arm' build argument 'cmake_target' from command line to 'None'
[2.013s] Level 5:colcon.colcon_core.verb:set package 'multi_robot_arm' build argument 'cmake_target_skip_unavailable' from command line to 'False'
[2.013s] Level 5:colcon.colcon_core.verb:set package 'multi_robot_arm' build argument 'cmake_clean_cache' from command line to 'False'
[2.013s] Level 5:colcon.colcon_core.verb:set package 'multi_robot_arm' build argument 'cmake_clean_first' from command line to 'False'
[2.013s] Level 5:colcon.colcon_core.verb:set package 'multi_robot_arm' build argument 'cmake_force_configure' from command line to 'False'
[2.013s] Level 5:colcon.colcon_core.verb:set package 'multi_robot_arm' build argument 'ament_cmake_args' from command line to 'None'
[2.013s] Level 5:colcon.colcon_core.verb:set package 'multi_robot_arm' build argument 'catkin_cmake_args' from command line to 'None'
[2.014s] Level 5:colcon.colcon_core.verb:set package 'multi_robot_arm' build argument 'catkin_skip_building_tests' from command line to 'False'
[2.014s] DEBUG:colcon.colcon_core.verb:Building package 'multi_robot_arm' with the following arguments: {'ament_cmake_args': None, 'build_base': '/home/jsh/robot_ws/build/multi_robot_arm', 'catkin_cmake_args': None, 'catkin_skip_building_tests': False, 'cmake_args': None, 'cmake_clean_cache': False, 'cmake_clean_first': False, 'cmake_force_configure': False, 'cmake_target': None, 'cmake_target_skip_unavailable': False, 'install_base': '/home/jsh/robot_ws/install/multi_robot_arm', 'merge_install': False, 'path': '/home/jsh/robot_ws/src/multi_robot_arm', 'symlink_install': True, 'test_result_base': None}
[2.015s] Level 5:colcon.colcon_core.verb:set package 'pymoveit2' build argument 'cmake_args' from command line to 'None'
[2.015s] Level 5:colcon.colcon_core.verb:set package 'pymoveit2' build argument 'cmake_target' from command line to 'None'
[2.015s] Level 5:colcon.colcon_core.verb:set package 'pymoveit2' build argument 'cmake_target_skip_unavailable' from command line to 'False'
[2.015s] Level 5:colcon.colcon_core.verb:set package 'pymoveit2' build argument 'cmake_clean_cache' from command line to 'False'
[2.015s] Level 5:colcon.colcon_core.verb:set package 'pymoveit2' build argument 'cmake_clean_first' from command line to 'False'
[2.015s] Level 5:colcon.colcon_core.verb:set package 'pymoveit2' build argument 'cmake_force_configure' from command line to 'False'
[2.015s] Level 5:colcon.colcon_core.verb:set package 'pymoveit2' build argument 'ament_cmake_args' from command line to 'None'
[2.015s] Level 5:colcon.colcon_core.verb:set package 'pymoveit2' build argument 'catkin_cmake_args' from command line to 'None'
[2.015s] Level 5:colcon.colcon_core.verb:set package 'pymoveit2' build argument 'catkin_skip_building_tests' from command line to 'False'
[2.016s] DEBUG:colcon.colcon_core.verb:Building package 'pymoveit2' with the following arguments: {'ament_cmake_args': None, 'build_base': '/home/jsh/robot_ws/build/pymoveit2', 'catkin_cmake_args': None, 'catkin_skip_building_tests': False, 'cmake_args': None, 'cmake_clean_cache': False, 'cmake_clean_first': False, 'cmake_force_configure': False, 'cmake_target': None, 'cmake_target_skip_unavailable': False, 'install_base': '/home/jsh/robot_ws/install/pymoveit2', 'merge_install': False, 'path': '/home/jsh/robot_ws/src/pymoveit2', 'symlink_install': True, 'test_result_base': None}
[2.017s] Level 5:colcon.colcon_core.verb:set package 'micro_ros_agent' build argument 'cmake_args' from command line to 'None'
[2.017s] Level 5:colcon.colcon_core.verb:set package 'micro_ros_agent' build argument 'cmake_target' from command line to 'None'
[2.017s] Level 5:colcon.colcon_core.verb:set package 'micro_ros_agent' build argument 'cmake_target_skip_unavailable' from command line to 'False'
[2.017s] Level 5:colcon.colcon_core.verb:set package 'micro_ros_agent' build argument 'cmake_clean_cache' from command line to 'False'
[2.017s] Level 5:colcon.colcon_core.verb:set package 'micro_ros_agent' build argument 'cmake_clean_first' from command line to 'False'
[2.017s] Level 5:colcon.colcon_core.verb:set package 'micro_ros_agent' build argument 'cmake_force_configure' from command line to 'False'
[2.017s] Level 5:colcon.colcon_core.verb:set package 'micro_ros_agent' build argument 'ament_cmake_args' from command line to 'None'
[2.017s] Level 5:colcon.colcon_core.verb:set package 'micro_ros_agent' build argument 'catkin_cmake_args' from command line to 'None'
[2.017s] Level 5:colcon.colcon_core.verb:set package 'micro_ros_agent' build argument 'catkin_skip_building_tests' from command line to 'False'
[2.017s] DEBUG:colcon.colcon_core.verb:Building package 'micro_ros_agent' with the following arguments: {'ament_cmake_args': None, 'build_base': '/home/jsh/robot_ws/build/micro_ros_agent', 'catkin_cmake_args': None, 'catkin_skip_building_tests': False, 'cmake_args': None, 'cmake_clean_cache': False, 'cmake_clean_first': False, 'cmake_force_configure': False, 'cmake_target': None, 'cmake_target_skip_unavailable': False, 'install_base': '/home/jsh/robot_ws/install/micro_ros_agent', 'merge_install': False, 'path': '/home/jsh/robot_ws/src/uros/micro-ROS-Agent/micro_ros_agent', 'symlink_install': True, 'test_result_base': None}
[2.018s] INFO:colcon.colcon_core.executor:Executing jobs using 'parallel' executor
[2.020s] DEBUG:colcon.colcon_parallel_executor.executor.parallel:run_until_complete
[2.021s] INFO:colcon.colcon_ros.task.ament_cmake.build:Building ROS package in '/home/jsh/robot_ws/src/uros/micro_ros_msgs' with build type 'ament_cmake'
[2.021s] INFO:colcon.colcon_cmake.task.cmake.build:Building CMake package in '/home/jsh/robot_ws/src/uros/micro_ros_msgs'
[2.043s] INFO:colcon.colcon_core.plugin_system:Skipping extension 'colcon_core.shell.bat': Not used on non-Windows systems
[2.044s] INFO:colcon.colcon_core.shell:Skip shell extension 'powershell' for command environment: Not usable outside of PowerShell
[2.045s] DEBUG:colcon.colcon_core.shell:Skip shell extension 'dsv' for command environment
[2.060s] INFO:colcon.colcon_ros.task.ament_cmake.build:Building ROS package in '/home/jsh/robot_ws/src/micro_ros_setup' with build type 'ament_cmake'
[2.061s] INFO:colcon.colcon_cmake.task.cmake.build:Building CMake package in '/home/jsh/robot_ws/src/micro_ros_setup'
[2.062s] INFO:colcon.colcon_core.shell:Skip shell extension 'powershell' for command environment: Not usable outside of PowerShell
[2.062s] DEBUG:colcon.colcon_core.shell:Skip shell extension 'dsv' for command environment
[2.075s] INFO:colcon.colcon_ros.task.ament_cmake.build:Building ROS package in '/home/jsh/robot_ws/src/multi_robot_arm' with build type 'ament_cmake'
[2.076s] INFO:colcon.colcon_cmake.task.cmake.build:Building CMake package in '/home/jsh/robot_ws/src/multi_robot_arm'
[2.077s] INFO:colcon.colcon_core.shell:Skip shell extension 'powershell' for command environment: Not usable outside of PowerShell
[2.078s] DEBUG:colcon.colcon_core.shell:Skip shell extension 'dsv' for command environment
[2.092s] INFO:colcon.colcon_ros.task.ament_cmake.build:Building ROS package in '/home/jsh/robot_ws/src/pymoveit2' with build type 'ament_cmake'
[2.093s] INFO:colcon.colcon_cmake.task.cmake.build:Building CMake package in '/home/jsh/robot_ws/src/pymoveit2'
[2.095s] INFO:colcon.colcon_core.shell:Skip shell extension 'powershell' for command environment: Not usable outside of PowerShell
[2.096s] DEBUG:colcon.colcon_core.shell:Skip shell extension 'dsv' for command environment
[2.150s] DEBUG:colcon.colcon_core.event_handler.log_command:Invoking command in '/home/jsh/robot_ws/build/micro_ros_msgs': CMAKE_PREFIX_PATH=/opt/ros/humble /usr/bin/cmake --build /home/jsh/robot_ws/build/micro_ros_msgs -- -j8 -l8
[2.168s] DEBUG:colcon.colcon_core.event_handler.log_command:Invoking command in '/home/jsh/robot_ws/build/micro_ros_setup': CMAKE_PREFIX_PATH=/opt/ros/humble /usr/bin/cmake --build /home/jsh/robot_ws/build/micro_ros_setup -- -j8 -l8
[2.190s] DEBUG:colcon.colcon_core.event_handler.log_command:Invoking command in '/home/jsh/robot_ws/build/multi_robot_arm': CMAKE_PREFIX_PATH=/opt/ros/humble /usr/bin/cmake --build /home/jsh/robot_ws/build/multi_robot_arm -- -j8 -l8
[2.213s] DEBUG:colcon.colcon_core.event_handler.log_command:Invoking command in '/home/jsh/robot_ws/build/pymoveit2': CMAKE_PREFIX_PATH=/opt/ros/humble /usr/bin/cmake --build /home/jsh/robot_ws/build/pymoveit2 -- -j8 -l8
[2.373s] DEBUG:colcon.colcon_core.event_handler.log_command:Invoked command in '/home/jsh/robot_ws/build/micro_ros_setup' returned '0': CMAKE_PREFIX_PATH=/opt/ros/humble /usr/bin/cmake --build /home/jsh/robot_ws/build/micro_ros_setup -- -j8 -l8
[2.429s] DEBUG:colcon.colcon_core.event_handler.log_command:Invoked command in '/home/jsh/robot_ws/build/multi_robot_arm' returned '0': CMAKE_PREFIX_PATH=/opt/ros/humble /usr/bin/cmake --build /home/jsh/robot_ws/build/multi_robot_arm -- -j8 -l8
[2.565s] DEBUG:colcon.colcon_core.event_handler.log_command:Invoking command in '/home/jsh/robot_ws/build/micro_ros_setup': CMAKE_PREFIX_PATH=/opt/ros/humble /usr/bin/cmake --install /home/jsh/robot_ws/build/micro_ros_setup
[2.631s] DEBUG:colcon.colcon_core.event_handler.log_command:Invoking command in '/home/jsh/robot_ws/build/multi_robot_arm': CMAKE_PREFIX_PATH=/opt/ros/humble /usr/bin/cmake --install /home/jsh/robot_ws/build/multi_robot_arm
[2.767s] Level 1:colcon.colcon_core.environment:create_environment_scripts_only(micro_ros_setup)
[2.855s] Level 1:colcon.colcon_core.environment:checking '/home/jsh/robot_ws/install/micro_ros_setup' for CMake module files
[2.863s] DEBUG:colcon.colcon_core.event_handler.log_command:Invoked command in '/home/jsh/robot_ws/build/micro_ros_setup' returned '0': CMAKE_PREFIX_PATH=/opt/ros/humble /usr/bin/cmake --install /home/jsh/robot_ws/build/micro_ros_setup
[2.871s] Level 1:colcon.colcon_core.environment:checking '/home/jsh/robot_ws/install/micro_ros_setup' for CMake config files
[2.891s] Level 1:colcon.colcon_core.shell:create_environment_hook('micro_ros_setup', 'cmake_prefix_path')
[2.892s] INFO:colcon.colcon_core.shell:Creating environment hook '/home/jsh/robot_ws/install/micro_ros_setup/share/micro_ros_setup/hook/cmake_prefix_path.ps1'
[2.895s] INFO:colcon.colcon_core.shell:Creating environment descriptor '/home/jsh/robot_ws/install/micro_ros_setup/share/micro_ros_setup/hook/cmake_prefix_path.dsv'
[2.897s] INFO:colcon.colcon_core.shell:Creating environment hook '/home/jsh/robot_ws/install/micro_ros_setup/share/micro_ros_setup/hook/cmake_prefix_path.sh'
[2.900s] Level 1:colcon.colcon_core.environment:checking '/home/jsh/robot_ws/install/micro_ros_setup/lib'
[2.901s] Level 1:colcon.colcon_core.environment:checking '/home/jsh/robot_ws/install/micro_ros_setup/bin'
[2.901s] Level 1:colcon.colcon_core.environment:checking '/home/jsh/robot_ws/install/micro_ros_setup/lib/pkgconfig/micro_ros_setup.pc'
[2.902s] Level 1:colcon.colcon_core.environment:checking '/home/jsh/robot_ws/install/micro_ros_setup/lib/python3.10/site-packages'
[2.903s] Level 1:colcon.colcon_core.environment:checking '/home/jsh/robot_ws/install/micro_ros_setup/bin'
[2.904s] INFO:colcon.colcon_core.shell:Creating package script '/home/jsh/robot_ws/install/micro_ros_setup/share/micro_ros_setup/package.ps1'
[2.908s] INFO:colcon.colcon_core.shell:Creating package descriptor '/home/jsh/robot_ws/install/micro_ros_setup/share/micro_ros_setup/package.dsv'
[2.910s] INFO:colcon.colcon_core.shell:Creating package script '/home/jsh/robot_ws/install/micro_ros_setup/share/micro_ros_setup/package.sh'
[2.913s] INFO:colcon.colcon_core.shell:Creating package script '/home/jsh/robot_ws/install/micro_ros_setup/share/micro_ros_setup/package.bash'
[2.916s] INFO:colcon.colcon_core.shell:Creating package script '/home/jsh/robot_ws/install/micro_ros_setup/share/micro_ros_setup/package.zsh'
[2.918s] Level 1:colcon.colcon_core.environment:create_file_with_runtime_dependencies(/home/jsh/robot_ws/install/micro_ros_setup/share/colcon-core/packages/micro_ros_setup)
[2.925s] Level 1:colcon.colcon_core.environment:create_environment_scripts_only(multi_robot_arm)
[2.927s] Level 1:colcon.colcon_core.environment:checking '/home/jsh/robot_ws/install/multi_robot_arm' for CMake module files
[2.930s] DEBUG:colcon.colcon_core.event_handler.log_command:Invoked command in '/home/jsh/robot_ws/build/multi_robot_arm' returned '0': CMAKE_PREFIX_PATH=/opt/ros/humble /usr/bin/cmake --install /home/jsh/robot_ws/build/multi_robot_arm
[2.934s] Level 1:colcon.colcon_core.environment:checking '/home/jsh/robot_ws/install/multi_robot_arm' for CMake config files
[2.936s] Level 1:colcon.colcon_core.shell:create_environment_hook('multi_robot_arm', 'cmake_prefix_path')
[2.938s] INFO:colcon.colcon_core.shell:Creating environment hook '/home/jsh/robot_ws/install/multi_robot_arm/share/multi_robot_arm/hook/cmake_prefix_path.ps1'
[2.941s] INFO:colcon.colcon_core.shell:Creating environment descriptor '/home/jsh/robot_ws/install/multi_robot_arm/share/multi_robot_arm/hook/cmake_prefix_path.dsv'
[2.943s] INFO:colcon.colcon_core.shell:Creating environment hook '/home/jsh/robot_ws/install/multi_robot_arm/share/multi_robot_arm/hook/cmake_prefix_path.sh'
[2.946s] Level 1:colcon.colcon_core.environment:checking '/home/jsh/robot_ws/install/multi_robot_arm/bin'
[2.947s] Level 1:colcon.colcon_core.environment:checking '/home/jsh/robot_ws/install/multi_robot_arm/lib/pkgconfig/multi_robot_arm.pc'
[2.948s] Level 1:colcon.colcon_core.environment:checking '/home/jsh/robot_ws/install/multi_robot_arm/lib/python3.10/site-packages'
[2.950s] Level 1:colcon.colcon_core.environment:checking '/home/jsh/robot_ws/install/multi_robot_arm/bin'
[2.952s] INFO:colcon.colcon_core.shell:Creating package script '/home/jsh/robot_ws/install/multi_robot_arm/share/multi_robot_arm/package.ps1'
[2.954s] INFO:colcon.colcon_core.shell:Creating package descriptor '/home/jsh/robot_ws/install/multi_robot_arm/share/multi_robot_arm/package.dsv'
[2.957s] INFO:colcon.colcon_core.shell:Creating package script '/home/jsh/robot_ws/install/multi_robot_arm/share/multi_robot_arm/package.sh'
[2.959s] INFO:colcon.colcon_core.shell:Creating package script '/home/jsh/robot_ws/install/multi_robot_arm/share/multi_robot_arm/package.bash'
[2.961s] INFO:colcon.colcon_core.shell:Creating package script '/home/jsh/robot_ws/install/multi_robot_arm/share/multi_robot_arm/package.zsh'
[2.963s] Level 1:colcon.colcon_core.environment:create_file_with_runtime_dependencies(/home/jsh/robot_ws/install/multi_robot_arm/share/colcon-core/packages/multi_robot_arm)
[3.031s] Level 1:colcon.colcon_core.environment:create_environment_scripts_only(micro_ros_setup)
[3.032s] Level 1:colcon.colcon_core.environment:checking '/home/jsh/robot_ws/install/micro_ros_setup' for CMake module files
[3.037s] Level 1:colcon.colcon_core.environment:checking '/home/jsh/robot_ws/install/micro_ros_setup' for CMake config files
[3.045s] Level 1:colcon.colcon_core.shell:create_environment_hook('micro_ros_setup', 'cmake_prefix_path')
[3.047s] INFO:colcon.colcon_core.shell:Creating environment hook '/home/jsh/robot_ws/install/micro_ros_setup/share/micro_ros_setup/hook/cmake_prefix_path.ps1'
[3.050s] INFO:colcon.colcon_core.shell:Creating environment descriptor '/home/jsh/robot_ws/install/micro_ros_setup/share/micro_ros_setup/hook/cmake_prefix_path.dsv'
[3.052s] INFO:colcon.colcon_core.shell:Creating environment hook '/home/jsh/robot_ws/install/micro_ros_setup/share/micro_ros_setup/hook/cmake_prefix_path.sh'
[3.056s] Level 1:colcon.colcon_core.environment:checking '/home/jsh/robot_ws/install/micro_ros_setup/lib'
[3.057s] Level 1:colcon.colcon_core.environment:checking '/home/jsh/robot_ws/install/micro_ros_setup/bin'
[3.057s] Level 1:colcon.colcon_core.environment:checking '/home/jsh/robot_ws/install/micro_ros_setup/lib/pkgconfig/micro_ros_setup.pc'
[3.059s] Level 1:colcon.colcon_core.environment:checking '/home/jsh/robot_ws/install/micro_ros_setup/lib/python3.10/site-packages'
[3.062s] Level 1:colcon.colcon_core.environment:checking '/home/jsh/robot_ws/install/micro_ros_setup/bin'
[3.065s] INFO:colcon.colcon_core.shell:Creating package script '/home/jsh/robot_ws/install/micro_ros_setup/share/micro_ros_setup/package.ps1'
[3.068s] INFO:colcon.colcon_core.shell:Creating package descriptor '/home/jsh/robot_ws/install/micro_ros_setup/share/micro_ros_setup/package.dsv'
[3.072s] INFO:colcon.colcon_core.shell:Creating package script '/home/jsh/robot_ws/install/micro_ros_setup/share/micro_ros_setup/package.sh'
[3.075s] INFO:colcon.colcon_core.shell:Creating package script '/home/jsh/robot_ws/install/micro_ros_setup/share/micro_ros_setup/package.bash'
[3.078s] INFO:colcon.colcon_core.shell:Creating package script '/home/jsh/robot_ws/install/micro_ros_setup/share/micro_ros_setup/package.zsh'
[3.082s] Level 1:colcon.colcon_core.environment:create_file_with_runtime_dependencies(/home/jsh/robot_ws/install/micro_ros_setup/share/colcon-core/packages/micro_ros_setup)
[3.091s] Level 1:colcon.colcon_core.environment:create_environment_scripts_only(multi_robot_arm)
[3.093s] Level 1:colcon.colcon_core.environment:checking '/home/jsh/robot_ws/install/multi_robot_arm' for CMake module files
[3.098s] Level 1:colcon.colcon_core.environment:checking '/home/jsh/robot_ws/install/multi_robot_arm' for CMake config files
[3.101s] Level 1:colcon.colcon_core.shell:create_environment_hook('multi_robot_arm', 'cmake_prefix_path')
[3.102s] INFO:colcon.colcon_core.shell:Creating environment hook '/home/jsh/robot_ws/install/multi_robot_arm/share/multi_robot_arm/hook/cmake_prefix_path.ps1'
[3.103s] INFO:colcon.colcon_core.shell:Creating environment descriptor '/home/jsh/robot_ws/install/multi_robot_arm/share/multi_robot_arm/hook/cmake_prefix_path.dsv'
[3.104s] INFO:colcon.colcon_core.shell:Creating environment hook '/home/jsh/robot_ws/install/multi_robot_arm/share/multi_robot_arm/hook/cmake_prefix_path.sh'
[3.107s] Level 1:colcon.colcon_core.environment:checking '/home/jsh/robot_ws/install/multi_robot_arm/bin'
[3.107s] Level 1:colcon.colcon_core.environment:checking '/home/jsh/robot_ws/install/multi_robot_arm/lib/pkgconfig/multi_robot_arm.pc'
[3.108s] Level 1:colcon.colcon_core.environment:checking '/home/jsh/robot_ws/install/multi_robot_arm/lib/python3.10/site-packages'
[3.109s] Level 1:colcon.colcon_core.environment:checking '/home/jsh/robot_ws/install/multi_robot_arm/bin'
[3.110s] INFO:colcon.colcon_core.shell:Creating package script '/home/jsh/robot_ws/install/multi_robot_arm/share/multi_robot_arm/package.ps1'
[3.112s] INFO:colcon.colcon_core.shell:Creating package descriptor '/home/jsh/robot_ws/install/multi_robot_arm/share/multi_robot_arm/package.dsv'
[3.114s] INFO:colcon.colcon_core.shell:Creating package script '/home/jsh/robot_ws/install/multi_robot_arm/share/multi_robot_arm/package.sh'
[3.116s] INFO:colcon.colcon_core.shell:Creating package script '/home/jsh/robot_ws/install/multi_robot_arm/share/multi_robot_arm/package.bash'
[3.118s] INFO:colcon.colcon_core.shell:Creating package script '/home/jsh/robot_ws/install/multi_robot_arm/share/multi_robot_arm/package.zsh'
[3.119s] Level 1:colcon.colcon_core.environment:create_file_with_runtime_dependencies(/home/jsh/robot_ws/install/multi_robot_arm/share/colcon-core/packages/multi_robot_arm)
[4.039s] DEBUG:colcon.colcon_core.event_handler.log_command:Invoked command in '/home/jsh/robot_ws/build/pymoveit2' returned '0': CMAKE_PREFIX_PATH=/opt/ros/humble /usr/bin/cmake --build /home/jsh/robot_ws/build/pymoveit2 -- -j8 -l8
[4.044s] DEBUG:colcon.colcon_core.event_handler.log_command:Invoked command in '/home/jsh/robot_ws/build/micro_ros_msgs' returned '0': CMAKE_PREFIX_PATH=/opt/ros/humble /usr/bin/cmake --build /home/jsh/robot_ws/build/micro_ros_msgs -- -j8 -l8
[4.133s] DEBUG:colcon.colcon_core.event_handler.log_command:Invoking command in '/home/jsh/robot_ws/build/pymoveit2': CMAKE_PREFIX_PATH=/opt/ros/humble /usr/bin/cmake --install /home/jsh/robot_ws/build/pymoveit2
[4.399s] Level 1:colcon.colcon_core.environment:create_environment_scripts_only(pymoveit2)
[4.401s] Level 1:colcon.colcon_core.environment:checking '/home/jsh/robot_ws/install/pymoveit2' for CMake module files
[4.403s] DEBUG:colcon.colcon_core.event_handler.log_command:Invoked command in '/home/jsh/robot_ws/build/pymoveit2' returned '0': CMAKE_PREFIX_PATH=/opt/ros/humble /usr/bin/cmake --install /home/jsh/robot_ws/build/pymoveit2
[4.405s] Level 1:colcon.colcon_core.environment:checking '/home/jsh/robot_ws/install/pymoveit2' for CMake config files
[4.407s] Level 1:colcon.colcon_core.shell:create_environment_hook('pymoveit2', 'cmake_prefix_path')
[4.408s] INFO:colcon.colcon_core.shell:Creating environment hook '/home/jsh/robot_ws/install/pymoveit2/share/pymoveit2/hook/cmake_prefix_path.ps1'
[4.409s] INFO:colcon.colcon_core.shell:Creating environment descriptor '/home/jsh/robot_ws/install/pymoveit2/share/pymoveit2/hook/cmake_prefix_path.dsv'
[4.410s] INFO:colcon.colcon_core.shell:Creating environment hook '/home/jsh/robot_ws/install/pymoveit2/share/pymoveit2/hook/cmake_prefix_path.sh'
[4.412s] Level 1:colcon.colcon_core.environment:checking '/home/jsh/robot_ws/install/pymoveit2/lib'
[4.412s] Level 1:colcon.colcon_core.environment:checking '/home/jsh/robot_ws/install/pymoveit2/bin'
[4.413s] Level 1:colcon.colcon_core.environment:checking '/home/jsh/robot_ws/install/pymoveit2/lib/pkgconfig/pymoveit2.pc'
[4.414s] Level 1:colcon.colcon_core.environment:checking '/home/jsh/robot_ws/install/pymoveit2/lib/python3.10/site-packages'
[4.414s] Level 1:colcon.colcon_core.environment:checking '/home/jsh/robot_ws/install/pymoveit2/bin'
[4.415s] INFO:colcon.colcon_core.shell:Creating package script '/home/jsh/robot_ws/install/pymoveit2/share/pymoveit2/package.ps1'
[4.417s] INFO:colcon.colcon_core.shell:Creating package descriptor '/home/jsh/robot_ws/install/pymoveit2/share/pymoveit2/package.dsv'
[4.418s] INFO:colcon.colcon_core.shell:Creating package script '/home/jsh/robot_ws/install/pymoveit2/share/pymoveit2/package.sh'
[4.420s] INFO:colcon.colcon_core.shell:Creating package script '/home/jsh/robot_ws/install/pymoveit2/share/pymoveit2/package.bash'
[4.421s] INFO:colcon.colcon_core.shell:Creating package script '/home/jsh/robot_ws/install/pymoveit2/share/pymoveit2/package.zsh'
[4.422s] Level 1:colcon.colcon_core.environment:create_file_with_runtime_dependencies(/home/jsh/robot_ws/install/pymoveit2/share/colcon-core/packages/pymoveit2)
[4.433s] DEBUG:colcon.colcon_core.event_handler.log_command:Invoking command in '/home/jsh/robot_ws/build/micro_ros_msgs': CMAKE_PREFIX_PATH=/opt/ros/humble /usr/bin/cmake --install /home/jsh/robot_ws/build/micro_ros_msgs
[4.518s] Level 1:colcon.colcon_core.environment:create_environment_scripts_only(pymoveit2)
[4.518s] Level 1:colcon.colcon_core.environment:checking '/home/jsh/robot_ws/install/pymoveit2' for CMake module files
[4.529s] Level 1:colcon.colcon_core.environment:checking '/home/jsh/robot_ws/install/pymoveit2' for CMake config files
[4.536s] Level 1:colcon.colcon_core.shell:create_environment_hook('pymoveit2', 'cmake_prefix_path')
[4.537s] INFO:colcon.colcon_core.shell:Creating environment hook '/home/jsh/robot_ws/install/pymoveit2/share/pymoveit2/hook/cmake_prefix_path.ps1'
[4.540s] INFO:colcon.colcon_core.shell:Creating environment descriptor '/home/jsh/robot_ws/install/pymoveit2/share/pymoveit2/hook/cmake_prefix_path.dsv'
[4.542s] INFO:colcon.colcon_core.shell:Creating environment hook '/home/jsh/robot_ws/install/pymoveit2/share/pymoveit2/hook/cmake_prefix_path.sh'
[4.544s] Level 1:colcon.colcon_core.environment:checking '/home/jsh/robot_ws/install/pymoveit2/lib'
[4.544s] Level 1:colcon.colcon_core.environment:checking '/home/jsh/robot_ws/install/pymoveit2/bin'
[4.544s] Level 1:colcon.colcon_core.environment:checking '/home/jsh/robot_ws/install/pymoveit2/lib/pkgconfig/pymoveit2.pc'
[4.545s] Level 1:colcon.colcon_core.environment:checking '/home/jsh/robot_ws/install/pymoveit2/lib/python3.10/site-packages'
[4.546s] Level 1:colcon.colcon_core.environment:checking '/home/jsh/robot_ws/install/pymoveit2/bin'
[4.547s] INFO:colcon.colcon_core.shell:Creating package script '/home/jsh/robot_ws/install/pymoveit2/share/pymoveit2/package.ps1'
[4.549s] INFO:colcon.colcon_core.shell:Creating package descriptor '/home/jsh/robot_ws/install/pymoveit2/share/pymoveit2/package.dsv'
[4.550s] INFO:colcon.colcon_core.shell:Creating package script '/home/jsh/robot_ws/install/pymoveit2/share/pymoveit2/package.sh'
[4.552s] INFO:colcon.colcon_core.shell:Creating package script '/home/jsh/robot_ws/install/pymoveit2/share/pymoveit2/package.bash'
[4.553s] INFO:colcon.colcon_core.shell:Creating package script '/home/jsh/robot_ws/install/pymoveit2/share/pymoveit2/package.zsh'
[4.555s] Level 1:colcon.colcon_core.environment:create_file_with_runtime_dependencies(/home/jsh/robot_ws/install/pymoveit2/share/colcon-core/packages/pymoveit2)
[4.748s] Level 1:colcon.colcon_core.environment:create_environment_scripts_only(micro_ros_msgs)
[4.749s] Level 1:colcon.colcon_core.environment:checking '/home/jsh/robot_ws/install/micro_ros_msgs' for CMake module files
[4.751s] DEBUG:colcon.colcon_core.event_handler.log_command:Invoked command in '/home/jsh/robot_ws/build/micro_ros_msgs' returned '0': CMAKE_PREFIX_PATH=/opt/ros/humble /usr/bin/cmake --install /home/jsh/robot_ws/build/micro_ros_msgs
[4.753s] Level 1:colcon.colcon_core.environment:checking '/home/jsh/robot_ws/install/micro_ros_msgs' for CMake config files
[4.758s] Level 1:colcon.colcon_core.shell:create_environment_hook('micro_ros_msgs', 'cmake_prefix_path')
[4.759s] INFO:colcon.colcon_core.shell:Creating environment hook '/home/jsh/robot_ws/install/micro_ros_msgs/share/micro_ros_msgs/hook/cmake_prefix_path.ps1'
[4.761s] INFO:colcon.colcon_core.shell:Creating environment descriptor '/home/jsh/robot_ws/install/micro_ros_msgs/share/micro_ros_msgs/hook/cmake_prefix_path.dsv'
[4.762s] INFO:colcon.colcon_core.shell:Creating environment hook '/home/jsh/robot_ws/install/micro_ros_msgs/share/micro_ros_msgs/hook/cmake_prefix_path.sh'
[4.765s] Level 1:colcon.colcon_core.environment:checking '/home/jsh/robot_ws/install/micro_ros_msgs/lib'
[4.765s] Level 1:colcon.colcon_core.shell:create_environment_hook('micro_ros_msgs', 'ld_library_path_lib')
[4.766s] INFO:colcon.colcon_core.shell:Creating environment hook '/home/jsh/robot_ws/install/micro_ros_msgs/share/micro_ros_msgs/hook/ld_library_path_lib.ps1'
[4.768s] INFO:colcon.colcon_core.shell:Creating environment descriptor '/home/jsh/robot_ws/install/micro_ros_msgs/share/micro_ros_msgs/hook/ld_library_path_lib.dsv'
[4.769s] INFO:colcon.colcon_core.shell:Creating environment hook '/home/jsh/robot_ws/install/micro_ros_msgs/share/micro_ros_msgs/hook/ld_library_path_lib.sh'
[4.771s] Level 1:colcon.colcon_core.environment:checking '/home/jsh/robot_ws/install/micro_ros_msgs/bin'
[4.772s] Level 1:colcon.colcon_core.environment:checking '/home/jsh/robot_ws/install/micro_ros_msgs/lib/pkgconfig/micro_ros_msgs.pc'
[4.773s] Level 1:colcon.colcon_core.environment:checking '/home/jsh/robot_ws/install/micro_ros_msgs/lib/python3.10/site-packages'
[4.774s] Level 1:colcon.colcon_core.environment:checking '/home/jsh/robot_ws/install/micro_ros_msgs/bin'
[4.775s] INFO:colcon.colcon_core.shell:Creating package script '/home/jsh/robot_ws/install/micro_ros_msgs/share/micro_ros_msgs/package.ps1'
[4.777s] INFO:colcon.colcon_core.shell:Creating package descriptor '/home/jsh/robot_ws/install/micro_ros_msgs/share/micro_ros_msgs/package.dsv'
[4.779s] INFO:colcon.colcon_core.shell:Creating package script '/home/jsh/robot_ws/install/micro_ros_msgs/share/micro_ros_msgs/package.sh'
[4.781s] INFO:colcon.colcon_core.shell:Creating package script '/home/jsh/robot_ws/install/micro_ros_msgs/share/micro_ros_msgs/package.bash'
[4.782s] INFO:colcon.colcon_core.shell:Creating package script '/home/jsh/robot_ws/install/micro_ros_msgs/share/micro_ros_msgs/package.zsh'
[4.783s] Level 1:colcon.colcon_core.environment:create_file_with_runtime_dependencies(/home/jsh/robot_ws/install/micro_ros_msgs/share/colcon-core/packages/micro_ros_msgs)
[5.111s] Level 1:colcon.colcon_core.environment:create_environment_scripts_only(micro_ros_msgs)
[5.111s] Level 1:colcon.colcon_core.environment:checking '/home/jsh/robot_ws/install/micro_ros_msgs' for CMake module files
[5.113s] Level 1:colcon.colcon_core.environment:checking '/home/jsh/robot_ws/install/micro_ros_msgs' for CMake config files
[5.116s] Level 1:colcon.colcon_core.shell:create_environment_hook('micro_ros_msgs', 'cmake_prefix_path')
[5.117s] INFO:colcon.colcon_core.shell:Creating environment hook '/home/jsh/robot_ws/install/micro_ros_msgs/share/micro_ros_msgs/hook/cmake_prefix_path.ps1'
[5.118s] INFO:colcon.colcon_core.shell:Creating environment descriptor '/home/jsh/robot_ws/install/micro_ros_msgs/share/micro_ros_msgs/hook/cmake_prefix_path.dsv'
[5.118s] INFO:colcon.colcon_core.shell:Creating environment hook '/home/jsh/robot_ws/install/micro_ros_msgs/share/micro_ros_msgs/hook/cmake_prefix_path.sh'
[5.120s] Level 1:colcon.colcon_core.environment:checking '/home/jsh/robot_ws/install/micro_ros_msgs/lib'
[5.120s] Level 1:colcon.colcon_core.shell:create_environment_hook('micro_ros_msgs', 'ld_library_path_lib')
[5.121s] INFO:colcon.colcon_core.shell:Creating environment hook '/home/jsh/robot_ws/install/micro_ros_msgs/share/micro_ros_msgs/hook/ld_library_path_lib.ps1'
[5.122s] INFO:colcon.colcon_core.shell:Creating environment descriptor '/home/jsh/robot_ws/install/micro_ros_msgs/share/micro_ros_msgs/hook/ld_library_path_lib.dsv'
[5.123s] INFO:colcon.colcon_core.shell:Creating environment hook '/home/jsh/robot_ws/install/micro_ros_msgs/share/micro_ros_msgs/hook/ld_library_path_lib.sh'
[5.124s] Level 1:colcon.colcon_core.environment:checking '/home/jsh/robot_ws/install/micro_ros_msgs/bin'
[5.124s] Level 1:colcon.colcon_core.environment:checking '/home/jsh/robot_ws/install/micro_ros_msgs/lib/pkgconfig/micro_ros_msgs.pc'
[5.125s] Level 1:colcon.colcon_core.environment:checking '/home/jsh/robot_ws/install/micro_ros_msgs/lib/python3.10/site-packages'
[5.125s] Level 1:colcon.colcon_core.environment:checking '/home/jsh/robot_ws/install/micro_ros_msgs/bin'
[5.126s] INFO:colcon.colcon_core.shell:Creating package script '/home/jsh/robot_ws/install/micro_ros_msgs/share/micro_ros_msgs/package.ps1'
[5.128s] INFO:colcon.colcon_core.shell:Creating package descriptor '/home/jsh/robot_ws/install/micro_ros_msgs/share/micro_ros_msgs/package.dsv'
[5.129s] INFO:colcon.colcon_core.shell:Creating package script '/home/jsh/robot_ws/install/micro_ros_msgs/share/micro_ros_msgs/package.sh'
[5.130s] INFO:colcon.colcon_core.shell:Creating package script '/home/jsh/robot_ws/install/micro_ros_msgs/share/micro_ros_msgs/package.bash'
[5.131s] INFO:colcon.colcon_core.shell:Creating package script '/home/jsh/robot_ws/install/micro_ros_msgs/share/micro_ros_msgs/package.zsh'
[5.132s] Level 1:colcon.colcon_core.environment:create_file_with_runtime_dependencies(/home/jsh/robot_ws/install/micro_ros_msgs/share/colcon-core/packages/micro_ros_msgs)
[5.133s] INFO:colcon.colcon_ros.task.ament_cmake.build:Building ROS package in '/home/jsh/robot_ws/src/uros/micro-ROS-Agent/micro_ros_agent' with build type 'ament_cmake'
[5.133s] INFO:colcon.colcon_cmake.task.cmake.build:Building CMake package in '/home/jsh/robot_ws/src/uros/micro-ROS-Agent/micro_ros_agent'
[5.134s] INFO:colcon.colcon_core.shell:Skip shell extension 'powershell' for command environment: Not usable outside of PowerShell
[5.134s] DEBUG:colcon.colcon_core.shell:Skip shell extension 'dsv' for command environment
[5.171s] DEBUG:colcon.colcon_core.event_handler.log_command:Invoking command in '/home/jsh/robot_ws/build/micro_ros_agent': AMENT_PREFIX_PATH=/home/jsh/robot_ws/install/micro_ros_msgs:${AMENT_PREFIX_PATH} CMAKE_PREFIX_PATH=/home/jsh/robot_ws/install/micro_ros_msgs:/opt/ros/humble LD_LIBRARY_PATH=/home/jsh/robot_ws/install/micro_ros_msgs/lib:${LD_LIBRARY_PATH} PYTHONPATH=/home/jsh/robot_ws/install/micro_ros_msgs/local/lib/python3.10/dist-packages:${PYTHONPATH} /usr/bin/cmake --build /home/jsh/robot_ws/build/micro_ros_agent -- -j8 -l8
[5.413s] DEBUG:colcon.colcon_core.event_handler.log_command:Invoked command in '/home/jsh/robot_ws/build/micro_ros_agent' returned '0': AMENT_PREFIX_PATH=/home/jsh/robot_ws/install/micro_ros_msgs:${AMENT_PREFIX_PATH} CMAKE_PREFIX_PATH=/home/jsh/robot_ws/install/micro_ros_msgs:/opt/ros/humble LD_LIBRARY_PATH=/home/jsh/robot_ws/install/micro_ros_msgs/lib:${LD_LIBRARY_PATH} PYTHONPATH=/home/jsh/robot_ws/install/micro_ros_msgs/local/lib/python3.10/dist-packages:${PYTHONPATH} /usr/bin/cmake --build /home/jsh/robot_ws/build/micro_ros_agent -- -j8 -l8
[5.522s] DEBUG:colcon.colcon_core.event_handler.log_command:Invoking command in '/home/jsh/robot_ws/build/micro_ros_agent': AMENT_PREFIX_PATH=/home/jsh/robot_ws/install/micro_ros_msgs:${AMENT_PREFIX_PATH} CMAKE_PREFIX_PATH=/home/jsh/robot_ws/install/micro_ros_msgs:/opt/ros/humble LD_LIBRARY_PATH=/home/jsh/robot_ws/install/micro_ros_msgs/lib:${LD_LIBRARY_PATH} PYTHONPATH=/home/jsh/robot_ws/install/micro_ros_msgs/local/lib/python3.10/dist-packages:${PYTHONPATH} /usr/bin/cmake --install /home/jsh/robot_ws/build/micro_ros_agent
[5.601s] Level 1:colcon.colcon_core.environment:create_environment_scripts_only(micro_ros_agent)
[5.602s] Level 1:colcon.colcon_core.environment:checking '/home/jsh/robot_ws/install/micro_ros_agent' for CMake module files
[5.604s] DEBUG:colcon.colcon_core.event_handler.log_command:Invoked command in '/home/jsh/robot_ws/build/micro_ros_agent' returned '0': AMENT_PREFIX_PATH=/home/jsh/robot_ws/install/micro_ros_msgs:${AMENT_PREFIX_PATH} CMAKE_PREFIX_PATH=/home/jsh/robot_ws/install/micro_ros_msgs:/opt/ros/humble LD_LIBRARY_PATH=/home/jsh/robot_ws/install/micro_ros_msgs/lib:${LD_LIBRARY_PATH} PYTHONPATH=/home/jsh/robot_ws/install/micro_ros_msgs/local/lib/python3.10/dist-packages:${PYTHONPATH} /usr/bin/cmake --install /home/jsh/robot_ws/build/micro_ros_agent
[5.606s] Level 1:colcon.colcon_core.environment:checking '/home/jsh/robot_ws/install/micro_ros_agent' for CMake config files
[5.612s] Level 1:colcon.colcon_core.shell:create_environment_hook('micro_ros_agent', 'cmake_prefix_path')
[5.613s] INFO:colcon.colcon_core.shell:Creating environment hook '/home/jsh/robot_ws/install/micro_ros_agent/share/micro_ros_agent/hook/cmake_prefix_path.ps1'
[5.614s] INFO:colcon.colcon_core.shell:Creating environment descriptor '/home/jsh/robot_ws/install/micro_ros_agent/share/micro_ros_agent/hook/cmake_prefix_path.dsv'
[5.615s] INFO:colcon.colcon_core.shell:Creating environment hook '/home/jsh/robot_ws/install/micro_ros_agent/share/micro_ros_agent/hook/cmake_prefix_path.sh'
[5.616s] Level 1:colcon.colcon_core.environment:checking '/home/jsh/robot_ws/install/micro_ros_agent/lib'
[5.617s] Level 1:colcon.colcon_core.shell:create_environment_hook('micro_ros_agent', 'ld_library_path_lib')
[5.617s] INFO:colcon.colcon_core.shell:Creating environment hook '/home/jsh/robot_ws/install/micro_ros_agent/share/micro_ros_agent/hook/ld_library_path_lib.ps1'
[5.618s] INFO:colcon.colcon_core.shell:Creating environment descriptor '/home/jsh/robot_ws/install/micro_ros_agent/share/micro_ros_agent/hook/ld_library_path_lib.dsv'
[5.619s] INFO:colcon.colcon_core.shell:Creating environment hook '/home/jsh/robot_ws/install/micro_ros_agent/share/micro_ros_agent/hook/ld_library_path_lib.sh'
[5.620s] Level 1:colcon.colcon_core.environment:checking '/home/jsh/robot_ws/install/micro_ros_agent/bin'
[5.620s] Level 1:colcon.colcon_core.environment:checking '/home/jsh/robot_ws/install/micro_ros_agent/lib/pkgconfig/micro_ros_agent.pc'
[5.621s] Level 1:colcon.colcon_core.environment:checking '/home/jsh/robot_ws/install/micro_ros_agent/lib/python3.10/site-packages'
[5.622s] Level 1:colcon.colcon_core.environment:checking '/home/jsh/robot_ws/install/micro_ros_agent/bin'
[5.623s] INFO:colcon.colcon_core.shell:Creating package script '/home/jsh/robot_ws/install/micro_ros_agent/share/micro_ros_agent/package.ps1'
[5.624s] INFO:colcon.colcon_core.shell:Creating package descriptor '/home/jsh/robot_ws/install/micro_ros_agent/share/micro_ros_agent/package.dsv'
[5.625s] INFO:colcon.colcon_core.shell:Creating package script '/home/jsh/robot_ws/install/micro_ros_agent/share/micro_ros_agent/package.sh'
[5.626s] INFO:colcon.colcon_core.shell:Creating package script '/home/jsh/robot_ws/install/micro_ros_agent/share/micro_ros_agent/package.bash'
[5.627s] INFO:colcon.colcon_core.shell:Creating package script '/home/jsh/robot_ws/install/micro_ros_agent/share/micro_ros_agent/package.zsh'
[5.627s] Level 1:colcon.colcon_core.environment:create_file_with_runtime_dependencies(/home/jsh/robot_ws/install/micro_ros_agent/share/colcon-core/packages/micro_ros_agent)
[5.733s] Level 1:colcon.colcon_core.environment:create_environment_scripts_only(micro_ros_agent)
[5.733s] Level 1:colcon.colcon_core.environment:checking '/home/jsh/robot_ws/install/micro_ros_agent' for CMake module files
[5.735s] Level 1:colcon.colcon_core.environment:checking '/home/jsh/robot_ws/install/micro_ros_agent' for CMake config files
[5.737s] Level 1:colcon.colcon_core.shell:create_environment_hook('micro_ros_agent', 'cmake_prefix_path')
[5.737s] INFO:colcon.colcon_core.shell:Creating environment hook '/home/jsh/robot_ws/install/micro_ros_agent/share/micro_ros_agent/hook/cmake_prefix_path.ps1'
[5.738s] INFO:colcon.colcon_core.shell:Creating environment descriptor '/home/jsh/robot_ws/install/micro_ros_agent/share/micro_ros_agent/hook/cmake_prefix_path.dsv'
[5.739s] INFO:colcon.colcon_core.shell:Creating environment hook '/home/jsh/robot_ws/install/micro_ros_agent/share/micro_ros_agent/hook/cmake_prefix_path.sh'
[5.741s] Level 1:colcon.colcon_core.environment:checking '/home/jsh/robot_ws/install/micro_ros_agent/lib'
[5.741s] Level 1:colcon.colcon_core.shell:create_environment_hook('micro_ros_agent', 'ld_library_path_lib')
[5.741s] INFO:colcon.colcon_core.shell:Creating environment hook '/home/jsh/robot_ws/install/micro_ros_agent/share/micro_ros_agent/hook/ld_library_path_lib.ps1'
[5.742s] INFO:colcon.colcon_core.shell:Creating environment descriptor '/home/jsh/robot_ws/install/micro_ros_agent/share/micro_ros_agent/hook/ld_library_path_lib.dsv'
[5.743s] INFO:colcon.colcon_core.shell:Creating environment hook '/home/jsh/robot_ws/install/micro_ros_agent/share/micro_ros_agent/hook/ld_library_path_lib.sh'
[5.744s] Level 1:colcon.colcon_core.environment:checking '/home/jsh/robot_ws/install/micro_ros_agent/bin'
[5.744s] Level 1:colcon.colcon_core.environment:checking '/home/jsh/robot_ws/install/micro_ros_agent/lib/pkgconfig/micro_ros_agent.pc'
[5.745s] Level 1:colcon.colcon_core.environment:checking '/home/jsh/robot_ws/install/micro_ros_agent/lib/python3.10/site-packages'
[5.746s] Level 1:colcon.colcon_core.environment:checking '/home/jsh/robot_ws/install/micro_ros_agent/bin'
[5.747s] INFO:colcon.colcon_core.shell:Creating package script '/home/jsh/robot_ws/install/micro_ros_agent/share/micro_ros_agent/package.ps1'
[5.748s] INFO:colcon.colcon_core.shell:Creating package descriptor '/home/jsh/robot_ws/install/micro_ros_agent/share/micro_ros_agent/package.dsv'
[5.749s] INFO:colcon.colcon_core.shell:Creating package script '/home/jsh/robot_ws/install/micro_ros_agent/share/micro_ros_agent/package.sh'
[5.750s] INFO:colcon.colcon_core.shell:Creating package script '/home/jsh/robot_ws/install/micro_ros_agent/share/micro_ros_agent/package.bash'
[5.752s] INFO:colcon.colcon_core.shell:Creating package script '/home/jsh/robot_ws/install/micro_ros_agent/share/micro_ros_agent/package.zsh'
[5.753s] Level 1:colcon.colcon_core.environment:create_file_with_runtime_dependencies(/home/jsh/robot_ws/install/micro_ros_agent/share/colcon-core/packages/micro_ros_agent)
[5.754s] DEBUG:colcon.colcon_parallel_executor.executor.parallel:closing loop
[5.755s] DEBUG:colcon.colcon_parallel_executor.executor.parallel:loop closed
[5.756s] DEBUG:colcon.colcon_parallel_executor.executor.parallel:run_until_complete finished with '0'
[5.756s] DEBUG:colcon.colcon_core.event_reactor:joining thread
[5.778s] INFO:colcon.colcon_core.plugin_system:Skipping extension 'colcon_notification.desktop_notification.terminal_notifier': Not used on non-Darwin systems
[5.778s] INFO:colcon.colcon_core.plugin_system:Skipping extension 'colcon_notification.desktop_notification.win32': Not used on non-Windows systems
[5.779s] INFO:colcon.colcon_notification.desktop_notification:Sending desktop notification using 'notify2'
[5.827s] DEBUG:colcon.colcon_core.event_reactor:joined thread
[5.828s] INFO:colcon.colcon_core.shell:Creating prefix script '/home/jsh/robot_ws/install/local_setup.ps1'
[5.832s] INFO:colcon.colcon_core.shell:Creating prefix util module '/home/jsh/robot_ws/install/_local_setup_util_ps1.py'
[5.836s] INFO:colcon.colcon_core.shell:Creating prefix chain script '/home/jsh/robot_ws/install/setup.ps1'
[5.840s] INFO:colcon.colcon_core.shell:Creating prefix script '/home/jsh/robot_ws/install/local_setup.sh'
[5.842s] INFO:colcon.colcon_core.shell:Creating prefix util module '/home/jsh/robot_ws/install/_local_setup_util_sh.py'
[5.844s] INFO:colcon.colcon_core.shell:Creating prefix chain script '/home/jsh/robot_ws/install/setup.sh'
[5.848s] INFO:colcon.colcon_core.shell:Creating prefix script '/home/jsh/robot_ws/install/local_setup.bash'
[5.850s] INFO:colcon.colcon_core.shell:Creating prefix chain script '/home/jsh/robot_ws/install/setup.bash'
[5.854s] INFO:colcon.colcon_core.shell:Creating prefix script '/home/jsh/robot_ws/install/local_setup.zsh'
[5.856s] INFO:colcon.colcon_core.shell:Creating prefix chain script '/home/jsh/robot_ws/install/setup.zsh'
