[0.127s] Invoking command in '/home/jsh/robot_ws/build/micro_ros_msgs': CMAKE_PREFIX_PATH=${CMAKE_PREFIX_PATH}:/opt/ros/humble /usr/bin/cmake --build /home/jsh/robot_ws/build/micro_ros_msgs -- -j8 -l8
[0.418s] [  2%] Built target micro_ros_msgs__cpp
[0.424s] [ 12%] Built target micro_ros_msgs__rosidl_generator_c
[0.451s] [ 12%] Built target ament_cmake_python_symlink_micro_ros_msgs
[0.607s] [ 23%] Built target micro_ros_msgs__rosidl_typesupport_fastrtps_cpp
[0.610s] [ 34%] Built target micro_ros_msgs__rosidl_typesupport_introspection_cpp
[0.615s] [ 44%] Built target micro_ros_msgs__rosidl_typesupport_introspection_c
[0.636s] [ 55%] Built target micro_ros_msgs__rosidl_typesupport_cpp
[0.638s] [ 65%] Built target micro_ros_msgs__rosidl_typesupport_c
[0.644s] [ 76%] Built target micro_ros_msgs__rosidl_typesupport_fastrtps_c
[0.830s] [ 76%] Built target micro_ros_msgs
[0.842s] [ 78%] Built target micro_ros_msgs__py
[0.951s] [ 87%] Built target micro_ros_msgs__rosidl_generator_py
[1.079s] [ 91%] Built target micro_ros_msgs__rosidl_typesupport_c__pyext
[1.080s] [ 95%] Built target micro_ros_msgs__rosidl_typesupport_fastrtps_c__pyext
[1.085s] [100%] Built target micro_ros_msgs__rosidl_typesupport_introspection_c__pyext
[1.873s] running egg_info
[1.876s] writing micro_ros_msgs.egg-info/PKG-INFO
[1.877s] writing dependency_links to micro_ros_msgs.egg-info/dependency_links.txt
[1.878s] writing top-level names to micro_ros_msgs.egg-info/top_level.txt
[1.887s] reading manifest file 'micro_ros_msgs.egg-info/SOURCES.txt'
[1.890s] writing manifest file 'micro_ros_msgs.egg-info/SOURCES.txt'
[1.996s] [100%] Built target ament_cmake_python_build_micro_ros_msgs_egg
[2.046s] Invoked command in '/home/jsh/robot_ws/build/micro_ros_msgs' returned '0': CMAKE_PREFIX_PATH=${CMAKE_PREFIX_PATH}:/opt/ros/humble /usr/bin/cmake --build /home/jsh/robot_ws/build/micro_ros_msgs -- -j8 -l8
[2.472s] Invoking command in '/home/jsh/robot_ws/build/micro_ros_msgs': CMAKE_PREFIX_PATH=${CMAKE_PREFIX_PATH}:/opt/ros/humble /usr/bin/cmake --install /home/jsh/robot_ws/build/micro_ros_msgs
[2.501s] -- Install configuration: ""
[2.503s] -- Execute custom install script
[2.505s] -- Up-to-date symlink: /home/jsh/robot_ws/install/micro_ros_msgs/share/ament_index/resource_index/rosidl_interfaces/micro_ros_msgs
[2.507s] -- Up-to-date symlink: /home/jsh/robot_ws/install/micro_ros_msgs/include/micro_ros_msgs/micro_ros_msgs/msg/detail/entity__functions.h
[2.509s] -- Up-to-date symlink: /home/jsh/robot_ws/install/micro_ros_msgs/include/micro_ros_msgs/micro_ros_msgs/msg/detail/entity__struct.h
[2.509s] -- Up-to-date symlink: /home/jsh/robot_ws/install/micro_ros_msgs/include/micro_ros_msgs/micro_ros_msgs/msg/detail/entity__type_support.h
[2.510s] -- Up-to-date symlink: /home/jsh/robot_ws/install/micro_ros_msgs/include/micro_ros_msgs/micro_ros_msgs/msg/detail/graph__functions.h
[2.511s] -- Up-to-date symlink: /home/jsh/robot_ws/install/micro_ros_msgs/include/micro_ros_msgs/micro_ros_msgs/msg/detail/graph__struct.h
[2.511s] -- Up-to-date symlink: /home/jsh/robot_ws/install/micro_ros_msgs/include/micro_ros_msgs/micro_ros_msgs/msg/detail/graph__type_support.h
[2.512s] -- Up-to-date symlink: /home/jsh/robot_ws/install/micro_ros_msgs/include/micro_ros_msgs/micro_ros_msgs/msg/detail/node__functions.h
[2.513s] -- Up-to-date symlink: /home/jsh/robot_ws/install/micro_ros_msgs/include/micro_ros_msgs/micro_ros_msgs/msg/detail/node__struct.h
[2.514s] -- Up-to-date symlink: /home/jsh/robot_ws/install/micro_ros_msgs/include/micro_ros_msgs/micro_ros_msgs/msg/detail/node__type_support.h
[2.515s] -- Up-to-date symlink: /home/jsh/robot_ws/install/micro_ros_msgs/include/micro_ros_msgs/micro_ros_msgs/msg/entity.h
[2.516s] -- Up-to-date symlink: /home/jsh/robot_ws/install/micro_ros_msgs/include/micro_ros_msgs/micro_ros_msgs/msg/graph.h
[2.516s] -- Up-to-date symlink: /home/jsh/robot_ws/install/micro_ros_msgs/include/micro_ros_msgs/micro_ros_msgs/msg/node.h
[2.517s] -- Up-to-date symlink: /home/jsh/robot_ws/install/micro_ros_msgs/include/micro_ros_msgs/micro_ros_msgs/msg/rosidl_generator_c__visibility_control.h
[2.519s] -- Up-to-date symlink: /home/jsh/robot_ws/install/micro_ros_msgs/share/micro_ros_msgs/environment/library_path.sh
[2.520s] -- Up-to-date symlink: /home/jsh/robot_ws/install/micro_ros_msgs/share/micro_ros_msgs/environment/library_path.dsv
[2.523s] -- Up-to-date symlink: /home/jsh/robot_ws/install/micro_ros_msgs/include/micro_ros_msgs/micro_ros_msgs/msg/detail/entity__rosidl_typesupport_fastrtps_c.h
[2.524s] -- Up-to-date symlink: /home/jsh/robot_ws/install/micro_ros_msgs/include/micro_ros_msgs/micro_ros_msgs/msg/detail/graph__rosidl_typesupport_fastrtps_c.h
[2.525s] -- Up-to-date symlink: /home/jsh/robot_ws/install/micro_ros_msgs/include/micro_ros_msgs/micro_ros_msgs/msg/detail/node__rosidl_typesupport_fastrtps_c.h
[2.526s] -- Up-to-date symlink: /home/jsh/robot_ws/install/micro_ros_msgs/include/micro_ros_msgs/micro_ros_msgs/msg/rosidl_typesupport_fastrtps_c__visibility_control.h
[2.528s] -- Up-to-date symlink: /home/jsh/robot_ws/install/micro_ros_msgs/include/micro_ros_msgs/micro_ros_msgs/msg/detail/entity__rosidl_typesupport_introspection_c.h
[2.529s] -- Up-to-date symlink: /home/jsh/robot_ws/install/micro_ros_msgs/include/micro_ros_msgs/micro_ros_msgs/msg/detail/graph__rosidl_typesupport_introspection_c.h
[2.530s] -- Up-to-date symlink: /home/jsh/robot_ws/install/micro_ros_msgs/include/micro_ros_msgs/micro_ros_msgs/msg/detail/node__rosidl_typesupport_introspection_c.h
[2.531s] -- Up-to-date symlink: /home/jsh/robot_ws/install/micro_ros_msgs/include/micro_ros_msgs/micro_ros_msgs/msg/rosidl_typesupport_introspection_c__visibility_control.h
[2.534s] -- Up-to-date symlink: /home/jsh/robot_ws/install/micro_ros_msgs/include/micro_ros_msgs/micro_ros_msgs/msg/detail/entity__builder.hpp
[2.535s] -- Up-to-date symlink: /home/jsh/robot_ws/install/micro_ros_msgs/include/micro_ros_msgs/micro_ros_msgs/msg/detail/entity__struct.hpp
[2.536s] -- Up-to-date symlink: /home/jsh/robot_ws/install/micro_ros_msgs/include/micro_ros_msgs/micro_ros_msgs/msg/detail/entity__traits.hpp
[2.537s] -- Up-to-date symlink: /home/jsh/robot_ws/install/micro_ros_msgs/include/micro_ros_msgs/micro_ros_msgs/msg/detail/graph__builder.hpp
[2.538s] -- Up-to-date symlink: /home/jsh/robot_ws/install/micro_ros_msgs/include/micro_ros_msgs/micro_ros_msgs/msg/detail/graph__struct.hpp
[2.539s] -- Up-to-date symlink: /home/jsh/robot_ws/install/micro_ros_msgs/include/micro_ros_msgs/micro_ros_msgs/msg/detail/graph__traits.hpp
[2.539s] -- Up-to-date symlink: /home/jsh/robot_ws/install/micro_ros_msgs/include/micro_ros_msgs/micro_ros_msgs/msg/detail/node__builder.hpp
[2.540s] -- Up-to-date symlink: /home/jsh/robot_ws/install/micro_ros_msgs/include/micro_ros_msgs/micro_ros_msgs/msg/detail/node__struct.hpp
[2.541s] -- Up-to-date symlink: /home/jsh/robot_ws/install/micro_ros_msgs/include/micro_ros_msgs/micro_ros_msgs/msg/detail/node__traits.hpp
[2.542s] -- Up-to-date symlink: /home/jsh/robot_ws/install/micro_ros_msgs/include/micro_ros_msgs/micro_ros_msgs/msg/entity.hpp
[2.543s] -- Up-to-date symlink: /home/jsh/robot_ws/install/micro_ros_msgs/include/micro_ros_msgs/micro_ros_msgs/msg/graph.hpp
[2.544s] -- Up-to-date symlink: /home/jsh/robot_ws/install/micro_ros_msgs/include/micro_ros_msgs/micro_ros_msgs/msg/node.hpp
[2.547s] -- Up-to-date symlink: /home/jsh/robot_ws/install/micro_ros_msgs/include/micro_ros_msgs/micro_ros_msgs/msg/detail/entity__rosidl_typesupport_fastrtps_cpp.hpp
[2.548s] -- Up-to-date symlink: /home/jsh/robot_ws/install/micro_ros_msgs/include/micro_ros_msgs/micro_ros_msgs/msg/detail/graph__rosidl_typesupport_fastrtps_cpp.hpp
[2.549s] -- Up-to-date symlink: /home/jsh/robot_ws/install/micro_ros_msgs/include/micro_ros_msgs/micro_ros_msgs/msg/detail/node__rosidl_typesupport_fastrtps_cpp.hpp
[2.550s] -- Up-to-date symlink: /home/jsh/robot_ws/install/micro_ros_msgs/include/micro_ros_msgs/micro_ros_msgs/msg/rosidl_typesupport_fastrtps_cpp__visibility_control.h
[2.552s] -- Up-to-date symlink: /home/jsh/robot_ws/install/micro_ros_msgs/include/micro_ros_msgs/micro_ros_msgs/msg/detail/entity__rosidl_typesupport_introspection_cpp.hpp
[2.553s] -- Up-to-date symlink: /home/jsh/robot_ws/install/micro_ros_msgs/include/micro_ros_msgs/micro_ros_msgs/msg/detail/graph__rosidl_typesupport_introspection_cpp.hpp
[2.554s] -- Up-to-date symlink: /home/jsh/robot_ws/install/micro_ros_msgs/include/micro_ros_msgs/micro_ros_msgs/msg/detail/node__rosidl_typesupport_introspection_cpp.hpp
[2.555s] -- Up-to-date symlink: /home/jsh/robot_ws/install/micro_ros_msgs/share/micro_ros_msgs/environment/pythonpath.sh
[2.556s] -- Up-to-date symlink: /home/jsh/robot_ws/install/micro_ros_msgs/share/micro_ros_msgs/environment/pythonpath.dsv
[2.558s] -- Up-to-date symlink: /home/jsh/robot_ws/install/micro_ros_msgs/local/lib/python3.10/dist-packages/micro_ros_msgs-3.0.1-py3.10.egg-info/PKG-INFO
[2.559s] -- Up-to-date symlink: /home/jsh/robot_ws/install/micro_ros_msgs/local/lib/python3.10/dist-packages/micro_ros_msgs-3.0.1-py3.10.egg-info/SOURCES.txt
[2.560s] -- Up-to-date symlink: /home/jsh/robot_ws/install/micro_ros_msgs/local/lib/python3.10/dist-packages/micro_ros_msgs-3.0.1-py3.10.egg-info/dependency_links.txt
[2.561s] -- Up-to-date symlink: /home/jsh/robot_ws/install/micro_ros_msgs/local/lib/python3.10/dist-packages/micro_ros_msgs-3.0.1-py3.10.egg-info/top_level.txt
[2.565s] -- Up-to-date symlink: /home/jsh/robot_ws/install/micro_ros_msgs/local/lib/python3.10/dist-packages/micro_ros_msgs/__init__.py
[2.566s] -- Up-to-date symlink: /home/jsh/robot_ws/install/micro_ros_msgs/local/lib/python3.10/dist-packages/micro_ros_msgs/_micro_ros_msgs_s.ep.rosidl_typesupport_c.c
[2.566s] -- Up-to-date symlink: /home/jsh/robot_ws/install/micro_ros_msgs/local/lib/python3.10/dist-packages/micro_ros_msgs/_micro_ros_msgs_s.ep.rosidl_typesupport_fastrtps_c.c
[2.568s] -- Up-to-date symlink: /home/jsh/robot_ws/install/micro_ros_msgs/local/lib/python3.10/dist-packages/micro_ros_msgs/_micro_ros_msgs_s.ep.rosidl_typesupport_introspection_c.c
[2.568s] -- Up-to-date symlink: /home/jsh/robot_ws/install/micro_ros_msgs/local/lib/python3.10/dist-packages/micro_ros_msgs/libmicro_ros_msgs__rosidl_generator_py.so
[2.569s] -- Up-to-date symlink: /home/jsh/robot_ws/install/micro_ros_msgs/local/lib/python3.10/dist-packages/micro_ros_msgs/micro_ros_msgs_s__rosidl_typesupport_c.cpython-310-x86_64-linux-gnu.so
[2.570s] -- Up-to-date symlink: /home/jsh/robot_ws/install/micro_ros_msgs/local/lib/python3.10/dist-packages/micro_ros_msgs/micro_ros_msgs_s__rosidl_typesupport_fastrtps_c.cpython-310-x86_64-linux-gnu.so
[2.571s] -- Up-to-date symlink: /home/jsh/robot_ws/install/micro_ros_msgs/local/lib/python3.10/dist-packages/micro_ros_msgs/micro_ros_msgs_s__rosidl_typesupport_introspection_c.cpython-310-x86_64-linux-gnu.so
[2.572s] -- Up-to-date symlink: /home/jsh/robot_ws/install/micro_ros_msgs/local/lib/python3.10/dist-packages/micro_ros_msgs/msg/__init__.py
[2.573s] -- Up-to-date symlink: /home/jsh/robot_ws/install/micro_ros_msgs/local/lib/python3.10/dist-packages/micro_ros_msgs/msg/_entity.py
[2.574s] -- Up-to-date symlink: /home/jsh/robot_ws/install/micro_ros_msgs/local/lib/python3.10/dist-packages/micro_ros_msgs/msg/_entity_s.c
[2.575s] -- Up-to-date symlink: /home/jsh/robot_ws/install/micro_ros_msgs/local/lib/python3.10/dist-packages/micro_ros_msgs/msg/_graph.py
[2.576s] -- Up-to-date symlink: /home/jsh/robot_ws/install/micro_ros_msgs/local/lib/python3.10/dist-packages/micro_ros_msgs/msg/_graph_s.c
[2.577s] -- Up-to-date symlink: /home/jsh/robot_ws/install/micro_ros_msgs/local/lib/python3.10/dist-packages/micro_ros_msgs/msg/_node.py
[2.578s] -- Up-to-date symlink: /home/jsh/robot_ws/install/micro_ros_msgs/local/lib/python3.10/dist-packages/micro_ros_msgs/msg/_node_s.c
[2.580s] -- Up-to-date symlink: /home/jsh/robot_ws/install/micro_ros_msgs/local/lib/python3.10/dist-packages/micro_ros_msgs/micro_ros_msgs_s__rosidl_typesupport_fastrtps_c.cpython-310-x86_64-linux-gnu.so
[2.581s] -- Up-to-date symlink: /home/jsh/robot_ws/install/micro_ros_msgs/local/lib/python3.10/dist-packages/micro_ros_msgs/micro_ros_msgs_s__rosidl_typesupport_introspection_c.cpython-310-x86_64-linux-gnu.so
[2.582s] -- Up-to-date symlink: /home/jsh/robot_ws/install/micro_ros_msgs/local/lib/python3.10/dist-packages/micro_ros_msgs/micro_ros_msgs_s__rosidl_typesupport_c.cpython-310-x86_64-linux-gnu.so
[2.583s] -- Up-to-date symlink: /home/jsh/robot_ws/install/micro_ros_msgs/share/micro_ros_msgs/msg/Graph.idl
[2.584s] -- Up-to-date symlink: /home/jsh/robot_ws/install/micro_ros_msgs/share/micro_ros_msgs/msg/Node.idl
[2.584s] -- Up-to-date symlink: /home/jsh/robot_ws/install/micro_ros_msgs/share/micro_ros_msgs/msg/Entity.idl
[2.585s] -- Up-to-date symlink: /home/jsh/robot_ws/install/micro_ros_msgs/share/micro_ros_msgs/msg/Graph.msg
[2.586s] -- Up-to-date symlink: /home/jsh/robot_ws/install/micro_ros_msgs/share/micro_ros_msgs/msg/Node.msg
[2.587s] -- Up-to-date symlink: /home/jsh/robot_ws/install/micro_ros_msgs/share/micro_ros_msgs/msg/Entity.msg
[2.588s] -- Up-to-date symlink: /home/jsh/robot_ws/install/micro_ros_msgs/share/ament_index/resource_index/package_run_dependencies/micro_ros_msgs
[2.588s] -- Up-to-date symlink: /home/jsh/robot_ws/install/micro_ros_msgs/share/ament_index/resource_index/parent_prefix_path/micro_ros_msgs
[2.590s] -- Up-to-date symlink: /home/jsh/robot_ws/install/micro_ros_msgs/share/micro_ros_msgs/environment/ament_prefix_path.sh
[2.590s] -- Up-to-date symlink: /home/jsh/robot_ws/install/micro_ros_msgs/share/micro_ros_msgs/environment/ament_prefix_path.dsv
[2.592s] -- Up-to-date symlink: /home/jsh/robot_ws/install/micro_ros_msgs/share/micro_ros_msgs/environment/path.sh
[2.593s] -- Up-to-date symlink: /home/jsh/robot_ws/install/micro_ros_msgs/share/micro_ros_msgs/environment/path.dsv
[2.594s] -- Up-to-date symlink: /home/jsh/robot_ws/install/micro_ros_msgs/share/micro_ros_msgs/local_setup.bash
[2.595s] -- Up-to-date symlink: /home/jsh/robot_ws/install/micro_ros_msgs/share/micro_ros_msgs/local_setup.sh
[2.596s] -- Up-to-date symlink: /home/jsh/robot_ws/install/micro_ros_msgs/share/micro_ros_msgs/local_setup.zsh
[2.597s] -- Up-to-date symlink: /home/jsh/robot_ws/install/micro_ros_msgs/share/micro_ros_msgs/local_setup.dsv
[2.598s] -- Symlinking: /home/jsh/robot_ws/install/micro_ros_msgs/share/micro_ros_msgs/package.dsv
[2.640s] -- Up-to-date symlink: /home/jsh/robot_ws/install/micro_ros_msgs/share/ament_index/resource_index/packages/micro_ros_msgs
[2.641s] -- Up-to-date symlink: /home/jsh/robot_ws/install/micro_ros_msgs/share/micro_ros_msgs/cmake/rosidl_cmake-extras.cmake
[2.642s] -- Up-to-date symlink: /home/jsh/robot_ws/install/micro_ros_msgs/share/micro_ros_msgs/cmake/ament_cmake_export_include_directories-extras.cmake
[2.643s] -- Up-to-date symlink: /home/jsh/robot_ws/install/micro_ros_msgs/share/micro_ros_msgs/cmake/ament_cmake_export_libraries-extras.cmake
[2.644s] -- Up-to-date symlink: /home/jsh/robot_ws/install/micro_ros_msgs/share/micro_ros_msgs/cmake/ament_cmake_export_targets-extras.cmake
[2.645s] -- Up-to-date symlink: /home/jsh/robot_ws/install/micro_ros_msgs/share/micro_ros_msgs/cmake/rosidl_cmake_export_typesupport_targets-extras.cmake
[2.646s] -- Up-to-date symlink: /home/jsh/robot_ws/install/micro_ros_msgs/share/micro_ros_msgs/cmake/ament_cmake_export_dependencies-extras.cmake
[2.647s] -- Up-to-date symlink: /home/jsh/robot_ws/install/micro_ros_msgs/share/micro_ros_msgs/cmake/rosidl_cmake_export_typesupport_libraries-extras.cmake
[2.648s] -- Up-to-date symlink: /home/jsh/robot_ws/install/micro_ros_msgs/share/micro_ros_msgs/cmake/micro_ros_msgsConfig.cmake
[2.649s] -- Up-to-date symlink: /home/jsh/robot_ws/install/micro_ros_msgs/share/micro_ros_msgs/cmake/micro_ros_msgsConfig-version.cmake
[2.649s] -- Up-to-date symlink: /home/jsh/robot_ws/install/micro_ros_msgs/share/micro_ros_msgs/package.xml
[2.650s] -- Up-to-date: /home/jsh/robot_ws/install/micro_ros_msgs/lib/libmicro_ros_msgs__rosidl_generator_c.so
[2.652s] -- Up-to-date: /home/jsh/robot_ws/install/micro_ros_msgs/lib/libmicro_ros_msgs__rosidl_typesupport_fastrtps_c.so
[2.653s] -- Up-to-date: /home/jsh/robot_ws/install/micro_ros_msgs/lib/libmicro_ros_msgs__rosidl_typesupport_introspection_c.so
[2.655s] -- Up-to-date: /home/jsh/robot_ws/install/micro_ros_msgs/lib/libmicro_ros_msgs__rosidl_typesupport_c.so
[2.656s] -- Up-to-date: /home/jsh/robot_ws/install/micro_ros_msgs/lib/libmicro_ros_msgs__rosidl_typesupport_fastrtps_cpp.so
[2.657s] -- Up-to-date: /home/jsh/robot_ws/install/micro_ros_msgs/lib/libmicro_ros_msgs__rosidl_typesupport_introspection_cpp.so
[2.659s] -- Up-to-date: /home/jsh/robot_ws/install/micro_ros_msgs/lib/libmicro_ros_msgs__rosidl_typesupport_cpp.so
[2.791s] Listing '/home/jsh/robot_ws/install/micro_ros_msgs/local/lib/python3.10/dist-packages/micro_ros_msgs'...
[2.791s] Listing '/home/jsh/robot_ws/install/micro_ros_msgs/local/lib/python3.10/dist-packages/micro_ros_msgs/msg'...
[2.807s] -- Up-to-date: /home/jsh/robot_ws/install/micro_ros_msgs/lib/libmicro_ros_msgs__rosidl_generator_py.so
[2.808s] -- Up-to-date: /home/jsh/robot_ws/install/micro_ros_msgs/share/micro_ros_msgs/cmake/export_micro_ros_msgs__rosidl_generator_cExport.cmake
[2.808s] -- Up-to-date: /home/jsh/robot_ws/install/micro_ros_msgs/share/micro_ros_msgs/cmake/export_micro_ros_msgs__rosidl_generator_cExport-noconfig.cmake
[2.809s] -- Up-to-date: /home/jsh/robot_ws/install/micro_ros_msgs/share/micro_ros_msgs/cmake/export_micro_ros_msgs__rosidl_typesupport_fastrtps_cExport.cmake
[2.810s] -- Up-to-date: /home/jsh/robot_ws/install/micro_ros_msgs/share/micro_ros_msgs/cmake/export_micro_ros_msgs__rosidl_typesupport_fastrtps_cExport-noconfig.cmake
[2.810s] -- Up-to-date: /home/jsh/robot_ws/install/micro_ros_msgs/share/micro_ros_msgs/cmake/micro_ros_msgs__rosidl_typesupport_introspection_cExport.cmake
[2.810s] -- Up-to-date: /home/jsh/robot_ws/install/micro_ros_msgs/share/micro_ros_msgs/cmake/micro_ros_msgs__rosidl_typesupport_introspection_cExport-noconfig.cmake
[2.811s] -- Up-to-date: /home/jsh/robot_ws/install/micro_ros_msgs/share/micro_ros_msgs/cmake/micro_ros_msgs__rosidl_typesupport_cExport.cmake
[2.811s] -- Up-to-date: /home/jsh/robot_ws/install/micro_ros_msgs/share/micro_ros_msgs/cmake/micro_ros_msgs__rosidl_typesupport_cExport-noconfig.cmake
[2.812s] -- Up-to-date: /home/jsh/robot_ws/install/micro_ros_msgs/share/micro_ros_msgs/cmake/export_micro_ros_msgs__rosidl_generator_cppExport.cmake
[2.813s] -- Up-to-date: /home/jsh/robot_ws/install/micro_ros_msgs/share/micro_ros_msgs/cmake/export_micro_ros_msgs__rosidl_typesupport_fastrtps_cppExport.cmake
[2.814s] -- Up-to-date: /home/jsh/robot_ws/install/micro_ros_msgs/share/micro_ros_msgs/cmake/export_micro_ros_msgs__rosidl_typesupport_fastrtps_cppExport-noconfig.cmake
[2.815s] -- Up-to-date: /home/jsh/robot_ws/install/micro_ros_msgs/share/micro_ros_msgs/cmake/micro_ros_msgs__rosidl_typesupport_introspection_cppExport.cmake
[2.815s] -- Up-to-date: /home/jsh/robot_ws/install/micro_ros_msgs/share/micro_ros_msgs/cmake/micro_ros_msgs__rosidl_typesupport_introspection_cppExport-noconfig.cmake
[2.816s] -- Up-to-date: /home/jsh/robot_ws/install/micro_ros_msgs/share/micro_ros_msgs/cmake/micro_ros_msgs__rosidl_typesupport_cppExport.cmake
[2.816s] -- Up-to-date: /home/jsh/robot_ws/install/micro_ros_msgs/share/micro_ros_msgs/cmake/micro_ros_msgs__rosidl_typesupport_cppExport-noconfig.cmake
[2.817s] -- Up-to-date: /home/jsh/robot_ws/install/micro_ros_msgs/share/micro_ros_msgs/cmake/export_micro_ros_msgs__rosidl_generator_pyExport.cmake
[2.818s] -- Up-to-date: /home/jsh/robot_ws/install/micro_ros_msgs/share/micro_ros_msgs/cmake/export_micro_ros_msgs__rosidl_generator_pyExport-noconfig.cmake
[2.827s] Invoked command in '/home/jsh/robot_ws/build/micro_ros_msgs' returned '0': CMAKE_PREFIX_PATH=${CMAKE_PREFIX_PATH}:/opt/ros/humble /usr/bin/cmake --install /home/jsh/robot_ws/build/micro_ros_msgs
