[0.108s] Invoking command in '/home/jsh/robot_ws/build/pymoveit2': CMAKE_PREFIX_PATH=${CMAKE_PREFIX_PATH}:/opt/ros/humble /usr/bin/cmake --build /home/jsh/robot_ws/build/pymoveit2 -- -j8 -l8
[0.231s] -- Found ament_cmake: 1.3.8 (/opt/ros/humble/share/ament_cmake/cmake)
[0.953s] -- Override CMake install command with custom implementation using symlinks instead of copying resources
[1.598s] -- Configuring done
[1.617s] -- Generating done
[1.623s] -- Build files have been written to: /home/jsh/robot_ws/build/pymoveit2
[1.785s] Built target ament_cmake_python_symlink_pymoveit2
[3.013s] running egg_info
[3.015s] writing pymoveit2.egg-info/PKG-INFO
[3.016s] writing dependency_links to pymoveit2.egg-info/dependency_links.txt
[3.017s] writing top-level names to pymoveit2.egg-info/top_level.txt
[3.027s] reading manifest file 'pymoveit2.egg-info/SOURCES.txt'
[3.030s] writing manifest file 'pymoveit2.egg-info/SOURCES.txt'
[3.134s] Built target ament_cmake_python_build_pymoveit2_egg
[3.182s] Invoked command in '/home/jsh/robot_ws/build/pymoveit2' returned '0': CMAKE_PREFIX_PATH=${CMAKE_PREFIX_PATH}:/opt/ros/humble /usr/bin/cmake --build /home/jsh/robot_ws/build/pymoveit2 -- -j8 -l8
[3.307s] Invoking command in '/home/jsh/robot_ws/build/pymoveit2': CMAKE_PREFIX_PATH=${CMAKE_PREFIX_PATH}:/opt/ros/humble /usr/bin/cmake --install /home/jsh/robot_ws/build/pymoveit2
[3.333s] -- Install configuration: ""
[3.334s] -- Execute custom install script
[3.335s] -- Up-to-date symlink: /home/jsh/robot_ws/install/pymoveit2/share/pymoveit2/environment/pythonpath.sh
[3.337s] -- Up-to-date symlink: /home/jsh/robot_ws/install/pymoveit2/share/pymoveit2/environment/pythonpath.dsv
[3.339s] -- Up-to-date symlink: /home/jsh/robot_ws/install/pymoveit2/local/lib/python3.10/dist-packages/pymoveit2-2.1.0-py3.10.egg-info/PKG-INFO
[3.340s] -- Up-to-date symlink: /home/jsh/robot_ws/install/pymoveit2/local/lib/python3.10/dist-packages/pymoveit2-2.1.0-py3.10.egg-info/SOURCES.txt
[3.341s] -- Up-to-date symlink: /home/jsh/robot_ws/install/pymoveit2/local/lib/python3.10/dist-packages/pymoveit2-2.1.0-py3.10.egg-info/dependency_links.txt
[3.342s] -- Up-to-date symlink: /home/jsh/robot_ws/install/pymoveit2/local/lib/python3.10/dist-packages/pymoveit2-2.1.0-py3.10.egg-info/top_level.txt
[3.345s] -- Up-to-date symlink: /home/jsh/robot_ws/install/pymoveit2/local/lib/python3.10/dist-packages/pymoveit2/__init__.py
[3.346s] -- Up-to-date symlink: /home/jsh/robot_ws/install/pymoveit2/local/lib/python3.10/dist-packages/pymoveit2/gripper_command.py
[3.347s] -- Up-to-date symlink: /home/jsh/robot_ws/install/pymoveit2/local/lib/python3.10/dist-packages/pymoveit2/moveit2.py
[3.348s] -- Up-to-date symlink: /home/jsh/robot_ws/install/pymoveit2/local/lib/python3.10/dist-packages/pymoveit2/moveit2_gripper.py
[3.349s] -- Up-to-date symlink: /home/jsh/robot_ws/install/pymoveit2/local/lib/python3.10/dist-packages/pymoveit2/moveit2_servo.py
[3.350s] -- Up-to-date symlink: /home/jsh/robot_ws/install/pymoveit2/local/lib/python3.10/dist-packages/pymoveit2/robots/__init__.py
[3.351s] -- Up-to-date symlink: /home/jsh/robot_ws/install/pymoveit2/local/lib/python3.10/dist-packages/pymoveit2/robots/panda.py
[3.352s] -- Up-to-date symlink: /home/jsh/robot_ws/install/pymoveit2/local/lib/python3.10/dist-packages/pymoveit2/robots/ur5.py
[3.353s] -- Up-to-date symlink: /home/jsh/robot_ws/install/pymoveit2/lib/pymoveit2/ex_collision_object.py
[3.354s] -- Up-to-date symlink: /home/jsh/robot_ws/install/pymoveit2/lib/pymoveit2/ex_gripper_command.py
[3.355s] -- Up-to-date symlink: /home/jsh/robot_ws/install/pymoveit2/lib/pymoveit2/ex_gripper.py
[3.356s] -- Up-to-date symlink: /home/jsh/robot_ws/install/pymoveit2/lib/pymoveit2/ex_joint_goal.py
[3.357s] -- Up-to-date symlink: /home/jsh/robot_ws/install/pymoveit2/lib/pymoveit2/ex_pose_goal.py
[3.358s] -- Symlinking: /home/jsh/robot_ws/install/pymoveit2/lib/pymoveit2/ex_servo.py
[3.396s] -- Up-to-date symlink: /home/jsh/robot_ws/install/pymoveit2/lib/pymoveit2/ex_multi_move.py
[3.397s] -- Up-to-date symlink: /home/jsh/robot_ws/install/pymoveit2/lib/pymoveit2/runner.py
[3.398s] -- Up-to-date symlink: /home/jsh/robot_ws/install/pymoveit2/lib/pymoveit2/dual_pose_goal.py
[3.399s] -- Up-to-date symlink: /home/jsh/robot_ws/install/pymoveit2/lib/pymoveit2/joint.py
[3.400s] -- Up-to-date symlink: /home/jsh/robot_ws/install/pymoveit2/lib/pymoveit2/task_bag.py
[3.400s] -- Symlinking: /home/jsh/robot_ws/install/pymoveit2/lib/pymoveit2/task_box.py
[3.432s] -- Up-to-date symlink: /home/jsh/robot_ws/install/pymoveit2/share/ament_index/resource_index/package_run_dependencies/pymoveit2
[3.433s] -- Up-to-date symlink: /home/jsh/robot_ws/install/pymoveit2/share/ament_index/resource_index/parent_prefix_path/pymoveit2
[3.434s] -- Up-to-date symlink: /home/jsh/robot_ws/install/pymoveit2/share/pymoveit2/environment/ament_prefix_path.sh
[3.434s] -- Up-to-date symlink: /home/jsh/robot_ws/install/pymoveit2/share/pymoveit2/environment/ament_prefix_path.dsv
[3.435s] -- Up-to-date symlink: /home/jsh/robot_ws/install/pymoveit2/share/pymoveit2/environment/path.sh
[3.436s] -- Up-to-date symlink: /home/jsh/robot_ws/install/pymoveit2/share/pymoveit2/environment/path.dsv
[3.438s] -- Up-to-date symlink: /home/jsh/robot_ws/install/pymoveit2/share/pymoveit2/local_setup.bash
[3.438s] -- Up-to-date symlink: /home/jsh/robot_ws/install/pymoveit2/share/pymoveit2/local_setup.sh
[3.440s] -- Up-to-date symlink: /home/jsh/robot_ws/install/pymoveit2/share/pymoveit2/local_setup.zsh
[3.441s] -- Up-to-date symlink: /home/jsh/robot_ws/install/pymoveit2/share/pymoveit2/local_setup.dsv
[3.442s] -- Symlinking: /home/jsh/robot_ws/install/pymoveit2/share/pymoveit2/package.dsv
[3.479s] -- Up-to-date symlink: /home/jsh/robot_ws/install/pymoveit2/share/ament_index/resource_index/packages/pymoveit2
[3.480s] -- Up-to-date symlink: /home/jsh/robot_ws/install/pymoveit2/share/pymoveit2/cmake/pymoveit2Config.cmake
[3.481s] -- Up-to-date symlink: /home/jsh/robot_ws/install/pymoveit2/share/pymoveit2/cmake/pymoveit2Config-version.cmake
[3.482s] -- Up-to-date symlink: /home/jsh/robot_ws/install/pymoveit2/share/pymoveit2/package.xml
[3.624s] Listing '/home/jsh/robot_ws/install/pymoveit2/local/lib/python3.10/dist-packages/pymoveit2'...
[3.625s] Listing '/home/jsh/robot_ws/install/pymoveit2/local/lib/python3.10/dist-packages/pymoveit2/robots'...
[3.655s] Invoked command in '/home/jsh/robot_ws/build/pymoveit2' returned '0': CMAKE_PREFIX_PATH=${CMAKE_PREFIX_PATH}:/opt/ros/humble /usr/bin/cmake --install /home/jsh/robot_ws/build/pymoveit2
