[0.116s] Invoking command in '/home/jsh/robot_ws/build/pymoveit2': CMAKE_PREFIX_PATH=${CMAKE_PREFIX_PATH}:/opt/ros/humble /usr/bin/cmake --build /home/jsh/robot_ws/build/pymoveit2 -- -j8 -l8
[0.472s] Built target ament_cmake_python_symlink_pymoveit2
[2.143s] running egg_info
[2.147s] writing pymoveit2.egg-info/PKG-INFO
[2.148s] writing dependency_links to pymoveit2.egg-info/dependency_links.txt
[2.149s] writing top-level names to pymoveit2.egg-info/top_level.txt
[2.162s] reading manifest file 'pymoveit2.egg-info/SOURCES.txt'
[2.167s] writing manifest file 'pymoveit2.egg-info/SOURCES.txt'
[2.297s] Built target ament_cmake_python_build_pymoveit2_egg
[2.349s] Invoked command in '/home/jsh/robot_ws/build/pymoveit2' returned '0': CMAKE_PREFIX_PATH=${CMAKE_PREFIX_PATH}:/opt/ros/humble /usr/bin/cmake --build /home/jsh/robot_ws/build/pymoveit2 -- -j8 -l8
[2.476s] Invoking command in '/home/jsh/robot_ws/build/pymoveit2': CMAKE_PREFIX_PATH=${CMAKE_PREFIX_PATH}:/opt/ros/humble /usr/bin/cmake --install /home/jsh/robot_ws/build/pymoveit2
[2.518s] -- Install configuration: ""
[2.522s] -- Execute custom install script
[2.523s] -- Up-to-date symlink: /home/jsh/robot_ws/install/pymoveit2/share/pymoveit2/environment/pythonpath.sh
[2.524s] -- Up-to-date symlink: /home/jsh/robot_ws/install/pymoveit2/share/pymoveit2/environment/pythonpath.dsv
[2.526s] -- Up-to-date symlink: /home/jsh/robot_ws/install/pymoveit2/local/lib/python3.10/dist-packages/pymoveit2-2.1.0-py3.10.egg-info/PKG-INFO
[2.527s] -- Up-to-date symlink: /home/jsh/robot_ws/install/pymoveit2/local/lib/python3.10/dist-packages/pymoveit2-2.1.0-py3.10.egg-info/SOURCES.txt
[2.528s] -- Up-to-date symlink: /home/jsh/robot_ws/install/pymoveit2/local/lib/python3.10/dist-packages/pymoveit2-2.1.0-py3.10.egg-info/dependency_links.txt
[2.528s] -- Up-to-date symlink: /home/jsh/robot_ws/install/pymoveit2/local/lib/python3.10/dist-packages/pymoveit2-2.1.0-py3.10.egg-info/top_level.txt
[2.530s] -- Up-to-date symlink: /home/jsh/robot_ws/install/pymoveit2/local/lib/python3.10/dist-packages/pymoveit2/__init__.py
[2.531s] -- Up-to-date symlink: /home/jsh/robot_ws/install/pymoveit2/local/lib/python3.10/dist-packages/pymoveit2/gripper_command.py
[2.532s] -- Up-to-date symlink: /home/jsh/robot_ws/install/pymoveit2/local/lib/python3.10/dist-packages/pymoveit2/moveit2.py
[2.532s] -- Up-to-date symlink: /home/jsh/robot_ws/install/pymoveit2/local/lib/python3.10/dist-packages/pymoveit2/moveit2_gripper.py
[2.534s] -- Up-to-date symlink: /home/jsh/robot_ws/install/pymoveit2/local/lib/python3.10/dist-packages/pymoveit2/moveit2_servo.py
[2.535s] -- Up-to-date symlink: /home/jsh/robot_ws/install/pymoveit2/local/lib/python3.10/dist-packages/pymoveit2/robots/__init__.py
[2.535s] -- Up-to-date symlink: /home/jsh/robot_ws/install/pymoveit2/local/lib/python3.10/dist-packages/pymoveit2/robots/panda.py
[2.537s] -- Up-to-date symlink: /home/jsh/robot_ws/install/pymoveit2/local/lib/python3.10/dist-packages/pymoveit2/robots/ur5.py
[2.537s] -- Up-to-date symlink: /home/jsh/robot_ws/install/pymoveit2/lib/pymoveit2/ex_collision_object.py
[2.538s] -- Up-to-date symlink: /home/jsh/robot_ws/install/pymoveit2/lib/pymoveit2/ex_gripper_command.py
[2.538s] -- Up-to-date symlink: /home/jsh/robot_ws/install/pymoveit2/lib/pymoveit2/ex_gripper.py
[2.539s] -- Up-to-date symlink: /home/jsh/robot_ws/install/pymoveit2/lib/pymoveit2/ex_joint_goal.py
[2.540s] -- Up-to-date symlink: /home/jsh/robot_ws/install/pymoveit2/lib/pymoveit2/ex_pose_goal.py
[2.540s] -- Up-to-date symlink: /home/jsh/robot_ws/install/pymoveit2/lib/pymoveit2/ex_servo_1.py
[2.542s] -- Up-to-date symlink: /home/jsh/robot_ws/install/pymoveit2/lib/pymoveit2/ex_servo_2.py
[2.543s] -- Up-to-date symlink: /home/jsh/robot_ws/install/pymoveit2/lib/pymoveit2/ex_multi_move.py
[2.544s] -- Up-to-date symlink: /home/jsh/robot_ws/install/pymoveit2/lib/pymoveit2/runner.py
[2.545s] -- Up-to-date symlink: /home/jsh/robot_ws/install/pymoveit2/lib/pymoveit2/dual_pose_goal.py
[2.547s] -- Up-to-date symlink: /home/jsh/robot_ws/install/pymoveit2/lib/pymoveit2/joint.py
[2.547s] -- Up-to-date symlink: /home/jsh/robot_ws/install/pymoveit2/lib/pymoveit2/task_bag.py
[2.548s] -- Up-to-date symlink: /home/jsh/robot_ws/install/pymoveit2/lib/pymoveit2/task_wrap.py
[2.549s] -- Up-to-date symlink: /home/jsh/robot_ws/install/pymoveit2/share/ament_index/resource_index/package_run_dependencies/pymoveit2
[2.550s] -- Up-to-date symlink: /home/jsh/robot_ws/install/pymoveit2/share/ament_index/resource_index/parent_prefix_path/pymoveit2
[2.550s] -- Up-to-date symlink: /home/jsh/robot_ws/install/pymoveit2/share/pymoveit2/environment/ament_prefix_path.sh
[2.551s] -- Up-to-date symlink: /home/jsh/robot_ws/install/pymoveit2/share/pymoveit2/environment/ament_prefix_path.dsv
[2.551s] -- Up-to-date symlink: /home/jsh/robot_ws/install/pymoveit2/share/pymoveit2/environment/path.sh
[2.552s] -- Up-to-date symlink: /home/jsh/robot_ws/install/pymoveit2/share/pymoveit2/environment/path.dsv
[2.553s] -- Up-to-date symlink: /home/jsh/robot_ws/install/pymoveit2/share/pymoveit2/local_setup.bash
[2.554s] -- Up-to-date symlink: /home/jsh/robot_ws/install/pymoveit2/share/pymoveit2/local_setup.sh
[2.555s] -- Up-to-date symlink: /home/jsh/robot_ws/install/pymoveit2/share/pymoveit2/local_setup.zsh
[2.557s] -- Up-to-date symlink: /home/jsh/robot_ws/install/pymoveit2/share/pymoveit2/local_setup.dsv
[2.558s] -- Symlinking: /home/jsh/robot_ws/install/pymoveit2/share/pymoveit2/package.dsv
[2.602s] -- Up-to-date symlink: /home/jsh/robot_ws/install/pymoveit2/share/ament_index/resource_index/packages/pymoveit2
[2.603s] -- Up-to-date symlink: /home/jsh/robot_ws/install/pymoveit2/share/pymoveit2/cmake/pymoveit2Config.cmake
[2.604s] -- Up-to-date symlink: /home/jsh/robot_ws/install/pymoveit2/share/pymoveit2/cmake/pymoveit2Config-version.cmake
[2.605s] -- Up-to-date symlink: /home/jsh/robot_ws/install/pymoveit2/share/pymoveit2/package.xml
[2.804s] Listing '/home/jsh/robot_ws/install/pymoveit2/local/lib/python3.10/dist-packages/pymoveit2'...
[2.805s] Listing '/home/jsh/robot_ws/install/pymoveit2/local/lib/python3.10/dist-packages/pymoveit2/robots'...
[2.839s] Invoked command in '/home/jsh/robot_ws/build/pymoveit2' returned '0': CMAKE_PREFIX_PATH=${CMAKE_PREFIX_PATH}:/opt/ros/humble /usr/bin/cmake --install /home/jsh/robot_ws/build/pymoveit2
