[0.518s] DEBUG:colcon:Command line arguments: ['/usr/bin/colcon', 'build', '--symlink-install']
[0.518s] DEBUG:colcon:Parsed command line arguments: Namespace(log_base=None, log_level=None, verb_name='build', build_base='build', install_base='install', merge_install=False, symlink_install=True, test_result_base=None, continue_on_error=False, executor='parallel', parallel_workers=8, event_handlers=None, ignore_user_meta=False, metas=['./colcon.meta'], base_paths=['.'], packages_ignore=None, packages_ignore_regex=None, paths=None, packages_up_to=None, packages_up_to_regex=None, packages_above=None, packages_above_and_dependencies=None, packages_above_depth=None, packages_select_by_dep=None, packages_skip_by_dep=None, packages_skip_up_to=None, packages_select_build_failed=False, packages_skip_build_finished=False, packages_select_test_failures=False, packages_skip_test_passed=False, packages_select=None, packages_skip=None, packages_select_regex=None, packages_skip_regex=None, packages_start=None, packages_end=None, allow_overriding=[], cmake_args=None, cmake_target=None, cmake_target_skip_unavailable=False, cmake_clean_cache=False, cmake_clean_first=False, cmake_force_configure=False, ament_cmake_args=None, catkin_cmake_args=None, catkin_skip_building_tests=False, mixin_files=None, mixin=None, verb_parser=<colcon_mixin.mixin.mixin_argument.MixinArgumentDecorator object at 0x7e2381ff38b0>, verb_extension=<colcon_core.verb.build.BuildVerb object at 0x7e2381ff33d0>, main=<bound method BuildVerb.main of <colcon_core.verb.build.BuildVerb object at 0x7e2381ff33d0>>, mixin_verb=('build',))
[1.338s] Level 1:colcon.colcon_core.package_discovery:discover_packages(colcon_meta) check parameters
[1.338s] Level 1:colcon.colcon_core.package_discovery:discover_packages(recursive) check parameters
[1.338s] Level 1:colcon.colcon_core.package_discovery:discover_packages(ignore) check parameters
[1.338s] Level 1:colcon.colcon_core.package_discovery:discover_packages(path) check parameters
[1.339s] Level 1:colcon.colcon_core.package_discovery:discover_packages(colcon_meta) discover
[1.339s] Level 1:colcon.colcon_core.package_discovery:discover_packages(recursive) discover
[1.339s] INFO:colcon.colcon_core.package_discovery:Crawling recursively for packages in '/home/jsh/robot_ws'
[1.339s] Level 1:colcon.colcon_core.package_identification:_identify(.) by extensions ['ignore', 'ignore_ament_install']
[1.340s] Level 1:colcon.colcon_core.package_identification:_identify(.) by extension 'ignore'
[1.340s] Level 1:colcon.colcon_core.package_identification:_identify(.) by extension 'ignore_ament_install'
[1.340s] Level 1:colcon.colcon_core.package_identification:_identify(.) by extensions ['colcon_pkg']
[1.340s] Level 1:colcon.colcon_core.package_identification:_identify(.) by extension 'colcon_pkg'
[1.340s] Level 1:colcon.colcon_core.package_identification:_identify(.) by extensions ['colcon_meta']
[1.340s] Level 1:colcon.colcon_core.package_identification:_identify(.) by extension 'colcon_meta'
[1.341s] Level 1:colcon.colcon_core.package_identification:_identify(.) by extensions ['ros']
[1.341s] Level 1:colcon.colcon_core.package_identification:_identify(.) by extension 'ros'
[1.379s] Level 1:colcon.colcon_core.package_identification:_identify(.) by extensions ['cmake', 'python']
[1.379s] Level 1:colcon.colcon_core.package_identification:_identify(.) by extension 'cmake'
[1.379s] Level 1:colcon.colcon_core.package_identification:_identify(.) by extension 'python'
[1.380s] Level 1:colcon.colcon_core.package_identification:_identify(.) by extensions ['python_setup_py']
[1.380s] Level 1:colcon.colcon_core.package_identification:_identify(.) by extension 'python_setup_py'
[1.380s] Level 1:colcon.colcon_core.package_identification:_identify(build) by extensions ['ignore', 'ignore_ament_install']
[1.380s] Level 1:colcon.colcon_core.package_identification:_identify(build) by extension 'ignore'
[1.381s] Level 1:colcon.colcon_core.package_identification:_identify(build) ignored
[1.381s] Level 1:colcon.colcon_core.package_identification:_identify(install) by extensions ['ignore', 'ignore_ament_install']
[1.381s] Level 1:colcon.colcon_core.package_identification:_identify(install) by extension 'ignore'
[1.382s] Level 1:colcon.colcon_core.package_identification:_identify(install) ignored
[1.382s] Level 1:colcon.colcon_core.package_identification:_identify(log) by extensions ['ignore', 'ignore_ament_install']
[1.382s] Level 1:colcon.colcon_core.package_identification:_identify(log) by extension 'ignore'
[1.382s] Level 1:colcon.colcon_core.package_identification:_identify(log) ignored
[1.383s] Level 1:colcon.colcon_core.package_identification:_identify(src) by extensions ['ignore', 'ignore_ament_install']
[1.383s] Level 1:colcon.colcon_core.package_identification:_identify(src) by extension 'ignore'
[1.383s] Level 1:colcon.colcon_core.package_identification:_identify(src) by extension 'ignore_ament_install'
[1.384s] Level 1:colcon.colcon_core.package_identification:_identify(src) by extensions ['colcon_pkg']
[1.384s] Level 1:colcon.colcon_core.package_identification:_identify(src) by extension 'colcon_pkg'
[1.384s] Level 1:colcon.colcon_core.package_identification:_identify(src) by extensions ['colcon_meta']
[1.384s] Level 1:colcon.colcon_core.package_identification:_identify(src) by extension 'colcon_meta'
[1.384s] Level 1:colcon.colcon_core.package_identification:_identify(src) by extensions ['ros']
[1.384s] Level 1:colcon.colcon_core.package_identification:_identify(src) by extension 'ros'
[1.385s] Level 1:colcon.colcon_core.package_identification:_identify(src) by extensions ['cmake', 'python']
[1.385s] Level 1:colcon.colcon_core.package_identification:_identify(src) by extension 'cmake'
[1.385s] Level 1:colcon.colcon_core.package_identification:_identify(src) by extension 'python'
[1.385s] Level 1:colcon.colcon_core.package_identification:_identify(src) by extensions ['python_setup_py']
[1.385s] Level 1:colcon.colcon_core.package_identification:_identify(src) by extension 'python_setup_py'
[1.386s] Level 1:colcon.colcon_core.package_identification:_identify(src/micro_ros_setup) by extensions ['ignore', 'ignore_ament_install']
[1.386s] Level 1:colcon.colcon_core.package_identification:_identify(src/micro_ros_setup) by extension 'ignore'
[1.386s] Level 1:colcon.colcon_core.package_identification:_identify(src/micro_ros_setup) by extension 'ignore_ament_install'
[1.386s] Level 1:colcon.colcon_core.package_identification:_identify(src/micro_ros_setup) by extensions ['colcon_pkg']
[1.386s] Level 1:colcon.colcon_core.package_identification:_identify(src/micro_ros_setup) by extension 'colcon_pkg'
[1.387s] Level 1:colcon.colcon_core.package_identification:_identify(src/micro_ros_setup) by extensions ['colcon_meta']
[1.387s] Level 1:colcon.colcon_core.package_identification:_identify(src/micro_ros_setup) by extension 'colcon_meta'
[1.387s] Level 1:colcon.colcon_core.package_identification:_identify(src/micro_ros_setup) by extensions ['ros']
[1.387s] Level 1:colcon.colcon_core.package_identification:_identify(src/micro_ros_setup) by extension 'ros'
[1.396s] DEBUG:colcon.colcon_core.package_identification:Package 'src/micro_ros_setup' with type 'ros.ament_cmake' and name 'micro_ros_setup'
[1.397s] Level 1:colcon.colcon_core.package_identification:_identify(src/multi_robot_arm) by extensions ['ignore', 'ignore_ament_install']
[1.397s] Level 1:colcon.colcon_core.package_identification:_identify(src/multi_robot_arm) by extension 'ignore'
[1.397s] Level 1:colcon.colcon_core.package_identification:_identify(src/multi_robot_arm) by extension 'ignore_ament_install'
[1.397s] Level 1:colcon.colcon_core.package_identification:_identify(src/multi_robot_arm) by extensions ['colcon_pkg']
[1.397s] Level 1:colcon.colcon_core.package_identification:_identify(src/multi_robot_arm) by extension 'colcon_pkg'
[1.398s] Level 1:colcon.colcon_core.package_identification:_identify(src/multi_robot_arm) by extensions ['colcon_meta']
[1.398s] Level 1:colcon.colcon_core.package_identification:_identify(src/multi_robot_arm) by extension 'colcon_meta'
[1.398s] Level 1:colcon.colcon_core.package_identification:_identify(src/multi_robot_arm) by extensions ['ros']
[1.398s] Level 1:colcon.colcon_core.package_identification:_identify(src/multi_robot_arm) by extension 'ros'
[1.401s] DEBUG:colcon.colcon_core.package_identification:Package 'src/multi_robot_arm' with type 'ros.ament_cmake' and name 'multi_robot_arm'
[1.401s] Level 1:colcon.colcon_core.package_identification:_identify(src/pymoveit2) by extensions ['ignore', 'ignore_ament_install']
[1.402s] Level 1:colcon.colcon_core.package_identification:_identify(src/pymoveit2) by extension 'ignore'
[1.402s] Level 1:colcon.colcon_core.package_identification:_identify(src/pymoveit2) by extension 'ignore_ament_install'
[1.402s] Level 1:colcon.colcon_core.package_identification:_identify(src/pymoveit2) by extensions ['colcon_pkg']
[1.402s] Level 1:colcon.colcon_core.package_identification:_identify(src/pymoveit2) by extension 'colcon_pkg'
[1.402s] Level 1:colcon.colcon_core.package_identification:_identify(src/pymoveit2) by extensions ['colcon_meta']
[1.403s] Level 1:colcon.colcon_core.package_identification:_identify(src/pymoveit2) by extension 'colcon_meta'
[1.403s] Level 1:colcon.colcon_core.package_identification:_identify(src/pymoveit2) by extensions ['ros']
[1.403s] Level 1:colcon.colcon_core.package_identification:_identify(src/pymoveit2) by extension 'ros'
[1.408s] DEBUG:colcon.colcon_core.package_identification:Package 'src/pymoveit2' with type 'ros.ament_cmake' and name 'pymoveit2'
[1.408s] Level 1:colcon.colcon_core.package_identification:_identify(src/uros) by extensions ['ignore', 'ignore_ament_install']
[1.408s] Level 1:colcon.colcon_core.package_identification:_identify(src/uros) by extension 'ignore'
[1.409s] Level 1:colcon.colcon_core.package_identification:_identify(src/uros) by extension 'ignore_ament_install'
[1.409s] Level 1:colcon.colcon_core.package_identification:_identify(src/uros) by extensions ['colcon_pkg']
[1.409s] Level 1:colcon.colcon_core.package_identification:_identify(src/uros) by extension 'colcon_pkg'
[1.409s] Level 1:colcon.colcon_core.package_identification:_identify(src/uros) by extensions ['colcon_meta']
[1.409s] Level 1:colcon.colcon_core.package_identification:_identify(src/uros) by extension 'colcon_meta'
[1.410s] Level 1:colcon.colcon_core.package_identification:_identify(src/uros) by extensions ['ros']
[1.410s] Level 1:colcon.colcon_core.package_identification:_identify(src/uros) by extension 'ros'
[1.410s] Level 1:colcon.colcon_core.package_identification:_identify(src/uros) by extensions ['cmake', 'python']
[1.410s] Level 1:colcon.colcon_core.package_identification:_identify(src/uros) by extension 'cmake'
[1.410s] Level 1:colcon.colcon_core.package_identification:_identify(src/uros) by extension 'python'
[1.411s] Level 1:colcon.colcon_core.package_identification:_identify(src/uros) by extensions ['python_setup_py']
[1.411s] Level 1:colcon.colcon_core.package_identification:_identify(src/uros) by extension 'python_setup_py'
[1.411s] Level 1:colcon.colcon_core.package_identification:_identify(src/uros/micro-ROS-Agent) by extensions ['ignore', 'ignore_ament_install']
[1.411s] Level 1:colcon.colcon_core.package_identification:_identify(src/uros/micro-ROS-Agent) by extension 'ignore'
[1.412s] Level 1:colcon.colcon_core.package_identification:_identify(src/uros/micro-ROS-Agent) by extension 'ignore_ament_install'
[1.412s] Level 1:colcon.colcon_core.package_identification:_identify(src/uros/micro-ROS-Agent) by extensions ['colcon_pkg']
[1.412s] Level 1:colcon.colcon_core.package_identification:_identify(src/uros/micro-ROS-Agent) by extension 'colcon_pkg'
[1.412s] Level 1:colcon.colcon_core.package_identification:_identify(src/uros/micro-ROS-Agent) by extensions ['colcon_meta']
[1.412s] Level 1:colcon.colcon_core.package_identification:_identify(src/uros/micro-ROS-Agent) by extension 'colcon_meta'
[1.413s] Level 1:colcon.colcon_core.package_identification:_identify(src/uros/micro-ROS-Agent) by extensions ['ros']
[1.413s] Level 1:colcon.colcon_core.package_identification:_identify(src/uros/micro-ROS-Agent) by extension 'ros'
[1.413s] Level 1:colcon.colcon_core.package_identification:_identify(src/uros/micro-ROS-Agent) by extensions ['cmake', 'python']
[1.413s] Level 1:colcon.colcon_core.package_identification:_identify(src/uros/micro-ROS-Agent) by extension 'cmake'
[1.413s] Level 1:colcon.colcon_core.package_identification:_identify(src/uros/micro-ROS-Agent) by extension 'python'
[1.413s] Level 1:colcon.colcon_core.package_identification:_identify(src/uros/micro-ROS-Agent) by extensions ['python_setup_py']
[1.414s] Level 1:colcon.colcon_core.package_identification:_identify(src/uros/micro-ROS-Agent) by extension 'python_setup_py'
[1.414s] Level 1:colcon.colcon_core.package_identification:_identify(src/uros/micro-ROS-Agent/micro_ros_agent) by extensions ['ignore', 'ignore_ament_install']
[1.414s] Level 1:colcon.colcon_core.package_identification:_identify(src/uros/micro-ROS-Agent/micro_ros_agent) by extension 'ignore'
[1.415s] Level 1:colcon.colcon_core.package_identification:_identify(src/uros/micro-ROS-Agent/micro_ros_agent) by extension 'ignore_ament_install'
[1.415s] Level 1:colcon.colcon_core.package_identification:_identify(src/uros/micro-ROS-Agent/micro_ros_agent) by extensions ['colcon_pkg']
[1.415s] Level 1:colcon.colcon_core.package_identification:_identify(src/uros/micro-ROS-Agent/micro_ros_agent) by extension 'colcon_pkg'
[1.415s] Level 1:colcon.colcon_core.package_identification:_identify(src/uros/micro-ROS-Agent/micro_ros_agent) by extensions ['colcon_meta']
[1.415s] Level 1:colcon.colcon_core.package_identification:_identify(src/uros/micro-ROS-Agent/micro_ros_agent) by extension 'colcon_meta'
[1.415s] Level 1:colcon.colcon_core.package_identification:_identify(src/uros/micro-ROS-Agent/micro_ros_agent) by extensions ['ros']
[1.416s] Level 1:colcon.colcon_core.package_identification:_identify(src/uros/micro-ROS-Agent/micro_ros_agent) by extension 'ros'
[1.418s] DEBUG:colcon.colcon_core.package_identification:Package 'src/uros/micro-ROS-Agent/micro_ros_agent' with type 'ros.ament_cmake' and name 'micro_ros_agent'
[1.419s] Level 1:colcon.colcon_core.package_identification:_identify(src/uros/micro-ROS-Agent/snap) by extensions ['ignore', 'ignore_ament_install']
[1.419s] Level 1:colcon.colcon_core.package_identification:_identify(src/uros/micro-ROS-Agent/snap) by extension 'ignore'
[1.419s] Level 1:colcon.colcon_core.package_identification:_identify(src/uros/micro-ROS-Agent/snap) by extension 'ignore_ament_install'
[1.420s] Level 1:colcon.colcon_core.package_identification:_identify(src/uros/micro-ROS-Agent/snap) by extensions ['colcon_pkg']
[1.420s] Level 1:colcon.colcon_core.package_identification:_identify(src/uros/micro-ROS-Agent/snap) by extension 'colcon_pkg'
[1.420s] Level 1:colcon.colcon_core.package_identification:_identify(src/uros/micro-ROS-Agent/snap) by extensions ['colcon_meta']
[1.420s] Level 1:colcon.colcon_core.package_identification:_identify(src/uros/micro-ROS-Agent/snap) by extension 'colcon_meta'
[1.420s] Level 1:colcon.colcon_core.package_identification:_identify(src/uros/micro-ROS-Agent/snap) by extensions ['ros']
[1.420s] Level 1:colcon.colcon_core.package_identification:_identify(src/uros/micro-ROS-Agent/snap) by extension 'ros'
[1.421s] Level 1:colcon.colcon_core.package_identification:_identify(src/uros/micro-ROS-Agent/snap) by extensions ['cmake', 'python']
[1.421s] Level 1:colcon.colcon_core.package_identification:_identify(src/uros/micro-ROS-Agent/snap) by extension 'cmake'
[1.421s] Level 1:colcon.colcon_core.package_identification:_identify(src/uros/micro-ROS-Agent/snap) by extension 'python'
[1.421s] Level 1:colcon.colcon_core.package_identification:_identify(src/uros/micro-ROS-Agent/snap) by extensions ['python_setup_py']
[1.421s] Level 1:colcon.colcon_core.package_identification:_identify(src/uros/micro-ROS-Agent/snap) by extension 'python_setup_py'
[1.422s] Level 1:colcon.colcon_core.package_identification:_identify(src/uros/micro-ROS-Agent/snap/hooks) by extensions ['ignore', 'ignore_ament_install']
[1.422s] Level 1:colcon.colcon_core.package_identification:_identify(src/uros/micro-ROS-Agent/snap/hooks) by extension 'ignore'
[1.422s] Level 1:colcon.colcon_core.package_identification:_identify(src/uros/micro-ROS-Agent/snap/hooks) by extension 'ignore_ament_install'
[1.422s] Level 1:colcon.colcon_core.package_identification:_identify(src/uros/micro-ROS-Agent/snap/hooks) by extensions ['colcon_pkg']
[1.423s] Level 1:colcon.colcon_core.package_identification:_identify(src/uros/micro-ROS-Agent/snap/hooks) by extension 'colcon_pkg'
[1.423s] Level 1:colcon.colcon_core.package_identification:_identify(src/uros/micro-ROS-Agent/snap/hooks) by extensions ['colcon_meta']
[1.423s] Level 1:colcon.colcon_core.package_identification:_identify(src/uros/micro-ROS-Agent/snap/hooks) by extension 'colcon_meta'
[1.423s] Level 1:colcon.colcon_core.package_identification:_identify(src/uros/micro-ROS-Agent/snap/hooks) by extensions ['ros']
[1.423s] Level 1:colcon.colcon_core.package_identification:_identify(src/uros/micro-ROS-Agent/snap/hooks) by extension 'ros'
[1.423s] Level 1:colcon.colcon_core.package_identification:_identify(src/uros/micro-ROS-Agent/snap/hooks) by extensions ['cmake', 'python']
[1.424s] Level 1:colcon.colcon_core.package_identification:_identify(src/uros/micro-ROS-Agent/snap/hooks) by extension 'cmake'
[1.424s] Level 1:colcon.colcon_core.package_identification:_identify(src/uros/micro-ROS-Agent/snap/hooks) by extension 'python'
[1.424s] Level 1:colcon.colcon_core.package_identification:_identify(src/uros/micro-ROS-Agent/snap/hooks) by extensions ['python_setup_py']
[1.424s] Level 1:colcon.colcon_core.package_identification:_identify(src/uros/micro-ROS-Agent/snap/hooks) by extension 'python_setup_py'
[1.424s] Level 1:colcon.colcon_core.package_identification:_identify(src/uros/micro-ROS-Agent/snap/local) by extensions ['ignore', 'ignore_ament_install']
[1.425s] Level 1:colcon.colcon_core.package_identification:_identify(src/uros/micro-ROS-Agent/snap/local) by extension 'ignore'
[1.425s] Level 1:colcon.colcon_core.package_identification:_identify(src/uros/micro-ROS-Agent/snap/local) by extension 'ignore_ament_install'
[1.425s] Level 1:colcon.colcon_core.package_identification:_identify(src/uros/micro-ROS-Agent/snap/local) by extensions ['colcon_pkg']
[1.425s] Level 1:colcon.colcon_core.package_identification:_identify(src/uros/micro-ROS-Agent/snap/local) by extension 'colcon_pkg'
[1.425s] Level 1:colcon.colcon_core.package_identification:_identify(src/uros/micro-ROS-Agent/snap/local) by extensions ['colcon_meta']
[1.426s] Level 1:colcon.colcon_core.package_identification:_identify(src/uros/micro-ROS-Agent/snap/local) by extension 'colcon_meta'
[1.426s] Level 1:colcon.colcon_core.package_identification:_identify(src/uros/micro-ROS-Agent/snap/local) by extensions ['ros']
[1.426s] Level 1:colcon.colcon_core.package_identification:_identify(src/uros/micro-ROS-Agent/snap/local) by extension 'ros'
[1.426s] Level 1:colcon.colcon_core.package_identification:_identify(src/uros/micro-ROS-Agent/snap/local) by extensions ['cmake', 'python']
[1.426s] Level 1:colcon.colcon_core.package_identification:_identify(src/uros/micro-ROS-Agent/snap/local) by extension 'cmake'
[1.427s] Level 1:colcon.colcon_core.package_identification:_identify(src/uros/micro-ROS-Agent/snap/local) by extension 'python'
[1.427s] Level 1:colcon.colcon_core.package_identification:_identify(src/uros/micro-ROS-Agent/snap/local) by extensions ['python_setup_py']
[1.427s] Level 1:colcon.colcon_core.package_identification:_identify(src/uros/micro-ROS-Agent/snap/local) by extension 'python_setup_py'
[1.427s] Level 1:colcon.colcon_core.package_identification:_identify(src/uros/micro_ros_msgs) by extensions ['ignore', 'ignore_ament_install']
[1.428s] Level 1:colcon.colcon_core.package_identification:_identify(src/uros/micro_ros_msgs) by extension 'ignore'
[1.428s] Level 1:colcon.colcon_core.package_identification:_identify(src/uros/micro_ros_msgs) by extension 'ignore_ament_install'
[1.428s] Level 1:colcon.colcon_core.package_identification:_identify(src/uros/micro_ros_msgs) by extensions ['colcon_pkg']
[1.428s] Level 1:colcon.colcon_core.package_identification:_identify(src/uros/micro_ros_msgs) by extension 'colcon_pkg'
[1.428s] Level 1:colcon.colcon_core.package_identification:_identify(src/uros/micro_ros_msgs) by extensions ['colcon_meta']
[1.428s] Level 1:colcon.colcon_core.package_identification:_identify(src/uros/micro_ros_msgs) by extension 'colcon_meta'
[1.429s] Level 1:colcon.colcon_core.package_identification:_identify(src/uros/micro_ros_msgs) by extensions ['ros']
[1.429s] Level 1:colcon.colcon_core.package_identification:_identify(src/uros/micro_ros_msgs) by extension 'ros'
[1.430s] DEBUG:colcon.colcon_core.package_identification:Package 'src/uros/micro_ros_msgs' with type 'ros.ament_cmake' and name 'micro_ros_msgs'
[1.430s] Level 1:colcon.colcon_core.package_discovery:discover_packages(recursive) using defaults
[1.431s] Level 1:colcon.colcon_core.package_discovery:discover_packages(ignore) discover
[1.431s] Level 1:colcon.colcon_core.package_discovery:discover_packages(ignore) using defaults
[1.431s] Level 1:colcon.colcon_core.package_discovery:discover_packages(path) discover
[1.431s] Level 1:colcon.colcon_core.package_discovery:discover_packages(path) using defaults
[1.535s] Level 1:colcon.colcon_core.package_discovery:discover_packages(prefix_path) check parameters
[1.535s] Level 1:colcon.colcon_core.package_discovery:discover_packages(prefix_path) discover
[1.545s] DEBUG:colcon.colcon_installed_package_information.package_discovery:Found 5 installed packages in /home/jsh/robot_ws/install
[1.552s] DEBUG:colcon.colcon_installed_package_information.package_discovery:Found 428 installed packages in /opt/ros/humble
[1.560s] Level 1:colcon.colcon_core.package_discovery:discover_packages(prefix_path) using defaults
[1.736s] Level 5:colcon.colcon_core.verb:set package 'micro_ros_msgs' build argument 'cmake_args' from command line to 'None'
[1.736s] Level 5:colcon.colcon_core.verb:set package 'micro_ros_msgs' build argument 'cmake_target' from command line to 'None'
[1.736s] Level 5:colcon.colcon_core.verb:set package 'micro_ros_msgs' build argument 'cmake_target_skip_unavailable' from command line to 'False'
[1.736s] Level 5:colcon.colcon_core.verb:set package 'micro_ros_msgs' build argument 'cmake_clean_cache' from command line to 'False'
[1.737s] Level 5:colcon.colcon_core.verb:set package 'micro_ros_msgs' build argument 'cmake_clean_first' from command line to 'False'
[1.737s] Level 5:colcon.colcon_core.verb:set package 'micro_ros_msgs' build argument 'cmake_force_configure' from command line to 'False'
[1.737s] Level 5:colcon.colcon_core.verb:set package 'micro_ros_msgs' build argument 'ament_cmake_args' from command line to 'None'
[1.737s] Level 5:colcon.colcon_core.verb:set package 'micro_ros_msgs' build argument 'catkin_cmake_args' from command line to 'None'
[1.737s] Level 5:colcon.colcon_core.verb:set package 'micro_ros_msgs' build argument 'catkin_skip_building_tests' from command line to 'False'
[1.737s] DEBUG:colcon.colcon_core.verb:Building package 'micro_ros_msgs' with the following arguments: {'ament_cmake_args': None, 'build_base': '/home/jsh/robot_ws/build/micro_ros_msgs', 'catkin_cmake_args': None, 'catkin_skip_building_tests': False, 'cmake_args': None, 'cmake_clean_cache': False, 'cmake_clean_first': False, 'cmake_force_configure': False, 'cmake_target': None, 'cmake_target_skip_unavailable': False, 'install_base': '/home/jsh/robot_ws/install/micro_ros_msgs', 'merge_install': False, 'path': '/home/jsh/robot_ws/src/uros/micro_ros_msgs', 'symlink_install': True, 'test_result_base': None}
[1.738s] Level 5:colcon.colcon_core.verb:set package 'micro_ros_setup' build argument 'cmake_args' from command line to 'None'
[1.738s] Level 5:colcon.colcon_core.verb:set package 'micro_ros_setup' build argument 'cmake_target' from command line to 'None'
[1.738s] Level 5:colcon.colcon_core.verb:set package 'micro_ros_setup' build argument 'cmake_target_skip_unavailable' from command line to 'False'
[1.738s] Level 5:colcon.colcon_core.verb:set package 'micro_ros_setup' build argument 'cmake_clean_cache' from command line to 'False'
[1.738s] Level 5:colcon.colcon_core.verb:set package 'micro_ros_setup' build argument 'cmake_clean_first' from command line to 'False'
[1.739s] Level 5:colcon.colcon_core.verb:set package 'micro_ros_setup' build argument 'cmake_force_configure' from command line to 'False'
[1.739s] Level 5:colcon.colcon_core.verb:set package 'micro_ros_setup' build argument 'ament_cmake_args' from command line to 'None'
[1.739s] Level 5:colcon.colcon_core.verb:set package 'micro_ros_setup' build argument 'catkin_cmake_args' from command line to 'None'
[1.739s] Level 5:colcon.colcon_core.verb:set package 'micro_ros_setup' build argument 'catkin_skip_building_tests' from command line to 'False'
[1.739s] DEBUG:colcon.colcon_core.verb:Building package 'micro_ros_setup' with the following arguments: {'ament_cmake_args': None, 'build_base': '/home/jsh/robot_ws/build/micro_ros_setup', 'catkin_cmake_args': None, 'catkin_skip_building_tests': False, 'cmake_args': None, 'cmake_clean_cache': False, 'cmake_clean_first': False, 'cmake_force_configure': False, 'cmake_target': None, 'cmake_target_skip_unavailable': False, 'install_base': '/home/jsh/robot_ws/install/micro_ros_setup', 'merge_install': False, 'path': '/home/jsh/robot_ws/src/micro_ros_setup', 'symlink_install': True, 'test_result_base': None}
[1.740s] Level 5:colcon.colcon_core.verb:set package 'multi_robot_arm' build argument 'cmake_args' from command line to 'None'
[1.740s] Level 5:colcon.colcon_core.verb:set package 'multi_robot_arm' build argument 'cmake_target' from command line to 'None'
[1.740s] Level 5:colcon.colcon_core.verb:set package 'multi_robot_arm' build argument 'cmake_target_skip_unavailable' from command line to 'False'
[1.740s] Level 5:colcon.colcon_core.verb:set package 'multi_robot_arm' build argument 'cmake_clean_cache' from command line to 'False'
[1.740s] Level 5:colcon.colcon_core.verb:set package 'multi_robot_arm' build argument 'cmake_clean_first' from command line to 'False'
[1.740s] Level 5:colcon.colcon_core.verb:set package 'multi_robot_arm' build argument 'cmake_force_configure' from command line to 'False'
[1.740s] Level 5:colcon.colcon_core.verb:set package 'multi_robot_arm' build argument 'ament_cmake_args' from command line to 'None'
[1.740s] Level 5:colcon.colcon_core.verb:set package 'multi_robot_arm' build argument 'catkin_cmake_args' from command line to 'None'
[1.741s] Level 5:colcon.colcon_core.verb:set package 'multi_robot_arm' build argument 'catkin_skip_building_tests' from command line to 'False'
[1.741s] DEBUG:colcon.colcon_core.verb:Building package 'multi_robot_arm' with the following arguments: {'ament_cmake_args': None, 'build_base': '/home/jsh/robot_ws/build/multi_robot_arm', 'catkin_cmake_args': None, 'catkin_skip_building_tests': False, 'cmake_args': None, 'cmake_clean_cache': False, 'cmake_clean_first': False, 'cmake_force_configure': False, 'cmake_target': None, 'cmake_target_skip_unavailable': False, 'install_base': '/home/jsh/robot_ws/install/multi_robot_arm', 'merge_install': False, 'path': '/home/jsh/robot_ws/src/multi_robot_arm', 'symlink_install': True, 'test_result_base': None}
[1.742s] Level 5:colcon.colcon_core.verb:set package 'pymoveit2' build argument 'cmake_args' from command line to 'None'
[1.742s] Level 5:colcon.colcon_core.verb:set package 'pymoveit2' build argument 'cmake_target' from command line to 'None'
[1.742s] Level 5:colcon.colcon_core.verb:set package 'pymoveit2' build argument 'cmake_target_skip_unavailable' from command line to 'False'
[1.742s] Level 5:colcon.colcon_core.verb:set package 'pymoveit2' build argument 'cmake_clean_cache' from command line to 'False'
[1.742s] Level 5:colcon.colcon_core.verb:set package 'pymoveit2' build argument 'cmake_clean_first' from command line to 'False'
[1.742s] Level 5:colcon.colcon_core.verb:set package 'pymoveit2' build argument 'cmake_force_configure' from command line to 'False'
[1.742s] Level 5:colcon.colcon_core.verb:set package 'pymoveit2' build argument 'ament_cmake_args' from command line to 'None'
[1.742s] Level 5:colcon.colcon_core.verb:set package 'pymoveit2' build argument 'catkin_cmake_args' from command line to 'None'
[1.742s] Level 5:colcon.colcon_core.verb:set package 'pymoveit2' build argument 'catkin_skip_building_tests' from command line to 'False'
[1.743s] DEBUG:colcon.colcon_core.verb:Building package 'pymoveit2' with the following arguments: {'ament_cmake_args': None, 'build_base': '/home/jsh/robot_ws/build/pymoveit2', 'catkin_cmake_args': None, 'catkin_skip_building_tests': False, 'cmake_args': None, 'cmake_clean_cache': False, 'cmake_clean_first': False, 'cmake_force_configure': False, 'cmake_target': None, 'cmake_target_skip_unavailable': False, 'install_base': '/home/jsh/robot_ws/install/pymoveit2', 'merge_install': False, 'path': '/home/jsh/robot_ws/src/pymoveit2', 'symlink_install': True, 'test_result_base': None}
[1.744s] Level 5:colcon.colcon_core.verb:set package 'micro_ros_agent' build argument 'cmake_args' from command line to 'None'
[1.744s] Level 5:colcon.colcon_core.verb:set package 'micro_ros_agent' build argument 'cmake_target' from command line to 'None'
[1.744s] Level 5:colcon.colcon_core.verb:set package 'micro_ros_agent' build argument 'cmake_target_skip_unavailable' from command line to 'False'
[1.744s] Level 5:colcon.colcon_core.verb:set package 'micro_ros_agent' build argument 'cmake_clean_cache' from command line to 'False'
[1.744s] Level 5:colcon.colcon_core.verb:set package 'micro_ros_agent' build argument 'cmake_clean_first' from command line to 'False'
[1.744s] Level 5:colcon.colcon_core.verb:set package 'micro_ros_agent' build argument 'cmake_force_configure' from command line to 'False'
[1.744s] Level 5:colcon.colcon_core.verb:set package 'micro_ros_agent' build argument 'ament_cmake_args' from command line to 'None'
[1.744s] Level 5:colcon.colcon_core.verb:set package 'micro_ros_agent' build argument 'catkin_cmake_args' from command line to 'None'
[1.744s] Level 5:colcon.colcon_core.verb:set package 'micro_ros_agent' build argument 'catkin_skip_building_tests' from command line to 'False'
[1.745s] DEBUG:colcon.colcon_core.verb:Building package 'micro_ros_agent' with the following arguments: {'ament_cmake_args': None, 'build_base': '/home/jsh/robot_ws/build/micro_ros_agent', 'catkin_cmake_args': None, 'catkin_skip_building_tests': False, 'cmake_args': None, 'cmake_clean_cache': False, 'cmake_clean_first': False, 'cmake_force_configure': False, 'cmake_target': None, 'cmake_target_skip_unavailable': False, 'install_base': '/home/jsh/robot_ws/install/micro_ros_agent', 'merge_install': False, 'path': '/home/jsh/robot_ws/src/uros/micro-ROS-Agent/micro_ros_agent', 'symlink_install': True, 'test_result_base': None}
[1.745s] INFO:colcon.colcon_core.executor:Executing jobs using 'parallel' executor
[1.747s] DEBUG:colcon.colcon_parallel_executor.executor.parallel:run_until_complete
[1.748s] INFO:colcon.colcon_ros.task.ament_cmake.build:Building ROS package in '/home/jsh/robot_ws/src/uros/micro_ros_msgs' with build type 'ament_cmake'
[1.748s] INFO:colcon.colcon_cmake.task.cmake.build:Building CMake package in '/home/jsh/robot_ws/src/uros/micro_ros_msgs'
[1.767s] INFO:colcon.colcon_core.plugin_system:Skipping extension 'colcon_core.shell.bat': Not used on non-Windows systems
[1.767s] INFO:colcon.colcon_core.shell:Skip shell extension 'powershell' for command environment: Not usable outside of PowerShell
[1.767s] DEBUG:colcon.colcon_core.shell:Skip shell extension 'dsv' for command environment
[1.786s] INFO:colcon.colcon_ros.task.ament_cmake.build:Building ROS package in '/home/jsh/robot_ws/src/micro_ros_setup' with build type 'ament_cmake'
[1.787s] INFO:colcon.colcon_cmake.task.cmake.build:Building CMake package in '/home/jsh/robot_ws/src/micro_ros_setup'
[1.789s] INFO:colcon.colcon_core.shell:Skip shell extension 'powershell' for command environment: Not usable outside of PowerShell
[1.789s] DEBUG:colcon.colcon_core.shell:Skip shell extension 'dsv' for command environment
[1.809s] INFO:colcon.colcon_ros.task.ament_cmake.build:Building ROS package in '/home/jsh/robot_ws/src/multi_robot_arm' with build type 'ament_cmake'
[1.810s] INFO:colcon.colcon_cmake.task.cmake.build:Building CMake package in '/home/jsh/robot_ws/src/multi_robot_arm'
[1.811s] INFO:colcon.colcon_core.shell:Skip shell extension 'powershell' for command environment: Not usable outside of PowerShell
[1.811s] DEBUG:colcon.colcon_core.shell:Skip shell extension 'dsv' for command environment
[1.826s] INFO:colcon.colcon_ros.task.ament_cmake.build:Building ROS package in '/home/jsh/robot_ws/src/pymoveit2' with build type 'ament_cmake'
[1.827s] INFO:colcon.colcon_cmake.task.cmake.build:Building CMake package in '/home/jsh/robot_ws/src/pymoveit2'
[1.828s] INFO:colcon.colcon_core.shell:Skip shell extension 'powershell' for command environment: Not usable outside of PowerShell
[1.828s] DEBUG:colcon.colcon_core.shell:Skip shell extension 'dsv' for command environment
[1.878s] DEBUG:colcon.colcon_core.event_handler.log_command:Invoking command in '/home/jsh/robot_ws/build/micro_ros_msgs': CMAKE_PREFIX_PATH=${CMAKE_PREFIX_PATH}:/opt/ros/humble /usr/bin/cmake --build /home/jsh/robot_ws/build/micro_ros_msgs -- -j8 -l8
[1.899s] DEBUG:colcon.colcon_core.event_handler.log_command:Invoking command in '/home/jsh/robot_ws/build/micro_ros_setup': CMAKE_PREFIX_PATH=${CMAKE_PREFIX_PATH}:/opt/ros/humble /usr/bin/cmake --build /home/jsh/robot_ws/build/micro_ros_setup -- -j8 -l8
[1.920s] DEBUG:colcon.colcon_core.event_handler.log_command:Invoking command in '/home/jsh/robot_ws/build/multi_robot_arm': CMAKE_PREFIX_PATH=${CMAKE_PREFIX_PATH}:/opt/ros/humble /usr/bin/cmake --build /home/jsh/robot_ws/build/multi_robot_arm -- -j8 -l8
[1.938s] DEBUG:colcon.colcon_core.event_handler.log_command:Invoking command in '/home/jsh/robot_ws/build/pymoveit2': CMAKE_PREFIX_PATH=${CMAKE_PREFIX_PATH}:/opt/ros/humble /usr/bin/cmake --build /home/jsh/robot_ws/build/pymoveit2 -- -j8 -l8
[2.093s] DEBUG:colcon.colcon_core.event_handler.log_command:Invoked command in '/home/jsh/robot_ws/build/micro_ros_setup' returned '0': CMAKE_PREFIX_PATH=${CMAKE_PREFIX_PATH}:/opt/ros/humble /usr/bin/cmake --build /home/jsh/robot_ws/build/micro_ros_setup -- -j8 -l8
[2.278s] DEBUG:colcon.colcon_core.event_handler.log_command:Invoking command in '/home/jsh/robot_ws/build/micro_ros_setup': CMAKE_PREFIX_PATH=${CMAKE_PREFIX_PATH}:/opt/ros/humble /usr/bin/cmake --install /home/jsh/robot_ws/build/micro_ros_setup
[2.477s] Level 1:colcon.colcon_core.environment:create_environment_scripts_only(micro_ros_setup)
[2.537s] Level 1:colcon.colcon_core.environment:checking '/home/jsh/robot_ws/install/micro_ros_setup' for CMake module files
[2.557s] Level 1:colcon.colcon_core.environment:checking '/home/jsh/robot_ws/install/micro_ros_setup' for CMake config files
[2.579s] DEBUG:colcon.colcon_core.event_handler.log_command:Invoked command in '/home/jsh/robot_ws/build/micro_ros_setup' returned '0': CMAKE_PREFIX_PATH=${CMAKE_PREFIX_PATH}:/opt/ros/humble /usr/bin/cmake --install /home/jsh/robot_ws/build/micro_ros_setup
[2.585s] Level 1:colcon.colcon_core.shell:create_environment_hook('micro_ros_setup', 'cmake_prefix_path')
[2.586s] INFO:colcon.colcon_core.shell:Creating environment hook '/home/jsh/robot_ws/install/micro_ros_setup/share/micro_ros_setup/hook/cmake_prefix_path.ps1'
[2.590s] INFO:colcon.colcon_core.shell:Creating environment descriptor '/home/jsh/robot_ws/install/micro_ros_setup/share/micro_ros_setup/hook/cmake_prefix_path.dsv'
[2.594s] INFO:colcon.colcon_core.shell:Creating environment hook '/home/jsh/robot_ws/install/micro_ros_setup/share/micro_ros_setup/hook/cmake_prefix_path.sh'
[2.600s] Level 1:colcon.colcon_core.environment:checking '/home/jsh/robot_ws/install/micro_ros_setup/lib'
[2.601s] Level 1:colcon.colcon_core.environment:checking '/home/jsh/robot_ws/install/micro_ros_setup/bin'
[2.601s] Level 1:colcon.colcon_core.environment:checking '/home/jsh/robot_ws/install/micro_ros_setup/lib/pkgconfig/micro_ros_setup.pc'
[2.603s] Level 1:colcon.colcon_core.environment:checking '/home/jsh/robot_ws/install/micro_ros_setup/lib/python3.10/site-packages'
[2.604s] Level 1:colcon.colcon_core.environment:checking '/home/jsh/robot_ws/install/micro_ros_setup/bin'
[2.606s] INFO:colcon.colcon_core.shell:Creating package script '/home/jsh/robot_ws/install/micro_ros_setup/share/micro_ros_setup/package.ps1'
[2.612s] INFO:colcon.colcon_core.shell:Creating package descriptor '/home/jsh/robot_ws/install/micro_ros_setup/share/micro_ros_setup/package.dsv'
[2.616s] INFO:colcon.colcon_core.shell:Creating package script '/home/jsh/robot_ws/install/micro_ros_setup/share/micro_ros_setup/package.sh'
[2.621s] INFO:colcon.colcon_core.shell:Creating package script '/home/jsh/robot_ws/install/micro_ros_setup/share/micro_ros_setup/package.bash'
[2.626s] INFO:colcon.colcon_core.shell:Creating package script '/home/jsh/robot_ws/install/micro_ros_setup/share/micro_ros_setup/package.zsh'
[2.631s] Level 1:colcon.colcon_core.environment:create_file_with_runtime_dependencies(/home/jsh/robot_ws/install/micro_ros_setup/share/colcon-core/packages/micro_ros_setup)
[2.750s] Level 1:colcon.colcon_core.environment:create_environment_scripts_only(micro_ros_setup)
[2.752s] Level 1:colcon.colcon_core.environment:checking '/home/jsh/robot_ws/install/micro_ros_setup' for CMake module files
[2.757s] Level 1:colcon.colcon_core.environment:checking '/home/jsh/robot_ws/install/micro_ros_setup' for CMake config files
[2.764s] Level 1:colcon.colcon_core.shell:create_environment_hook('micro_ros_setup', 'cmake_prefix_path')
[2.765s] INFO:colcon.colcon_core.shell:Creating environment hook '/home/jsh/robot_ws/install/micro_ros_setup/share/micro_ros_setup/hook/cmake_prefix_path.ps1'
[2.768s] INFO:colcon.colcon_core.shell:Creating environment descriptor '/home/jsh/robot_ws/install/micro_ros_setup/share/micro_ros_setup/hook/cmake_prefix_path.dsv'
[2.770s] INFO:colcon.colcon_core.shell:Creating environment hook '/home/jsh/robot_ws/install/micro_ros_setup/share/micro_ros_setup/hook/cmake_prefix_path.sh'
[2.775s] Level 1:colcon.colcon_core.environment:checking '/home/jsh/robot_ws/install/micro_ros_setup/lib'
[2.775s] Level 1:colcon.colcon_core.environment:checking '/home/jsh/robot_ws/install/micro_ros_setup/bin'
[2.776s] Level 1:colcon.colcon_core.environment:checking '/home/jsh/robot_ws/install/micro_ros_setup/lib/pkgconfig/micro_ros_setup.pc'
[2.777s] Level 1:colcon.colcon_core.environment:checking '/home/jsh/robot_ws/install/micro_ros_setup/lib/python3.10/site-packages'
[2.779s] Level 1:colcon.colcon_core.environment:checking '/home/jsh/robot_ws/install/micro_ros_setup/bin'
[2.781s] INFO:colcon.colcon_core.shell:Creating package script '/home/jsh/robot_ws/install/micro_ros_setup/share/micro_ros_setup/package.ps1'
[2.786s] INFO:colcon.colcon_core.shell:Creating package descriptor '/home/jsh/robot_ws/install/micro_ros_setup/share/micro_ros_setup/package.dsv'
[2.789s] INFO:colcon.colcon_core.shell:Creating package script '/home/jsh/robot_ws/install/micro_ros_setup/share/micro_ros_setup/package.sh'
[2.792s] INFO:colcon.colcon_core.shell:Creating package script '/home/jsh/robot_ws/install/micro_ros_setup/share/micro_ros_setup/package.bash'
[2.794s] INFO:colcon.colcon_core.shell:Creating package script '/home/jsh/robot_ws/install/micro_ros_setup/share/micro_ros_setup/package.zsh'
[2.797s] Level 1:colcon.colcon_core.environment:create_file_with_runtime_dependencies(/home/jsh/robot_ws/install/micro_ros_setup/share/colcon-core/packages/micro_ros_setup)
[3.796s] DEBUG:colcon.colcon_core.event_handler.log_command:Invoked command in '/home/jsh/robot_ws/build/micro_ros_msgs' returned '0': CMAKE_PREFIX_PATH=${CMAKE_PREFIX_PATH}:/opt/ros/humble /usr/bin/cmake --build /home/jsh/robot_ws/build/micro_ros_msgs -- -j8 -l8
[4.222s] DEBUG:colcon.colcon_core.event_handler.log_command:Invoking command in '/home/jsh/robot_ws/build/micro_ros_msgs': CMAKE_PREFIX_PATH=${CMAKE_PREFIX_PATH}:/opt/ros/humble /usr/bin/cmake --install /home/jsh/robot_ws/build/micro_ros_msgs
[4.572s] Level 1:colcon.colcon_core.environment:create_environment_scripts_only(micro_ros_msgs)
[4.574s] Level 1:colcon.colcon_core.environment:checking '/home/jsh/robot_ws/install/micro_ros_msgs' for CMake module files
[4.577s] DEBUG:colcon.colcon_core.event_handler.log_command:Invoked command in '/home/jsh/robot_ws/build/micro_ros_msgs' returned '0': CMAKE_PREFIX_PATH=${CMAKE_PREFIX_PATH}:/opt/ros/humble /usr/bin/cmake --install /home/jsh/robot_ws/build/micro_ros_msgs
[4.580s] Level 1:colcon.colcon_core.environment:checking '/home/jsh/robot_ws/install/micro_ros_msgs' for CMake config files
[4.584s] Level 1:colcon.colcon_core.shell:create_environment_hook('micro_ros_msgs', 'cmake_prefix_path')
[4.586s] INFO:colcon.colcon_core.shell:Creating environment hook '/home/jsh/robot_ws/install/micro_ros_msgs/share/micro_ros_msgs/hook/cmake_prefix_path.ps1'
[4.587s] INFO:colcon.colcon_core.shell:Creating environment descriptor '/home/jsh/robot_ws/install/micro_ros_msgs/share/micro_ros_msgs/hook/cmake_prefix_path.dsv'
[4.589s] INFO:colcon.colcon_core.shell:Creating environment hook '/home/jsh/robot_ws/install/micro_ros_msgs/share/micro_ros_msgs/hook/cmake_prefix_path.sh'
[4.591s] Level 1:colcon.colcon_core.environment:checking '/home/jsh/robot_ws/install/micro_ros_msgs/lib'
[4.591s] Level 1:colcon.colcon_core.shell:create_environment_hook('micro_ros_msgs', 'ld_library_path_lib')
[4.592s] INFO:colcon.colcon_core.shell:Creating environment hook '/home/jsh/robot_ws/install/micro_ros_msgs/share/micro_ros_msgs/hook/ld_library_path_lib.ps1'
[4.593s] INFO:colcon.colcon_core.shell:Creating environment descriptor '/home/jsh/robot_ws/install/micro_ros_msgs/share/micro_ros_msgs/hook/ld_library_path_lib.dsv'
[4.595s] INFO:colcon.colcon_core.shell:Creating environment hook '/home/jsh/robot_ws/install/micro_ros_msgs/share/micro_ros_msgs/hook/ld_library_path_lib.sh'
[4.596s] Level 1:colcon.colcon_core.environment:checking '/home/jsh/robot_ws/install/micro_ros_msgs/bin'
[4.596s] Level 1:colcon.colcon_core.environment:checking '/home/jsh/robot_ws/install/micro_ros_msgs/lib/pkgconfig/micro_ros_msgs.pc'
[4.597s] Level 1:colcon.colcon_core.environment:checking '/home/jsh/robot_ws/install/micro_ros_msgs/lib/python3.10/site-packages'
[4.598s] Level 1:colcon.colcon_core.environment:checking '/home/jsh/robot_ws/install/micro_ros_msgs/bin'
[4.599s] INFO:colcon.colcon_core.shell:Creating package script '/home/jsh/robot_ws/install/micro_ros_msgs/share/micro_ros_msgs/package.ps1'
[4.601s] INFO:colcon.colcon_core.shell:Creating package descriptor '/home/jsh/robot_ws/install/micro_ros_msgs/share/micro_ros_msgs/package.dsv'
[4.603s] INFO:colcon.colcon_core.shell:Creating package script '/home/jsh/robot_ws/install/micro_ros_msgs/share/micro_ros_msgs/package.sh'
[4.605s] INFO:colcon.colcon_core.shell:Creating package script '/home/jsh/robot_ws/install/micro_ros_msgs/share/micro_ros_msgs/package.bash'
[4.606s] INFO:colcon.colcon_core.shell:Creating package script '/home/jsh/robot_ws/install/micro_ros_msgs/share/micro_ros_msgs/package.zsh'
[4.607s] Level 1:colcon.colcon_core.environment:create_file_with_runtime_dependencies(/home/jsh/robot_ws/install/micro_ros_msgs/share/colcon-core/packages/micro_ros_msgs)
[5.012s] DEBUG:colcon.colcon_core.event_handler.log_command:Invoked command in '/home/jsh/robot_ws/build/pymoveit2' returned '0': CMAKE_PREFIX_PATH=${CMAKE_PREFIX_PATH}:/opt/ros/humble /usr/bin/cmake --build /home/jsh/robot_ws/build/pymoveit2 -- -j8 -l8
[5.026s] Level 1:colcon.colcon_core.environment:create_environment_scripts_only(micro_ros_msgs)
[5.028s] Level 1:colcon.colcon_core.environment:checking '/home/jsh/robot_ws/install/micro_ros_msgs' for CMake module files
[5.033s] Level 1:colcon.colcon_core.environment:checking '/home/jsh/robot_ws/install/micro_ros_msgs' for CMake config files
[5.038s] Level 1:colcon.colcon_core.shell:create_environment_hook('micro_ros_msgs', 'cmake_prefix_path')
[5.040s] INFO:colcon.colcon_core.shell:Creating environment hook '/home/jsh/robot_ws/install/micro_ros_msgs/share/micro_ros_msgs/hook/cmake_prefix_path.ps1'
[5.042s] INFO:colcon.colcon_core.shell:Creating environment descriptor '/home/jsh/robot_ws/install/micro_ros_msgs/share/micro_ros_msgs/hook/cmake_prefix_path.dsv'
[5.043s] INFO:colcon.colcon_core.shell:Creating environment hook '/home/jsh/robot_ws/install/micro_ros_msgs/share/micro_ros_msgs/hook/cmake_prefix_path.sh'
[5.046s] Level 1:colcon.colcon_core.environment:checking '/home/jsh/robot_ws/install/micro_ros_msgs/lib'
[5.046s] Level 1:colcon.colcon_core.shell:create_environment_hook('micro_ros_msgs', 'ld_library_path_lib')
[5.048s] INFO:colcon.colcon_core.shell:Creating environment hook '/home/jsh/robot_ws/install/micro_ros_msgs/share/micro_ros_msgs/hook/ld_library_path_lib.ps1'
[5.049s] INFO:colcon.colcon_core.shell:Creating environment descriptor '/home/jsh/robot_ws/install/micro_ros_msgs/share/micro_ros_msgs/hook/ld_library_path_lib.dsv'
[5.050s] INFO:colcon.colcon_core.shell:Creating environment hook '/home/jsh/robot_ws/install/micro_ros_msgs/share/micro_ros_msgs/hook/ld_library_path_lib.sh'
[5.051s] Level 1:colcon.colcon_core.environment:checking '/home/jsh/robot_ws/install/micro_ros_msgs/bin'
[5.052s] Level 1:colcon.colcon_core.environment:checking '/home/jsh/robot_ws/install/micro_ros_msgs/lib/pkgconfig/micro_ros_msgs.pc'
[5.053s] Level 1:colcon.colcon_core.environment:checking '/home/jsh/robot_ws/install/micro_ros_msgs/lib/python3.10/site-packages'
[5.053s] Level 1:colcon.colcon_core.environment:checking '/home/jsh/robot_ws/install/micro_ros_msgs/bin'
[5.054s] INFO:colcon.colcon_core.shell:Creating package script '/home/jsh/robot_ws/install/micro_ros_msgs/share/micro_ros_msgs/package.ps1'
[5.056s] INFO:colcon.colcon_core.shell:Creating package descriptor '/home/jsh/robot_ws/install/micro_ros_msgs/share/micro_ros_msgs/package.dsv'
[5.059s] INFO:colcon.colcon_core.shell:Creating package script '/home/jsh/robot_ws/install/micro_ros_msgs/share/micro_ros_msgs/package.sh'
[5.061s] INFO:colcon.colcon_core.shell:Creating package script '/home/jsh/robot_ws/install/micro_ros_msgs/share/micro_ros_msgs/package.bash'
[5.062s] INFO:colcon.colcon_core.shell:Creating package script '/home/jsh/robot_ws/install/micro_ros_msgs/share/micro_ros_msgs/package.zsh'
[5.064s] Level 1:colcon.colcon_core.environment:create_file_with_runtime_dependencies(/home/jsh/robot_ws/install/micro_ros_msgs/share/colcon-core/packages/micro_ros_msgs)
[5.065s] INFO:colcon.colcon_ros.task.ament_cmake.build:Building ROS package in '/home/jsh/robot_ws/src/uros/micro-ROS-Agent/micro_ros_agent' with build type 'ament_cmake'
[5.067s] INFO:colcon.colcon_cmake.task.cmake.build:Building CMake package in '/home/jsh/robot_ws/src/uros/micro-ROS-Agent/micro_ros_agent'
[5.068s] INFO:colcon.colcon_core.shell:Skip shell extension 'powershell' for command environment: Not usable outside of PowerShell
[5.068s] DEBUG:colcon.colcon_core.shell:Skip shell extension 'dsv' for command environment
[5.134s] DEBUG:colcon.colcon_core.event_handler.log_command:Invoking command in '/home/jsh/robot_ws/build/micro_ros_agent': CMAKE_PREFIX_PATH=/home/jsh/robot_ws/install/micro_ros_msgs:/home/jsh/robot_ws/install/pymoveit2:/home/jsh/robot_ws/install/multi_robot_arm:/home/jsh/robot_ws/install/micro_ros_setup:/home/jsh/robot_ws/install/micro_ros_agent:/opt/ros/humble LD_LIBRARY_PATH=/home/jsh/robot_ws/install/micro_ros_msgs/lib:/home/jsh/robot_ws/install/micro_ros_agent/lib:/usr/lib/x86_64-linux-gnu/gazebo-11/plugins:/opt/ros/humble/opt/rviz_ogre_vendor/lib:/opt/ros/humble/lib/x86_64-linux-gnu:/opt/ros/humble/lib /usr/bin/cmake --build /home/jsh/robot_ws/build/micro_ros_agent -- -j8 -l8
[5.137s] DEBUG:colcon.colcon_core.event_handler.log_command:Invoking command in '/home/jsh/robot_ws/build/pymoveit2': CMAKE_PREFIX_PATH=${CMAKE_PREFIX_PATH}:/opt/ros/humble /usr/bin/cmake --install /home/jsh/robot_ws/build/pymoveit2
[5.420s] DEBUG:colcon.colcon_core.event_handler.log_command:Invoked command in '/home/jsh/robot_ws/build/micro_ros_agent' returned '0': CMAKE_PREFIX_PATH=/home/jsh/robot_ws/install/micro_ros_msgs:/home/jsh/robot_ws/install/pymoveit2:/home/jsh/robot_ws/install/multi_robot_arm:/home/jsh/robot_ws/install/micro_ros_setup:/home/jsh/robot_ws/install/micro_ros_agent:/opt/ros/humble LD_LIBRARY_PATH=/home/jsh/robot_ws/install/micro_ros_msgs/lib:/home/jsh/robot_ws/install/micro_ros_agent/lib:/usr/lib/x86_64-linux-gnu/gazebo-11/plugins:/opt/ros/humble/opt/rviz_ogre_vendor/lib:/opt/ros/humble/lib/x86_64-linux-gnu:/opt/ros/humble/lib /usr/bin/cmake --build /home/jsh/robot_ws/build/micro_ros_agent -- -j8 -l8
[5.479s] Level 1:colcon.colcon_core.environment:create_environment_scripts_only(pymoveit2)
[5.483s] Level 1:colcon.colcon_core.environment:checking '/home/jsh/robot_ws/install/pymoveit2' for CMake module files
[5.485s] DEBUG:colcon.colcon_core.event_handler.log_command:Invoked command in '/home/jsh/robot_ws/build/pymoveit2' returned '0': CMAKE_PREFIX_PATH=${CMAKE_PREFIX_PATH}:/opt/ros/humble /usr/bin/cmake --install /home/jsh/robot_ws/build/pymoveit2
[5.488s] Level 1:colcon.colcon_core.environment:checking '/home/jsh/robot_ws/install/pymoveit2' for CMake config files
[5.491s] Level 1:colcon.colcon_core.shell:create_environment_hook('pymoveit2', 'cmake_prefix_path')
[5.492s] INFO:colcon.colcon_core.shell:Creating environment hook '/home/jsh/robot_ws/install/pymoveit2/share/pymoveit2/hook/cmake_prefix_path.ps1'
[5.494s] INFO:colcon.colcon_core.shell:Creating environment descriptor '/home/jsh/robot_ws/install/pymoveit2/share/pymoveit2/hook/cmake_prefix_path.dsv'
[5.496s] INFO:colcon.colcon_core.shell:Creating environment hook '/home/jsh/robot_ws/install/pymoveit2/share/pymoveit2/hook/cmake_prefix_path.sh'
[5.499s] Level 1:colcon.colcon_core.environment:checking '/home/jsh/robot_ws/install/pymoveit2/lib'
[5.500s] Level 1:colcon.colcon_core.environment:checking '/home/jsh/robot_ws/install/pymoveit2/bin'
[5.500s] Level 1:colcon.colcon_core.environment:checking '/home/jsh/robot_ws/install/pymoveit2/lib/pkgconfig/pymoveit2.pc'
[5.501s] Level 1:colcon.colcon_core.environment:checking '/home/jsh/robot_ws/install/pymoveit2/lib/python3.10/site-packages'
[5.502s] Level 1:colcon.colcon_core.environment:checking '/home/jsh/robot_ws/install/pymoveit2/bin'
[5.504s] INFO:colcon.colcon_core.shell:Creating package script '/home/jsh/robot_ws/install/pymoveit2/share/pymoveit2/package.ps1'
[5.506s] INFO:colcon.colcon_core.shell:Creating package descriptor '/home/jsh/robot_ws/install/pymoveit2/share/pymoveit2/package.dsv'
[5.507s] INFO:colcon.colcon_core.shell:Creating package script '/home/jsh/robot_ws/install/pymoveit2/share/pymoveit2/package.sh'
[5.509s] INFO:colcon.colcon_core.shell:Creating package script '/home/jsh/robot_ws/install/pymoveit2/share/pymoveit2/package.bash'
[5.510s] INFO:colcon.colcon_core.shell:Creating package script '/home/jsh/robot_ws/install/pymoveit2/share/pymoveit2/package.zsh'
[5.511s] Level 1:colcon.colcon_core.environment:create_file_with_runtime_dependencies(/home/jsh/robot_ws/install/pymoveit2/share/colcon-core/packages/pymoveit2)
[5.580s] DEBUG:colcon.colcon_core.event_handler.log_command:Invoking command in '/home/jsh/robot_ws/build/micro_ros_agent': CMAKE_PREFIX_PATH=/home/jsh/robot_ws/install/micro_ros_msgs:/home/jsh/robot_ws/install/pymoveit2:/home/jsh/robot_ws/install/multi_robot_arm:/home/jsh/robot_ws/install/micro_ros_setup:/home/jsh/robot_ws/install/micro_ros_agent:/opt/ros/humble LD_LIBRARY_PATH=/home/jsh/robot_ws/install/micro_ros_msgs/lib:/home/jsh/robot_ws/install/micro_ros_agent/lib:/usr/lib/x86_64-linux-gnu/gazebo-11/plugins:/opt/ros/humble/opt/rviz_ogre_vendor/lib:/opt/ros/humble/lib/x86_64-linux-gnu:/opt/ros/humble/lib /usr/bin/cmake --install /home/jsh/robot_ws/build/micro_ros_agent
[5.613s] Level 1:colcon.colcon_core.environment:create_environment_scripts_only(pymoveit2)
[5.614s] Level 1:colcon.colcon_core.environment:checking '/home/jsh/robot_ws/install/pymoveit2' for CMake module files
[5.625s] Level 1:colcon.colcon_core.environment:checking '/home/jsh/robot_ws/install/pymoveit2' for CMake config files
[5.627s] Level 1:colcon.colcon_core.shell:create_environment_hook('pymoveit2', 'cmake_prefix_path')
[5.628s] INFO:colcon.colcon_core.shell:Creating environment hook '/home/jsh/robot_ws/install/pymoveit2/share/pymoveit2/hook/cmake_prefix_path.ps1'
[5.630s] INFO:colcon.colcon_core.shell:Creating environment descriptor '/home/jsh/robot_ws/install/pymoveit2/share/pymoveit2/hook/cmake_prefix_path.dsv'
[5.631s] INFO:colcon.colcon_core.shell:Creating environment hook '/home/jsh/robot_ws/install/pymoveit2/share/pymoveit2/hook/cmake_prefix_path.sh'
[5.633s] Level 1:colcon.colcon_core.environment:checking '/home/jsh/robot_ws/install/pymoveit2/lib'
[5.633s] Level 1:colcon.colcon_core.environment:checking '/home/jsh/robot_ws/install/pymoveit2/bin'
[5.634s] Level 1:colcon.colcon_core.environment:checking '/home/jsh/robot_ws/install/pymoveit2/lib/pkgconfig/pymoveit2.pc'
[5.634s] Level 1:colcon.colcon_core.environment:checking '/home/jsh/robot_ws/install/pymoveit2/lib/python3.10/site-packages'
[5.635s] Level 1:colcon.colcon_core.environment:checking '/home/jsh/robot_ws/install/pymoveit2/bin'
[5.636s] INFO:colcon.colcon_core.shell:Creating package script '/home/jsh/robot_ws/install/pymoveit2/share/pymoveit2/package.ps1'
[5.638s] INFO:colcon.colcon_core.shell:Creating package descriptor '/home/jsh/robot_ws/install/pymoveit2/share/pymoveit2/package.dsv'
[5.640s] INFO:colcon.colcon_core.shell:Creating package script '/home/jsh/robot_ws/install/pymoveit2/share/pymoveit2/package.sh'
[5.642s] INFO:colcon.colcon_core.shell:Creating package script '/home/jsh/robot_ws/install/pymoveit2/share/pymoveit2/package.bash'
[5.643s] INFO:colcon.colcon_core.shell:Creating package script '/home/jsh/robot_ws/install/pymoveit2/share/pymoveit2/package.zsh'
[5.644s] Level 1:colcon.colcon_core.environment:create_file_with_runtime_dependencies(/home/jsh/robot_ws/install/pymoveit2/share/colcon-core/packages/pymoveit2)
[5.669s] Level 1:colcon.colcon_core.environment:create_environment_scripts_only(micro_ros_agent)
[5.671s] Level 1:colcon.colcon_core.environment:checking '/home/jsh/robot_ws/install/micro_ros_agent' for CMake module files
[5.674s] DEBUG:colcon.colcon_core.event_handler.log_command:Invoked command in '/home/jsh/robot_ws/build/micro_ros_agent' returned '0': CMAKE_PREFIX_PATH=/home/jsh/robot_ws/install/micro_ros_msgs:/home/jsh/robot_ws/install/pymoveit2:/home/jsh/robot_ws/install/multi_robot_arm:/home/jsh/robot_ws/install/micro_ros_setup:/home/jsh/robot_ws/install/micro_ros_agent:/opt/ros/humble LD_LIBRARY_PATH=/home/jsh/robot_ws/install/micro_ros_msgs/lib:/home/jsh/robot_ws/install/micro_ros_agent/lib:/usr/lib/x86_64-linux-gnu/gazebo-11/plugins:/opt/ros/humble/opt/rviz_ogre_vendor/lib:/opt/ros/humble/lib/x86_64-linux-gnu:/opt/ros/humble/lib /usr/bin/cmake --install /home/jsh/robot_ws/build/micro_ros_agent
[5.676s] Level 1:colcon.colcon_core.environment:checking '/home/jsh/robot_ws/install/micro_ros_agent' for CMake config files
[5.681s] Level 1:colcon.colcon_core.shell:create_environment_hook('micro_ros_agent', 'cmake_prefix_path')
[5.683s] INFO:colcon.colcon_core.shell:Creating environment hook '/home/jsh/robot_ws/install/micro_ros_agent/share/micro_ros_agent/hook/cmake_prefix_path.ps1'
[5.685s] INFO:colcon.colcon_core.shell:Creating environment descriptor '/home/jsh/robot_ws/install/micro_ros_agent/share/micro_ros_agent/hook/cmake_prefix_path.dsv'
[5.686s] INFO:colcon.colcon_core.shell:Creating environment hook '/home/jsh/robot_ws/install/micro_ros_agent/share/micro_ros_agent/hook/cmake_prefix_path.sh'
[5.690s] Level 1:colcon.colcon_core.environment:checking '/home/jsh/robot_ws/install/micro_ros_agent/lib'
[5.691s] Level 1:colcon.colcon_core.shell:create_environment_hook('micro_ros_agent', 'ld_library_path_lib')
[5.692s] INFO:colcon.colcon_core.shell:Creating environment hook '/home/jsh/robot_ws/install/micro_ros_agent/share/micro_ros_agent/hook/ld_library_path_lib.ps1'
[5.695s] INFO:colcon.colcon_core.shell:Creating environment descriptor '/home/jsh/robot_ws/install/micro_ros_agent/share/micro_ros_agent/hook/ld_library_path_lib.dsv'
[5.696s] INFO:colcon.colcon_core.shell:Creating environment hook '/home/jsh/robot_ws/install/micro_ros_agent/share/micro_ros_agent/hook/ld_library_path_lib.sh'
[5.698s] Level 1:colcon.colcon_core.environment:checking '/home/jsh/robot_ws/install/micro_ros_agent/bin'
[5.698s] Level 1:colcon.colcon_core.environment:checking '/home/jsh/robot_ws/install/micro_ros_agent/lib/pkgconfig/micro_ros_agent.pc'
[5.700s] Level 1:colcon.colcon_core.environment:checking '/home/jsh/robot_ws/install/micro_ros_agent/lib/python3.10/site-packages'
[5.701s] Level 1:colcon.colcon_core.environment:checking '/home/jsh/robot_ws/install/micro_ros_agent/bin'
[5.703s] INFO:colcon.colcon_core.shell:Creating package script '/home/jsh/robot_ws/install/micro_ros_agent/share/micro_ros_agent/package.ps1'
[5.706s] INFO:colcon.colcon_core.shell:Creating package descriptor '/home/jsh/robot_ws/install/micro_ros_agent/share/micro_ros_agent/package.dsv'
[5.708s] INFO:colcon.colcon_core.shell:Creating package script '/home/jsh/robot_ws/install/micro_ros_agent/share/micro_ros_agent/package.sh'
[5.711s] INFO:colcon.colcon_core.shell:Creating package script '/home/jsh/robot_ws/install/micro_ros_agent/share/micro_ros_agent/package.bash'
[5.712s] INFO:colcon.colcon_core.shell:Creating package script '/home/jsh/robot_ws/install/micro_ros_agent/share/micro_ros_agent/package.zsh'
[5.714s] Level 1:colcon.colcon_core.environment:create_file_with_runtime_dependencies(/home/jsh/robot_ws/install/micro_ros_agent/share/colcon-core/packages/micro_ros_agent)
[5.848s] Level 1:colcon.colcon_core.environment:create_environment_scripts_only(micro_ros_agent)
[5.849s] Level 1:colcon.colcon_core.environment:checking '/home/jsh/robot_ws/install/micro_ros_agent' for CMake module files
[5.852s] Level 1:colcon.colcon_core.environment:checking '/home/jsh/robot_ws/install/micro_ros_agent' for CMake config files
[5.856s] Level 1:colcon.colcon_core.shell:create_environment_hook('micro_ros_agent', 'cmake_prefix_path')
[5.857s] INFO:colcon.colcon_core.shell:Creating environment hook '/home/jsh/robot_ws/install/micro_ros_agent/share/micro_ros_agent/hook/cmake_prefix_path.ps1'
[5.859s] INFO:colcon.colcon_core.shell:Creating environment descriptor '/home/jsh/robot_ws/install/micro_ros_agent/share/micro_ros_agent/hook/cmake_prefix_path.dsv'
[5.860s] INFO:colcon.colcon_core.shell:Creating environment hook '/home/jsh/robot_ws/install/micro_ros_agent/share/micro_ros_agent/hook/cmake_prefix_path.sh'
[5.863s] Level 1:colcon.colcon_core.environment:checking '/home/jsh/robot_ws/install/micro_ros_agent/lib'
[5.863s] Level 1:colcon.colcon_core.shell:create_environment_hook('micro_ros_agent', 'ld_library_path_lib')
[5.864s] INFO:colcon.colcon_core.shell:Creating environment hook '/home/jsh/robot_ws/install/micro_ros_agent/share/micro_ros_agent/hook/ld_library_path_lib.ps1'
[5.866s] INFO:colcon.colcon_core.shell:Creating environment descriptor '/home/jsh/robot_ws/install/micro_ros_agent/share/micro_ros_agent/hook/ld_library_path_lib.dsv'
[5.867s] INFO:colcon.colcon_core.shell:Creating environment hook '/home/jsh/robot_ws/install/micro_ros_agent/share/micro_ros_agent/hook/ld_library_path_lib.sh'
[5.868s] Level 1:colcon.colcon_core.environment:checking '/home/jsh/robot_ws/install/micro_ros_agent/bin'
[5.869s] Level 1:colcon.colcon_core.environment:checking '/home/jsh/robot_ws/install/micro_ros_agent/lib/pkgconfig/micro_ros_agent.pc'
[5.870s] Level 1:colcon.colcon_core.environment:checking '/home/jsh/robot_ws/install/micro_ros_agent/lib/python3.10/site-packages'
[5.871s] Level 1:colcon.colcon_core.environment:checking '/home/jsh/robot_ws/install/micro_ros_agent/bin'
[5.872s] INFO:colcon.colcon_core.shell:Creating package script '/home/jsh/robot_ws/install/micro_ros_agent/share/micro_ros_agent/package.ps1'
[5.875s] INFO:colcon.colcon_core.shell:Creating package descriptor '/home/jsh/robot_ws/install/micro_ros_agent/share/micro_ros_agent/package.dsv'
[5.878s] INFO:colcon.colcon_core.shell:Creating package script '/home/jsh/robot_ws/install/micro_ros_agent/share/micro_ros_agent/package.sh'
[5.881s] INFO:colcon.colcon_core.shell:Creating package script '/home/jsh/robot_ws/install/micro_ros_agent/share/micro_ros_agent/package.bash'
[5.883s] INFO:colcon.colcon_core.shell:Creating package script '/home/jsh/robot_ws/install/micro_ros_agent/share/micro_ros_agent/package.zsh'
[5.885s] Level 1:colcon.colcon_core.environment:create_file_with_runtime_dependencies(/home/jsh/robot_ws/install/micro_ros_agent/share/colcon-core/packages/micro_ros_agent)
[7.332s] DEBUG:colcon.colcon_core.event_handler.log_command:Invoked command in '/home/jsh/robot_ws/build/multi_robot_arm' returned '0': CMAKE_PREFIX_PATH=${CMAKE_PREFIX_PATH}:/opt/ros/humble /usr/bin/cmake --build /home/jsh/robot_ws/build/multi_robot_arm -- -j8 -l8
[7.406s] DEBUG:colcon.colcon_core.event_handler.log_command:Invoking command in '/home/jsh/robot_ws/build/multi_robot_arm': CMAKE_PREFIX_PATH=${CMAKE_PREFIX_PATH}:/opt/ros/humble /usr/bin/cmake --install /home/jsh/robot_ws/build/multi_robot_arm
[7.500s] Level 1:colcon.colcon_core.environment:create_environment_scripts_only(multi_robot_arm)
[7.501s] Level 1:colcon.colcon_core.environment:checking '/home/jsh/robot_ws/install/multi_robot_arm' for CMake module files
[7.503s] DEBUG:colcon.colcon_core.event_handler.log_command:Invoked command in '/home/jsh/robot_ws/build/multi_robot_arm' returned '0': CMAKE_PREFIX_PATH=${CMAKE_PREFIX_PATH}:/opt/ros/humble /usr/bin/cmake --install /home/jsh/robot_ws/build/multi_robot_arm
[7.504s] Level 1:colcon.colcon_core.environment:checking '/home/jsh/robot_ws/install/multi_robot_arm' for CMake config files
[7.505s] Level 1:colcon.colcon_core.shell:create_environment_hook('multi_robot_arm', 'cmake_prefix_path')
[7.506s] INFO:colcon.colcon_core.shell:Creating environment hook '/home/jsh/robot_ws/install/multi_robot_arm/share/multi_robot_arm/hook/cmake_prefix_path.ps1'
[7.507s] INFO:colcon.colcon_core.shell:Creating environment descriptor '/home/jsh/robot_ws/install/multi_robot_arm/share/multi_robot_arm/hook/cmake_prefix_path.dsv'
[7.508s] INFO:colcon.colcon_core.shell:Creating environment hook '/home/jsh/robot_ws/install/multi_robot_arm/share/multi_robot_arm/hook/cmake_prefix_path.sh'
[7.509s] Level 1:colcon.colcon_core.environment:checking '/home/jsh/robot_ws/install/multi_robot_arm/bin'
[7.509s] Level 1:colcon.colcon_core.environment:checking '/home/jsh/robot_ws/install/multi_robot_arm/lib/pkgconfig/multi_robot_arm.pc'
[7.510s] Level 1:colcon.colcon_core.environment:checking '/home/jsh/robot_ws/install/multi_robot_arm/lib/python3.10/site-packages'
[7.511s] Level 1:colcon.colcon_core.environment:checking '/home/jsh/robot_ws/install/multi_robot_arm/bin'
[7.512s] INFO:colcon.colcon_core.shell:Creating package script '/home/jsh/robot_ws/install/multi_robot_arm/share/multi_robot_arm/package.ps1'
[7.513s] INFO:colcon.colcon_core.shell:Creating package descriptor '/home/jsh/robot_ws/install/multi_robot_arm/share/multi_robot_arm/package.dsv'
[7.514s] INFO:colcon.colcon_core.shell:Creating package script '/home/jsh/robot_ws/install/multi_robot_arm/share/multi_robot_arm/package.sh'
[7.515s] INFO:colcon.colcon_core.shell:Creating package script '/home/jsh/robot_ws/install/multi_robot_arm/share/multi_robot_arm/package.bash'
[7.516s] INFO:colcon.colcon_core.shell:Creating package script '/home/jsh/robot_ws/install/multi_robot_arm/share/multi_robot_arm/package.zsh'
[7.517s] Level 1:colcon.colcon_core.environment:create_file_with_runtime_dependencies(/home/jsh/robot_ws/install/multi_robot_arm/share/colcon-core/packages/multi_robot_arm)
[7.581s] Level 1:colcon.colcon_core.environment:create_environment_scripts_only(multi_robot_arm)
[7.581s] Level 1:colcon.colcon_core.environment:checking '/home/jsh/robot_ws/install/multi_robot_arm' for CMake module files
[7.582s] Level 1:colcon.colcon_core.environment:checking '/home/jsh/robot_ws/install/multi_robot_arm' for CMake config files
[7.583s] Level 1:colcon.colcon_core.shell:create_environment_hook('multi_robot_arm', 'cmake_prefix_path')
[7.584s] INFO:colcon.colcon_core.shell:Creating environment hook '/home/jsh/robot_ws/install/multi_robot_arm/share/multi_robot_arm/hook/cmake_prefix_path.ps1'
[7.585s] INFO:colcon.colcon_core.shell:Creating environment descriptor '/home/jsh/robot_ws/install/multi_robot_arm/share/multi_robot_arm/hook/cmake_prefix_path.dsv'
[7.586s] INFO:colcon.colcon_core.shell:Creating environment hook '/home/jsh/robot_ws/install/multi_robot_arm/share/multi_robot_arm/hook/cmake_prefix_path.sh'
[7.588s] Level 1:colcon.colcon_core.environment:checking '/home/jsh/robot_ws/install/multi_robot_arm/bin'
[7.588s] Level 1:colcon.colcon_core.environment:checking '/home/jsh/robot_ws/install/multi_robot_arm/lib/pkgconfig/multi_robot_arm.pc'
[7.589s] Level 1:colcon.colcon_core.environment:checking '/home/jsh/robot_ws/install/multi_robot_arm/lib/python3.10/site-packages'
[7.590s] Level 1:colcon.colcon_core.environment:checking '/home/jsh/robot_ws/install/multi_robot_arm/bin'
[7.591s] INFO:colcon.colcon_core.shell:Creating package script '/home/jsh/robot_ws/install/multi_robot_arm/share/multi_robot_arm/package.ps1'
[7.593s] INFO:colcon.colcon_core.shell:Creating package descriptor '/home/jsh/robot_ws/install/multi_robot_arm/share/multi_robot_arm/package.dsv'
[7.594s] INFO:colcon.colcon_core.shell:Creating package script '/home/jsh/robot_ws/install/multi_robot_arm/share/multi_robot_arm/package.sh'
[7.595s] INFO:colcon.colcon_core.shell:Creating package script '/home/jsh/robot_ws/install/multi_robot_arm/share/multi_robot_arm/package.bash'
[7.596s] INFO:colcon.colcon_core.shell:Creating package script '/home/jsh/robot_ws/install/multi_robot_arm/share/multi_robot_arm/package.zsh'
[7.597s] Level 1:colcon.colcon_core.environment:create_file_with_runtime_dependencies(/home/jsh/robot_ws/install/multi_robot_arm/share/colcon-core/packages/multi_robot_arm)
[7.598s] DEBUG:colcon.colcon_parallel_executor.executor.parallel:closing loop
[7.599s] DEBUG:colcon.colcon_parallel_executor.executor.parallel:loop closed
[7.599s] DEBUG:colcon.colcon_parallel_executor.executor.parallel:run_until_complete finished with '0'
[7.600s] DEBUG:colcon.colcon_core.event_reactor:joining thread
[7.618s] INFO:colcon.colcon_core.plugin_system:Skipping extension 'colcon_notification.desktop_notification.terminal_notifier': Not used on non-Darwin systems
[7.618s] INFO:colcon.colcon_core.plugin_system:Skipping extension 'colcon_notification.desktop_notification.win32': Not used on non-Windows systems
[7.618s] INFO:colcon.colcon_notification.desktop_notification:Sending desktop notification using 'notify2'
[7.670s] DEBUG:colcon.colcon_core.event_reactor:joined thread
[7.671s] INFO:colcon.colcon_core.shell:Creating prefix script '/home/jsh/robot_ws/install/local_setup.ps1'
[7.674s] INFO:colcon.colcon_core.shell:Creating prefix util module '/home/jsh/robot_ws/install/_local_setup_util_ps1.py'
[7.683s] INFO:colcon.colcon_core.shell:Creating prefix chain script '/home/jsh/robot_ws/install/setup.ps1'
[7.689s] INFO:colcon.colcon_core.shell:Creating prefix script '/home/jsh/robot_ws/install/local_setup.sh'
[7.691s] INFO:colcon.colcon_core.shell:Creating prefix util module '/home/jsh/robot_ws/install/_local_setup_util_sh.py'
[7.693s] INFO:colcon.colcon_core.shell:Creating prefix chain script '/home/jsh/robot_ws/install/setup.sh'
[7.698s] INFO:colcon.colcon_core.shell:Creating prefix script '/home/jsh/robot_ws/install/local_setup.bash'
[7.699s] INFO:colcon.colcon_core.shell:Creating prefix chain script '/home/jsh/robot_ws/install/setup.bash'
[7.704s] INFO:colcon.colcon_core.shell:Creating prefix script '/home/jsh/robot_ws/install/local_setup.zsh'
[7.705s] INFO:colcon.colcon_core.shell:Creating prefix chain script '/home/jsh/robot_ws/install/setup.zsh'
