[0.128s] Invoking command in '/home/jsh/robot_ws/build/micro_ros_msgs': CMAKE_PREFIX_PATH=${CMAKE_PREFIX_PATH}:/opt/ros/humble /usr/bin/cmake --build /home/jsh/robot_ws/build/micro_ros_msgs -- -j8 -l8
[0.348s] [35m[1mConsolidate compiler generated dependencies of target micro_ros_msgs__rosidl_generator_c[0m
[0.392s] [  2%] Built target micro_ros_msgs__cpp
[0.432s] [ 12%] Built target micro_ros_msgs__rosidl_generator_c
[0.450s] [ 12%] Built target ament_cmake_python_symlink_micro_ros_msgs
[0.466s] [35m[1mConsolidate compiler generated dependencies of target micro_ros_msgs__rosidl_typesupport_introspection_cpp[0m
[0.474s] [35m[1mConsolidate compiler generated dependencies of target micro_ros_msgs__rosidl_typesupport_cpp[0m
[0.517s] [35m[1mConsolidate compiler generated dependencies of target micro_ros_msgs__rosidl_typesupport_fastrtps_cpp[0m
[0.550s] [35m[1mConsolidate compiler generated dependencies of target micro_ros_msgs__rosidl_typesupport_c[0m
[0.557s] [35m[1mConsolidate compiler generated dependencies of target micro_ros_msgs__rosidl_typesupport_fastrtps_c[0m
[0.563s] [ 23%] Built target micro_ros_msgs__rosidl_typesupport_introspection_cpp
[0.563s] [35m[1mConsolidate compiler generated dependencies of target micro_ros_msgs__rosidl_typesupport_introspection_c[0m
[0.615s] [ 34%] Built target micro_ros_msgs__rosidl_typesupport_cpp
[0.618s] [ 44%] Built target micro_ros_msgs__rosidl_typesupport_c
[0.662s] [ 55%] Built target micro_ros_msgs__rosidl_typesupport_fastrtps_c
[0.663s] [ 65%] Built target micro_ros_msgs__rosidl_typesupport_introspection_c
[0.664s] [ 76%] Built target micro_ros_msgs__rosidl_typesupport_fastrtps_cpp
[1.055s] [ 76%] Built target micro_ros_msgs
[1.058s] [ 78%] Built target micro_ros_msgs__py
[1.058s] [35m[1mConsolidate compiler generated dependencies of target micro_ros_msgs__rosidl_generator_py[0m
[1.062s] [ 87%] Built target micro_ros_msgs__rosidl_generator_py
[1.096s] [35m[1mConsolidate compiler generated dependencies of target micro_ros_msgs__rosidl_typesupport_introspection_c__pyext[0m
[1.110s] [35m[1mConsolidate compiler generated dependencies of target micro_ros_msgs__rosidl_typesupport_c__pyext[0m
[1.119s] [35m[1mConsolidate compiler generated dependencies of target micro_ros_msgs__rosidl_typesupport_fastrtps_c__pyext[0m
[1.198s] [ 91%] Built target micro_ros_msgs__rosidl_typesupport_introspection_c__pyext
[1.209s] [ 95%] Built target micro_ros_msgs__rosidl_typesupport_c__pyext
[1.224s] [100%] Built target micro_ros_msgs__rosidl_typesupport_fastrtps_c__pyext
[2.201s] running egg_info
[2.205s] writing micro_ros_msgs.egg-info/PKG-INFO
[2.205s] writing dependency_links to micro_ros_msgs.egg-info/dependency_links.txt
[2.206s] writing top-level names to micro_ros_msgs.egg-info/top_level.txt
[2.222s] reading manifest file 'micro_ros_msgs.egg-info/SOURCES.txt'
[2.225s] writing manifest file 'micro_ros_msgs.egg-info/SOURCES.txt'
[2.359s] [100%] Built target ament_cmake_python_build_micro_ros_msgs_egg
[2.417s] Invoked command in '/home/jsh/robot_ws/build/micro_ros_msgs' returned '0': CMAKE_PREFIX_PATH=${CMAKE_PREFIX_PATH}:/opt/ros/humble /usr/bin/cmake --build /home/jsh/robot_ws/build/micro_ros_msgs -- -j8 -l8
[2.966s] Invoking command in '/home/jsh/robot_ws/build/micro_ros_msgs': CMAKE_PREFIX_PATH=${CMAKE_PREFIX_PATH}:/opt/ros/humble /usr/bin/cmake --install /home/jsh/robot_ws/build/micro_ros_msgs
[3.004s] -- Install configuration: ""
[3.007s] -- Execute custom install script
[3.008s] -- Up-to-date symlink: /home/jsh/robot_ws/install/micro_ros_msgs/share/ament_index/resource_index/rosidl_interfaces/micro_ros_msgs
[3.012s] -- Up-to-date symlink: /home/jsh/robot_ws/install/micro_ros_msgs/include/micro_ros_msgs/micro_ros_msgs/msg/detail/entity__functions.h
[3.013s] -- Up-to-date symlink: /home/jsh/robot_ws/install/micro_ros_msgs/include/micro_ros_msgs/micro_ros_msgs/msg/detail/entity__struct.h
[3.015s] -- Up-to-date symlink: /home/jsh/robot_ws/install/micro_ros_msgs/include/micro_ros_msgs/micro_ros_msgs/msg/detail/entity__type_support.h
[3.016s] -- Up-to-date symlink: /home/jsh/robot_ws/install/micro_ros_msgs/include/micro_ros_msgs/micro_ros_msgs/msg/detail/graph__functions.h
[3.017s] -- Up-to-date symlink: /home/jsh/robot_ws/install/micro_ros_msgs/include/micro_ros_msgs/micro_ros_msgs/msg/detail/graph__struct.h
[3.017s] -- Up-to-date symlink: /home/jsh/robot_ws/install/micro_ros_msgs/include/micro_ros_msgs/micro_ros_msgs/msg/detail/graph__type_support.h
[3.019s] -- Up-to-date symlink: /home/jsh/robot_ws/install/micro_ros_msgs/include/micro_ros_msgs/micro_ros_msgs/msg/detail/node__functions.h
[3.020s] -- Up-to-date symlink: /home/jsh/robot_ws/install/micro_ros_msgs/include/micro_ros_msgs/micro_ros_msgs/msg/detail/node__struct.h
[3.021s] -- Up-to-date symlink: /home/jsh/robot_ws/install/micro_ros_msgs/include/micro_ros_msgs/micro_ros_msgs/msg/detail/node__type_support.h
[3.022s] -- Up-to-date symlink: /home/jsh/robot_ws/install/micro_ros_msgs/include/micro_ros_msgs/micro_ros_msgs/msg/entity.h
[3.023s] -- Up-to-date symlink: /home/jsh/robot_ws/install/micro_ros_msgs/include/micro_ros_msgs/micro_ros_msgs/msg/graph.h
[3.023s] -- Up-to-date symlink: /home/jsh/robot_ws/install/micro_ros_msgs/include/micro_ros_msgs/micro_ros_msgs/msg/node.h
[3.024s] -- Up-to-date symlink: /home/jsh/robot_ws/install/micro_ros_msgs/include/micro_ros_msgs/micro_ros_msgs/msg/rosidl_generator_c__visibility_control.h
[3.024s] -- Up-to-date symlink: /home/jsh/robot_ws/install/micro_ros_msgs/share/micro_ros_msgs/environment/library_path.sh
[3.024s] -- Up-to-date symlink: /home/jsh/robot_ws/install/micro_ros_msgs/share/micro_ros_msgs/environment/library_path.dsv
[3.025s] -- Up-to-date symlink: /home/jsh/robot_ws/install/micro_ros_msgs/include/micro_ros_msgs/micro_ros_msgs/msg/detail/entity__rosidl_typesupport_fastrtps_c.h
[3.027s] -- Up-to-date symlink: /home/jsh/robot_ws/install/micro_ros_msgs/include/micro_ros_msgs/micro_ros_msgs/msg/detail/graph__rosidl_typesupport_fastrtps_c.h
[3.027s] -- Up-to-date symlink: /home/jsh/robot_ws/install/micro_ros_msgs/include/micro_ros_msgs/micro_ros_msgs/msg/detail/node__rosidl_typesupport_fastrtps_c.h
[3.028s] -- Up-to-date symlink: /home/jsh/robot_ws/install/micro_ros_msgs/include/micro_ros_msgs/micro_ros_msgs/msg/rosidl_typesupport_fastrtps_c__visibility_control.h
[3.031s] -- Up-to-date symlink: /home/jsh/robot_ws/install/micro_ros_msgs/include/micro_ros_msgs/micro_ros_msgs/msg/detail/entity__rosidl_typesupport_introspection_c.h
[3.032s] -- Up-to-date symlink: /home/jsh/robot_ws/install/micro_ros_msgs/include/micro_ros_msgs/micro_ros_msgs/msg/detail/graph__rosidl_typesupport_introspection_c.h
[3.032s] -- Up-to-date symlink: /home/jsh/robot_ws/install/micro_ros_msgs/include/micro_ros_msgs/micro_ros_msgs/msg/detail/node__rosidl_typesupport_introspection_c.h
[3.033s] -- Up-to-date symlink: /home/jsh/robot_ws/install/micro_ros_msgs/include/micro_ros_msgs/micro_ros_msgs/msg/rosidl_typesupport_introspection_c__visibility_control.h
[3.036s] -- Up-to-date symlink: /home/jsh/robot_ws/install/micro_ros_msgs/include/micro_ros_msgs/micro_ros_msgs/msg/detail/entity__builder.hpp
[3.036s] -- Up-to-date symlink: /home/jsh/robot_ws/install/micro_ros_msgs/include/micro_ros_msgs/micro_ros_msgs/msg/detail/entity__struct.hpp
[3.037s] -- Up-to-date symlink: /home/jsh/robot_ws/install/micro_ros_msgs/include/micro_ros_msgs/micro_ros_msgs/msg/detail/entity__traits.hpp
[3.038s] -- Up-to-date symlink: /home/jsh/robot_ws/install/micro_ros_msgs/include/micro_ros_msgs/micro_ros_msgs/msg/detail/graph__builder.hpp
[3.040s] -- Up-to-date symlink: /home/jsh/robot_ws/install/micro_ros_msgs/include/micro_ros_msgs/micro_ros_msgs/msg/detail/graph__struct.hpp
[3.040s] -- Up-to-date symlink: /home/jsh/robot_ws/install/micro_ros_msgs/include/micro_ros_msgs/micro_ros_msgs/msg/detail/graph__traits.hpp
[3.042s] -- Up-to-date symlink: /home/jsh/robot_ws/install/micro_ros_msgs/include/micro_ros_msgs/micro_ros_msgs/msg/detail/node__builder.hpp
[3.042s] -- Up-to-date symlink: /home/jsh/robot_ws/install/micro_ros_msgs/include/micro_ros_msgs/micro_ros_msgs/msg/detail/node__struct.hpp
[3.044s] -- Up-to-date symlink: /home/jsh/robot_ws/install/micro_ros_msgs/include/micro_ros_msgs/micro_ros_msgs/msg/detail/node__traits.hpp
[3.044s] -- Up-to-date symlink: /home/jsh/robot_ws/install/micro_ros_msgs/include/micro_ros_msgs/micro_ros_msgs/msg/entity.hpp
[3.045s] -- Up-to-date symlink: /home/jsh/robot_ws/install/micro_ros_msgs/include/micro_ros_msgs/micro_ros_msgs/msg/graph.hpp
[3.046s] -- Up-to-date symlink: /home/jsh/robot_ws/install/micro_ros_msgs/include/micro_ros_msgs/micro_ros_msgs/msg/node.hpp
[3.048s] -- Up-to-date symlink: /home/jsh/robot_ws/install/micro_ros_msgs/include/micro_ros_msgs/micro_ros_msgs/msg/detail/entity__rosidl_typesupport_fastrtps_cpp.hpp
[3.049s] -- Up-to-date symlink: /home/jsh/robot_ws/install/micro_ros_msgs/include/micro_ros_msgs/micro_ros_msgs/msg/detail/graph__rosidl_typesupport_fastrtps_cpp.hpp
[3.050s] -- Up-to-date symlink: /home/jsh/robot_ws/install/micro_ros_msgs/include/micro_ros_msgs/micro_ros_msgs/msg/detail/node__rosidl_typesupport_fastrtps_cpp.hpp
[3.051s] -- Up-to-date symlink: /home/jsh/robot_ws/install/micro_ros_msgs/include/micro_ros_msgs/micro_ros_msgs/msg/rosidl_typesupport_fastrtps_cpp__visibility_control.h
[3.053s] -- Up-to-date symlink: /home/jsh/robot_ws/install/micro_ros_msgs/include/micro_ros_msgs/micro_ros_msgs/msg/detail/entity__rosidl_typesupport_introspection_cpp.hpp
[3.055s] -- Up-to-date symlink: /home/jsh/robot_ws/install/micro_ros_msgs/include/micro_ros_msgs/micro_ros_msgs/msg/detail/graph__rosidl_typesupport_introspection_cpp.hpp
[3.056s] -- Up-to-date symlink: /home/jsh/robot_ws/install/micro_ros_msgs/include/micro_ros_msgs/micro_ros_msgs/msg/detail/node__rosidl_typesupport_introspection_cpp.hpp
[3.057s] -- Up-to-date symlink: /home/jsh/robot_ws/install/micro_ros_msgs/share/micro_ros_msgs/environment/pythonpath.sh
[3.058s] -- Up-to-date symlink: /home/jsh/robot_ws/install/micro_ros_msgs/share/micro_ros_msgs/environment/pythonpath.dsv
[3.060s] -- Up-to-date symlink: /home/jsh/robot_ws/install/micro_ros_msgs/local/lib/python3.10/dist-packages/micro_ros_msgs-3.0.1-py3.10.egg-info/PKG-INFO
[3.061s] -- Up-to-date symlink: /home/jsh/robot_ws/install/micro_ros_msgs/local/lib/python3.10/dist-packages/micro_ros_msgs-3.0.1-py3.10.egg-info/SOURCES.txt
[3.062s] -- Up-to-date symlink: /home/jsh/robot_ws/install/micro_ros_msgs/local/lib/python3.10/dist-packages/micro_ros_msgs-3.0.1-py3.10.egg-info/dependency_links.txt
[3.064s] -- Up-to-date symlink: /home/jsh/robot_ws/install/micro_ros_msgs/local/lib/python3.10/dist-packages/micro_ros_msgs-3.0.1-py3.10.egg-info/top_level.txt
[3.068s] -- Up-to-date symlink: /home/jsh/robot_ws/install/micro_ros_msgs/local/lib/python3.10/dist-packages/micro_ros_msgs/__init__.py
[3.069s] -- Up-to-date symlink: /home/jsh/robot_ws/install/micro_ros_msgs/local/lib/python3.10/dist-packages/micro_ros_msgs/_micro_ros_msgs_s.ep.rosidl_typesupport_c.c
[3.070s] -- Up-to-date symlink: /home/jsh/robot_ws/install/micro_ros_msgs/local/lib/python3.10/dist-packages/micro_ros_msgs/_micro_ros_msgs_s.ep.rosidl_typesupport_fastrtps_c.c
[3.071s] -- Up-to-date symlink: /home/jsh/robot_ws/install/micro_ros_msgs/local/lib/python3.10/dist-packages/micro_ros_msgs/_micro_ros_msgs_s.ep.rosidl_typesupport_introspection_c.c
[3.073s] -- Up-to-date symlink: /home/jsh/robot_ws/install/micro_ros_msgs/local/lib/python3.10/dist-packages/micro_ros_msgs/libmicro_ros_msgs__rosidl_generator_py.so
[3.080s] -- Up-to-date symlink: /home/jsh/robot_ws/install/micro_ros_msgs/local/lib/python3.10/dist-packages/micro_ros_msgs/micro_ros_msgs_s__rosidl_typesupport_c.cpython-310-x86_64-linux-gnu.so
[3.082s] -- Up-to-date symlink: /home/jsh/robot_ws/install/micro_ros_msgs/local/lib/python3.10/dist-packages/micro_ros_msgs/micro_ros_msgs_s__rosidl_typesupport_fastrtps_c.cpython-310-x86_64-linux-gnu.so
[3.082s] -- Up-to-date symlink: /home/jsh/robot_ws/install/micro_ros_msgs/local/lib/python3.10/dist-packages/micro_ros_msgs/micro_ros_msgs_s__rosidl_typesupport_introspection_c.cpython-310-x86_64-linux-gnu.so
[3.083s] -- Up-to-date symlink: /home/jsh/robot_ws/install/micro_ros_msgs/local/lib/python3.10/dist-packages/micro_ros_msgs/msg/__init__.py
[3.085s] -- Up-to-date symlink: /home/jsh/robot_ws/install/micro_ros_msgs/local/lib/python3.10/dist-packages/micro_ros_msgs/msg/_entity.py
[3.086s] -- Up-to-date symlink: /home/jsh/robot_ws/install/micro_ros_msgs/local/lib/python3.10/dist-packages/micro_ros_msgs/msg/_entity_s.c
[3.086s] -- Up-to-date symlink: /home/jsh/robot_ws/install/micro_ros_msgs/local/lib/python3.10/dist-packages/micro_ros_msgs/msg/_graph.py
[3.087s] -- Up-to-date symlink: /home/jsh/robot_ws/install/micro_ros_msgs/local/lib/python3.10/dist-packages/micro_ros_msgs/msg/_graph_s.c
[3.088s] -- Up-to-date symlink: /home/jsh/robot_ws/install/micro_ros_msgs/local/lib/python3.10/dist-packages/micro_ros_msgs/msg/_node.py
[3.088s] -- Up-to-date symlink: /home/jsh/robot_ws/install/micro_ros_msgs/local/lib/python3.10/dist-packages/micro_ros_msgs/msg/_node_s.c
[3.089s] -- Up-to-date symlink: /home/jsh/robot_ws/install/micro_ros_msgs/local/lib/python3.10/dist-packages/micro_ros_msgs/micro_ros_msgs_s__rosidl_typesupport_fastrtps_c.cpython-310-x86_64-linux-gnu.so
[3.090s] -- Up-to-date symlink: /home/jsh/robot_ws/install/micro_ros_msgs/local/lib/python3.10/dist-packages/micro_ros_msgs/micro_ros_msgs_s__rosidl_typesupport_introspection_c.cpython-310-x86_64-linux-gnu.so
[3.090s] -- Up-to-date symlink: /home/jsh/robot_ws/install/micro_ros_msgs/local/lib/python3.10/dist-packages/micro_ros_msgs/micro_ros_msgs_s__rosidl_typesupport_c.cpython-310-x86_64-linux-gnu.so
[3.091s] -- Up-to-date symlink: /home/jsh/robot_ws/install/micro_ros_msgs/share/micro_ros_msgs/msg/Graph.idl
[3.092s] -- Up-to-date symlink: /home/jsh/robot_ws/install/micro_ros_msgs/share/micro_ros_msgs/msg/Node.idl
[3.093s] -- Up-to-date symlink: /home/jsh/robot_ws/install/micro_ros_msgs/share/micro_ros_msgs/msg/Entity.idl
[3.094s] -- Up-to-date symlink: /home/jsh/robot_ws/install/micro_ros_msgs/share/micro_ros_msgs/msg/Graph.msg
[3.095s] -- Up-to-date symlink: /home/jsh/robot_ws/install/micro_ros_msgs/share/micro_ros_msgs/msg/Node.msg
[3.096s] -- Up-to-date symlink: /home/jsh/robot_ws/install/micro_ros_msgs/share/micro_ros_msgs/msg/Entity.msg
[3.097s] -- Up-to-date symlink: /home/jsh/robot_ws/install/micro_ros_msgs/share/ament_index/resource_index/package_run_dependencies/micro_ros_msgs
[3.098s] -- Up-to-date symlink: /home/jsh/robot_ws/install/micro_ros_msgs/share/ament_index/resource_index/parent_prefix_path/micro_ros_msgs
[3.098s] -- Up-to-date symlink: /home/jsh/robot_ws/install/micro_ros_msgs/share/micro_ros_msgs/environment/ament_prefix_path.sh
[3.099s] -- Up-to-date symlink: /home/jsh/robot_ws/install/micro_ros_msgs/share/micro_ros_msgs/environment/ament_prefix_path.dsv
[3.101s] -- Up-to-date symlink: /home/jsh/robot_ws/install/micro_ros_msgs/share/micro_ros_msgs/environment/path.sh
[3.102s] -- Up-to-date symlink: /home/jsh/robot_ws/install/micro_ros_msgs/share/micro_ros_msgs/environment/path.dsv
[3.103s] -- Up-to-date symlink: /home/jsh/robot_ws/install/micro_ros_msgs/share/micro_ros_msgs/local_setup.bash
[3.104s] -- Up-to-date symlink: /home/jsh/robot_ws/install/micro_ros_msgs/share/micro_ros_msgs/local_setup.sh
[3.105s] -- Up-to-date symlink: /home/jsh/robot_ws/install/micro_ros_msgs/share/micro_ros_msgs/local_setup.zsh
[3.105s] -- Up-to-date symlink: /home/jsh/robot_ws/install/micro_ros_msgs/share/micro_ros_msgs/local_setup.dsv
[3.106s] -- Symlinking: /home/jsh/robot_ws/install/micro_ros_msgs/share/micro_ros_msgs/package.dsv
[3.155s] -- Up-to-date symlink: /home/jsh/robot_ws/install/micro_ros_msgs/share/ament_index/resource_index/packages/micro_ros_msgs
[3.156s] -- Up-to-date symlink: /home/jsh/robot_ws/install/micro_ros_msgs/share/micro_ros_msgs/cmake/rosidl_cmake-extras.cmake
[3.157s] -- Up-to-date symlink: /home/jsh/robot_ws/install/micro_ros_msgs/share/micro_ros_msgs/cmake/ament_cmake_export_include_directories-extras.cmake
[3.157s] -- Up-to-date symlink: /home/jsh/robot_ws/install/micro_ros_msgs/share/micro_ros_msgs/cmake/ament_cmake_export_libraries-extras.cmake
[3.158s] -- Up-to-date symlink: /home/jsh/robot_ws/install/micro_ros_msgs/share/micro_ros_msgs/cmake/ament_cmake_export_targets-extras.cmake
[3.160s] -- Up-to-date symlink: /home/jsh/robot_ws/install/micro_ros_msgs/share/micro_ros_msgs/cmake/rosidl_cmake_export_typesupport_targets-extras.cmake
[3.161s] -- Up-to-date symlink: /home/jsh/robot_ws/install/micro_ros_msgs/share/micro_ros_msgs/cmake/ament_cmake_export_dependencies-extras.cmake
[3.162s] -- Up-to-date symlink: /home/jsh/robot_ws/install/micro_ros_msgs/share/micro_ros_msgs/cmake/rosidl_cmake_export_typesupport_libraries-extras.cmake
[3.163s] -- Up-to-date symlink: /home/jsh/robot_ws/install/micro_ros_msgs/share/micro_ros_msgs/cmake/micro_ros_msgsConfig.cmake
[3.164s] -- Up-to-date symlink: /home/jsh/robot_ws/install/micro_ros_msgs/share/micro_ros_msgs/cmake/micro_ros_msgsConfig-version.cmake
[3.165s] -- Up-to-date symlink: /home/jsh/robot_ws/install/micro_ros_msgs/share/micro_ros_msgs/package.xml
[3.165s] -- Up-to-date: /home/jsh/robot_ws/install/micro_ros_msgs/lib/libmicro_ros_msgs__rosidl_generator_c.so
[3.168s] -- Up-to-date: /home/jsh/robot_ws/install/micro_ros_msgs/lib/libmicro_ros_msgs__rosidl_typesupport_fastrtps_c.so
[3.170s] -- Up-to-date: /home/jsh/robot_ws/install/micro_ros_msgs/lib/libmicro_ros_msgs__rosidl_typesupport_introspection_c.so
[3.171s] -- Up-to-date: /home/jsh/robot_ws/install/micro_ros_msgs/lib/libmicro_ros_msgs__rosidl_typesupport_c.so
[3.173s] -- Up-to-date: /home/jsh/robot_ws/install/micro_ros_msgs/lib/libmicro_ros_msgs__rosidl_typesupport_fastrtps_cpp.so
[3.175s] -- Up-to-date: /home/jsh/robot_ws/install/micro_ros_msgs/lib/libmicro_ros_msgs__rosidl_typesupport_introspection_cpp.so
[3.176s] -- Up-to-date: /home/jsh/robot_ws/install/micro_ros_msgs/lib/libmicro_ros_msgs__rosidl_typesupport_cpp.so
[3.355s] Listing '/home/jsh/robot_ws/install/micro_ros_msgs/local/lib/python3.10/dist-packages/micro_ros_msgs'...
[3.355s] Listing '/home/jsh/robot_ws/install/micro_ros_msgs/local/lib/python3.10/dist-packages/micro_ros_msgs/msg'...
[3.379s] -- Up-to-date: /home/jsh/robot_ws/install/micro_ros_msgs/lib/libmicro_ros_msgs__rosidl_generator_py.so
[3.381s] -- Up-to-date: /home/jsh/robot_ws/install/micro_ros_msgs/share/micro_ros_msgs/cmake/export_micro_ros_msgs__rosidl_generator_cExport.cmake
[3.382s] -- Up-to-date: /home/jsh/robot_ws/install/micro_ros_msgs/share/micro_ros_msgs/cmake/export_micro_ros_msgs__rosidl_generator_cExport-noconfig.cmake
[3.383s] -- Up-to-date: /home/jsh/robot_ws/install/micro_ros_msgs/share/micro_ros_msgs/cmake/export_micro_ros_msgs__rosidl_typesupport_fastrtps_cExport.cmake
[3.383s] -- Up-to-date: /home/jsh/robot_ws/install/micro_ros_msgs/share/micro_ros_msgs/cmake/export_micro_ros_msgs__rosidl_typesupport_fastrtps_cExport-noconfig.cmake
[3.384s] -- Up-to-date: /home/jsh/robot_ws/install/micro_ros_msgs/share/micro_ros_msgs/cmake/micro_ros_msgs__rosidl_typesupport_introspection_cExport.cmake
[3.384s] -- Up-to-date: /home/jsh/robot_ws/install/micro_ros_msgs/share/micro_ros_msgs/cmake/micro_ros_msgs__rosidl_typesupport_introspection_cExport-noconfig.cmake
[3.384s] -- Up-to-date: /home/jsh/robot_ws/install/micro_ros_msgs/share/micro_ros_msgs/cmake/micro_ros_msgs__rosidl_typesupport_cExport.cmake
[3.385s] -- Up-to-date: /home/jsh/robot_ws/install/micro_ros_msgs/share/micro_ros_msgs/cmake/micro_ros_msgs__rosidl_typesupport_cExport-noconfig.cmake
[3.385s] -- Up-to-date: /home/jsh/robot_ws/install/micro_ros_msgs/share/micro_ros_msgs/cmake/export_micro_ros_msgs__rosidl_generator_cppExport.cmake
[3.385s] -- Up-to-date: /home/jsh/robot_ws/install/micro_ros_msgs/share/micro_ros_msgs/cmake/export_micro_ros_msgs__rosidl_typesupport_fastrtps_cppExport.cmake
[3.386s] -- Up-to-date: /home/jsh/robot_ws/install/micro_ros_msgs/share/micro_ros_msgs/cmake/export_micro_ros_msgs__rosidl_typesupport_fastrtps_cppExport-noconfig.cmake
[3.387s] -- Up-to-date: /home/jsh/robot_ws/install/micro_ros_msgs/share/micro_ros_msgs/cmake/micro_ros_msgs__rosidl_typesupport_introspection_cppExport.cmake
[3.387s] -- Up-to-date: /home/jsh/robot_ws/install/micro_ros_msgs/share/micro_ros_msgs/cmake/micro_ros_msgs__rosidl_typesupport_introspection_cppExport-noconfig.cmake
[3.388s] -- Up-to-date: /home/jsh/robot_ws/install/micro_ros_msgs/share/micro_ros_msgs/cmake/micro_ros_msgs__rosidl_typesupport_cppExport.cmake
[3.388s] -- Up-to-date: /home/jsh/robot_ws/install/micro_ros_msgs/share/micro_ros_msgs/cmake/micro_ros_msgs__rosidl_typesupport_cppExport-noconfig.cmake
[3.389s] -- Up-to-date: /home/jsh/robot_ws/install/micro_ros_msgs/share/micro_ros_msgs/cmake/export_micro_ros_msgs__rosidl_generator_pyExport.cmake
[3.389s] -- Up-to-date: /home/jsh/robot_ws/install/micro_ros_msgs/share/micro_ros_msgs/cmake/export_micro_ros_msgs__rosidl_generator_pyExport-noconfig.cmake
[3.401s] Invoked command in '/home/jsh/robot_ws/build/micro_ros_msgs' returned '0': CMAKE_PREFIX_PATH=${CMAKE_PREFIX_PATH}:/opt/ros/humble /usr/bin/cmake --install /home/jsh/robot_ws/build/micro_ros_msgs
