[0.470s] DEBUG:colcon:Command line arguments: ['/usr/bin/colcon', 'build', '--symlink-install']
[0.470s] DEBUG:colcon:Parsed command line arguments: Namespace(log_base=None, log_level=None, verb_name='build', build_base='build', install_base='install', merge_install=False, symlink_install=True, test_result_base=None, continue_on_error=False, executor='parallel', parallel_workers=8, event_handlers=None, ignore_user_meta=False, metas=['./colcon.meta'], base_paths=['.'], packages_ignore=None, packages_ignore_regex=None, paths=None, packages_up_to=None, packages_up_to_regex=None, packages_above=None, packages_above_and_dependencies=None, packages_above_depth=None, packages_select_by_dep=None, packages_skip_by_dep=None, packages_skip_up_to=None, packages_select_build_failed=False, packages_skip_build_finished=False, packages_select_test_failures=False, packages_skip_test_passed=False, packages_select=None, packages_skip=None, packages_select_regex=None, packages_skip_regex=None, packages_start=None, packages_end=None, allow_overriding=[], cmake_args=None, cmake_target=None, cmake_target_skip_unavailable=False, cmake_clean_cache=False, cmake_clean_first=False, cmake_force_configure=False, ament_cmake_args=None, catkin_cmake_args=None, catkin_skip_building_tests=False, mixin_files=None, mixin=None, verb_parser=<colcon_mixin.mixin.mixin_argument.MixinArgumentDecorator object at 0x7782948f38b0>, verb_extension=<colcon_core.verb.build.BuildVerb object at 0x7782948f33d0>, main=<bound method BuildVerb.main of <colcon_core.verb.build.BuildVerb object at 0x7782948f33d0>>, mixin_verb=('build',))
[1.173s] Level 1:colcon.colcon_core.package_discovery:discover_packages(colcon_meta) check parameters
[1.173s] Level 1:colcon.colcon_core.package_discovery:discover_packages(recursive) check parameters
[1.173s] Level 1:colcon.colcon_core.package_discovery:discover_packages(ignore) check parameters
[1.173s] Level 1:colcon.colcon_core.package_discovery:discover_packages(path) check parameters
[1.173s] Level 1:colcon.colcon_core.package_discovery:discover_packages(colcon_meta) discover
[1.173s] Level 1:colcon.colcon_core.package_discovery:discover_packages(recursive) discover
[1.174s] INFO:colcon.colcon_core.package_discovery:Crawling recursively for packages in '/home/jsh/robot_ws'
[1.174s] Level 1:colcon.colcon_core.package_identification:_identify(.) by extensions ['ignore', 'ignore_ament_install']
[1.174s] Level 1:colcon.colcon_core.package_identification:_identify(.) by extension 'ignore'
[1.174s] Level 1:colcon.colcon_core.package_identification:_identify(.) by extension 'ignore_ament_install'
[1.175s] Level 1:colcon.colcon_core.package_identification:_identify(.) by extensions ['colcon_pkg']
[1.175s] Level 1:colcon.colcon_core.package_identification:_identify(.) by extension 'colcon_pkg'
[1.175s] Level 1:colcon.colcon_core.package_identification:_identify(.) by extensions ['colcon_meta']
[1.175s] Level 1:colcon.colcon_core.package_identification:_identify(.) by extension 'colcon_meta'
[1.175s] Level 1:colcon.colcon_core.package_identification:_identify(.) by extensions ['ros']
[1.175s] Level 1:colcon.colcon_core.package_identification:_identify(.) by extension 'ros'
[1.210s] Level 1:colcon.colcon_core.package_identification:_identify(.) by extensions ['cmake', 'python']
[1.210s] Level 1:colcon.colcon_core.package_identification:_identify(.) by extension 'cmake'
[1.210s] Level 1:colcon.colcon_core.package_identification:_identify(.) by extension 'python'
[1.210s] Level 1:colcon.colcon_core.package_identification:_identify(.) by extensions ['python_setup_py']
[1.211s] Level 1:colcon.colcon_core.package_identification:_identify(.) by extension 'python_setup_py'
[1.211s] Level 1:colcon.colcon_core.package_identification:_identify(build) by extensions ['ignore', 'ignore_ament_install']
[1.211s] Level 1:colcon.colcon_core.package_identification:_identify(build) by extension 'ignore'
[1.211s] Level 1:colcon.colcon_core.package_identification:_identify(build) ignored
[1.212s] Level 1:colcon.colcon_core.package_identification:_identify(install) by extensions ['ignore', 'ignore_ament_install']
[1.212s] Level 1:colcon.colcon_core.package_identification:_identify(install) by extension 'ignore'
[1.212s] Level 1:colcon.colcon_core.package_identification:_identify(install) ignored
[1.213s] Level 1:colcon.colcon_core.package_identification:_identify(log) by extensions ['ignore', 'ignore_ament_install']
[1.213s] Level 1:colcon.colcon_core.package_identification:_identify(log) by extension 'ignore'
[1.213s] Level 1:colcon.colcon_core.package_identification:_identify(log) ignored
[1.213s] Level 1:colcon.colcon_core.package_identification:_identify(src) by extensions ['ignore', 'ignore_ament_install']
[1.213s] Level 1:colcon.colcon_core.package_identification:_identify(src) by extension 'ignore'
[1.214s] Level 1:colcon.colcon_core.package_identification:_identify(src) by extension 'ignore_ament_install'
[1.214s] Level 1:colcon.colcon_core.package_identification:_identify(src) by extensions ['colcon_pkg']
[1.214s] Level 1:colcon.colcon_core.package_identification:_identify(src) by extension 'colcon_pkg'
[1.214s] Level 1:colcon.colcon_core.package_identification:_identify(src) by extensions ['colcon_meta']
[1.214s] Level 1:colcon.colcon_core.package_identification:_identify(src) by extension 'colcon_meta'
[1.214s] Level 1:colcon.colcon_core.package_identification:_identify(src) by extensions ['ros']
[1.214s] Level 1:colcon.colcon_core.package_identification:_identify(src) by extension 'ros'
[1.215s] Level 1:colcon.colcon_core.package_identification:_identify(src) by extensions ['cmake', 'python']
[1.215s] Level 1:colcon.colcon_core.package_identification:_identify(src) by extension 'cmake'
[1.215s] Level 1:colcon.colcon_core.package_identification:_identify(src) by extension 'python'
[1.215s] Level 1:colcon.colcon_core.package_identification:_identify(src) by extensions ['python_setup_py']
[1.215s] Level 1:colcon.colcon_core.package_identification:_identify(src) by extension 'python_setup_py'
[1.216s] Level 1:colcon.colcon_core.package_identification:_identify(src/micro_ros_setup) by extensions ['ignore', 'ignore_ament_install']
[1.216s] Level 1:colcon.colcon_core.package_identification:_identify(src/micro_ros_setup) by extension 'ignore'
[1.216s] Level 1:colcon.colcon_core.package_identification:_identify(src/micro_ros_setup) by extension 'ignore_ament_install'
[1.216s] Level 1:colcon.colcon_core.package_identification:_identify(src/micro_ros_setup) by extensions ['colcon_pkg']
[1.216s] Level 1:colcon.colcon_core.package_identification:_identify(src/micro_ros_setup) by extension 'colcon_pkg'
[1.216s] Level 1:colcon.colcon_core.package_identification:_identify(src/micro_ros_setup) by extensions ['colcon_meta']
[1.217s] Level 1:colcon.colcon_core.package_identification:_identify(src/micro_ros_setup) by extension 'colcon_meta'
[1.217s] Level 1:colcon.colcon_core.package_identification:_identify(src/micro_ros_setup) by extensions ['ros']
[1.217s] Level 1:colcon.colcon_core.package_identification:_identify(src/micro_ros_setup) by extension 'ros'
[1.225s] DEBUG:colcon.colcon_core.package_identification:Package 'src/micro_ros_setup' with type 'ros.ament_cmake' and name 'micro_ros_setup'
[1.225s] Level 1:colcon.colcon_core.package_identification:_identify(src/multi_robot_arm) by extensions ['ignore', 'ignore_ament_install']
[1.226s] Level 1:colcon.colcon_core.package_identification:_identify(src/multi_robot_arm) by extension 'ignore'
[1.226s] Level 1:colcon.colcon_core.package_identification:_identify(src/multi_robot_arm) by extension 'ignore_ament_install'
[1.226s] Level 1:colcon.colcon_core.package_identification:_identify(src/multi_robot_arm) by extensions ['colcon_pkg']
[1.226s] Level 1:colcon.colcon_core.package_identification:_identify(src/multi_robot_arm) by extension 'colcon_pkg'
[1.226s] Level 1:colcon.colcon_core.package_identification:_identify(src/multi_robot_arm) by extensions ['colcon_meta']
[1.226s] Level 1:colcon.colcon_core.package_identification:_identify(src/multi_robot_arm) by extension 'colcon_meta'
[1.227s] Level 1:colcon.colcon_core.package_identification:_identify(src/multi_robot_arm) by extensions ['ros']
[1.227s] Level 1:colcon.colcon_core.package_identification:_identify(src/multi_robot_arm) by extension 'ros'
[1.229s] DEBUG:colcon.colcon_core.package_identification:Package 'src/multi_robot_arm' with type 'ros.ament_cmake' and name 'multi_robot_arm'
[1.230s] Level 1:colcon.colcon_core.package_identification:_identify(src/pymoveit2) by extensions ['ignore', 'ignore_ament_install']
[1.230s] Level 1:colcon.colcon_core.package_identification:_identify(src/pymoveit2) by extension 'ignore'
[1.230s] Level 1:colcon.colcon_core.package_identification:_identify(src/pymoveit2) by extension 'ignore_ament_install'
[1.230s] Level 1:colcon.colcon_core.package_identification:_identify(src/pymoveit2) by extensions ['colcon_pkg']
[1.230s] Level 1:colcon.colcon_core.package_identification:_identify(src/pymoveit2) by extension 'colcon_pkg'
[1.231s] Level 1:colcon.colcon_core.package_identification:_identify(src/pymoveit2) by extensions ['colcon_meta']
[1.231s] Level 1:colcon.colcon_core.package_identification:_identify(src/pymoveit2) by extension 'colcon_meta'
[1.231s] Level 1:colcon.colcon_core.package_identification:_identify(src/pymoveit2) by extensions ['ros']
[1.231s] Level 1:colcon.colcon_core.package_identification:_identify(src/pymoveit2) by extension 'ros'
[1.235s] DEBUG:colcon.colcon_core.package_identification:Package 'src/pymoveit2' with type 'ros.ament_cmake' and name 'pymoveit2'
[1.236s] Level 1:colcon.colcon_core.package_identification:_identify(src/uros) by extensions ['ignore', 'ignore_ament_install']
[1.236s] Level 1:colcon.colcon_core.package_identification:_identify(src/uros) by extension 'ignore'
[1.236s] Level 1:colcon.colcon_core.package_identification:_identify(src/uros) by extension 'ignore_ament_install'
[1.236s] Level 1:colcon.colcon_core.package_identification:_identify(src/uros) by extensions ['colcon_pkg']
[1.236s] Level 1:colcon.colcon_core.package_identification:_identify(src/uros) by extension 'colcon_pkg'
[1.237s] Level 1:colcon.colcon_core.package_identification:_identify(src/uros) by extensions ['colcon_meta']
[1.237s] Level 1:colcon.colcon_core.package_identification:_identify(src/uros) by extension 'colcon_meta'
[1.237s] Level 1:colcon.colcon_core.package_identification:_identify(src/uros) by extensions ['ros']
[1.237s] Level 1:colcon.colcon_core.package_identification:_identify(src/uros) by extension 'ros'
[1.237s] Level 1:colcon.colcon_core.package_identification:_identify(src/uros) by extensions ['cmake', 'python']
[1.237s] Level 1:colcon.colcon_core.package_identification:_identify(src/uros) by extension 'cmake'
[1.238s] Level 1:colcon.colcon_core.package_identification:_identify(src/uros) by extension 'python'
[1.238s] Level 1:colcon.colcon_core.package_identification:_identify(src/uros) by extensions ['python_setup_py']
[1.238s] Level 1:colcon.colcon_core.package_identification:_identify(src/uros) by extension 'python_setup_py'
[1.238s] Level 1:colcon.colcon_core.package_identification:_identify(src/uros/micro-ROS-Agent) by extensions ['ignore', 'ignore_ament_install']
[1.238s] Level 1:colcon.colcon_core.package_identification:_identify(src/uros/micro-ROS-Agent) by extension 'ignore'
[1.239s] Level 1:colcon.colcon_core.package_identification:_identify(src/uros/micro-ROS-Agent) by extension 'ignore_ament_install'
[1.239s] Level 1:colcon.colcon_core.package_identification:_identify(src/uros/micro-ROS-Agent) by extensions ['colcon_pkg']
[1.239s] Level 1:colcon.colcon_core.package_identification:_identify(src/uros/micro-ROS-Agent) by extension 'colcon_pkg'
[1.239s] Level 1:colcon.colcon_core.package_identification:_identify(src/uros/micro-ROS-Agent) by extensions ['colcon_meta']
[1.239s] Level 1:colcon.colcon_core.package_identification:_identify(src/uros/micro-ROS-Agent) by extension 'colcon_meta'
[1.239s] Level 1:colcon.colcon_core.package_identification:_identify(src/uros/micro-ROS-Agent) by extensions ['ros']
[1.239s] Level 1:colcon.colcon_core.package_identification:_identify(src/uros/micro-ROS-Agent) by extension 'ros'
[1.240s] Level 1:colcon.colcon_core.package_identification:_identify(src/uros/micro-ROS-Agent) by extensions ['cmake', 'python']
[1.240s] Level 1:colcon.colcon_core.package_identification:_identify(src/uros/micro-ROS-Agent) by extension 'cmake'
[1.240s] Level 1:colcon.colcon_core.package_identification:_identify(src/uros/micro-ROS-Agent) by extension 'python'
[1.240s] Level 1:colcon.colcon_core.package_identification:_identify(src/uros/micro-ROS-Agent) by extensions ['python_setup_py']
[1.240s] Level 1:colcon.colcon_core.package_identification:_identify(src/uros/micro-ROS-Agent) by extension 'python_setup_py'
[1.241s] Level 1:colcon.colcon_core.package_identification:_identify(src/uros/micro-ROS-Agent/micro_ros_agent) by extensions ['ignore', 'ignore_ament_install']
[1.241s] Level 1:colcon.colcon_core.package_identification:_identify(src/uros/micro-ROS-Agent/micro_ros_agent) by extension 'ignore'
[1.241s] Level 1:colcon.colcon_core.package_identification:_identify(src/uros/micro-ROS-Agent/micro_ros_agent) by extension 'ignore_ament_install'
[1.241s] Level 1:colcon.colcon_core.package_identification:_identify(src/uros/micro-ROS-Agent/micro_ros_agent) by extensions ['colcon_pkg']
[1.241s] Level 1:colcon.colcon_core.package_identification:_identify(src/uros/micro-ROS-Agent/micro_ros_agent) by extension 'colcon_pkg'
[1.241s] Level 1:colcon.colcon_core.package_identification:_identify(src/uros/micro-ROS-Agent/micro_ros_agent) by extensions ['colcon_meta']
[1.242s] Level 1:colcon.colcon_core.package_identification:_identify(src/uros/micro-ROS-Agent/micro_ros_agent) by extension 'colcon_meta'
[1.242s] Level 1:colcon.colcon_core.package_identification:_identify(src/uros/micro-ROS-Agent/micro_ros_agent) by extensions ['ros']
[1.242s] Level 1:colcon.colcon_core.package_identification:_identify(src/uros/micro-ROS-Agent/micro_ros_agent) by extension 'ros'
[1.244s] DEBUG:colcon.colcon_core.package_identification:Package 'src/uros/micro-ROS-Agent/micro_ros_agent' with type 'ros.ament_cmake' and name 'micro_ros_agent'
[1.245s] Level 1:colcon.colcon_core.package_identification:_identify(src/uros/micro-ROS-Agent/snap) by extensions ['ignore', 'ignore_ament_install']
[1.245s] Level 1:colcon.colcon_core.package_identification:_identify(src/uros/micro-ROS-Agent/snap) by extension 'ignore'
[1.245s] Level 1:colcon.colcon_core.package_identification:_identify(src/uros/micro-ROS-Agent/snap) by extension 'ignore_ament_install'
[1.245s] Level 1:colcon.colcon_core.package_identification:_identify(src/uros/micro-ROS-Agent/snap) by extensions ['colcon_pkg']
[1.246s] Level 1:colcon.colcon_core.package_identification:_identify(src/uros/micro-ROS-Agent/snap) by extension 'colcon_pkg'
[1.246s] Level 1:colcon.colcon_core.package_identification:_identify(src/uros/micro-ROS-Agent/snap) by extensions ['colcon_meta']
[1.246s] Level 1:colcon.colcon_core.package_identification:_identify(src/uros/micro-ROS-Agent/snap) by extension 'colcon_meta'
[1.246s] Level 1:colcon.colcon_core.package_identification:_identify(src/uros/micro-ROS-Agent/snap) by extensions ['ros']
[1.246s] Level 1:colcon.colcon_core.package_identification:_identify(src/uros/micro-ROS-Agent/snap) by extension 'ros'
[1.246s] Level 1:colcon.colcon_core.package_identification:_identify(src/uros/micro-ROS-Agent/snap) by extensions ['cmake', 'python']
[1.246s] Level 1:colcon.colcon_core.package_identification:_identify(src/uros/micro-ROS-Agent/snap) by extension 'cmake'
[1.247s] Level 1:colcon.colcon_core.package_identification:_identify(src/uros/micro-ROS-Agent/snap) by extension 'python'
[1.247s] Level 1:colcon.colcon_core.package_identification:_identify(src/uros/micro-ROS-Agent/snap) by extensions ['python_setup_py']
[1.247s] Level 1:colcon.colcon_core.package_identification:_identify(src/uros/micro-ROS-Agent/snap) by extension 'python_setup_py'
[1.247s] Level 1:colcon.colcon_core.package_identification:_identify(src/uros/micro-ROS-Agent/snap/hooks) by extensions ['ignore', 'ignore_ament_install']
[1.247s] Level 1:colcon.colcon_core.package_identification:_identify(src/uros/micro-ROS-Agent/snap/hooks) by extension 'ignore'
[1.248s] Level 1:colcon.colcon_core.package_identification:_identify(src/uros/micro-ROS-Agent/snap/hooks) by extension 'ignore_ament_install'
[1.248s] Level 1:colcon.colcon_core.package_identification:_identify(src/uros/micro-ROS-Agent/snap/hooks) by extensions ['colcon_pkg']
[1.248s] Level 1:colcon.colcon_core.package_identification:_identify(src/uros/micro-ROS-Agent/snap/hooks) by extension 'colcon_pkg'
[1.248s] Level 1:colcon.colcon_core.package_identification:_identify(src/uros/micro-ROS-Agent/snap/hooks) by extensions ['colcon_meta']
[1.248s] Level 1:colcon.colcon_core.package_identification:_identify(src/uros/micro-ROS-Agent/snap/hooks) by extension 'colcon_meta'
[1.248s] Level 1:colcon.colcon_core.package_identification:_identify(src/uros/micro-ROS-Agent/snap/hooks) by extensions ['ros']
[1.249s] Level 1:colcon.colcon_core.package_identification:_identify(src/uros/micro-ROS-Agent/snap/hooks) by extension 'ros'
[1.249s] Level 1:colcon.colcon_core.package_identification:_identify(src/uros/micro-ROS-Agent/snap/hooks) by extensions ['cmake', 'python']
[1.249s] Level 1:colcon.colcon_core.package_identification:_identify(src/uros/micro-ROS-Agent/snap/hooks) by extension 'cmake'
[1.249s] Level 1:colcon.colcon_core.package_identification:_identify(src/uros/micro-ROS-Agent/snap/hooks) by extension 'python'
[1.249s] Level 1:colcon.colcon_core.package_identification:_identify(src/uros/micro-ROS-Agent/snap/hooks) by extensions ['python_setup_py']
[1.249s] Level 1:colcon.colcon_core.package_identification:_identify(src/uros/micro-ROS-Agent/snap/hooks) by extension 'python_setup_py'
[1.250s] Level 1:colcon.colcon_core.package_identification:_identify(src/uros/micro-ROS-Agent/snap/local) by extensions ['ignore', 'ignore_ament_install']
[1.250s] Level 1:colcon.colcon_core.package_identification:_identify(src/uros/micro-ROS-Agent/snap/local) by extension 'ignore'
[1.250s] Level 1:colcon.colcon_core.package_identification:_identify(src/uros/micro-ROS-Agent/snap/local) by extension 'ignore_ament_install'
[1.250s] Level 1:colcon.colcon_core.package_identification:_identify(src/uros/micro-ROS-Agent/snap/local) by extensions ['colcon_pkg']
[1.250s] Level 1:colcon.colcon_core.package_identification:_identify(src/uros/micro-ROS-Agent/snap/local) by extension 'colcon_pkg'
[1.251s] Level 1:colcon.colcon_core.package_identification:_identify(src/uros/micro-ROS-Agent/snap/local) by extensions ['colcon_meta']
[1.251s] Level 1:colcon.colcon_core.package_identification:_identify(src/uros/micro-ROS-Agent/snap/local) by extension 'colcon_meta'
[1.251s] Level 1:colcon.colcon_core.package_identification:_identify(src/uros/micro-ROS-Agent/snap/local) by extensions ['ros']
[1.251s] Level 1:colcon.colcon_core.package_identification:_identify(src/uros/micro-ROS-Agent/snap/local) by extension 'ros'
[1.251s] Level 1:colcon.colcon_core.package_identification:_identify(src/uros/micro-ROS-Agent/snap/local) by extensions ['cmake', 'python']
[1.251s] Level 1:colcon.colcon_core.package_identification:_identify(src/uros/micro-ROS-Agent/snap/local) by extension 'cmake'
[1.251s] Level 1:colcon.colcon_core.package_identification:_identify(src/uros/micro-ROS-Agent/snap/local) by extension 'python'
[1.252s] Level 1:colcon.colcon_core.package_identification:_identify(src/uros/micro-ROS-Agent/snap/local) by extensions ['python_setup_py']
[1.252s] Level 1:colcon.colcon_core.package_identification:_identify(src/uros/micro-ROS-Agent/snap/local) by extension 'python_setup_py'
[1.252s] Level 1:colcon.colcon_core.package_identification:_identify(src/uros/micro_ros_msgs) by extensions ['ignore', 'ignore_ament_install']
[1.252s] Level 1:colcon.colcon_core.package_identification:_identify(src/uros/micro_ros_msgs) by extension 'ignore'
[1.252s] Level 1:colcon.colcon_core.package_identification:_identify(src/uros/micro_ros_msgs) by extension 'ignore_ament_install'
[1.253s] Level 1:colcon.colcon_core.package_identification:_identify(src/uros/micro_ros_msgs) by extensions ['colcon_pkg']
[1.253s] Level 1:colcon.colcon_core.package_identification:_identify(src/uros/micro_ros_msgs) by extension 'colcon_pkg'
[1.253s] Level 1:colcon.colcon_core.package_identification:_identify(src/uros/micro_ros_msgs) by extensions ['colcon_meta']
[1.253s] Level 1:colcon.colcon_core.package_identification:_identify(src/uros/micro_ros_msgs) by extension 'colcon_meta'
[1.253s] Level 1:colcon.colcon_core.package_identification:_identify(src/uros/micro_ros_msgs) by extensions ['ros']
[1.253s] Level 1:colcon.colcon_core.package_identification:_identify(src/uros/micro_ros_msgs) by extension 'ros'
[1.255s] DEBUG:colcon.colcon_core.package_identification:Package 'src/uros/micro_ros_msgs' with type 'ros.ament_cmake' and name 'micro_ros_msgs'
[1.255s] Level 1:colcon.colcon_core.package_discovery:discover_packages(recursive) using defaults
[1.255s] Level 1:colcon.colcon_core.package_discovery:discover_packages(ignore) discover
[1.255s] Level 1:colcon.colcon_core.package_discovery:discover_packages(ignore) using defaults
[1.255s] Level 1:colcon.colcon_core.package_discovery:discover_packages(path) discover
[1.255s] Level 1:colcon.colcon_core.package_discovery:discover_packages(path) using defaults
[1.350s] Level 1:colcon.colcon_core.package_discovery:discover_packages(prefix_path) check parameters
[1.350s] Level 1:colcon.colcon_core.package_discovery:discover_packages(prefix_path) discover
[1.356s] DEBUG:colcon.colcon_installed_package_information.package_discovery:Found 5 installed packages in /home/jsh/robot_ws/install
[1.364s] DEBUG:colcon.colcon_installed_package_information.package_discovery:Found 428 installed packages in /opt/ros/humble
[1.372s] Level 1:colcon.colcon_core.package_discovery:discover_packages(prefix_path) using defaults
[1.663s] Level 5:colcon.colcon_core.verb:set package 'micro_ros_msgs' build argument 'cmake_args' from command line to 'None'
[1.663s] Level 5:colcon.colcon_core.verb:set package 'micro_ros_msgs' build argument 'cmake_target' from command line to 'None'
[1.663s] Level 5:colcon.colcon_core.verb:set package 'micro_ros_msgs' build argument 'cmake_target_skip_unavailable' from command line to 'False'
[1.663s] Level 5:colcon.colcon_core.verb:set package 'micro_ros_msgs' build argument 'cmake_clean_cache' from command line to 'False'
[1.663s] Level 5:colcon.colcon_core.verb:set package 'micro_ros_msgs' build argument 'cmake_clean_first' from command line to 'False'
[1.664s] Level 5:colcon.colcon_core.verb:set package 'micro_ros_msgs' build argument 'cmake_force_configure' from command line to 'False'
[1.664s] Level 5:colcon.colcon_core.verb:set package 'micro_ros_msgs' build argument 'ament_cmake_args' from command line to 'None'
[1.664s] Level 5:colcon.colcon_core.verb:set package 'micro_ros_msgs' build argument 'catkin_cmake_args' from command line to 'None'
[1.664s] Level 5:colcon.colcon_core.verb:set package 'micro_ros_msgs' build argument 'catkin_skip_building_tests' from command line to 'False'
[1.664s] DEBUG:colcon.colcon_core.verb:Building package 'micro_ros_msgs' with the following arguments: {'ament_cmake_args': None, 'build_base': '/home/jsh/robot_ws/build/micro_ros_msgs', 'catkin_cmake_args': None, 'catkin_skip_building_tests': False, 'cmake_args': None, 'cmake_clean_cache': False, 'cmake_clean_first': False, 'cmake_force_configure': False, 'cmake_target': None, 'cmake_target_skip_unavailable': False, 'install_base': '/home/jsh/robot_ws/install/micro_ros_msgs', 'merge_install': False, 'path': '/home/jsh/robot_ws/src/uros/micro_ros_msgs', 'symlink_install': True, 'test_result_base': None}
[1.667s] Level 5:colcon.colcon_core.verb:set package 'micro_ros_setup' build argument 'cmake_args' from command line to 'None'
[1.667s] Level 5:colcon.colcon_core.verb:set package 'micro_ros_setup' build argument 'cmake_target' from command line to 'None'
[1.667s] Level 5:colcon.colcon_core.verb:set package 'micro_ros_setup' build argument 'cmake_target_skip_unavailable' from command line to 'False'
[1.667s] Level 5:colcon.colcon_core.verb:set package 'micro_ros_setup' build argument 'cmake_clean_cache' from command line to 'False'
[1.667s] Level 5:colcon.colcon_core.verb:set package 'micro_ros_setup' build argument 'cmake_clean_first' from command line to 'False'
[1.667s] Level 5:colcon.colcon_core.verb:set package 'micro_ros_setup' build argument 'cmake_force_configure' from command line to 'False'
[1.668s] Level 5:colcon.colcon_core.verb:set package 'micro_ros_setup' build argument 'ament_cmake_args' from command line to 'None'
[1.668s] Level 5:colcon.colcon_core.verb:set package 'micro_ros_setup' build argument 'catkin_cmake_args' from command line to 'None'
[1.668s] Level 5:colcon.colcon_core.verb:set package 'micro_ros_setup' build argument 'catkin_skip_building_tests' from command line to 'False'
[1.668s] DEBUG:colcon.colcon_core.verb:Building package 'micro_ros_setup' with the following arguments: {'ament_cmake_args': None, 'build_base': '/home/jsh/robot_ws/build/micro_ros_setup', 'catkin_cmake_args': None, 'catkin_skip_building_tests': False, 'cmake_args': None, 'cmake_clean_cache': False, 'cmake_clean_first': False, 'cmake_force_configure': False, 'cmake_target': None, 'cmake_target_skip_unavailable': False, 'install_base': '/home/jsh/robot_ws/install/micro_ros_setup', 'merge_install': False, 'path': '/home/jsh/robot_ws/src/micro_ros_setup', 'symlink_install': True, 'test_result_base': None}
[1.670s] Level 5:colcon.colcon_core.verb:set package 'multi_robot_arm' build argument 'cmake_args' from command line to 'None'
[1.670s] Level 5:colcon.colcon_core.verb:set package 'multi_robot_arm' build argument 'cmake_target' from command line to 'None'
[1.670s] Level 5:colcon.colcon_core.verb:set package 'multi_robot_arm' build argument 'cmake_target_skip_unavailable' from command line to 'False'
[1.670s] Level 5:colcon.colcon_core.verb:set package 'multi_robot_arm' build argument 'cmake_clean_cache' from command line to 'False'
[1.670s] Level 5:colcon.colcon_core.verb:set package 'multi_robot_arm' build argument 'cmake_clean_first' from command line to 'False'
[1.670s] Level 5:colcon.colcon_core.verb:set package 'multi_robot_arm' build argument 'cmake_force_configure' from command line to 'False'
[1.671s] Level 5:colcon.colcon_core.verb:set package 'multi_robot_arm' build argument 'ament_cmake_args' from command line to 'None'
[1.671s] Level 5:colcon.colcon_core.verb:set package 'multi_robot_arm' build argument 'catkin_cmake_args' from command line to 'None'
[1.671s] Level 5:colcon.colcon_core.verb:set package 'multi_robot_arm' build argument 'catkin_skip_building_tests' from command line to 'False'
[1.671s] DEBUG:colcon.colcon_core.verb:Building package 'multi_robot_arm' with the following arguments: {'ament_cmake_args': None, 'build_base': '/home/jsh/robot_ws/build/multi_robot_arm', 'catkin_cmake_args': None, 'catkin_skip_building_tests': False, 'cmake_args': None, 'cmake_clean_cache': False, 'cmake_clean_first': False, 'cmake_force_configure': False, 'cmake_target': None, 'cmake_target_skip_unavailable': False, 'install_base': '/home/jsh/robot_ws/install/multi_robot_arm', 'merge_install': False, 'path': '/home/jsh/robot_ws/src/multi_robot_arm', 'symlink_install': True, 'test_result_base': None}
[1.672s] Level 5:colcon.colcon_core.verb:set package 'pymoveit2' build argument 'cmake_args' from command line to 'None'
[1.672s] Level 5:colcon.colcon_core.verb:set package 'pymoveit2' build argument 'cmake_target' from command line to 'None'
[1.673s] Level 5:colcon.colcon_core.verb:set package 'pymoveit2' build argument 'cmake_target_skip_unavailable' from command line to 'False'
[1.673s] Level 5:colcon.colcon_core.verb:set package 'pymoveit2' build argument 'cmake_clean_cache' from command line to 'False'
[1.673s] Level 5:colcon.colcon_core.verb:set package 'pymoveit2' build argument 'cmake_clean_first' from command line to 'False'
[1.673s] Level 5:colcon.colcon_core.verb:set package 'pymoveit2' build argument 'cmake_force_configure' from command line to 'False'
[1.673s] Level 5:colcon.colcon_core.verb:set package 'pymoveit2' build argument 'ament_cmake_args' from command line to 'None'
[1.673s] Level 5:colcon.colcon_core.verb:set package 'pymoveit2' build argument 'catkin_cmake_args' from command line to 'None'
[1.673s] Level 5:colcon.colcon_core.verb:set package 'pymoveit2' build argument 'catkin_skip_building_tests' from command line to 'False'
[1.673s] DEBUG:colcon.colcon_core.verb:Building package 'pymoveit2' with the following arguments: {'ament_cmake_args': None, 'build_base': '/home/jsh/robot_ws/build/pymoveit2', 'catkin_cmake_args': None, 'catkin_skip_building_tests': False, 'cmake_args': None, 'cmake_clean_cache': False, 'cmake_clean_first': False, 'cmake_force_configure': False, 'cmake_target': None, 'cmake_target_skip_unavailable': False, 'install_base': '/home/jsh/robot_ws/install/pymoveit2', 'merge_install': False, 'path': '/home/jsh/robot_ws/src/pymoveit2', 'symlink_install': True, 'test_result_base': None}
[1.675s] Level 5:colcon.colcon_core.verb:set package 'micro_ros_agent' build argument 'cmake_args' from command line to 'None'
[1.675s] Level 5:colcon.colcon_core.verb:set package 'micro_ros_agent' build argument 'cmake_target' from command line to 'None'
[1.675s] Level 5:colcon.colcon_core.verb:set package 'micro_ros_agent' build argument 'cmake_target_skip_unavailable' from command line to 'False'
[1.675s] Level 5:colcon.colcon_core.verb:set package 'micro_ros_agent' build argument 'cmake_clean_cache' from command line to 'False'
[1.675s] Level 5:colcon.colcon_core.verb:set package 'micro_ros_agent' build argument 'cmake_clean_first' from command line to 'False'
[1.675s] Level 5:colcon.colcon_core.verb:set package 'micro_ros_agent' build argument 'cmake_force_configure' from command line to 'False'
[1.675s] Level 5:colcon.colcon_core.verb:set package 'micro_ros_agent' build argument 'ament_cmake_args' from command line to 'None'
[1.676s] Level 5:colcon.colcon_core.verb:set package 'micro_ros_agent' build argument 'catkin_cmake_args' from command line to 'None'
[1.676s] Level 5:colcon.colcon_core.verb:set package 'micro_ros_agent' build argument 'catkin_skip_building_tests' from command line to 'False'
[1.676s] DEBUG:colcon.colcon_core.verb:Building package 'micro_ros_agent' with the following arguments: {'ament_cmake_args': None, 'build_base': '/home/jsh/robot_ws/build/micro_ros_agent', 'catkin_cmake_args': None, 'catkin_skip_building_tests': False, 'cmake_args': None, 'cmake_clean_cache': False, 'cmake_clean_first': False, 'cmake_force_configure': False, 'cmake_target': None, 'cmake_target_skip_unavailable': False, 'install_base': '/home/jsh/robot_ws/install/micro_ros_agent', 'merge_install': False, 'path': '/home/jsh/robot_ws/src/uros/micro-ROS-Agent/micro_ros_agent', 'symlink_install': True, 'test_result_base': None}
[1.676s] INFO:colcon.colcon_core.executor:Executing jobs using 'parallel' executor
[1.680s] DEBUG:colcon.colcon_parallel_executor.executor.parallel:run_until_complete
[1.681s] INFO:colcon.colcon_ros.task.ament_cmake.build:Building ROS package in '/home/jsh/robot_ws/src/uros/micro_ros_msgs' with build type 'ament_cmake'
[1.682s] INFO:colcon.colcon_cmake.task.cmake.build:Building CMake package in '/home/jsh/robot_ws/src/uros/micro_ros_msgs'
[1.691s] INFO:colcon.colcon_core.plugin_system:Skipping extension 'colcon_core.shell.bat': Not used on non-Windows systems
[1.692s] INFO:colcon.colcon_core.shell:Skip shell extension 'powershell' for command environment: Not usable outside of PowerShell
[1.692s] DEBUG:colcon.colcon_core.shell:Skip shell extension 'dsv' for command environment
[1.709s] INFO:colcon.colcon_ros.task.ament_cmake.build:Building ROS package in '/home/jsh/robot_ws/src/micro_ros_setup' with build type 'ament_cmake'
[1.710s] INFO:colcon.colcon_cmake.task.cmake.build:Building CMake package in '/home/jsh/robot_ws/src/micro_ros_setup'
[1.711s] INFO:colcon.colcon_core.shell:Skip shell extension 'powershell' for command environment: Not usable outside of PowerShell
[1.711s] DEBUG:colcon.colcon_core.shell:Skip shell extension 'dsv' for command environment
[1.732s] INFO:colcon.colcon_ros.task.ament_cmake.build:Building ROS package in '/home/jsh/robot_ws/src/multi_robot_arm' with build type 'ament_cmake'
[1.733s] INFO:colcon.colcon_cmake.task.cmake.build:Building CMake package in '/home/jsh/robot_ws/src/multi_robot_arm'
[1.736s] INFO:colcon.colcon_core.shell:Skip shell extension 'powershell' for command environment: Not usable outside of PowerShell
[1.736s] DEBUG:colcon.colcon_core.shell:Skip shell extension 'dsv' for command environment
[1.756s] INFO:colcon.colcon_ros.task.ament_cmake.build:Building ROS package in '/home/jsh/robot_ws/src/pymoveit2' with build type 'ament_cmake'
[1.756s] INFO:colcon.colcon_cmake.task.cmake.build:Building CMake package in '/home/jsh/robot_ws/src/pymoveit2'
[1.757s] INFO:colcon.colcon_core.shell:Skip shell extension 'powershell' for command environment: Not usable outside of PowerShell
[1.757s] DEBUG:colcon.colcon_core.shell:Skip shell extension 'dsv' for command environment
[1.821s] DEBUG:colcon.colcon_core.event_handler.log_command:Invoking command in '/home/jsh/robot_ws/build/micro_ros_msgs': CMAKE_PREFIX_PATH=${CMAKE_PREFIX_PATH}:/opt/ros/humble /usr/bin/cmake --build /home/jsh/robot_ws/build/micro_ros_msgs -- -j8 -l8
[1.837s] DEBUG:colcon.colcon_core.event_handler.log_command:Invoking command in '/home/jsh/robot_ws/build/micro_ros_setup': CMAKE_PREFIX_PATH=${CMAKE_PREFIX_PATH}:/opt/ros/humble /usr/bin/cmake --build /home/jsh/robot_ws/build/micro_ros_setup -- -j8 -l8
[1.862s] DEBUG:colcon.colcon_core.event_handler.log_command:Invoking command in '/home/jsh/robot_ws/build/multi_robot_arm': CMAKE_PREFIX_PATH=${CMAKE_PREFIX_PATH}:/opt/ros/humble /usr/bin/cmake --build /home/jsh/robot_ws/build/multi_robot_arm -- -j8 -l8
[1.895s] DEBUG:colcon.colcon_core.event_handler.log_command:Invoking command in '/home/jsh/robot_ws/build/pymoveit2': CMAKE_PREFIX_PATH=${CMAKE_PREFIX_PATH}:/opt/ros/humble /usr/bin/cmake --build /home/jsh/robot_ws/build/pymoveit2 -- -j8 -l8
[2.060s] DEBUG:colcon.colcon_core.event_handler.log_command:Invoked command in '/home/jsh/robot_ws/build/micro_ros_setup' returned '0': CMAKE_PREFIX_PATH=${CMAKE_PREFIX_PATH}:/opt/ros/humble /usr/bin/cmake --build /home/jsh/robot_ws/build/micro_ros_setup -- -j8 -l8
[2.113s] DEBUG:colcon.colcon_core.event_handler.log_command:Invoked command in '/home/jsh/robot_ws/build/multi_robot_arm' returned '0': CMAKE_PREFIX_PATH=${CMAKE_PREFIX_PATH}:/opt/ros/humble /usr/bin/cmake --build /home/jsh/robot_ws/build/multi_robot_arm -- -j8 -l8
[2.281s] DEBUG:colcon.colcon_core.event_handler.log_command:Invoking command in '/home/jsh/robot_ws/build/micro_ros_setup': CMAKE_PREFIX_PATH=${CMAKE_PREFIX_PATH}:/opt/ros/humble /usr/bin/cmake --install /home/jsh/robot_ws/build/micro_ros_setup
[2.363s] DEBUG:colcon.colcon_core.event_handler.log_command:Invoking command in '/home/jsh/robot_ws/build/multi_robot_arm': CMAKE_PREFIX_PATH=${CMAKE_PREFIX_PATH}:/opt/ros/humble /usr/bin/cmake --install /home/jsh/robot_ws/build/multi_robot_arm
[2.456s] Level 1:colcon.colcon_core.environment:create_environment_scripts_only(micro_ros_setup)
[2.521s] Level 1:colcon.colcon_core.environment:checking '/home/jsh/robot_ws/install/micro_ros_setup' for CMake module files
[2.542s] Level 1:colcon.colcon_core.environment:checking '/home/jsh/robot_ws/install/micro_ros_setup' for CMake config files
[2.558s] Level 1:colcon.colcon_core.shell:create_environment_hook('micro_ros_setup', 'cmake_prefix_path')
[2.560s] INFO:colcon.colcon_core.shell:Creating environment hook '/home/jsh/robot_ws/install/micro_ros_setup/share/micro_ros_setup/hook/cmake_prefix_path.ps1'
[2.564s] INFO:colcon.colcon_core.shell:Creating environment descriptor '/home/jsh/robot_ws/install/micro_ros_setup/share/micro_ros_setup/hook/cmake_prefix_path.dsv'
[2.567s] INFO:colcon.colcon_core.shell:Creating environment hook '/home/jsh/robot_ws/install/micro_ros_setup/share/micro_ros_setup/hook/cmake_prefix_path.sh'
[2.585s] Level 1:colcon.colcon_core.environment:checking '/home/jsh/robot_ws/install/micro_ros_setup/lib'
[2.586s] Level 1:colcon.colcon_core.environment:checking '/home/jsh/robot_ws/install/micro_ros_setup/bin'
[2.587s] Level 1:colcon.colcon_core.environment:checking '/home/jsh/robot_ws/install/micro_ros_setup/lib/pkgconfig/micro_ros_setup.pc'
[2.588s] Level 1:colcon.colcon_core.environment:checking '/home/jsh/robot_ws/install/micro_ros_setup/lib/python3.10/site-packages'
[2.590s] Level 1:colcon.colcon_core.environment:checking '/home/jsh/robot_ws/install/micro_ros_setup/bin'
[2.611s] INFO:colcon.colcon_core.shell:Creating package script '/home/jsh/robot_ws/install/micro_ros_setup/share/micro_ros_setup/package.ps1'
[2.630s] INFO:colcon.colcon_core.shell:Creating package descriptor '/home/jsh/robot_ws/install/micro_ros_setup/share/micro_ros_setup/package.dsv'
[2.634s] INFO:colcon.colcon_core.shell:Creating package script '/home/jsh/robot_ws/install/micro_ros_setup/share/micro_ros_setup/package.sh'
[2.639s] INFO:colcon.colcon_core.shell:Creating package script '/home/jsh/robot_ws/install/micro_ros_setup/share/micro_ros_setup/package.bash'
[2.645s] INFO:colcon.colcon_core.shell:Creating package script '/home/jsh/robot_ws/install/micro_ros_setup/share/micro_ros_setup/package.zsh'
[2.652s] DEBUG:colcon.colcon_core.event_handler.log_command:Invoked command in '/home/jsh/robot_ws/build/micro_ros_setup' returned '0': CMAKE_PREFIX_PATH=${CMAKE_PREFIX_PATH}:/opt/ros/humble /usr/bin/cmake --install /home/jsh/robot_ws/build/micro_ros_setup
[2.662s] Level 1:colcon.colcon_core.environment:create_file_with_runtime_dependencies(/home/jsh/robot_ws/install/micro_ros_setup/share/colcon-core/packages/micro_ros_setup)
[2.688s] Level 1:colcon.colcon_core.environment:create_environment_scripts_only(multi_robot_arm)
[2.690s] Level 1:colcon.colcon_core.environment:checking '/home/jsh/robot_ws/install/multi_robot_arm' for CMake module files
[2.707s] DEBUG:colcon.colcon_core.event_handler.log_command:Invoked command in '/home/jsh/robot_ws/build/multi_robot_arm' returned '0': CMAKE_PREFIX_PATH=${CMAKE_PREFIX_PATH}:/opt/ros/humble /usr/bin/cmake --install /home/jsh/robot_ws/build/multi_robot_arm
[2.709s] Level 1:colcon.colcon_core.environment:checking '/home/jsh/robot_ws/install/multi_robot_arm' for CMake config files
[2.712s] Level 1:colcon.colcon_core.shell:create_environment_hook('multi_robot_arm', 'cmake_prefix_path')
[2.716s] INFO:colcon.colcon_core.shell:Creating environment hook '/home/jsh/robot_ws/install/multi_robot_arm/share/multi_robot_arm/hook/cmake_prefix_path.ps1'
[2.718s] INFO:colcon.colcon_core.shell:Creating environment descriptor '/home/jsh/robot_ws/install/multi_robot_arm/share/multi_robot_arm/hook/cmake_prefix_path.dsv'
[2.721s] INFO:colcon.colcon_core.shell:Creating environment hook '/home/jsh/robot_ws/install/multi_robot_arm/share/multi_robot_arm/hook/cmake_prefix_path.sh'
[2.724s] Level 1:colcon.colcon_core.environment:checking '/home/jsh/robot_ws/install/multi_robot_arm/bin'
[2.725s] Level 1:colcon.colcon_core.environment:checking '/home/jsh/robot_ws/install/multi_robot_arm/lib/pkgconfig/multi_robot_arm.pc'
[2.726s] Level 1:colcon.colcon_core.environment:checking '/home/jsh/robot_ws/install/multi_robot_arm/lib/python3.10/site-packages'
[2.728s] Level 1:colcon.colcon_core.environment:checking '/home/jsh/robot_ws/install/multi_robot_arm/bin'
[2.730s] INFO:colcon.colcon_core.shell:Creating package script '/home/jsh/robot_ws/install/multi_robot_arm/share/multi_robot_arm/package.ps1'
[2.733s] INFO:colcon.colcon_core.shell:Creating package descriptor '/home/jsh/robot_ws/install/multi_robot_arm/share/multi_robot_arm/package.dsv'
[2.736s] INFO:colcon.colcon_core.shell:Creating package script '/home/jsh/robot_ws/install/multi_robot_arm/share/multi_robot_arm/package.sh'
[2.739s] INFO:colcon.colcon_core.shell:Creating package script '/home/jsh/robot_ws/install/multi_robot_arm/share/multi_robot_arm/package.bash'
[2.741s] INFO:colcon.colcon_core.shell:Creating package script '/home/jsh/robot_ws/install/multi_robot_arm/share/multi_robot_arm/package.zsh'
[2.743s] Level 1:colcon.colcon_core.environment:create_file_with_runtime_dependencies(/home/jsh/robot_ws/install/multi_robot_arm/share/colcon-core/packages/multi_robot_arm)
[2.887s] Level 1:colcon.colcon_core.environment:create_environment_scripts_only(micro_ros_setup)
[2.890s] Level 1:colcon.colcon_core.environment:checking '/home/jsh/robot_ws/install/micro_ros_setup' for CMake module files
[2.903s] Level 1:colcon.colcon_core.environment:checking '/home/jsh/robot_ws/install/micro_ros_setup' for CMake config files
[2.917s] Level 1:colcon.colcon_core.shell:create_environment_hook('micro_ros_setup', 'cmake_prefix_path')
[2.919s] INFO:colcon.colcon_core.shell:Creating environment hook '/home/jsh/robot_ws/install/micro_ros_setup/share/micro_ros_setup/hook/cmake_prefix_path.ps1'
[2.922s] INFO:colcon.colcon_core.shell:Creating environment descriptor '/home/jsh/robot_ws/install/micro_ros_setup/share/micro_ros_setup/hook/cmake_prefix_path.dsv'
[2.924s] INFO:colcon.colcon_core.shell:Creating environment hook '/home/jsh/robot_ws/install/micro_ros_setup/share/micro_ros_setup/hook/cmake_prefix_path.sh'
[2.929s] Level 1:colcon.colcon_core.environment:checking '/home/jsh/robot_ws/install/micro_ros_setup/lib'
[2.930s] Level 1:colcon.colcon_core.environment:checking '/home/jsh/robot_ws/install/micro_ros_setup/bin'
[2.931s] Level 1:colcon.colcon_core.environment:checking '/home/jsh/robot_ws/install/micro_ros_setup/lib/pkgconfig/micro_ros_setup.pc'
[2.932s] Level 1:colcon.colcon_core.environment:checking '/home/jsh/robot_ws/install/micro_ros_setup/lib/python3.10/site-packages'
[2.934s] Level 1:colcon.colcon_core.environment:checking '/home/jsh/robot_ws/install/micro_ros_setup/bin'
[2.937s] INFO:colcon.colcon_core.shell:Creating package script '/home/jsh/robot_ws/install/micro_ros_setup/share/micro_ros_setup/package.ps1'
[2.941s] INFO:colcon.colcon_core.shell:Creating package descriptor '/home/jsh/robot_ws/install/micro_ros_setup/share/micro_ros_setup/package.dsv'
[2.951s] INFO:colcon.colcon_core.shell:Creating package script '/home/jsh/robot_ws/install/micro_ros_setup/share/micro_ros_setup/package.sh'
[2.955s] INFO:colcon.colcon_core.shell:Creating package script '/home/jsh/robot_ws/install/micro_ros_setup/share/micro_ros_setup/package.bash'
[2.960s] INFO:colcon.colcon_core.shell:Creating package script '/home/jsh/robot_ws/install/micro_ros_setup/share/micro_ros_setup/package.zsh'
[2.974s] Level 1:colcon.colcon_core.environment:create_file_with_runtime_dependencies(/home/jsh/robot_ws/install/micro_ros_setup/share/colcon-core/packages/micro_ros_setup)
[2.986s] Level 1:colcon.colcon_core.environment:create_environment_scripts_only(multi_robot_arm)
[2.988s] Level 1:colcon.colcon_core.environment:checking '/home/jsh/robot_ws/install/multi_robot_arm' for CMake module files
[2.992s] Level 1:colcon.colcon_core.environment:checking '/home/jsh/robot_ws/install/multi_robot_arm' for CMake config files
[2.995s] Level 1:colcon.colcon_core.shell:create_environment_hook('multi_robot_arm', 'cmake_prefix_path')
[2.997s] INFO:colcon.colcon_core.shell:Creating environment hook '/home/jsh/robot_ws/install/multi_robot_arm/share/multi_robot_arm/hook/cmake_prefix_path.ps1'
[3.003s] INFO:colcon.colcon_core.shell:Creating environment descriptor '/home/jsh/robot_ws/install/multi_robot_arm/share/multi_robot_arm/hook/cmake_prefix_path.dsv'
[3.007s] INFO:colcon.colcon_core.shell:Creating environment hook '/home/jsh/robot_ws/install/multi_robot_arm/share/multi_robot_arm/hook/cmake_prefix_path.sh'
[3.010s] Level 1:colcon.colcon_core.environment:checking '/home/jsh/robot_ws/install/multi_robot_arm/bin'
[3.011s] Level 1:colcon.colcon_core.environment:checking '/home/jsh/robot_ws/install/multi_robot_arm/lib/pkgconfig/multi_robot_arm.pc'
[3.013s] Level 1:colcon.colcon_core.environment:checking '/home/jsh/robot_ws/install/multi_robot_arm/lib/python3.10/site-packages'
[3.015s] Level 1:colcon.colcon_core.environment:checking '/home/jsh/robot_ws/install/multi_robot_arm/bin'
[3.018s] INFO:colcon.colcon_core.shell:Creating package script '/home/jsh/robot_ws/install/multi_robot_arm/share/multi_robot_arm/package.ps1'
[3.022s] INFO:colcon.colcon_core.shell:Creating package descriptor '/home/jsh/robot_ws/install/multi_robot_arm/share/multi_robot_arm/package.dsv'
[3.026s] INFO:colcon.colcon_core.shell:Creating package script '/home/jsh/robot_ws/install/multi_robot_arm/share/multi_robot_arm/package.sh'
[3.029s] INFO:colcon.colcon_core.shell:Creating package script '/home/jsh/robot_ws/install/multi_robot_arm/share/multi_robot_arm/package.bash'
[3.032s] INFO:colcon.colcon_core.shell:Creating package script '/home/jsh/robot_ws/install/multi_robot_arm/share/multi_robot_arm/package.zsh'
[3.035s] Level 1:colcon.colcon_core.environment:create_file_with_runtime_dependencies(/home/jsh/robot_ws/install/multi_robot_arm/share/colcon-core/packages/multi_robot_arm)
[4.077s] DEBUG:colcon.colcon_core.event_handler.log_command:Invoked command in '/home/jsh/robot_ws/build/micro_ros_msgs' returned '0': CMAKE_PREFIX_PATH=${CMAKE_PREFIX_PATH}:/opt/ros/humble /usr/bin/cmake --build /home/jsh/robot_ws/build/micro_ros_msgs -- -j8 -l8
[4.493s] DEBUG:colcon.colcon_core.event_handler.log_command:Invoking command in '/home/jsh/robot_ws/build/micro_ros_msgs': CMAKE_PREFIX_PATH=${CMAKE_PREFIX_PATH}:/opt/ros/humble /usr/bin/cmake --install /home/jsh/robot_ws/build/micro_ros_msgs
[4.829s] Level 1:colcon.colcon_core.environment:create_environment_scripts_only(micro_ros_msgs)
[4.831s] Level 1:colcon.colcon_core.environment:checking '/home/jsh/robot_ws/install/micro_ros_msgs' for CMake module files
[4.834s] DEBUG:colcon.colcon_core.event_handler.log_command:Invoked command in '/home/jsh/robot_ws/build/micro_ros_msgs' returned '0': CMAKE_PREFIX_PATH=${CMAKE_PREFIX_PATH}:/opt/ros/humble /usr/bin/cmake --install /home/jsh/robot_ws/build/micro_ros_msgs
[4.837s] Level 1:colcon.colcon_core.environment:checking '/home/jsh/robot_ws/install/micro_ros_msgs' for CMake config files
[4.842s] Level 1:colcon.colcon_core.shell:create_environment_hook('micro_ros_msgs', 'cmake_prefix_path')
[4.843s] INFO:colcon.colcon_core.shell:Creating environment hook '/home/jsh/robot_ws/install/micro_ros_msgs/share/micro_ros_msgs/hook/cmake_prefix_path.ps1'
[4.844s] INFO:colcon.colcon_core.shell:Creating environment descriptor '/home/jsh/robot_ws/install/micro_ros_msgs/share/micro_ros_msgs/hook/cmake_prefix_path.dsv'
[4.847s] INFO:colcon.colcon_core.shell:Creating environment hook '/home/jsh/robot_ws/install/micro_ros_msgs/share/micro_ros_msgs/hook/cmake_prefix_path.sh'
[4.850s] Level 1:colcon.colcon_core.environment:checking '/home/jsh/robot_ws/install/micro_ros_msgs/lib'
[4.850s] Level 1:colcon.colcon_core.shell:create_environment_hook('micro_ros_msgs', 'ld_library_path_lib')
[4.852s] INFO:colcon.colcon_core.shell:Creating environment hook '/home/jsh/robot_ws/install/micro_ros_msgs/share/micro_ros_msgs/hook/ld_library_path_lib.ps1'
[4.854s] INFO:colcon.colcon_core.shell:Creating environment descriptor '/home/jsh/robot_ws/install/micro_ros_msgs/share/micro_ros_msgs/hook/ld_library_path_lib.dsv'
[4.855s] INFO:colcon.colcon_core.shell:Creating environment hook '/home/jsh/robot_ws/install/micro_ros_msgs/share/micro_ros_msgs/hook/ld_library_path_lib.sh'
[4.857s] Level 1:colcon.colcon_core.environment:checking '/home/jsh/robot_ws/install/micro_ros_msgs/bin'
[4.857s] Level 1:colcon.colcon_core.environment:checking '/home/jsh/robot_ws/install/micro_ros_msgs/lib/pkgconfig/micro_ros_msgs.pc'
[4.859s] Level 1:colcon.colcon_core.environment:checking '/home/jsh/robot_ws/install/micro_ros_msgs/lib/python3.10/site-packages'
[4.860s] Level 1:colcon.colcon_core.environment:checking '/home/jsh/robot_ws/install/micro_ros_msgs/bin'
[4.862s] INFO:colcon.colcon_core.shell:Creating package script '/home/jsh/robot_ws/install/micro_ros_msgs/share/micro_ros_msgs/package.ps1'
[4.865s] INFO:colcon.colcon_core.shell:Creating package descriptor '/home/jsh/robot_ws/install/micro_ros_msgs/share/micro_ros_msgs/package.dsv'
[4.868s] INFO:colcon.colcon_core.shell:Creating package script '/home/jsh/robot_ws/install/micro_ros_msgs/share/micro_ros_msgs/package.sh'
[4.870s] INFO:colcon.colcon_core.shell:Creating package script '/home/jsh/robot_ws/install/micro_ros_msgs/share/micro_ros_msgs/package.bash'
[4.871s] INFO:colcon.colcon_core.shell:Creating package script '/home/jsh/robot_ws/install/micro_ros_msgs/share/micro_ros_msgs/package.zsh'
[4.873s] Level 1:colcon.colcon_core.environment:create_file_with_runtime_dependencies(/home/jsh/robot_ws/install/micro_ros_msgs/share/colcon-core/packages/micro_ros_msgs)
[5.314s] Level 1:colcon.colcon_core.environment:create_environment_scripts_only(micro_ros_msgs)
[5.316s] Level 1:colcon.colcon_core.environment:checking '/home/jsh/robot_ws/install/micro_ros_msgs' for CMake module files
[5.319s] Level 1:colcon.colcon_core.environment:checking '/home/jsh/robot_ws/install/micro_ros_msgs' for CMake config files
[5.324s] Level 1:colcon.colcon_core.shell:create_environment_hook('micro_ros_msgs', 'cmake_prefix_path')
[5.325s] INFO:colcon.colcon_core.shell:Creating environment hook '/home/jsh/robot_ws/install/micro_ros_msgs/share/micro_ros_msgs/hook/cmake_prefix_path.ps1'
[5.327s] INFO:colcon.colcon_core.shell:Creating environment descriptor '/home/jsh/robot_ws/install/micro_ros_msgs/share/micro_ros_msgs/hook/cmake_prefix_path.dsv'
[5.329s] INFO:colcon.colcon_core.shell:Creating environment hook '/home/jsh/robot_ws/install/micro_ros_msgs/share/micro_ros_msgs/hook/cmake_prefix_path.sh'
[5.333s] Level 1:colcon.colcon_core.environment:checking '/home/jsh/robot_ws/install/micro_ros_msgs/lib'
[5.334s] Level 1:colcon.colcon_core.shell:create_environment_hook('micro_ros_msgs', 'ld_library_path_lib')
[5.336s] INFO:colcon.colcon_core.shell:Creating environment hook '/home/jsh/robot_ws/install/micro_ros_msgs/share/micro_ros_msgs/hook/ld_library_path_lib.ps1'
[5.339s] INFO:colcon.colcon_core.shell:Creating environment descriptor '/home/jsh/robot_ws/install/micro_ros_msgs/share/micro_ros_msgs/hook/ld_library_path_lib.dsv'
[5.341s] INFO:colcon.colcon_core.shell:Creating environment hook '/home/jsh/robot_ws/install/micro_ros_msgs/share/micro_ros_msgs/hook/ld_library_path_lib.sh'
[5.343s] Level 1:colcon.colcon_core.environment:checking '/home/jsh/robot_ws/install/micro_ros_msgs/bin'
[5.343s] Level 1:colcon.colcon_core.environment:checking '/home/jsh/robot_ws/install/micro_ros_msgs/lib/pkgconfig/micro_ros_msgs.pc'
[5.345s] Level 1:colcon.colcon_core.environment:checking '/home/jsh/robot_ws/install/micro_ros_msgs/lib/python3.10/site-packages'
[5.346s] Level 1:colcon.colcon_core.environment:checking '/home/jsh/robot_ws/install/micro_ros_msgs/bin'
[5.349s] INFO:colcon.colcon_core.shell:Creating package script '/home/jsh/robot_ws/install/micro_ros_msgs/share/micro_ros_msgs/package.ps1'
[5.352s] INFO:colcon.colcon_core.shell:Creating package descriptor '/home/jsh/robot_ws/install/micro_ros_msgs/share/micro_ros_msgs/package.dsv'
[5.355s] INFO:colcon.colcon_core.shell:Creating package script '/home/jsh/robot_ws/install/micro_ros_msgs/share/micro_ros_msgs/package.sh'
[5.357s] INFO:colcon.colcon_core.shell:Creating package script '/home/jsh/robot_ws/install/micro_ros_msgs/share/micro_ros_msgs/package.bash'
[5.359s] INFO:colcon.colcon_core.shell:Creating package script '/home/jsh/robot_ws/install/micro_ros_msgs/share/micro_ros_msgs/package.zsh'
[5.361s] Level 1:colcon.colcon_core.environment:create_file_with_runtime_dependencies(/home/jsh/robot_ws/install/micro_ros_msgs/share/colcon-core/packages/micro_ros_msgs)
[5.363s] INFO:colcon.colcon_ros.task.ament_cmake.build:Building ROS package in '/home/jsh/robot_ws/src/uros/micro-ROS-Agent/micro_ros_agent' with build type 'ament_cmake'
[5.364s] INFO:colcon.colcon_cmake.task.cmake.build:Building CMake package in '/home/jsh/robot_ws/src/uros/micro-ROS-Agent/micro_ros_agent'
[5.365s] INFO:colcon.colcon_core.shell:Skip shell extension 'powershell' for command environment: Not usable outside of PowerShell
[5.365s] DEBUG:colcon.colcon_core.shell:Skip shell extension 'dsv' for command environment
[5.390s] DEBUG:colcon.colcon_core.event_handler.log_command:Invoked command in '/home/jsh/robot_ws/build/pymoveit2' returned '0': CMAKE_PREFIX_PATH=${CMAKE_PREFIX_PATH}:/opt/ros/humble /usr/bin/cmake --build /home/jsh/robot_ws/build/pymoveit2 -- -j8 -l8
[5.419s] DEBUG:colcon.colcon_core.event_handler.log_command:Invoking command in '/home/jsh/robot_ws/build/micro_ros_agent': CMAKE_PREFIX_PATH=/home/jsh/robot_ws/install/micro_ros_msgs:/home/jsh/robot_ws/install/pymoveit2:/home/jsh/robot_ws/install/multi_robot_arm:/home/jsh/robot_ws/install/micro_ros_setup:/home/jsh/robot_ws/install/micro_ros_agent:/opt/ros/humble LD_LIBRARY_PATH=/home/jsh/robot_ws/install/micro_ros_msgs/lib:/home/jsh/robot_ws/install/micro_ros_agent/lib:/usr/lib/x86_64-linux-gnu/gazebo-11/plugins:/opt/ros/humble/opt/rviz_ogre_vendor/lib:/opt/ros/humble/lib/x86_64-linux-gnu:/opt/ros/humble/lib /usr/bin/cmake --build /home/jsh/robot_ws/build/micro_ros_agent -- -j8 -l8
[5.506s] DEBUG:colcon.colcon_core.event_handler.log_command:Invoking command in '/home/jsh/robot_ws/build/pymoveit2': CMAKE_PREFIX_PATH=${CMAKE_PREFIX_PATH}:/opt/ros/humble /usr/bin/cmake --install /home/jsh/robot_ws/build/pymoveit2
[5.726s] DEBUG:colcon.colcon_core.event_handler.log_command:Invoked command in '/home/jsh/robot_ws/build/micro_ros_agent' returned '0': CMAKE_PREFIX_PATH=/home/jsh/robot_ws/install/micro_ros_msgs:/home/jsh/robot_ws/install/pymoveit2:/home/jsh/robot_ws/install/multi_robot_arm:/home/jsh/robot_ws/install/micro_ros_setup:/home/jsh/robot_ws/install/micro_ros_agent:/opt/ros/humble LD_LIBRARY_PATH=/home/jsh/robot_ws/install/micro_ros_msgs/lib:/home/jsh/robot_ws/install/micro_ros_agent/lib:/usr/lib/x86_64-linux-gnu/gazebo-11/plugins:/opt/ros/humble/opt/rviz_ogre_vendor/lib:/opt/ros/humble/lib/x86_64-linux-gnu:/opt/ros/humble/lib /usr/bin/cmake --build /home/jsh/robot_ws/build/micro_ros_agent -- -j8 -l8
[5.773s] Level 1:colcon.colcon_core.environment:create_environment_scripts_only(pymoveit2)
[5.775s] Level 1:colcon.colcon_core.environment:checking '/home/jsh/robot_ws/install/pymoveit2' for CMake module files
[5.778s] DEBUG:colcon.colcon_core.event_handler.log_command:Invoked command in '/home/jsh/robot_ws/build/pymoveit2' returned '0': CMAKE_PREFIX_PATH=${CMAKE_PREFIX_PATH}:/opt/ros/humble /usr/bin/cmake --install /home/jsh/robot_ws/build/pymoveit2
[5.781s] Level 1:colcon.colcon_core.environment:checking '/home/jsh/robot_ws/install/pymoveit2' for CMake config files
[5.783s] Level 1:colcon.colcon_core.shell:create_environment_hook('pymoveit2', 'cmake_prefix_path')
[5.784s] INFO:colcon.colcon_core.shell:Creating environment hook '/home/jsh/robot_ws/install/pymoveit2/share/pymoveit2/hook/cmake_prefix_path.ps1'
[5.785s] INFO:colcon.colcon_core.shell:Creating environment descriptor '/home/jsh/robot_ws/install/pymoveit2/share/pymoveit2/hook/cmake_prefix_path.dsv'
[5.786s] INFO:colcon.colcon_core.shell:Creating environment hook '/home/jsh/robot_ws/install/pymoveit2/share/pymoveit2/hook/cmake_prefix_path.sh'
[5.788s] Level 1:colcon.colcon_core.environment:checking '/home/jsh/robot_ws/install/pymoveit2/lib'
[5.789s] Level 1:colcon.colcon_core.environment:checking '/home/jsh/robot_ws/install/pymoveit2/bin'
[5.789s] Level 1:colcon.colcon_core.environment:checking '/home/jsh/robot_ws/install/pymoveit2/lib/pkgconfig/pymoveit2.pc'
[5.790s] Level 1:colcon.colcon_core.environment:checking '/home/jsh/robot_ws/install/pymoveit2/lib/python3.10/site-packages'
[5.791s] Level 1:colcon.colcon_core.environment:checking '/home/jsh/robot_ws/install/pymoveit2/bin'
[5.792s] INFO:colcon.colcon_core.shell:Creating package script '/home/jsh/robot_ws/install/pymoveit2/share/pymoveit2/package.ps1'
[5.793s] INFO:colcon.colcon_core.shell:Creating package descriptor '/home/jsh/robot_ws/install/pymoveit2/share/pymoveit2/package.dsv'
[5.795s] INFO:colcon.colcon_core.shell:Creating package script '/home/jsh/robot_ws/install/pymoveit2/share/pymoveit2/package.sh'
[5.797s] INFO:colcon.colcon_core.shell:Creating package script '/home/jsh/robot_ws/install/pymoveit2/share/pymoveit2/package.bash'
[5.799s] INFO:colcon.colcon_core.shell:Creating package script '/home/jsh/robot_ws/install/pymoveit2/share/pymoveit2/package.zsh'
[5.800s] Level 1:colcon.colcon_core.environment:create_file_with_runtime_dependencies(/home/jsh/robot_ws/install/pymoveit2/share/colcon-core/packages/pymoveit2)
[5.886s] DEBUG:colcon.colcon_core.event_handler.log_command:Invoking command in '/home/jsh/robot_ws/build/micro_ros_agent': CMAKE_PREFIX_PATH=/home/jsh/robot_ws/install/micro_ros_msgs:/home/jsh/robot_ws/install/pymoveit2:/home/jsh/robot_ws/install/multi_robot_arm:/home/jsh/robot_ws/install/micro_ros_setup:/home/jsh/robot_ws/install/micro_ros_agent:/opt/ros/humble LD_LIBRARY_PATH=/home/jsh/robot_ws/install/micro_ros_msgs/lib:/home/jsh/robot_ws/install/micro_ros_agent/lib:/usr/lib/x86_64-linux-gnu/gazebo-11/plugins:/opt/ros/humble/opt/rviz_ogre_vendor/lib:/opt/ros/humble/lib/x86_64-linux-gnu:/opt/ros/humble/lib /usr/bin/cmake --install /home/jsh/robot_ws/build/micro_ros_agent
[5.904s] Level 1:colcon.colcon_core.environment:create_environment_scripts_only(pymoveit2)
[5.905s] Level 1:colcon.colcon_core.environment:checking '/home/jsh/robot_ws/install/pymoveit2' for CMake module files
[5.907s] Level 1:colcon.colcon_core.environment:checking '/home/jsh/robot_ws/install/pymoveit2' for CMake config files
[5.909s] Level 1:colcon.colcon_core.shell:create_environment_hook('pymoveit2', 'cmake_prefix_path')
[5.911s] INFO:colcon.colcon_core.shell:Creating environment hook '/home/jsh/robot_ws/install/pymoveit2/share/pymoveit2/hook/cmake_prefix_path.ps1'
[5.914s] INFO:colcon.colcon_core.shell:Creating environment descriptor '/home/jsh/robot_ws/install/pymoveit2/share/pymoveit2/hook/cmake_prefix_path.dsv'
[5.918s] INFO:colcon.colcon_core.shell:Creating environment hook '/home/jsh/robot_ws/install/pymoveit2/share/pymoveit2/hook/cmake_prefix_path.sh'
[5.927s] Level 1:colcon.colcon_core.environment:checking '/home/jsh/robot_ws/install/pymoveit2/lib'
[5.927s] Level 1:colcon.colcon_core.environment:checking '/home/jsh/robot_ws/install/pymoveit2/bin'
[5.928s] Level 1:colcon.colcon_core.environment:checking '/home/jsh/robot_ws/install/pymoveit2/lib/pkgconfig/pymoveit2.pc'
[5.929s] Level 1:colcon.colcon_core.environment:checking '/home/jsh/robot_ws/install/pymoveit2/lib/python3.10/site-packages'
[5.930s] Level 1:colcon.colcon_core.environment:checking '/home/jsh/robot_ws/install/pymoveit2/bin'
[5.932s] INFO:colcon.colcon_core.shell:Creating package script '/home/jsh/robot_ws/install/pymoveit2/share/pymoveit2/package.ps1'
[5.934s] INFO:colcon.colcon_core.shell:Creating package descriptor '/home/jsh/robot_ws/install/pymoveit2/share/pymoveit2/package.dsv'
[5.936s] INFO:colcon.colcon_core.shell:Creating package script '/home/jsh/robot_ws/install/pymoveit2/share/pymoveit2/package.sh'
[5.938s] INFO:colcon.colcon_core.shell:Creating package script '/home/jsh/robot_ws/install/pymoveit2/share/pymoveit2/package.bash'
[5.939s] INFO:colcon.colcon_core.shell:Creating package script '/home/jsh/robot_ws/install/pymoveit2/share/pymoveit2/package.zsh'
[5.942s] Level 1:colcon.colcon_core.environment:create_file_with_runtime_dependencies(/home/jsh/robot_ws/install/pymoveit2/share/colcon-core/packages/pymoveit2)
[5.976s] Level 1:colcon.colcon_core.environment:create_environment_scripts_only(micro_ros_agent)
[5.978s] Level 1:colcon.colcon_core.environment:checking '/home/jsh/robot_ws/install/micro_ros_agent' for CMake module files
[5.982s] DEBUG:colcon.colcon_core.event_handler.log_command:Invoked command in '/home/jsh/robot_ws/build/micro_ros_agent' returned '0': CMAKE_PREFIX_PATH=/home/jsh/robot_ws/install/micro_ros_msgs:/home/jsh/robot_ws/install/pymoveit2:/home/jsh/robot_ws/install/multi_robot_arm:/home/jsh/robot_ws/install/micro_ros_setup:/home/jsh/robot_ws/install/micro_ros_agent:/opt/ros/humble LD_LIBRARY_PATH=/home/jsh/robot_ws/install/micro_ros_msgs/lib:/home/jsh/robot_ws/install/micro_ros_agent/lib:/usr/lib/x86_64-linux-gnu/gazebo-11/plugins:/opt/ros/humble/opt/rviz_ogre_vendor/lib:/opt/ros/humble/lib/x86_64-linux-gnu:/opt/ros/humble/lib /usr/bin/cmake --install /home/jsh/robot_ws/build/micro_ros_agent
[5.984s] Level 1:colcon.colcon_core.environment:checking '/home/jsh/robot_ws/install/micro_ros_agent' for CMake config files
[5.990s] Level 1:colcon.colcon_core.shell:create_environment_hook('micro_ros_agent', 'cmake_prefix_path')
[5.991s] INFO:colcon.colcon_core.shell:Creating environment hook '/home/jsh/robot_ws/install/micro_ros_agent/share/micro_ros_agent/hook/cmake_prefix_path.ps1'
[5.993s] INFO:colcon.colcon_core.shell:Creating environment descriptor '/home/jsh/robot_ws/install/micro_ros_agent/share/micro_ros_agent/hook/cmake_prefix_path.dsv'
[5.995s] INFO:colcon.colcon_core.shell:Creating environment hook '/home/jsh/robot_ws/install/micro_ros_agent/share/micro_ros_agent/hook/cmake_prefix_path.sh'
[5.998s] Level 1:colcon.colcon_core.environment:checking '/home/jsh/robot_ws/install/micro_ros_agent/lib'
[5.999s] Level 1:colcon.colcon_core.shell:create_environment_hook('micro_ros_agent', 'ld_library_path_lib')
[6.001s] INFO:colcon.colcon_core.shell:Creating environment hook '/home/jsh/robot_ws/install/micro_ros_agent/share/micro_ros_agent/hook/ld_library_path_lib.ps1'
[6.003s] INFO:colcon.colcon_core.shell:Creating environment descriptor '/home/jsh/robot_ws/install/micro_ros_agent/share/micro_ros_agent/hook/ld_library_path_lib.dsv'
[6.004s] INFO:colcon.colcon_core.shell:Creating environment hook '/home/jsh/robot_ws/install/micro_ros_agent/share/micro_ros_agent/hook/ld_library_path_lib.sh'
[6.005s] Level 1:colcon.colcon_core.environment:checking '/home/jsh/robot_ws/install/micro_ros_agent/bin'
[6.006s] Level 1:colcon.colcon_core.environment:checking '/home/jsh/robot_ws/install/micro_ros_agent/lib/pkgconfig/micro_ros_agent.pc'
[6.007s] Level 1:colcon.colcon_core.environment:checking '/home/jsh/robot_ws/install/micro_ros_agent/lib/python3.10/site-packages'
[6.007s] Level 1:colcon.colcon_core.environment:checking '/home/jsh/robot_ws/install/micro_ros_agent/bin'
[6.009s] INFO:colcon.colcon_core.shell:Creating package script '/home/jsh/robot_ws/install/micro_ros_agent/share/micro_ros_agent/package.ps1'
[6.010s] INFO:colcon.colcon_core.shell:Creating package descriptor '/home/jsh/robot_ws/install/micro_ros_agent/share/micro_ros_agent/package.dsv'
[6.013s] INFO:colcon.colcon_core.shell:Creating package script '/home/jsh/robot_ws/install/micro_ros_agent/share/micro_ros_agent/package.sh'
[6.015s] INFO:colcon.colcon_core.shell:Creating package script '/home/jsh/robot_ws/install/micro_ros_agent/share/micro_ros_agent/package.bash'
[6.017s] INFO:colcon.colcon_core.shell:Creating package script '/home/jsh/robot_ws/install/micro_ros_agent/share/micro_ros_agent/package.zsh'
[6.018s] Level 1:colcon.colcon_core.environment:create_file_with_runtime_dependencies(/home/jsh/robot_ws/install/micro_ros_agent/share/colcon-core/packages/micro_ros_agent)
[6.151s] Level 1:colcon.colcon_core.environment:create_environment_scripts_only(micro_ros_agent)
[6.152s] Level 1:colcon.colcon_core.environment:checking '/home/jsh/robot_ws/install/micro_ros_agent' for CMake module files
[6.153s] Level 1:colcon.colcon_core.environment:checking '/home/jsh/robot_ws/install/micro_ros_agent' for CMake config files
[6.156s] Level 1:colcon.colcon_core.shell:create_environment_hook('micro_ros_agent', 'cmake_prefix_path')
[6.157s] INFO:colcon.colcon_core.shell:Creating environment hook '/home/jsh/robot_ws/install/micro_ros_agent/share/micro_ros_agent/hook/cmake_prefix_path.ps1'
[6.159s] INFO:colcon.colcon_core.shell:Creating environment descriptor '/home/jsh/robot_ws/install/micro_ros_agent/share/micro_ros_agent/hook/cmake_prefix_path.dsv'
[6.160s] INFO:colcon.colcon_core.shell:Creating environment hook '/home/jsh/robot_ws/install/micro_ros_agent/share/micro_ros_agent/hook/cmake_prefix_path.sh'
[6.162s] Level 1:colcon.colcon_core.environment:checking '/home/jsh/robot_ws/install/micro_ros_agent/lib'
[6.162s] Level 1:colcon.colcon_core.shell:create_environment_hook('micro_ros_agent', 'ld_library_path_lib')
[6.163s] INFO:colcon.colcon_core.shell:Creating environment hook '/home/jsh/robot_ws/install/micro_ros_agent/share/micro_ros_agent/hook/ld_library_path_lib.ps1'
[6.164s] INFO:colcon.colcon_core.shell:Creating environment descriptor '/home/jsh/robot_ws/install/micro_ros_agent/share/micro_ros_agent/hook/ld_library_path_lib.dsv'
[6.165s] INFO:colcon.colcon_core.shell:Creating environment hook '/home/jsh/robot_ws/install/micro_ros_agent/share/micro_ros_agent/hook/ld_library_path_lib.sh'
[6.166s] Level 1:colcon.colcon_core.environment:checking '/home/jsh/robot_ws/install/micro_ros_agent/bin'
[6.167s] Level 1:colcon.colcon_core.environment:checking '/home/jsh/robot_ws/install/micro_ros_agent/lib/pkgconfig/micro_ros_agent.pc'
[6.167s] Level 1:colcon.colcon_core.environment:checking '/home/jsh/robot_ws/install/micro_ros_agent/lib/python3.10/site-packages'
[6.168s] Level 1:colcon.colcon_core.environment:checking '/home/jsh/robot_ws/install/micro_ros_agent/bin'
[6.169s] INFO:colcon.colcon_core.shell:Creating package script '/home/jsh/robot_ws/install/micro_ros_agent/share/micro_ros_agent/package.ps1'
[6.171s] INFO:colcon.colcon_core.shell:Creating package descriptor '/home/jsh/robot_ws/install/micro_ros_agent/share/micro_ros_agent/package.dsv'
[6.172s] INFO:colcon.colcon_core.shell:Creating package script '/home/jsh/robot_ws/install/micro_ros_agent/share/micro_ros_agent/package.sh'
[6.173s] INFO:colcon.colcon_core.shell:Creating package script '/home/jsh/robot_ws/install/micro_ros_agent/share/micro_ros_agent/package.bash'
[6.174s] INFO:colcon.colcon_core.shell:Creating package script '/home/jsh/robot_ws/install/micro_ros_agent/share/micro_ros_agent/package.zsh'
[6.175s] Level 1:colcon.colcon_core.environment:create_file_with_runtime_dependencies(/home/jsh/robot_ws/install/micro_ros_agent/share/colcon-core/packages/micro_ros_agent)
[6.176s] DEBUG:colcon.colcon_parallel_executor.executor.parallel:closing loop
[6.178s] DEBUG:colcon.colcon_parallel_executor.executor.parallel:loop closed
[6.178s] DEBUG:colcon.colcon_parallel_executor.executor.parallel:run_until_complete finished with '0'
[6.178s] DEBUG:colcon.colcon_core.event_reactor:joining thread
[6.202s] INFO:colcon.colcon_core.plugin_system:Skipping extension 'colcon_notification.desktop_notification.terminal_notifier': Not used on non-Darwin systems
[6.203s] INFO:colcon.colcon_core.plugin_system:Skipping extension 'colcon_notification.desktop_notification.win32': Not used on non-Windows systems
[6.203s] INFO:colcon.colcon_notification.desktop_notification:Sending desktop notification using 'notify2'
[6.245s] DEBUG:colcon.colcon_core.event_reactor:joined thread
[6.247s] INFO:colcon.colcon_core.shell:Creating prefix script '/home/jsh/robot_ws/install/local_setup.ps1'
[6.250s] INFO:colcon.colcon_core.shell:Creating prefix util module '/home/jsh/robot_ws/install/_local_setup_util_ps1.py'
[6.256s] INFO:colcon.colcon_core.shell:Creating prefix chain script '/home/jsh/robot_ws/install/setup.ps1'
[6.261s] INFO:colcon.colcon_core.shell:Creating prefix script '/home/jsh/robot_ws/install/local_setup.sh'
[6.263s] INFO:colcon.colcon_core.shell:Creating prefix util module '/home/jsh/robot_ws/install/_local_setup_util_sh.py'
[6.265s] INFO:colcon.colcon_core.shell:Creating prefix chain script '/home/jsh/robot_ws/install/setup.sh'
[6.270s] INFO:colcon.colcon_core.shell:Creating prefix script '/home/jsh/robot_ws/install/local_setup.bash'
[6.271s] INFO:colcon.colcon_core.shell:Creating prefix chain script '/home/jsh/robot_ws/install/setup.bash'
[6.275s] INFO:colcon.colcon_core.shell:Creating prefix script '/home/jsh/robot_ws/install/local_setup.zsh'
[6.277s] INFO:colcon.colcon_core.shell:Creating prefix chain script '/home/jsh/robot_ws/install/setup.zsh'
