-- Install configuration: ""
-- Execute custom install script
-- Up-to-date symlink: /home/jsh/robot_ws/install/multi_robot_arm/share/multi_robot_arm/launch/arm2.urdf.yaml
-- Up-to-date symlink: /home/jsh/robot_ws/install/multi_robot_arm/share/multi_robot_arm/launch/dual_robot.yaml
-- Up-to-date symlink: /home/jsh/robot_ws/install/multi_robot_arm/share/multi_robot_arm/launch/gazebo_arm.launch.py
-- Up-to-date symlink: /home/jsh/robot_ws/install/multi_robot_arm/share/multi_robot_arm/launch/gazebo_arm2.launch.py
-- Up-to-date symlink: /home/jsh/robot_ws/install/multi_robot_arm/share/multi_robot_arm/config/ur/ur5/chomp_planning.yaml
-- Up-to-date symlink: /home/jsh/robot_ws/install/multi_robot_arm/share/multi_robot_arm/config/ur/ur5/default_kinematics copy.yaml
-- Up-to-date symlink: /home/jsh/robot_ws/install/multi_robot_arm/share/multi_robot_arm/config/ur/ur5/default_kinematics.yaml
-- Up-to-date symlink: /home/jsh/robot_ws/install/multi_robot_arm/share/multi_robot_arm/config/ur/ur5/dual_robot.yaml
-- Up-to-date symlink: /home/jsh/robot_ws/install/multi_robot_arm/share/multi_robot_arm/config/ur/ur5/initial_positions.yaml
-- Up-to-date symlink: /home/jsh/robot_ws/install/multi_robot_arm/share/multi_robot_arm/config/ur/ur5/joint_limits.yaml
-- Up-to-date symlink: /home/jsh/robot_ws/install/multi_robot_arm/share/multi_robot_arm/config/ur/ur5/joint_limits_planning.yaml
-- Up-to-date symlink: /home/jsh/robot_ws/install/multi_robot_arm/share/multi_robot_arm/config/ur/ur5/kinematics.yaml
-- Up-to-date symlink: /home/jsh/robot_ws/install/multi_robot_arm/share/multi_robot_arm/config/ur/ur5/moveit_controller_manager.yaml
-- Up-to-date symlink: /home/jsh/robot_ws/install/multi_robot_arm/share/multi_robot_arm/config/ur/ur5/ompl_planning.yaml
-- Up-to-date symlink: /home/jsh/robot_ws/install/multi_robot_arm/share/multi_robot_arm/config/ur/ur5/physical_parameters.yaml
-- Up-to-date symlink: /home/jsh/robot_ws/install/multi_robot_arm/share/multi_robot_arm/config/ur/ur5/robot.srdf
-- Up-to-date symlink: /home/jsh/robot_ws/install/multi_robot_arm/share/multi_robot_arm/config/ur/ur5/ros_controllers_robot.yaml
-- Up-to-date symlink: /home/jsh/robot_ws/install/multi_robot_arm/share/multi_robot_arm/config/ur/ur5/visual_parameters copy.yaml
-- Up-to-date symlink: /home/jsh/robot_ws/install/multi_robot_arm/share/multi_robot_arm/config/ur/ur5/visual_parameters.yaml
-- Up-to-date symlink: /home/jsh/robot_ws/install/multi_robot_arm/share/multi_robot_arm/urdf/ur/inc/ur_common.xacro
-- Up-to-date symlink: /home/jsh/robot_ws/install/multi_robot_arm/share/multi_robot_arm/urdf/ur/inc/ur_transmissions.xacro
-- Up-to-date symlink: /home/jsh/robot_ws/install/multi_robot_arm/share/multi_robot_arm/urdf/ur/meshes/arm/collision/arm_01.stl
-- Up-to-date symlink: /home/jsh/robot_ws/install/multi_robot_arm/share/multi_robot_arm/urdf/ur/meshes/arm/collision/arm_02.stl
-- Up-to-date symlink: /home/jsh/robot_ws/install/multi_robot_arm/share/multi_robot_arm/urdf/ur/meshes/arm/collision/arm_02_v3-cut-5.stl
-- Up-to-date symlink: /home/jsh/robot_ws/install/multi_robot_arm/share/multi_robot_arm/urdf/ur/meshes/arm/collision/arm_03.stl
-- Up-to-date symlink: /home/jsh/robot_ws/install/multi_robot_arm/share/multi_robot_arm/urdf/ur/meshes/arm/collision/base.stl
-- Up-to-date symlink: /home/jsh/robot_ws/install/multi_robot_arm/share/multi_robot_arm/urdf/ur/meshes/arm/collision/gear1.stl
-- Up-to-date symlink: /home/jsh/robot_ws/install/multi_robot_arm/share/multi_robot_arm/urdf/ur/meshes/arm/collision/gear2.stl
-- Up-to-date symlink: /home/jsh/robot_ws/install/multi_robot_arm/share/multi_robot_arm/urdf/ur/meshes/arm/collision/grip_link_1.stl
-- Up-to-date symlink: /home/jsh/robot_ws/install/multi_robot_arm/share/multi_robot_arm/urdf/ur/meshes/arm/collision/gripper.stl
-- Up-to-date symlink: /home/jsh/robot_ws/install/multi_robot_arm/share/multi_robot_arm/urdf/ur/meshes/arm/collision/gripper_1.stl
-- Up-to-date symlink: /home/jsh/robot_ws/install/multi_robot_arm/share/multi_robot_arm/urdf/ur/meshes/arm/collision/gripper_base.stl
-- Up-to-date symlink: /home/jsh/robot_ws/install/multi_robot_arm/share/multi_robot_arm/urdf/ur/meshes/arm/collision/waist.stl
-- Up-to-date symlink: /home/jsh/robot_ws/install/multi_robot_arm/share/multi_robot_arm/urdf/ur/meshes/arm/visual/arm_01.dae
-- Up-to-date symlink: /home/jsh/robot_ws/install/multi_robot_arm/share/multi_robot_arm/urdf/ur/meshes/arm/visual/arm_02.dae
-- Up-to-date symlink: /home/jsh/robot_ws/install/multi_robot_arm/share/multi_robot_arm/urdf/ur/meshes/arm/visual/arm_03.dae
-- Up-to-date symlink: /home/jsh/robot_ws/install/multi_robot_arm/share/multi_robot_arm/urdf/ur/meshes/arm/visual/base.dae
-- Up-to-date symlink: /home/jsh/robot_ws/install/multi_robot_arm/share/multi_robot_arm/urdf/ur/meshes/arm/visual/gear1.dae
-- Up-to-date symlink: /home/jsh/robot_ws/install/multi_robot_arm/share/multi_robot_arm/urdf/ur/meshes/arm/visual/gear2.dae
-- Up-to-date symlink: /home/jsh/robot_ws/install/multi_robot_arm/share/multi_robot_arm/urdf/ur/meshes/arm/visual/grip_link_1.dae
-- Up-to-date symlink: /home/jsh/robot_ws/install/multi_robot_arm/share/multi_robot_arm/urdf/ur/meshes/arm/visual/gripper.dae
-- Up-to-date symlink: /home/jsh/robot_ws/install/multi_robot_arm/share/multi_robot_arm/urdf/ur/meshes/arm/visual/gripper_1.dae
-- Up-to-date symlink: /home/jsh/robot_ws/install/multi_robot_arm/share/multi_robot_arm/urdf/ur/meshes/arm/visual/gripper_base.dae
-- Up-to-date symlink: /home/jsh/robot_ws/install/multi_robot_arm/share/multi_robot_arm/urdf/ur/meshes/arm/visual/waist.dae
-- Up-to-date symlink: /home/jsh/robot_ws/install/multi_robot_arm/share/multi_robot_arm/urdf/ur/meshes/ur5/collision/arm_01.stl
-- Up-to-date symlink: /home/jsh/robot_ws/install/multi_robot_arm/share/multi_robot_arm/urdf/ur/meshes/ur5/collision/arm_02.stl
-- Up-to-date symlink: /home/jsh/robot_ws/install/multi_robot_arm/share/multi_robot_arm/urdf/ur/meshes/ur5/collision/arm_03.stl
-- Up-to-date symlink: /home/jsh/robot_ws/install/multi_robot_arm/share/multi_robot_arm/urdf/ur/meshes/ur5/collision/base.stl
-- Up-to-date symlink: /home/jsh/robot_ws/install/multi_robot_arm/share/multi_robot_arm/urdf/ur/meshes/ur5/collision/gear1.stl
-- Up-to-date symlink: /home/jsh/robot_ws/install/multi_robot_arm/share/multi_robot_arm/urdf/ur/meshes/ur5/collision/gear2.stl
-- Up-to-date symlink: /home/jsh/robot_ws/install/multi_robot_arm/share/multi_robot_arm/urdf/ur/meshes/ur5/collision/grip_link_1.stl
-- Up-to-date symlink: /home/jsh/robot_ws/install/multi_robot_arm/share/multi_robot_arm/urdf/ur/meshes/ur5/collision/gripper.stl
-- Up-to-date symlink: /home/jsh/robot_ws/install/multi_robot_arm/share/multi_robot_arm/urdf/ur/meshes/ur5/collision/gripper_1.stl
-- Up-to-date symlink: /home/jsh/robot_ws/install/multi_robot_arm/share/multi_robot_arm/urdf/ur/meshes/ur5/collision/gripper_base.stl
-- Up-to-date symlink: /home/jsh/robot_ws/install/multi_robot_arm/share/multi_robot_arm/urdf/ur/meshes/ur5/collision/waist.stl
-- Up-to-date symlink: /home/jsh/robot_ws/install/multi_robot_arm/share/multi_robot_arm/urdf/ur/meshes/ur5/visual/arm_01.dae
-- Up-to-date symlink: /home/jsh/robot_ws/install/multi_robot_arm/share/multi_robot_arm/urdf/ur/meshes/ur5/visual/arm_02.dae
-- Up-to-date symlink: /home/jsh/robot_ws/install/multi_robot_arm/share/multi_robot_arm/urdf/ur/meshes/ur5/visual/arm_03.dae
-- Up-to-date symlink: /home/jsh/robot_ws/install/multi_robot_arm/share/multi_robot_arm/urdf/ur/meshes/ur5/visual/base.dae
-- Up-to-date symlink: /home/jsh/robot_ws/install/multi_robot_arm/share/multi_robot_arm/urdf/ur/meshes/ur5/visual/gear1.dae
-- Up-to-date symlink: /home/jsh/robot_ws/install/multi_robot_arm/share/multi_robot_arm/urdf/ur/meshes/ur5/visual/gear2.dae
-- Up-to-date symlink: /home/jsh/robot_ws/install/multi_robot_arm/share/multi_robot_arm/urdf/ur/meshes/ur5/visual/grip_link_1.dae
-- Up-to-date symlink: /home/jsh/robot_ws/install/multi_robot_arm/share/multi_robot_arm/urdf/ur/meshes/ur5/visual/gripper.dae
-- Up-to-date symlink: /home/jsh/robot_ws/install/multi_robot_arm/share/multi_robot_arm/urdf/ur/meshes/ur5/visual/gripper_1.dae
-- Up-to-date symlink: /home/jsh/robot_ws/install/multi_robot_arm/share/multi_robot_arm/urdf/ur/meshes/ur5/visual/gripper_base.dae
-- Up-to-date symlink: /home/jsh/robot_ws/install/multi_robot_arm/share/multi_robot_arm/urdf/ur/meshes/ur5/visual/waist.dae
-- Up-to-date symlink: /home/jsh/robot_ws/install/multi_robot_arm/share/multi_robot_arm/urdf/ur/ur5/ur_macro.xacro
-- Up-to-date symlink: /home/jsh/robot_ws/install/multi_robot_arm/share/multi_robot_arm/urdf/ur/ur5/ur_ros2_control.xacro
-- Up-to-date symlink: /home/jsh/robot_ws/install/multi_robot_arm/share/multi_robot_arm/urdf/ur/ur5/ur_urdf.xacro
-- Up-to-date symlink: /home/jsh/robot_ws/install/multi_robot_arm/share/multi_robot_arm/worlds/empty.world
-- Up-to-date symlink: /home/jsh/robot_ws/install/multi_robot_arm/share/multi_robot_arm/environment/multi_robot_arm.dsv
-- Up-to-date symlink: /home/jsh/robot_ws/install/multi_robot_arm/share/ament_index/resource_index/package_run_dependencies/multi_robot_arm
-- Up-to-date symlink: /home/jsh/robot_ws/install/multi_robot_arm/share/ament_index/resource_index/parent_prefix_path/multi_robot_arm
-- Up-to-date symlink: /home/jsh/robot_ws/install/multi_robot_arm/share/multi_robot_arm/environment/ament_prefix_path.sh
-- Up-to-date symlink: /home/jsh/robot_ws/install/multi_robot_arm/share/multi_robot_arm/environment/ament_prefix_path.dsv
-- Up-to-date symlink: /home/jsh/robot_ws/install/multi_robot_arm/share/multi_robot_arm/environment/path.sh
-- Up-to-date symlink: /home/jsh/robot_ws/install/multi_robot_arm/share/multi_robot_arm/environment/path.dsv
-- Up-to-date symlink: /home/jsh/robot_ws/install/multi_robot_arm/share/multi_robot_arm/local_setup.bash
-- Up-to-date symlink: /home/jsh/robot_ws/install/multi_robot_arm/share/multi_robot_arm/local_setup.sh
-- Up-to-date symlink: /home/jsh/robot_ws/install/multi_robot_arm/share/multi_robot_arm/local_setup.zsh
-- Up-to-date symlink: /home/jsh/robot_ws/install/multi_robot_arm/share/multi_robot_arm/local_setup.dsv
-- Symlinking: /home/jsh/robot_ws/install/multi_robot_arm/share/multi_robot_arm/package.dsv
-- Up-to-date symlink: /home/jsh/robot_ws/install/multi_robot_arm/share/ament_index/resource_index/packages/multi_robot_arm
-- Up-to-date symlink: /home/jsh/robot_ws/install/multi_robot_arm/share/multi_robot_arm/cmake/multi_robot_armConfig.cmake
-- Up-to-date symlink: /home/jsh/robot_ws/install/multi_robot_arm/share/multi_robot_arm/cmake/multi_robot_armConfig-version.cmake
-- Up-to-date symlink: /home/jsh/robot_ws/install/multi_robot_arm/share/multi_robot_arm/package.xml
