[0.120s] Invoking command in '/home/jsh/robot_ws/build/multi_robot_arm': CMAKE_PREFIX_PATH=${CMAKE_PREFIX_PATH}:/opt/ros/humble /usr/bin/cmake --build /home/jsh/robot_ws/build/multi_robot_arm -- -j8 -l8
[0.348s] Invoked command in '/home/jsh/robot_ws/build/multi_robot_arm' returned '0': CMAKE_PREFIX_PATH=${CMAKE_PREFIX_PATH}:/opt/ros/humble /usr/bin/cmake --build /home/jsh/robot_ws/build/multi_robot_arm -- -j8 -l8
[0.543s] Invoking command in '/home/jsh/robot_ws/build/multi_robot_arm': CMAKE_PREFIX_PATH=${CMAKE_PREFIX_PATH}:/opt/ros/humble /usr/bin/cmake --install /home/jsh/robot_ws/build/multi_robot_arm
[0.626s] -- Install configuration: ""
[0.629s] -- Execute custom install script
[0.631s] -- Up-to-date symlink: /home/jsh/robot_ws/install/multi_robot_arm/share/multi_robot_arm/launch/arm2.urdf.yaml
[0.632s] -- Up-to-date symlink: /home/jsh/robot_ws/install/multi_robot_arm/share/multi_robot_arm/launch/dual_robot.yaml
[0.633s] -- Up-to-date symlink: /home/jsh/robot_ws/install/multi_robot_arm/share/multi_robot_arm/launch/gazebo_arm.launch.py
[0.634s] -- Up-to-date symlink: /home/jsh/robot_ws/install/multi_robot_arm/share/multi_robot_arm/launch/gazebo_arm2.launch.py
[0.636s] -- Up-to-date symlink: /home/jsh/robot_ws/install/multi_robot_arm/share/multi_robot_arm/config/ur/ur5/chomp_planning.yaml
[0.637s] -- Up-to-date symlink: /home/jsh/robot_ws/install/multi_robot_arm/share/multi_robot_arm/config/ur/ur5/default_kinematics copy.yaml
[0.638s] -- Up-to-date symlink: /home/jsh/robot_ws/install/multi_robot_arm/share/multi_robot_arm/config/ur/ur5/default_kinematics.yaml
[0.639s] -- Up-to-date symlink: /home/jsh/robot_ws/install/multi_robot_arm/share/multi_robot_arm/config/ur/ur5/dual_robot.yaml
[0.640s] -- Up-to-date symlink: /home/jsh/robot_ws/install/multi_robot_arm/share/multi_robot_arm/config/ur/ur5/initial_positions.yaml
[0.641s] -- Up-to-date symlink: /home/jsh/robot_ws/install/multi_robot_arm/share/multi_robot_arm/config/ur/ur5/joint_limits.yaml
[0.641s] -- Up-to-date symlink: /home/jsh/robot_ws/install/multi_robot_arm/share/multi_robot_arm/config/ur/ur5/joint_limits_planning.yaml
[0.642s] -- Up-to-date symlink: /home/jsh/robot_ws/install/multi_robot_arm/share/multi_robot_arm/config/ur/ur5/kinematics.yaml
[0.645s] -- Up-to-date symlink: /home/jsh/robot_ws/install/multi_robot_arm/share/multi_robot_arm/config/ur/ur5/moveit_controller_manager.yaml
[0.646s] -- Up-to-date symlink: /home/jsh/robot_ws/install/multi_robot_arm/share/multi_robot_arm/config/ur/ur5/ompl_planning.yaml
[0.647s] -- Up-to-date symlink: /home/jsh/robot_ws/install/multi_robot_arm/share/multi_robot_arm/config/ur/ur5/physical_parameters.yaml
[0.648s] -- Up-to-date symlink: /home/jsh/robot_ws/install/multi_robot_arm/share/multi_robot_arm/config/ur/ur5/robot.srdf
[0.649s] -- Up-to-date symlink: /home/jsh/robot_ws/install/multi_robot_arm/share/multi_robot_arm/config/ur/ur5/ros_controllers_robot.yaml
[0.650s] -- Up-to-date symlink: /home/jsh/robot_ws/install/multi_robot_arm/share/multi_robot_arm/config/ur/ur5/visual_parameters copy.yaml
[0.652s] -- Up-to-date symlink: /home/jsh/robot_ws/install/multi_robot_arm/share/multi_robot_arm/config/ur/ur5/visual_parameters.yaml
[0.656s] -- Up-to-date symlink: /home/jsh/robot_ws/install/multi_robot_arm/share/multi_robot_arm/urdf/ur/inc/ur_common.xacro
[0.659s] -- Up-to-date symlink: /home/jsh/robot_ws/install/multi_robot_arm/share/multi_robot_arm/urdf/ur/inc/ur_transmissions.xacro
[0.661s] -- Up-to-date symlink: /home/jsh/robot_ws/install/multi_robot_arm/share/multi_robot_arm/urdf/ur/meshes/arm/collision/arm_01.stl
[0.664s] -- Up-to-date symlink: /home/jsh/robot_ws/install/multi_robot_arm/share/multi_robot_arm/urdf/ur/meshes/arm/collision/arm_02.stl
[0.667s] -- Up-to-date symlink: /home/jsh/robot_ws/install/multi_robot_arm/share/multi_robot_arm/urdf/ur/meshes/arm/collision/arm_02_v3-cut-5.stl
[0.674s] -- Up-to-date symlink: /home/jsh/robot_ws/install/multi_robot_arm/share/multi_robot_arm/urdf/ur/meshes/arm/collision/arm_03.stl
[0.677s] -- Up-to-date symlink: /home/jsh/robot_ws/install/multi_robot_arm/share/multi_robot_arm/urdf/ur/meshes/arm/collision/base.stl
[0.680s] -- Up-to-date symlink: /home/jsh/robot_ws/install/multi_robot_arm/share/multi_robot_arm/urdf/ur/meshes/arm/collision/gear1.stl
[0.693s] -- Up-to-date symlink: /home/jsh/robot_ws/install/multi_robot_arm/share/multi_robot_arm/urdf/ur/meshes/arm/collision/gear2.stl
[0.707s] -- Up-to-date symlink: /home/jsh/robot_ws/install/multi_robot_arm/share/multi_robot_arm/urdf/ur/meshes/arm/collision/grip_link_1.stl
[0.733s] -- Up-to-date symlink: /home/jsh/robot_ws/install/multi_robot_arm/share/multi_robot_arm/urdf/ur/meshes/arm/collision/gripper.stl
[0.736s] -- Up-to-date symlink: /home/jsh/robot_ws/install/multi_robot_arm/share/multi_robot_arm/urdf/ur/meshes/arm/collision/gripper_1.stl
[0.743s] -- Up-to-date symlink: /home/jsh/robot_ws/install/multi_robot_arm/share/multi_robot_arm/urdf/ur/meshes/arm/collision/gripper_base.stl
[0.754s] -- Up-to-date symlink: /home/jsh/robot_ws/install/multi_robot_arm/share/multi_robot_arm/urdf/ur/meshes/arm/collision/waist.stl
[0.759s] -- Up-to-date symlink: /home/jsh/robot_ws/install/multi_robot_arm/share/multi_robot_arm/urdf/ur/meshes/arm/visual/arm_01.dae
[0.764s] -- Up-to-date symlink: /home/jsh/robot_ws/install/multi_robot_arm/share/multi_robot_arm/urdf/ur/meshes/arm/visual/arm_02.dae
[0.768s] -- Up-to-date symlink: /home/jsh/robot_ws/install/multi_robot_arm/share/multi_robot_arm/urdf/ur/meshes/arm/visual/arm_03.dae
[0.783s] -- Up-to-date symlink: /home/jsh/robot_ws/install/multi_robot_arm/share/multi_robot_arm/urdf/ur/meshes/arm/visual/base.dae
[0.789s] -- Up-to-date symlink: /home/jsh/robot_ws/install/multi_robot_arm/share/multi_robot_arm/urdf/ur/meshes/arm/visual/gear1.dae
[0.798s] -- Up-to-date symlink: /home/jsh/robot_ws/install/multi_robot_arm/share/multi_robot_arm/urdf/ur/meshes/arm/visual/gear2.dae
[0.800s] -- Up-to-date symlink: /home/jsh/robot_ws/install/multi_robot_arm/share/multi_robot_arm/urdf/ur/meshes/arm/visual/grip_link_1.dae
[0.806s] -- Up-to-date symlink: /home/jsh/robot_ws/install/multi_robot_arm/share/multi_robot_arm/urdf/ur/meshes/arm/visual/gripper.dae
[0.813s] -- Up-to-date symlink: /home/jsh/robot_ws/install/multi_robot_arm/share/multi_robot_arm/urdf/ur/meshes/arm/visual/gripper_1.dae
[0.823s] -- Up-to-date symlink: /home/jsh/robot_ws/install/multi_robot_arm/share/multi_robot_arm/urdf/ur/meshes/arm/visual/gripper_base.dae
[0.858s] -- Up-to-date symlink: /home/jsh/robot_ws/install/multi_robot_arm/share/multi_robot_arm/urdf/ur/meshes/arm/visual/waist.dae
[0.860s] -- Up-to-date symlink: /home/jsh/robot_ws/install/multi_robot_arm/share/multi_robot_arm/urdf/ur/meshes/ur5/collision/arm_01.stl
[0.861s] -- Up-to-date symlink: /home/jsh/robot_ws/install/multi_robot_arm/share/multi_robot_arm/urdf/ur/meshes/ur5/collision/arm_02.stl
[0.862s] -- Up-to-date symlink: /home/jsh/robot_ws/install/multi_robot_arm/share/multi_robot_arm/urdf/ur/meshes/ur5/collision/arm_03.stl
[0.866s] -- Up-to-date symlink: /home/jsh/robot_ws/install/multi_robot_arm/share/multi_robot_arm/urdf/ur/meshes/ur5/collision/base.stl
[0.867s] -- Up-to-date symlink: /home/jsh/robot_ws/install/multi_robot_arm/share/multi_robot_arm/urdf/ur/meshes/ur5/collision/gear1.stl
[0.868s] -- Up-to-date symlink: /home/jsh/robot_ws/install/multi_robot_arm/share/multi_robot_arm/urdf/ur/meshes/ur5/collision/gear2.stl
[0.872s] -- Up-to-date symlink: /home/jsh/robot_ws/install/multi_robot_arm/share/multi_robot_arm/urdf/ur/meshes/ur5/collision/grip_link_1.stl
[0.884s] -- Up-to-date symlink: /home/jsh/robot_ws/install/multi_robot_arm/share/multi_robot_arm/urdf/ur/meshes/ur5/collision/gripper.stl
[0.924s] -- Up-to-date symlink: /home/jsh/robot_ws/install/multi_robot_arm/share/multi_robot_arm/urdf/ur/meshes/ur5/collision/gripper_1.stl
[0.925s] -- Up-to-date symlink: /home/jsh/robot_ws/install/multi_robot_arm/share/multi_robot_arm/urdf/ur/meshes/ur5/collision/gripper_base.stl
[0.925s] -- Up-to-date symlink: /home/jsh/robot_ws/install/multi_robot_arm/share/multi_robot_arm/urdf/ur/meshes/ur5/collision/waist.stl
[0.926s] -- Up-to-date symlink: /home/jsh/robot_ws/install/multi_robot_arm/share/multi_robot_arm/urdf/ur/meshes/ur5/visual/arm_01.dae
[0.927s] -- Up-to-date symlink: /home/jsh/robot_ws/install/multi_robot_arm/share/multi_robot_arm/urdf/ur/meshes/ur5/visual/arm_02.dae
[0.929s] -- Up-to-date symlink: /home/jsh/robot_ws/install/multi_robot_arm/share/multi_robot_arm/urdf/ur/meshes/ur5/visual/arm_03.dae
[0.931s] -- Up-to-date symlink: /home/jsh/robot_ws/install/multi_robot_arm/share/multi_robot_arm/urdf/ur/meshes/ur5/visual/base.dae
[0.932s] -- Up-to-date symlink: /home/jsh/robot_ws/install/multi_robot_arm/share/multi_robot_arm/urdf/ur/meshes/ur5/visual/gear1.dae
[0.933s] -- Up-to-date symlink: /home/jsh/robot_ws/install/multi_robot_arm/share/multi_robot_arm/urdf/ur/meshes/ur5/visual/gear2.dae
[0.956s] -- Up-to-date symlink: /home/jsh/robot_ws/install/multi_robot_arm/share/multi_robot_arm/urdf/ur/meshes/ur5/visual/grip_link_1.dae
[0.957s] -- Up-to-date symlink: /home/jsh/robot_ws/install/multi_robot_arm/share/multi_robot_arm/urdf/ur/meshes/ur5/visual/gripper.dae
[0.957s] -- Up-to-date symlink: /home/jsh/robot_ws/install/multi_robot_arm/share/multi_robot_arm/urdf/ur/meshes/ur5/visual/gripper_1.dae
[0.958s] -- Up-to-date symlink: /home/jsh/robot_ws/install/multi_robot_arm/share/multi_robot_arm/urdf/ur/meshes/ur5/visual/gripper_base.dae
[0.959s] -- Up-to-date symlink: /home/jsh/robot_ws/install/multi_robot_arm/share/multi_robot_arm/urdf/ur/meshes/ur5/visual/waist.dae
[0.960s] -- Up-to-date symlink: /home/jsh/robot_ws/install/multi_robot_arm/share/multi_robot_arm/urdf/ur/ur5/ur_macro.xacro
[0.960s] -- Up-to-date symlink: /home/jsh/robot_ws/install/multi_robot_arm/share/multi_robot_arm/urdf/ur/ur5/ur_ros2_control.xacro
[0.961s] -- Up-to-date symlink: /home/jsh/robot_ws/install/multi_robot_arm/share/multi_robot_arm/urdf/ur/ur5/ur_urdf.xacro
[0.961s] -- Up-to-date symlink: /home/jsh/robot_ws/install/multi_robot_arm/share/multi_robot_arm/worlds/empty.world
[0.962s] -- Up-to-date symlink: /home/jsh/robot_ws/install/multi_robot_arm/share/multi_robot_arm/environment/multi_robot_arm.dsv
[0.966s] -- Up-to-date symlink: /home/jsh/robot_ws/install/multi_robot_arm/share/ament_index/resource_index/package_run_dependencies/multi_robot_arm
[0.969s] -- Up-to-date symlink: /home/jsh/robot_ws/install/multi_robot_arm/share/ament_index/resource_index/parent_prefix_path/multi_robot_arm
[0.976s] -- Up-to-date symlink: /home/jsh/robot_ws/install/multi_robot_arm/share/multi_robot_arm/environment/ament_prefix_path.sh
[0.982s] -- Up-to-date symlink: /home/jsh/robot_ws/install/multi_robot_arm/share/multi_robot_arm/environment/ament_prefix_path.dsv
[0.993s] -- Up-to-date symlink: /home/jsh/robot_ws/install/multi_robot_arm/share/multi_robot_arm/environment/path.sh
[0.994s] -- Up-to-date symlink: /home/jsh/robot_ws/install/multi_robot_arm/share/multi_robot_arm/environment/path.dsv
[0.995s] -- Up-to-date symlink: /home/jsh/robot_ws/install/multi_robot_arm/share/multi_robot_arm/local_setup.bash
[0.995s] -- Up-to-date symlink: /home/jsh/robot_ws/install/multi_robot_arm/share/multi_robot_arm/local_setup.sh
[0.996s] -- Up-to-date symlink: /home/jsh/robot_ws/install/multi_robot_arm/share/multi_robot_arm/local_setup.zsh
[0.996s] -- Up-to-date symlink: /home/jsh/robot_ws/install/multi_robot_arm/share/multi_robot_arm/local_setup.dsv
[0.997s] -- Symlinking: /home/jsh/robot_ws/install/multi_robot_arm/share/multi_robot_arm/package.dsv
[0.998s] -- Up-to-date symlink: /home/jsh/robot_ws/install/multi_robot_arm/share/ament_index/resource_index/packages/multi_robot_arm
[0.999s] -- Up-to-date symlink: /home/jsh/robot_ws/install/multi_robot_arm/share/multi_robot_arm/cmake/multi_robot_armConfig.cmake
[1.000s] -- Up-to-date symlink: /home/jsh/robot_ws/install/multi_robot_arm/share/multi_robot_arm/cmake/multi_robot_armConfig-version.cmake
[1.000s] -- Up-to-date symlink: /home/jsh/robot_ws/install/multi_robot_arm/share/multi_robot_arm/package.xml
[1.003s] Invoked command in '/home/jsh/robot_ws/build/multi_robot_arm' returned '0': CMAKE_PREFIX_PATH=${CMAKE_PREFIX_PATH}:/opt/ros/humble /usr/bin/cmake --install /home/jsh/robot_ws/build/multi_robot_arm
