[0.613s] DEBUG:colcon:Command line arguments: ['/usr/bin/colcon', 'build', '--symlink-install']
[0.613s] DEBUG:colcon:Parsed command line arguments: Namespace(log_base=None, log_level=None, verb_name='build', build_base='build', install_base='install', merge_install=False, symlink_install=True, test_result_base=None, continue_on_error=False, executor='parallel', parallel_workers=8, event_handlers=None, ignore_user_meta=False, metas=['./colcon.meta'], base_paths=['.'], packages_ignore=None, packages_ignore_regex=None, paths=None, packages_up_to=None, packages_up_to_regex=None, packages_above=None, packages_above_and_dependencies=None, packages_above_depth=None, packages_select_by_dep=None, packages_skip_by_dep=None, packages_skip_up_to=None, packages_select_build_failed=False, packages_skip_build_finished=False, packages_select_test_failures=False, packages_skip_test_passed=False, packages_select=None, packages_skip=None, packages_select_regex=None, packages_skip_regex=None, packages_start=None, packages_end=None, allow_overriding=[], cmake_args=None, cmake_target=None, cmake_target_skip_unavailable=False, cmake_clean_cache=False, cmake_clean_first=False, cmake_force_configure=False, ament_cmake_args=None, catkin_cmake_args=None, catkin_skip_building_tests=False, mixin_files=None, mixin=None, verb_parser=<colcon_mixin.mixin.mixin_argument.MixinArgumentDecorator object at 0x736514d33c10>, verb_extension=<colcon_core.verb.build.BuildVerb object at 0x736514d33730>, main=<bound method BuildVerb.main of <colcon_core.verb.build.BuildVerb object at 0x736514d33730>>, mixin_verb=('build',))
[1.558s] Level 1:colcon.colcon_core.package_discovery:discover_packages(colcon_meta) check parameters
[1.558s] Level 1:colcon.colcon_core.package_discovery:discover_packages(recursive) check parameters
[1.559s] Level 1:colcon.colcon_core.package_discovery:discover_packages(ignore) check parameters
[1.559s] Level 1:colcon.colcon_core.package_discovery:discover_packages(path) check parameters
[1.559s] Level 1:colcon.colcon_core.package_discovery:discover_packages(colcon_meta) discover
[1.559s] Level 1:colcon.colcon_core.package_discovery:discover_packages(recursive) discover
[1.559s] INFO:colcon.colcon_core.package_discovery:Crawling recursively for packages in '/home/jsh/robot_ws'
[1.560s] Level 1:colcon.colcon_core.package_identification:_identify(.) by extensions ['ignore', 'ignore_ament_install']
[1.560s] Level 1:colcon.colcon_core.package_identification:_identify(.) by extension 'ignore'
[1.561s] Level 1:colcon.colcon_core.package_identification:_identify(.) by extension 'ignore_ament_install'
[1.561s] Level 1:colcon.colcon_core.package_identification:_identify(.) by extensions ['colcon_pkg']
[1.561s] Level 1:colcon.colcon_core.package_identification:_identify(.) by extension 'colcon_pkg'
[1.562s] Level 1:colcon.colcon_core.package_identification:_identify(.) by extensions ['colcon_meta']
[1.562s] Level 1:colcon.colcon_core.package_identification:_identify(.) by extension 'colcon_meta'
[1.562s] Level 1:colcon.colcon_core.package_identification:_identify(.) by extensions ['ros']
[1.562s] Level 1:colcon.colcon_core.package_identification:_identify(.) by extension 'ros'
[1.612s] Level 1:colcon.colcon_core.package_identification:_identify(.) by extensions ['cmake', 'python']
[1.613s] Level 1:colcon.colcon_core.package_identification:_identify(.) by extension 'cmake'
[1.613s] Level 1:colcon.colcon_core.package_identification:_identify(.) by extension 'python'
[1.613s] Level 1:colcon.colcon_core.package_identification:_identify(.) by extensions ['python_setup_py']
[1.613s] Level 1:colcon.colcon_core.package_identification:_identify(.) by extension 'python_setup_py'
[1.614s] Level 1:colcon.colcon_core.package_identification:_identify(build) by extensions ['ignore', 'ignore_ament_install']
[1.614s] Level 1:colcon.colcon_core.package_identification:_identify(build) by extension 'ignore'
[1.614s] Level 1:colcon.colcon_core.package_identification:_identify(build) ignored
[1.615s] Level 1:colcon.colcon_core.package_identification:_identify(install) by extensions ['ignore', 'ignore_ament_install']
[1.615s] Level 1:colcon.colcon_core.package_identification:_identify(install) by extension 'ignore'
[1.616s] Level 1:colcon.colcon_core.package_identification:_identify(install) ignored
[1.616s] Level 1:colcon.colcon_core.package_identification:_identify(log) by extensions ['ignore', 'ignore_ament_install']
[1.616s] Level 1:colcon.colcon_core.package_identification:_identify(log) by extension 'ignore'
[1.617s] Level 1:colcon.colcon_core.package_identification:_identify(log) ignored
[1.617s] Level 1:colcon.colcon_core.package_identification:_identify(src) by extensions ['ignore', 'ignore_ament_install']
[1.617s] Level 1:colcon.colcon_core.package_identification:_identify(src) by extension 'ignore'
[1.618s] Level 1:colcon.colcon_core.package_identification:_identify(src) by extension 'ignore_ament_install'
[1.618s] Level 1:colcon.colcon_core.package_identification:_identify(src) by extensions ['colcon_pkg']
[1.618s] Level 1:colcon.colcon_core.package_identification:_identify(src) by extension 'colcon_pkg'
[1.618s] Level 1:colcon.colcon_core.package_identification:_identify(src) by extensions ['colcon_meta']
[1.618s] Level 1:colcon.colcon_core.package_identification:_identify(src) by extension 'colcon_meta'
[1.619s] Level 1:colcon.colcon_core.package_identification:_identify(src) by extensions ['ros']
[1.619s] Level 1:colcon.colcon_core.package_identification:_identify(src) by extension 'ros'
[1.619s] Level 1:colcon.colcon_core.package_identification:_identify(src) by extensions ['cmake', 'python']
[1.620s] Level 1:colcon.colcon_core.package_identification:_identify(src) by extension 'cmake'
[1.620s] Level 1:colcon.colcon_core.package_identification:_identify(src) by extension 'python'
[1.620s] Level 1:colcon.colcon_core.package_identification:_identify(src) by extensions ['python_setup_py']
[1.620s] Level 1:colcon.colcon_core.package_identification:_identify(src) by extension 'python_setup_py'
[1.621s] Level 1:colcon.colcon_core.package_identification:_identify(src/micro_ros_setup) by extensions ['ignore', 'ignore_ament_install']
[1.621s] Level 1:colcon.colcon_core.package_identification:_identify(src/micro_ros_setup) by extension 'ignore'
[1.622s] Level 1:colcon.colcon_core.package_identification:_identify(src/micro_ros_setup) by extension 'ignore_ament_install'
[1.622s] Level 1:colcon.colcon_core.package_identification:_identify(src/micro_ros_setup) by extensions ['colcon_pkg']
[1.622s] Level 1:colcon.colcon_core.package_identification:_identify(src/micro_ros_setup) by extension 'colcon_pkg'
[1.622s] Level 1:colcon.colcon_core.package_identification:_identify(src/micro_ros_setup) by extensions ['colcon_meta']
[1.622s] Level 1:colcon.colcon_core.package_identification:_identify(src/micro_ros_setup) by extension 'colcon_meta'
[1.623s] Level 1:colcon.colcon_core.package_identification:_identify(src/micro_ros_setup) by extensions ['ros']
[1.623s] Level 1:colcon.colcon_core.package_identification:_identify(src/micro_ros_setup) by extension 'ros'
[1.634s] DEBUG:colcon.colcon_core.package_identification:Package 'src/micro_ros_setup' with type 'ros.ament_cmake' and name 'micro_ros_setup'
[1.634s] Level 1:colcon.colcon_core.package_identification:_identify(src/multi_robot_arm) by extensions ['ignore', 'ignore_ament_install']
[1.635s] Level 1:colcon.colcon_core.package_identification:_identify(src/multi_robot_arm) by extension 'ignore'
[1.635s] Level 1:colcon.colcon_core.package_identification:_identify(src/multi_robot_arm) by extension 'ignore_ament_install'
[1.636s] Level 1:colcon.colcon_core.package_identification:_identify(src/multi_robot_arm) by extensions ['colcon_pkg']
[1.636s] Level 1:colcon.colcon_core.package_identification:_identify(src/multi_robot_arm) by extension 'colcon_pkg'
[1.636s] Level 1:colcon.colcon_core.package_identification:_identify(src/multi_robot_arm) by extensions ['colcon_meta']
[1.636s] Level 1:colcon.colcon_core.package_identification:_identify(src/multi_robot_arm) by extension 'colcon_meta'
[1.636s] Level 1:colcon.colcon_core.package_identification:_identify(src/multi_robot_arm) by extensions ['ros']
[1.636s] Level 1:colcon.colcon_core.package_identification:_identify(src/multi_robot_arm) by extension 'ros'
[1.645s] DEBUG:colcon.colcon_core.package_identification:Package 'src/multi_robot_arm' with type 'ros.ament_cmake' and name 'multi_robot_arm'
[1.646s] Level 1:colcon.colcon_core.package_identification:_identify(src/pymoveit2) by extensions ['ignore', 'ignore_ament_install']
[1.646s] Level 1:colcon.colcon_core.package_identification:_identify(src/pymoveit2) by extension 'ignore'
[1.646s] Level 1:colcon.colcon_core.package_identification:_identify(src/pymoveit2) by extension 'ignore_ament_install'
[1.647s] Level 1:colcon.colcon_core.package_identification:_identify(src/pymoveit2) by extensions ['colcon_pkg']
[1.647s] Level 1:colcon.colcon_core.package_identification:_identify(src/pymoveit2) by extension 'colcon_pkg'
[1.647s] Level 1:colcon.colcon_core.package_identification:_identify(src/pymoveit2) by extensions ['colcon_meta']
[1.647s] Level 1:colcon.colcon_core.package_identification:_identify(src/pymoveit2) by extension 'colcon_meta'
[1.648s] Level 1:colcon.colcon_core.package_identification:_identify(src/pymoveit2) by extensions ['ros']
[1.648s] Level 1:colcon.colcon_core.package_identification:_identify(src/pymoveit2) by extension 'ros'
[1.652s] DEBUG:colcon.colcon_core.package_identification:Package 'src/pymoveit2' with type 'ros.ament_cmake' and name 'pymoveit2'
[1.653s] Level 1:colcon.colcon_core.package_identification:_identify(src/uros) by extensions ['ignore', 'ignore_ament_install']
[1.653s] Level 1:colcon.colcon_core.package_identification:_identify(src/uros) by extension 'ignore'
[1.653s] Level 1:colcon.colcon_core.package_identification:_identify(src/uros) by extension 'ignore_ament_install'
[1.653s] Level 1:colcon.colcon_core.package_identification:_identify(src/uros) by extensions ['colcon_pkg']
[1.654s] Level 1:colcon.colcon_core.package_identification:_identify(src/uros) by extension 'colcon_pkg'
[1.654s] Level 1:colcon.colcon_core.package_identification:_identify(src/uros) by extensions ['colcon_meta']
[1.654s] Level 1:colcon.colcon_core.package_identification:_identify(src/uros) by extension 'colcon_meta'
[1.654s] Level 1:colcon.colcon_core.package_identification:_identify(src/uros) by extensions ['ros']
[1.654s] Level 1:colcon.colcon_core.package_identification:_identify(src/uros) by extension 'ros'
[1.655s] Level 1:colcon.colcon_core.package_identification:_identify(src/uros) by extensions ['cmake', 'python']
[1.655s] Level 1:colcon.colcon_core.package_identification:_identify(src/uros) by extension 'cmake'
[1.655s] Level 1:colcon.colcon_core.package_identification:_identify(src/uros) by extension 'python'
[1.655s] Level 1:colcon.colcon_core.package_identification:_identify(src/uros) by extensions ['python_setup_py']
[1.656s] Level 1:colcon.colcon_core.package_identification:_identify(src/uros) by extension 'python_setup_py'
[1.657s] Level 1:colcon.colcon_core.package_identification:_identify(src/uros/micro-ROS-Agent) by extensions ['ignore', 'ignore_ament_install']
[1.657s] Level 1:colcon.colcon_core.package_identification:_identify(src/uros/micro-ROS-Agent) by extension 'ignore'
[1.657s] Level 1:colcon.colcon_core.package_identification:_identify(src/uros/micro-ROS-Agent) by extension 'ignore_ament_install'
[1.657s] Level 1:colcon.colcon_core.package_identification:_identify(src/uros/micro-ROS-Agent) by extensions ['colcon_pkg']
[1.657s] Level 1:colcon.colcon_core.package_identification:_identify(src/uros/micro-ROS-Agent) by extension 'colcon_pkg'
[1.658s] Level 1:colcon.colcon_core.package_identification:_identify(src/uros/micro-ROS-Agent) by extensions ['colcon_meta']
[1.658s] Level 1:colcon.colcon_core.package_identification:_identify(src/uros/micro-ROS-Agent) by extension 'colcon_meta'
[1.658s] Level 1:colcon.colcon_core.package_identification:_identify(src/uros/micro-ROS-Agent) by extensions ['ros']
[1.658s] Level 1:colcon.colcon_core.package_identification:_identify(src/uros/micro-ROS-Agent) by extension 'ros'
[1.658s] Level 1:colcon.colcon_core.package_identification:_identify(src/uros/micro-ROS-Agent) by extensions ['cmake', 'python']
[1.659s] Level 1:colcon.colcon_core.package_identification:_identify(src/uros/micro-ROS-Agent) by extension 'cmake'
[1.659s] Level 1:colcon.colcon_core.package_identification:_identify(src/uros/micro-ROS-Agent) by extension 'python'
[1.659s] Level 1:colcon.colcon_core.package_identification:_identify(src/uros/micro-ROS-Agent) by extensions ['python_setup_py']
[1.659s] Level 1:colcon.colcon_core.package_identification:_identify(src/uros/micro-ROS-Agent) by extension 'python_setup_py'
[1.660s] Level 1:colcon.colcon_core.package_identification:_identify(src/uros/micro-ROS-Agent/micro_ros_agent) by extensions ['ignore', 'ignore_ament_install']
[1.660s] Level 1:colcon.colcon_core.package_identification:_identify(src/uros/micro-ROS-Agent/micro_ros_agent) by extension 'ignore'
[1.660s] Level 1:colcon.colcon_core.package_identification:_identify(src/uros/micro-ROS-Agent/micro_ros_agent) by extension 'ignore_ament_install'
[1.660s] Level 1:colcon.colcon_core.package_identification:_identify(src/uros/micro-ROS-Agent/micro_ros_agent) by extensions ['colcon_pkg']
[1.661s] Level 1:colcon.colcon_core.package_identification:_identify(src/uros/micro-ROS-Agent/micro_ros_agent) by extension 'colcon_pkg'
[1.661s] Level 1:colcon.colcon_core.package_identification:_identify(src/uros/micro-ROS-Agent/micro_ros_agent) by extensions ['colcon_meta']
[1.661s] Level 1:colcon.colcon_core.package_identification:_identify(src/uros/micro-ROS-Agent/micro_ros_agent) by extension 'colcon_meta'
[1.661s] Level 1:colcon.colcon_core.package_identification:_identify(src/uros/micro-ROS-Agent/micro_ros_agent) by extensions ['ros']
[1.662s] Level 1:colcon.colcon_core.package_identification:_identify(src/uros/micro-ROS-Agent/micro_ros_agent) by extension 'ros'
[1.666s] DEBUG:colcon.colcon_core.package_identification:Package 'src/uros/micro-ROS-Agent/micro_ros_agent' with type 'ros.ament_cmake' and name 'micro_ros_agent'
[1.666s] Level 1:colcon.colcon_core.package_identification:_identify(src/uros/micro-ROS-Agent/snap) by extensions ['ignore', 'ignore_ament_install']
[1.667s] Level 1:colcon.colcon_core.package_identification:_identify(src/uros/micro-ROS-Agent/snap) by extension 'ignore'
[1.667s] Level 1:colcon.colcon_core.package_identification:_identify(src/uros/micro-ROS-Agent/snap) by extension 'ignore_ament_install'
[1.667s] Level 1:colcon.colcon_core.package_identification:_identify(src/uros/micro-ROS-Agent/snap) by extensions ['colcon_pkg']
[1.667s] Level 1:colcon.colcon_core.package_identification:_identify(src/uros/micro-ROS-Agent/snap) by extension 'colcon_pkg'
[1.668s] Level 1:colcon.colcon_core.package_identification:_identify(src/uros/micro-ROS-Agent/snap) by extensions ['colcon_meta']
[1.668s] Level 1:colcon.colcon_core.package_identification:_identify(src/uros/micro-ROS-Agent/snap) by extension 'colcon_meta'
[1.668s] Level 1:colcon.colcon_core.package_identification:_identify(src/uros/micro-ROS-Agent/snap) by extensions ['ros']
[1.668s] Level 1:colcon.colcon_core.package_identification:_identify(src/uros/micro-ROS-Agent/snap) by extension 'ros'
[1.669s] Level 1:colcon.colcon_core.package_identification:_identify(src/uros/micro-ROS-Agent/snap) by extensions ['cmake', 'python']
[1.669s] Level 1:colcon.colcon_core.package_identification:_identify(src/uros/micro-ROS-Agent/snap) by extension 'cmake'
[1.669s] Level 1:colcon.colcon_core.package_identification:_identify(src/uros/micro-ROS-Agent/snap) by extension 'python'
[1.669s] Level 1:colcon.colcon_core.package_identification:_identify(src/uros/micro-ROS-Agent/snap) by extensions ['python_setup_py']
[1.669s] Level 1:colcon.colcon_core.package_identification:_identify(src/uros/micro-ROS-Agent/snap) by extension 'python_setup_py'
[1.670s] Level 1:colcon.colcon_core.package_identification:_identify(src/uros/micro-ROS-Agent/snap/hooks) by extensions ['ignore', 'ignore_ament_install']
[1.670s] Level 1:colcon.colcon_core.package_identification:_identify(src/uros/micro-ROS-Agent/snap/hooks) by extension 'ignore'
[1.671s] Level 1:colcon.colcon_core.package_identification:_identify(src/uros/micro-ROS-Agent/snap/hooks) by extension 'ignore_ament_install'
[1.671s] Level 1:colcon.colcon_core.package_identification:_identify(src/uros/micro-ROS-Agent/snap/hooks) by extensions ['colcon_pkg']
[1.671s] Level 1:colcon.colcon_core.package_identification:_identify(src/uros/micro-ROS-Agent/snap/hooks) by extension 'colcon_pkg'
[1.672s] Level 1:colcon.colcon_core.package_identification:_identify(src/uros/micro-ROS-Agent/snap/hooks) by extensions ['colcon_meta']
[1.672s] Level 1:colcon.colcon_core.package_identification:_identify(src/uros/micro-ROS-Agent/snap/hooks) by extension 'colcon_meta'
[1.673s] Level 1:colcon.colcon_core.package_identification:_identify(src/uros/micro-ROS-Agent/snap/hooks) by extensions ['ros']
[1.673s] Level 1:colcon.colcon_core.package_identification:_identify(src/uros/micro-ROS-Agent/snap/hooks) by extension 'ros'
[1.673s] Level 1:colcon.colcon_core.package_identification:_identify(src/uros/micro-ROS-Agent/snap/hooks) by extensions ['cmake', 'python']
[1.673s] Level 1:colcon.colcon_core.package_identification:_identify(src/uros/micro-ROS-Agent/snap/hooks) by extension 'cmake'
[1.673s] Level 1:colcon.colcon_core.package_identification:_identify(src/uros/micro-ROS-Agent/snap/hooks) by extension 'python'
[1.674s] Level 1:colcon.colcon_core.package_identification:_identify(src/uros/micro-ROS-Agent/snap/hooks) by extensions ['python_setup_py']
[1.674s] Level 1:colcon.colcon_core.package_identification:_identify(src/uros/micro-ROS-Agent/snap/hooks) by extension 'python_setup_py'
[1.674s] Level 1:colcon.colcon_core.package_identification:_identify(src/uros/micro-ROS-Agent/snap/local) by extensions ['ignore', 'ignore_ament_install']
[1.675s] Level 1:colcon.colcon_core.package_identification:_identify(src/uros/micro-ROS-Agent/snap/local) by extension 'ignore'
[1.675s] Level 1:colcon.colcon_core.package_identification:_identify(src/uros/micro-ROS-Agent/snap/local) by extension 'ignore_ament_install'
[1.675s] Level 1:colcon.colcon_core.package_identification:_identify(src/uros/micro-ROS-Agent/snap/local) by extensions ['colcon_pkg']
[1.675s] Level 1:colcon.colcon_core.package_identification:_identify(src/uros/micro-ROS-Agent/snap/local) by extension 'colcon_pkg'
[1.676s] Level 1:colcon.colcon_core.package_identification:_identify(src/uros/micro-ROS-Agent/snap/local) by extensions ['colcon_meta']
[1.676s] Level 1:colcon.colcon_core.package_identification:_identify(src/uros/micro-ROS-Agent/snap/local) by extension 'colcon_meta'
[1.676s] Level 1:colcon.colcon_core.package_identification:_identify(src/uros/micro-ROS-Agent/snap/local) by extensions ['ros']
[1.676s] Level 1:colcon.colcon_core.package_identification:_identify(src/uros/micro-ROS-Agent/snap/local) by extension 'ros'
[1.677s] Level 1:colcon.colcon_core.package_identification:_identify(src/uros/micro-ROS-Agent/snap/local) by extensions ['cmake', 'python']
[1.677s] Level 1:colcon.colcon_core.package_identification:_identify(src/uros/micro-ROS-Agent/snap/local) by extension 'cmake'
[1.677s] Level 1:colcon.colcon_core.package_identification:_identify(src/uros/micro-ROS-Agent/snap/local) by extension 'python'
[1.677s] Level 1:colcon.colcon_core.package_identification:_identify(src/uros/micro-ROS-Agent/snap/local) by extensions ['python_setup_py']
[1.677s] Level 1:colcon.colcon_core.package_identification:_identify(src/uros/micro-ROS-Agent/snap/local) by extension 'python_setup_py'
[1.678s] Level 1:colcon.colcon_core.package_identification:_identify(src/uros/micro_ros_msgs) by extensions ['ignore', 'ignore_ament_install']
[1.678s] Level 1:colcon.colcon_core.package_identification:_identify(src/uros/micro_ros_msgs) by extension 'ignore'
[1.678s] Level 1:colcon.colcon_core.package_identification:_identify(src/uros/micro_ros_msgs) by extension 'ignore_ament_install'
[1.679s] Level 1:colcon.colcon_core.package_identification:_identify(src/uros/micro_ros_msgs) by extensions ['colcon_pkg']
[1.679s] Level 1:colcon.colcon_core.package_identification:_identify(src/uros/micro_ros_msgs) by extension 'colcon_pkg'
[1.679s] Level 1:colcon.colcon_core.package_identification:_identify(src/uros/micro_ros_msgs) by extensions ['colcon_meta']
[1.679s] Level 1:colcon.colcon_core.package_identification:_identify(src/uros/micro_ros_msgs) by extension 'colcon_meta'
[1.679s] Level 1:colcon.colcon_core.package_identification:_identify(src/uros/micro_ros_msgs) by extensions ['ros']
[1.679s] Level 1:colcon.colcon_core.package_identification:_identify(src/uros/micro_ros_msgs) by extension 'ros'
[1.682s] DEBUG:colcon.colcon_core.package_identification:Package 'src/uros/micro_ros_msgs' with type 'ros.ament_cmake' and name 'micro_ros_msgs'
[1.683s] Level 1:colcon.colcon_core.package_discovery:discover_packages(recursive) using defaults
[1.683s] Level 1:colcon.colcon_core.package_discovery:discover_packages(ignore) discover
[1.683s] Level 1:colcon.colcon_core.package_discovery:discover_packages(ignore) using defaults
[1.684s] Level 1:colcon.colcon_core.package_discovery:discover_packages(path) discover
[1.684s] Level 1:colcon.colcon_core.package_discovery:discover_packages(path) using defaults
[1.808s] Level 1:colcon.colcon_core.package_discovery:discover_packages(prefix_path) check parameters
[1.808s] Level 1:colcon.colcon_core.package_discovery:discover_packages(prefix_path) discover
[1.814s] WARNING:colcon.colcon_ros.prefix_path.ament:The path '/home/jsh/robot_ws/install/pymoveit2' in the environment variable AMENT_PREFIX_PATH doesn't exist
[1.815s] WARNING:colcon.colcon_ros.prefix_path.ament:The path '/home/jsh/robot_ws/install/multi_robot_arm' in the environment variable AMENT_PREFIX_PATH doesn't exist
[1.815s] WARNING:colcon.colcon_ros.prefix_path.ament:The path '/home/jsh/robot_ws/install/micro_ros_setup' in the environment variable AMENT_PREFIX_PATH doesn't exist
[1.815s] WARNING:colcon.colcon_ros.prefix_path.ament:The path '/home/jsh/robot_ws/install/micro_ros_msgs' in the environment variable AMENT_PREFIX_PATH doesn't exist
[1.816s] WARNING:colcon.colcon_ros.prefix_path.catkin:The path '/home/jsh/robot_ws/install/pymoveit2' in the environment variable CMAKE_PREFIX_PATH doesn't exist
[1.816s] WARNING:colcon.colcon_ros.prefix_path.catkin:The path '/home/jsh/robot_ws/install/multi_robot_arm' in the environment variable CMAKE_PREFIX_PATH doesn't exist
[1.816s] WARNING:colcon.colcon_ros.prefix_path.catkin:The path '/home/jsh/robot_ws/install/micro_ros_setup' in the environment variable CMAKE_PREFIX_PATH doesn't exist
[1.817s] WARNING:colcon.colcon_ros.prefix_path.catkin:The path '/home/jsh/robot_ws/install/micro_ros_msgs' in the environment variable CMAKE_PREFIX_PATH doesn't exist
[1.820s] DEBUG:colcon.colcon_installed_package_information.package_discovery:Found 6 installed packages in /home/jsh/install
[1.822s] DEBUG:colcon.colcon_installed_package_information.package_discovery:Found 0 installed packages in /home/jsh/robot_ws/install
[1.832s] DEBUG:colcon.colcon_installed_package_information.package_discovery:Found 428 installed packages in /opt/ros/humble
[1.843s] Level 1:colcon.colcon_core.package_discovery:discover_packages(prefix_path) using defaults
[2.183s] Level 5:colcon.colcon_core.verb:set package 'micro_ros_msgs' build argument 'cmake_args' from command line to 'None'
[2.183s] Level 5:colcon.colcon_core.verb:set package 'micro_ros_msgs' build argument 'cmake_target' from command line to 'None'
[2.183s] Level 5:colcon.colcon_core.verb:set package 'micro_ros_msgs' build argument 'cmake_target_skip_unavailable' from command line to 'False'
[2.183s] Level 5:colcon.colcon_core.verb:set package 'micro_ros_msgs' build argument 'cmake_clean_cache' from command line to 'False'
[2.183s] Level 5:colcon.colcon_core.verb:set package 'micro_ros_msgs' build argument 'cmake_clean_first' from command line to 'False'
[2.184s] Level 5:colcon.colcon_core.verb:set package 'micro_ros_msgs' build argument 'cmake_force_configure' from command line to 'False'
[2.184s] Level 5:colcon.colcon_core.verb:set package 'micro_ros_msgs' build argument 'ament_cmake_args' from command line to 'None'
[2.184s] Level 5:colcon.colcon_core.verb:set package 'micro_ros_msgs' build argument 'catkin_cmake_args' from command line to 'None'
[2.184s] Level 5:colcon.colcon_core.verb:set package 'micro_ros_msgs' build argument 'catkin_skip_building_tests' from command line to 'False'
[2.184s] DEBUG:colcon.colcon_core.verb:Building package 'micro_ros_msgs' with the following arguments: {'ament_cmake_args': None, 'build_base': '/home/jsh/robot_ws/build/micro_ros_msgs', 'catkin_cmake_args': None, 'catkin_skip_building_tests': False, 'cmake_args': None, 'cmake_clean_cache': False, 'cmake_clean_first': False, 'cmake_force_configure': False, 'cmake_target': None, 'cmake_target_skip_unavailable': False, 'install_base': '/home/jsh/robot_ws/install/micro_ros_msgs', 'merge_install': False, 'path': '/home/jsh/robot_ws/src/uros/micro_ros_msgs', 'symlink_install': True, 'test_result_base': None}
[2.186s] Level 5:colcon.colcon_core.verb:set package 'micro_ros_setup' build argument 'cmake_args' from command line to 'None'
[2.186s] Level 5:colcon.colcon_core.verb:set package 'micro_ros_setup' build argument 'cmake_target' from command line to 'None'
[2.186s] Level 5:colcon.colcon_core.verb:set package 'micro_ros_setup' build argument 'cmake_target_skip_unavailable' from command line to 'False'
[2.187s] Level 5:colcon.colcon_core.verb:set package 'micro_ros_setup' build argument 'cmake_clean_cache' from command line to 'False'
[2.187s] Level 5:colcon.colcon_core.verb:set package 'micro_ros_setup' build argument 'cmake_clean_first' from command line to 'False'
[2.187s] Level 5:colcon.colcon_core.verb:set package 'micro_ros_setup' build argument 'cmake_force_configure' from command line to 'False'
[2.187s] Level 5:colcon.colcon_core.verb:set package 'micro_ros_setup' build argument 'ament_cmake_args' from command line to 'None'
[2.187s] Level 5:colcon.colcon_core.verb:set package 'micro_ros_setup' build argument 'catkin_cmake_args' from command line to 'None'
[2.187s] Level 5:colcon.colcon_core.verb:set package 'micro_ros_setup' build argument 'catkin_skip_building_tests' from command line to 'False'
[2.187s] DEBUG:colcon.colcon_core.verb:Building package 'micro_ros_setup' with the following arguments: {'ament_cmake_args': None, 'build_base': '/home/jsh/robot_ws/build/micro_ros_setup', 'catkin_cmake_args': None, 'catkin_skip_building_tests': False, 'cmake_args': None, 'cmake_clean_cache': False, 'cmake_clean_first': False, 'cmake_force_configure': False, 'cmake_target': None, 'cmake_target_skip_unavailable': False, 'install_base': '/home/jsh/robot_ws/install/micro_ros_setup', 'merge_install': False, 'path': '/home/jsh/robot_ws/src/micro_ros_setup', 'symlink_install': True, 'test_result_base': None}
[2.189s] Level 5:colcon.colcon_core.verb:set package 'multi_robot_arm' build argument 'cmake_args' from command line to 'None'
[2.189s] Level 5:colcon.colcon_core.verb:set package 'multi_robot_arm' build argument 'cmake_target' from command line to 'None'
[2.189s] Level 5:colcon.colcon_core.verb:set package 'multi_robot_arm' build argument 'cmake_target_skip_unavailable' from command line to 'False'
[2.189s] Level 5:colcon.colcon_core.verb:set package 'multi_robot_arm' build argument 'cmake_clean_cache' from command line to 'False'
[2.189s] Level 5:colcon.colcon_core.verb:set package 'multi_robot_arm' build argument 'cmake_clean_first' from command line to 'False'
[2.189s] Level 5:colcon.colcon_core.verb:set package 'multi_robot_arm' build argument 'cmake_force_configure' from command line to 'False'
[2.190s] Level 5:colcon.colcon_core.verb:set package 'multi_robot_arm' build argument 'ament_cmake_args' from command line to 'None'
[2.190s] Level 5:colcon.colcon_core.verb:set package 'multi_robot_arm' build argument 'catkin_cmake_args' from command line to 'None'
[2.190s] Level 5:colcon.colcon_core.verb:set package 'multi_robot_arm' build argument 'catkin_skip_building_tests' from command line to 'False'
[2.190s] DEBUG:colcon.colcon_core.verb:Building package 'multi_robot_arm' with the following arguments: {'ament_cmake_args': None, 'build_base': '/home/jsh/robot_ws/build/multi_robot_arm', 'catkin_cmake_args': None, 'catkin_skip_building_tests': False, 'cmake_args': None, 'cmake_clean_cache': False, 'cmake_clean_first': False, 'cmake_force_configure': False, 'cmake_target': None, 'cmake_target_skip_unavailable': False, 'install_base': '/home/jsh/robot_ws/install/multi_robot_arm', 'merge_install': False, 'path': '/home/jsh/robot_ws/src/multi_robot_arm', 'symlink_install': True, 'test_result_base': None}
[2.193s] Level 5:colcon.colcon_core.verb:set package 'pymoveit2' build argument 'cmake_args' from command line to 'None'
[2.193s] Level 5:colcon.colcon_core.verb:set package 'pymoveit2' build argument 'cmake_target' from command line to 'None'
[2.193s] Level 5:colcon.colcon_core.verb:set package 'pymoveit2' build argument 'cmake_target_skip_unavailable' from command line to 'False'
[2.193s] Level 5:colcon.colcon_core.verb:set package 'pymoveit2' build argument 'cmake_clean_cache' from command line to 'False'
[2.193s] Level 5:colcon.colcon_core.verb:set package 'pymoveit2' build argument 'cmake_clean_first' from command line to 'False'
[2.194s] Level 5:colcon.colcon_core.verb:set package 'pymoveit2' build argument 'cmake_force_configure' from command line to 'False'
[2.194s] Level 5:colcon.colcon_core.verb:set package 'pymoveit2' build argument 'ament_cmake_args' from command line to 'None'
[2.194s] Level 5:colcon.colcon_core.verb:set package 'pymoveit2' build argument 'catkin_cmake_args' from command line to 'None'
[2.194s] Level 5:colcon.colcon_core.verb:set package 'pymoveit2' build argument 'catkin_skip_building_tests' from command line to 'False'
[2.194s] DEBUG:colcon.colcon_core.verb:Building package 'pymoveit2' with the following arguments: {'ament_cmake_args': None, 'build_base': '/home/jsh/robot_ws/build/pymoveit2', 'catkin_cmake_args': None, 'catkin_skip_building_tests': False, 'cmake_args': None, 'cmake_clean_cache': False, 'cmake_clean_first': False, 'cmake_force_configure': False, 'cmake_target': None, 'cmake_target_skip_unavailable': False, 'install_base': '/home/jsh/robot_ws/install/pymoveit2', 'merge_install': False, 'path': '/home/jsh/robot_ws/src/pymoveit2', 'symlink_install': True, 'test_result_base': None}
[2.196s] Level 5:colcon.colcon_core.verb:set package 'micro_ros_agent' build argument 'cmake_args' from command line to 'None'
[2.196s] Level 5:colcon.colcon_core.verb:set package 'micro_ros_agent' build argument 'cmake_target' from command line to 'None'
[2.196s] Level 5:colcon.colcon_core.verb:set package 'micro_ros_agent' build argument 'cmake_target_skip_unavailable' from command line to 'False'
[2.196s] Level 5:colcon.colcon_core.verb:set package 'micro_ros_agent' build argument 'cmake_clean_cache' from command line to 'False'
[2.197s] Level 5:colcon.colcon_core.verb:set package 'micro_ros_agent' build argument 'cmake_clean_first' from command line to 'False'
[2.197s] Level 5:colcon.colcon_core.verb:set package 'micro_ros_agent' build argument 'cmake_force_configure' from command line to 'False'
[2.197s] Level 5:colcon.colcon_core.verb:set package 'micro_ros_agent' build argument 'ament_cmake_args' from command line to 'None'
[2.197s] Level 5:colcon.colcon_core.verb:set package 'micro_ros_agent' build argument 'catkin_cmake_args' from command line to 'None'
[2.197s] Level 5:colcon.colcon_core.verb:set package 'micro_ros_agent' build argument 'catkin_skip_building_tests' from command line to 'False'
[2.197s] DEBUG:colcon.colcon_core.verb:Building package 'micro_ros_agent' with the following arguments: {'ament_cmake_args': None, 'build_base': '/home/jsh/robot_ws/build/micro_ros_agent', 'catkin_cmake_args': None, 'catkin_skip_building_tests': False, 'cmake_args': None, 'cmake_clean_cache': False, 'cmake_clean_first': False, 'cmake_force_configure': False, 'cmake_target': None, 'cmake_target_skip_unavailable': False, 'install_base': '/home/jsh/robot_ws/install/micro_ros_agent', 'merge_install': False, 'path': '/home/jsh/robot_ws/src/uros/micro-ROS-Agent/micro_ros_agent', 'symlink_install': True, 'test_result_base': None}
[2.198s] INFO:colcon.colcon_core.executor:Executing jobs using 'parallel' executor
[2.202s] DEBUG:colcon.colcon_parallel_executor.executor.parallel:run_until_complete
[2.203s] INFO:colcon.colcon_ros.task.ament_cmake.build:Building ROS package in '/home/jsh/robot_ws/src/uros/micro_ros_msgs' with build type 'ament_cmake'
[2.204s] INFO:colcon.colcon_cmake.task.cmake.build:Building CMake package in '/home/jsh/robot_ws/src/uros/micro_ros_msgs'
[2.215s] INFO:colcon.colcon_core.plugin_system:Skipping extension 'colcon_core.shell.bat': Not used on non-Windows systems
[2.216s] INFO:colcon.colcon_core.shell:Skip shell extension 'powershell' for command environment: Not usable outside of PowerShell
[2.216s] DEBUG:colcon.colcon_core.shell:Skip shell extension 'dsv' for command environment
[2.240s] INFO:colcon.colcon_ros.task.ament_cmake.build:Building ROS package in '/home/jsh/robot_ws/src/micro_ros_setup' with build type 'ament_cmake'
[2.241s] INFO:colcon.colcon_cmake.task.cmake.build:Building CMake package in '/home/jsh/robot_ws/src/micro_ros_setup'
[2.242s] INFO:colcon.colcon_core.shell:Skip shell extension 'powershell' for command environment: Not usable outside of PowerShell
[2.242s] DEBUG:colcon.colcon_core.shell:Skip shell extension 'dsv' for command environment
[2.267s] INFO:colcon.colcon_ros.task.ament_cmake.build:Building ROS package in '/home/jsh/robot_ws/src/multi_robot_arm' with build type 'ament_cmake'
[2.268s] INFO:colcon.colcon_cmake.task.cmake.build:Building CMake package in '/home/jsh/robot_ws/src/multi_robot_arm'
[2.269s] INFO:colcon.colcon_core.shell:Skip shell extension 'powershell' for command environment: Not usable outside of PowerShell
[2.269s] DEBUG:colcon.colcon_core.shell:Skip shell extension 'dsv' for command environment
[2.294s] INFO:colcon.colcon_ros.task.ament_cmake.build:Building ROS package in '/home/jsh/robot_ws/src/pymoveit2' with build type 'ament_cmake'
[2.294s] INFO:colcon.colcon_cmake.task.cmake.build:Building CMake package in '/home/jsh/robot_ws/src/pymoveit2'
[2.295s] INFO:colcon.colcon_core.shell:Skip shell extension 'powershell' for command environment: Not usable outside of PowerShell
[2.296s] DEBUG:colcon.colcon_core.shell:Skip shell extension 'dsv' for command environment
[2.334s] DEBUG:colcon.colcon_core.event_handler.log_command:Invoking command in '/home/jsh/robot_ws/build/micro_ros_msgs': CMAKE_PREFIX_PATH=${CMAKE_PREFIX_PATH}:/opt/ros/humble /usr/bin/cmake /home/jsh/robot_ws/src/uros/micro_ros_msgs -DAMENT_CMAKE_SYMLINK_INSTALL=1 -DCMAKE_INSTALL_PREFIX=/home/jsh/robot_ws/install/micro_ros_msgs
[2.355s] DEBUG:colcon.colcon_core.event_handler.log_command:Invoking command in '/home/jsh/robot_ws/build/micro_ros_setup': CMAKE_PREFIX_PATH=${CMAKE_PREFIX_PATH}:/opt/ros/humble /usr/bin/cmake /home/jsh/robot_ws/src/micro_ros_setup -DAMENT_CMAKE_SYMLINK_INSTALL=1 -DCMAKE_INSTALL_PREFIX=/home/jsh/robot_ws/install/micro_ros_setup
[2.368s] DEBUG:colcon.colcon_core.event_handler.log_command:Invoking command in '/home/jsh/robot_ws/build/multi_robot_arm': CMAKE_PREFIX_PATH=${CMAKE_PREFIX_PATH}:/opt/ros/humble /usr/bin/cmake /home/jsh/robot_ws/src/multi_robot_arm -DAMENT_CMAKE_SYMLINK_INSTALL=1 -DCMAKE_INSTALL_PREFIX=/home/jsh/robot_ws/install/multi_robot_arm
[2.390s] DEBUG:colcon.colcon_core.event_handler.log_command:Invoking command in '/home/jsh/robot_ws/build/pymoveit2': CMAKE_PREFIX_PATH=${CMAKE_PREFIX_PATH}:/opt/ros/humble /usr/bin/cmake /home/jsh/robot_ws/src/pymoveit2 -DAMENT_CMAKE_SYMLINK_INSTALL=1 -DCMAKE_INSTALL_PREFIX=/home/jsh/robot_ws/install/pymoveit2
[6.615s] DEBUG:colcon.colcon_core.event_handler.log_command:Invoked command in '/home/jsh/robot_ws/build/micro_ros_setup' returned '0': CMAKE_PREFIX_PATH=${CMAKE_PREFIX_PATH}:/opt/ros/humble /usr/bin/cmake /home/jsh/robot_ws/src/micro_ros_setup -DAMENT_CMAKE_SYMLINK_INSTALL=1 -DCMAKE_INSTALL_PREFIX=/home/jsh/robot_ws/install/micro_ros_setup
[6.631s] DEBUG:colcon.colcon_core.event_handler.log_command:Invoking command in '/home/jsh/robot_ws/build/micro_ros_setup': CMAKE_PREFIX_PATH=${CMAKE_PREFIX_PATH}:/opt/ros/humble /usr/bin/cmake --build /home/jsh/robot_ws/build/micro_ros_setup -- -j8 -l8
[6.793s] DEBUG:colcon.colcon_core.event_handler.log_command:Invoked command in '/home/jsh/robot_ws/build/pymoveit2' returned '0': CMAKE_PREFIX_PATH=${CMAKE_PREFIX_PATH}:/opt/ros/humble /usr/bin/cmake /home/jsh/robot_ws/src/pymoveit2 -DAMENT_CMAKE_SYMLINK_INSTALL=1 -DCMAKE_INSTALL_PREFIX=/home/jsh/robot_ws/install/pymoveit2
[6.805s] DEBUG:colcon.colcon_core.event_handler.log_command:Invoking command in '/home/jsh/robot_ws/build/pymoveit2': CMAKE_PREFIX_PATH=${CMAKE_PREFIX_PATH}:/opt/ros/humble /usr/bin/cmake --build /home/jsh/robot_ws/build/pymoveit2 -- -j8 -l8
[6.830s] DEBUG:colcon.colcon_core.event_handler.log_command:Invoked command in '/home/jsh/robot_ws/build/micro_ros_setup' returned '0': CMAKE_PREFIX_PATH=${CMAKE_PREFIX_PATH}:/opt/ros/humble /usr/bin/cmake --build /home/jsh/robot_ws/build/micro_ros_setup -- -j8 -l8
[7.007s] DEBUG:colcon.colcon_core.event_handler.log_command:Invoking command in '/home/jsh/robot_ws/build/micro_ros_setup': CMAKE_PREFIX_PATH=${CMAKE_PREFIX_PATH}:/opt/ros/humble /usr/bin/cmake --install /home/jsh/robot_ws/build/micro_ros_setup
[8.379s] Level 1:colcon.colcon_core.environment:create_environment_scripts_only(micro_ros_setup)
[8.425s] Level 1:colcon.colcon_core.environment:checking '/home/jsh/robot_ws/install/micro_ros_setup' for CMake module files
[8.440s] DEBUG:colcon.colcon_core.event_handler.log_command:Invoked command in '/home/jsh/robot_ws/build/micro_ros_setup' returned '0': CMAKE_PREFIX_PATH=${CMAKE_PREFIX_PATH}:/opt/ros/humble /usr/bin/cmake --install /home/jsh/robot_ws/build/micro_ros_setup
[8.442s] Level 1:colcon.colcon_core.environment:checking '/home/jsh/robot_ws/install/micro_ros_setup' for CMake config files
[8.450s] Level 1:colcon.colcon_core.shell:create_environment_hook('micro_ros_setup', 'cmake_prefix_path')
[8.452s] INFO:colcon.colcon_core.shell:Creating environment hook '/home/jsh/robot_ws/install/micro_ros_setup/share/micro_ros_setup/hook/cmake_prefix_path.ps1'
[8.456s] INFO:colcon.colcon_core.shell:Creating environment descriptor '/home/jsh/robot_ws/install/micro_ros_setup/share/micro_ros_setup/hook/cmake_prefix_path.dsv'
[8.458s] INFO:colcon.colcon_core.shell:Creating environment hook '/home/jsh/robot_ws/install/micro_ros_setup/share/micro_ros_setup/hook/cmake_prefix_path.sh'
[8.465s] Level 1:colcon.colcon_core.environment:checking '/home/jsh/robot_ws/install/micro_ros_setup/lib'
[8.466s] Level 1:colcon.colcon_core.environment:checking '/home/jsh/robot_ws/install/micro_ros_setup/bin'
[8.466s] Level 1:colcon.colcon_core.environment:checking '/home/jsh/robot_ws/install/micro_ros_setup/lib/pkgconfig/micro_ros_setup.pc'
[8.468s] Level 1:colcon.colcon_core.environment:checking '/home/jsh/robot_ws/install/micro_ros_setup/lib/python3.10/site-packages'
[8.470s] Level 1:colcon.colcon_core.environment:checking '/home/jsh/robot_ws/install/micro_ros_setup/bin'
[8.473s] INFO:colcon.colcon_core.shell:Creating package script '/home/jsh/robot_ws/install/micro_ros_setup/share/micro_ros_setup/package.ps1'
[8.479s] INFO:colcon.colcon_core.shell:Creating package descriptor '/home/jsh/robot_ws/install/micro_ros_setup/share/micro_ros_setup/package.dsv'
[8.483s] INFO:colcon.colcon_core.shell:Creating package script '/home/jsh/robot_ws/install/micro_ros_setup/share/micro_ros_setup/package.sh'
[8.489s] INFO:colcon.colcon_core.shell:Creating package script '/home/jsh/robot_ws/install/micro_ros_setup/share/micro_ros_setup/package.bash'
[8.497s] INFO:colcon.colcon_core.shell:Creating package script '/home/jsh/robot_ws/install/micro_ros_setup/share/micro_ros_setup/package.zsh'
[8.502s] Level 1:colcon.colcon_core.environment:create_file_with_runtime_dependencies(/home/jsh/robot_ws/install/micro_ros_setup/share/colcon-core/packages/micro_ros_setup)
[8.622s] Level 1:colcon.colcon_core.environment:create_environment_scripts_only(micro_ros_setup)
[8.624s] Level 1:colcon.colcon_core.environment:checking '/home/jsh/robot_ws/install/micro_ros_setup' for CMake module files
[8.626s] Level 1:colcon.colcon_core.environment:checking '/home/jsh/robot_ws/install/micro_ros_setup' for CMake config files
[8.631s] Level 1:colcon.colcon_core.shell:create_environment_hook('micro_ros_setup', 'cmake_prefix_path')
[8.633s] INFO:colcon.colcon_core.shell:Creating environment hook '/home/jsh/robot_ws/install/micro_ros_setup/share/micro_ros_setup/hook/cmake_prefix_path.ps1'
[8.634s] INFO:colcon.colcon_core.shell:Creating environment descriptor '/home/jsh/robot_ws/install/micro_ros_setup/share/micro_ros_setup/hook/cmake_prefix_path.dsv'
[8.636s] INFO:colcon.colcon_core.shell:Creating environment hook '/home/jsh/robot_ws/install/micro_ros_setup/share/micro_ros_setup/hook/cmake_prefix_path.sh'
[8.638s] Level 1:colcon.colcon_core.environment:checking '/home/jsh/robot_ws/install/micro_ros_setup/lib'
[8.639s] Level 1:colcon.colcon_core.environment:checking '/home/jsh/robot_ws/install/micro_ros_setup/bin'
[8.640s] Level 1:colcon.colcon_core.environment:checking '/home/jsh/robot_ws/install/micro_ros_setup/lib/pkgconfig/micro_ros_setup.pc'
[8.641s] Level 1:colcon.colcon_core.environment:checking '/home/jsh/robot_ws/install/micro_ros_setup/lib/python3.10/site-packages'
[8.642s] Level 1:colcon.colcon_core.environment:checking '/home/jsh/robot_ws/install/micro_ros_setup/bin'
[8.644s] INFO:colcon.colcon_core.shell:Creating package script '/home/jsh/robot_ws/install/micro_ros_setup/share/micro_ros_setup/package.ps1'
[8.648s] INFO:colcon.colcon_core.shell:Creating package descriptor '/home/jsh/robot_ws/install/micro_ros_setup/share/micro_ros_setup/package.dsv'
[8.651s] INFO:colcon.colcon_core.shell:Creating package script '/home/jsh/robot_ws/install/micro_ros_setup/share/micro_ros_setup/package.sh'
[8.653s] INFO:colcon.colcon_core.shell:Creating package script '/home/jsh/robot_ws/install/micro_ros_setup/share/micro_ros_setup/package.bash'
[8.655s] INFO:colcon.colcon_core.shell:Creating package script '/home/jsh/robot_ws/install/micro_ros_setup/share/micro_ros_setup/package.zsh'
[8.658s] Level 1:colcon.colcon_core.environment:create_file_with_runtime_dependencies(/home/jsh/robot_ws/install/micro_ros_setup/share/colcon-core/packages/micro_ros_setup)
[9.251s] DEBUG:colcon.colcon_core.event_handler.log_command:Invoked command in '/home/jsh/robot_ws/build/pymoveit2' returned '0': CMAKE_PREFIX_PATH=${CMAKE_PREFIX_PATH}:/opt/ros/humble /usr/bin/cmake --build /home/jsh/robot_ws/build/pymoveit2 -- -j8 -l8
[9.383s] DEBUG:colcon.colcon_core.event_handler.log_command:Invoking command in '/home/jsh/robot_ws/build/pymoveit2': CMAKE_PREFIX_PATH=${CMAKE_PREFIX_PATH}:/opt/ros/humble /usr/bin/cmake --install /home/jsh/robot_ws/build/pymoveit2
[11.653s] Level 1:colcon.colcon_core.environment:create_environment_scripts_only(pymoveit2)
[11.656s] DEBUG:colcon.colcon_core.event_handler.log_command:Invoked command in '/home/jsh/robot_ws/build/pymoveit2' returned '0': CMAKE_PREFIX_PATH=${CMAKE_PREFIX_PATH}:/opt/ros/humble /usr/bin/cmake --install /home/jsh/robot_ws/build/pymoveit2
[11.658s] Level 1:colcon.colcon_core.environment:checking '/home/jsh/robot_ws/install/pymoveit2' for CMake module files
[11.664s] Level 1:colcon.colcon_core.environment:checking '/home/jsh/robot_ws/install/pymoveit2' for CMake config files
[11.666s] Level 1:colcon.colcon_core.shell:create_environment_hook('pymoveit2', 'cmake_prefix_path')
[11.668s] INFO:colcon.colcon_core.shell:Creating environment hook '/home/jsh/robot_ws/install/pymoveit2/share/pymoveit2/hook/cmake_prefix_path.ps1'
[11.669s] INFO:colcon.colcon_core.shell:Creating environment descriptor '/home/jsh/robot_ws/install/pymoveit2/share/pymoveit2/hook/cmake_prefix_path.dsv'
[11.671s] INFO:colcon.colcon_core.shell:Creating environment hook '/home/jsh/robot_ws/install/pymoveit2/share/pymoveit2/hook/cmake_prefix_path.sh'
[11.674s] Level 1:colcon.colcon_core.environment:checking '/home/jsh/robot_ws/install/pymoveit2/lib'
[11.675s] Level 1:colcon.colcon_core.environment:checking '/home/jsh/robot_ws/install/pymoveit2/bin'
[11.675s] Level 1:colcon.colcon_core.environment:checking '/home/jsh/robot_ws/install/pymoveit2/lib/pkgconfig/pymoveit2.pc'
[11.676s] Level 1:colcon.colcon_core.environment:checking '/home/jsh/robot_ws/install/pymoveit2/lib/python3.10/site-packages'
[11.677s] Level 1:colcon.colcon_core.environment:checking '/home/jsh/robot_ws/install/pymoveit2/bin'
[11.679s] INFO:colcon.colcon_core.shell:Creating package script '/home/jsh/robot_ws/install/pymoveit2/share/pymoveit2/package.ps1'
[11.682s] INFO:colcon.colcon_core.shell:Creating package descriptor '/home/jsh/robot_ws/install/pymoveit2/share/pymoveit2/package.dsv'
[11.684s] INFO:colcon.colcon_core.shell:Creating package script '/home/jsh/robot_ws/install/pymoveit2/share/pymoveit2/package.sh'
[11.686s] INFO:colcon.colcon_core.shell:Creating package script '/home/jsh/robot_ws/install/pymoveit2/share/pymoveit2/package.bash'
[11.688s] INFO:colcon.colcon_core.shell:Creating package script '/home/jsh/robot_ws/install/pymoveit2/share/pymoveit2/package.zsh'
[11.690s] Level 1:colcon.colcon_core.environment:create_file_with_runtime_dependencies(/home/jsh/robot_ws/install/pymoveit2/share/colcon-core/packages/pymoveit2)
[11.810s] Level 1:colcon.colcon_core.environment:create_environment_scripts_only(pymoveit2)
[11.812s] Level 1:colcon.colcon_core.environment:checking '/home/jsh/robot_ws/install/pymoveit2' for CMake module files
[11.817s] Level 1:colcon.colcon_core.environment:checking '/home/jsh/robot_ws/install/pymoveit2' for CMake config files
[11.820s] Level 1:colcon.colcon_core.shell:create_environment_hook('pymoveit2', 'cmake_prefix_path')
[11.821s] INFO:colcon.colcon_core.shell:Creating environment hook '/home/jsh/robot_ws/install/pymoveit2/share/pymoveit2/hook/cmake_prefix_path.ps1'
[11.824s] INFO:colcon.colcon_core.shell:Creating environment descriptor '/home/jsh/robot_ws/install/pymoveit2/share/pymoveit2/hook/cmake_prefix_path.dsv'
[11.825s] INFO:colcon.colcon_core.shell:Creating environment hook '/home/jsh/robot_ws/install/pymoveit2/share/pymoveit2/hook/cmake_prefix_path.sh'
[11.828s] Level 1:colcon.colcon_core.environment:checking '/home/jsh/robot_ws/install/pymoveit2/lib'
[11.828s] Level 1:colcon.colcon_core.environment:checking '/home/jsh/robot_ws/install/pymoveit2/bin'
[11.829s] Level 1:colcon.colcon_core.environment:checking '/home/jsh/robot_ws/install/pymoveit2/lib/pkgconfig/pymoveit2.pc'
[11.830s] Level 1:colcon.colcon_core.environment:checking '/home/jsh/robot_ws/install/pymoveit2/lib/python3.10/site-packages'
[11.831s] Level 1:colcon.colcon_core.environment:checking '/home/jsh/robot_ws/install/pymoveit2/bin'
[11.833s] INFO:colcon.colcon_core.shell:Creating package script '/home/jsh/robot_ws/install/pymoveit2/share/pymoveit2/package.ps1'
[11.836s] INFO:colcon.colcon_core.shell:Creating package descriptor '/home/jsh/robot_ws/install/pymoveit2/share/pymoveit2/package.dsv'
[11.838s] INFO:colcon.colcon_core.shell:Creating package script '/home/jsh/robot_ws/install/pymoveit2/share/pymoveit2/package.sh'
[11.840s] INFO:colcon.colcon_core.shell:Creating package script '/home/jsh/robot_ws/install/pymoveit2/share/pymoveit2/package.bash'
[11.842s] INFO:colcon.colcon_core.shell:Creating package script '/home/jsh/robot_ws/install/pymoveit2/share/pymoveit2/package.zsh'
[11.844s] Level 1:colcon.colcon_core.environment:create_file_with_runtime_dependencies(/home/jsh/robot_ws/install/pymoveit2/share/colcon-core/packages/pymoveit2)
[12.227s] DEBUG:colcon.colcon_core.event_handler.log_command:Invoked command in '/home/jsh/robot_ws/build/micro_ros_msgs' returned '0': CMAKE_PREFIX_PATH=${CMAKE_PREFIX_PATH}:/opt/ros/humble /usr/bin/cmake /home/jsh/robot_ws/src/uros/micro_ros_msgs -DAMENT_CMAKE_SYMLINK_INSTALL=1 -DCMAKE_INSTALL_PREFIX=/home/jsh/robot_ws/install/micro_ros_msgs
[12.236s] DEBUG:colcon.colcon_core.event_handler.log_command:Invoking command in '/home/jsh/robot_ws/build/micro_ros_msgs': CMAKE_PREFIX_PATH=${CMAKE_PREFIX_PATH}:/opt/ros/humble /usr/bin/cmake --build /home/jsh/robot_ws/build/micro_ros_msgs -- -j8 -l8
[19.678s] DEBUG:colcon.colcon_core.event_handler.log_command:Invoked command in '/home/jsh/robot_ws/build/multi_robot_arm' returned '0': CMAKE_PREFIX_PATH=${CMAKE_PREFIX_PATH}:/opt/ros/humble /usr/bin/cmake /home/jsh/robot_ws/src/multi_robot_arm -DAMENT_CMAKE_SYMLINK_INSTALL=1 -DCMAKE_INSTALL_PREFIX=/home/jsh/robot_ws/install/multi_robot_arm
[19.681s] DEBUG:colcon.colcon_core.event_handler.log_command:Invoking command in '/home/jsh/robot_ws/build/multi_robot_arm': CMAKE_PREFIX_PATH=${CMAKE_PREFIX_PATH}:/opt/ros/humble /usr/bin/cmake --build /home/jsh/robot_ws/build/multi_robot_arm -- -j8 -l8
[20.118s] DEBUG:colcon.colcon_core.event_handler.log_command:Invoked command in '/home/jsh/robot_ws/build/multi_robot_arm' returned '0': CMAKE_PREFIX_PATH=${CMAKE_PREFIX_PATH}:/opt/ros/humble /usr/bin/cmake --build /home/jsh/robot_ws/build/multi_robot_arm -- -j8 -l8
[20.377s] DEBUG:colcon.colcon_core.event_handler.log_command:Invoking command in '/home/jsh/robot_ws/build/multi_robot_arm': CMAKE_PREFIX_PATH=${CMAKE_PREFIX_PATH}:/opt/ros/humble /usr/bin/cmake --install /home/jsh/robot_ws/build/multi_robot_arm
[26.934s] Level 1:colcon.colcon_core.environment:create_environment_scripts_only(multi_robot_arm)
[26.936s] Level 1:colcon.colcon_core.environment:checking '/home/jsh/robot_ws/install/multi_robot_arm' for CMake module files
[26.939s] DEBUG:colcon.colcon_core.event_handler.log_command:Invoked command in '/home/jsh/robot_ws/build/multi_robot_arm' returned '0': CMAKE_PREFIX_PATH=${CMAKE_PREFIX_PATH}:/opt/ros/humble /usr/bin/cmake --install /home/jsh/robot_ws/build/multi_robot_arm
[26.940s] Level 1:colcon.colcon_core.environment:checking '/home/jsh/robot_ws/install/multi_robot_arm' for CMake config files
[26.942s] Level 1:colcon.colcon_core.shell:create_environment_hook('multi_robot_arm', 'cmake_prefix_path')
[26.943s] INFO:colcon.colcon_core.shell:Creating environment hook '/home/jsh/robot_ws/install/multi_robot_arm/share/multi_robot_arm/hook/cmake_prefix_path.ps1'
[26.946s] INFO:colcon.colcon_core.shell:Creating environment descriptor '/home/jsh/robot_ws/install/multi_robot_arm/share/multi_robot_arm/hook/cmake_prefix_path.dsv'
[26.947s] INFO:colcon.colcon_core.shell:Creating environment hook '/home/jsh/robot_ws/install/multi_robot_arm/share/multi_robot_arm/hook/cmake_prefix_path.sh'
[26.950s] Level 1:colcon.colcon_core.environment:checking '/home/jsh/robot_ws/install/multi_robot_arm/bin'
[26.950s] Level 1:colcon.colcon_core.environment:checking '/home/jsh/robot_ws/install/multi_robot_arm/lib/pkgconfig/multi_robot_arm.pc'
[26.951s] Level 1:colcon.colcon_core.environment:checking '/home/jsh/robot_ws/install/multi_robot_arm/lib/python3.10/site-packages'
[26.952s] Level 1:colcon.colcon_core.environment:checking '/home/jsh/robot_ws/install/multi_robot_arm/bin'
[26.954s] INFO:colcon.colcon_core.shell:Creating package script '/home/jsh/robot_ws/install/multi_robot_arm/share/multi_robot_arm/package.ps1'
[26.956s] INFO:colcon.colcon_core.shell:Creating package descriptor '/home/jsh/robot_ws/install/multi_robot_arm/share/multi_robot_arm/package.dsv'
[26.959s] INFO:colcon.colcon_core.shell:Creating package script '/home/jsh/robot_ws/install/multi_robot_arm/share/multi_robot_arm/package.sh'
[26.961s] INFO:colcon.colcon_core.shell:Creating package script '/home/jsh/robot_ws/install/multi_robot_arm/share/multi_robot_arm/package.bash'
[26.962s] INFO:colcon.colcon_core.shell:Creating package script '/home/jsh/robot_ws/install/multi_robot_arm/share/multi_robot_arm/package.zsh'
[26.964s] Level 1:colcon.colcon_core.environment:create_file_with_runtime_dependencies(/home/jsh/robot_ws/install/multi_robot_arm/share/colcon-core/packages/multi_robot_arm)
[27.083s] Level 1:colcon.colcon_core.environment:create_environment_scripts_only(multi_robot_arm)
[27.084s] Level 1:colcon.colcon_core.environment:checking '/home/jsh/robot_ws/install/multi_robot_arm' for CMake module files
[27.088s] Level 1:colcon.colcon_core.environment:checking '/home/jsh/robot_ws/install/multi_robot_arm' for CMake config files
[27.091s] Level 1:colcon.colcon_core.shell:create_environment_hook('multi_robot_arm', 'cmake_prefix_path')
[27.093s] INFO:colcon.colcon_core.shell:Creating environment hook '/home/jsh/robot_ws/install/multi_robot_arm/share/multi_robot_arm/hook/cmake_prefix_path.ps1'
[27.095s] INFO:colcon.colcon_core.shell:Creating environment descriptor '/home/jsh/robot_ws/install/multi_robot_arm/share/multi_robot_arm/hook/cmake_prefix_path.dsv'
[27.097s] INFO:colcon.colcon_core.shell:Creating environment hook '/home/jsh/robot_ws/install/multi_robot_arm/share/multi_robot_arm/hook/cmake_prefix_path.sh'
[27.099s] Level 1:colcon.colcon_core.environment:checking '/home/jsh/robot_ws/install/multi_robot_arm/bin'
[27.100s] Level 1:colcon.colcon_core.environment:checking '/home/jsh/robot_ws/install/multi_robot_arm/lib/pkgconfig/multi_robot_arm.pc'
[27.101s] Level 1:colcon.colcon_core.environment:checking '/home/jsh/robot_ws/install/multi_robot_arm/lib/python3.10/site-packages'
[27.103s] Level 1:colcon.colcon_core.environment:checking '/home/jsh/robot_ws/install/multi_robot_arm/bin'
[27.105s] INFO:colcon.colcon_core.shell:Creating package script '/home/jsh/robot_ws/install/multi_robot_arm/share/multi_robot_arm/package.ps1'
[27.108s] INFO:colcon.colcon_core.shell:Creating package descriptor '/home/jsh/robot_ws/install/multi_robot_arm/share/multi_robot_arm/package.dsv'
[27.110s] INFO:colcon.colcon_core.shell:Creating package script '/home/jsh/robot_ws/install/multi_robot_arm/share/multi_robot_arm/package.sh'
[27.112s] INFO:colcon.colcon_core.shell:Creating package script '/home/jsh/robot_ws/install/multi_robot_arm/share/multi_robot_arm/package.bash'
[27.114s] INFO:colcon.colcon_core.shell:Creating package script '/home/jsh/robot_ws/install/multi_robot_arm/share/multi_robot_arm/package.zsh'
[27.117s] Level 1:colcon.colcon_core.environment:create_file_with_runtime_dependencies(/home/jsh/robot_ws/install/multi_robot_arm/share/colcon-core/packages/multi_robot_arm)
[32.756s] DEBUG:colcon.colcon_core.event_handler.log_command:Invoked command in '/home/jsh/robot_ws/build/micro_ros_msgs' returned '0': CMAKE_PREFIX_PATH=${CMAKE_PREFIX_PATH}:/opt/ros/humble /usr/bin/cmake --build /home/jsh/robot_ws/build/micro_ros_msgs -- -j8 -l8
[33.253s] DEBUG:colcon.colcon_core.event_handler.log_command:Invoking command in '/home/jsh/robot_ws/build/micro_ros_msgs': CMAKE_PREFIX_PATH=${CMAKE_PREFIX_PATH}:/opt/ros/humble /usr/bin/cmake --install /home/jsh/robot_ws/build/micro_ros_msgs
[37.492s] Level 1:colcon.colcon_core.environment:create_environment_scripts_only(micro_ros_msgs)
[37.494s] Level 1:colcon.colcon_core.environment:checking '/home/jsh/robot_ws/install/micro_ros_msgs' for CMake module files
[37.497s] DEBUG:colcon.colcon_core.event_handler.log_command:Invoked command in '/home/jsh/robot_ws/build/micro_ros_msgs' returned '0': CMAKE_PREFIX_PATH=${CMAKE_PREFIX_PATH}:/opt/ros/humble /usr/bin/cmake --install /home/jsh/robot_ws/build/micro_ros_msgs
[37.499s] Level 1:colcon.colcon_core.environment:checking '/home/jsh/robot_ws/install/micro_ros_msgs' for CMake config files
[37.504s] Level 1:colcon.colcon_core.shell:create_environment_hook('micro_ros_msgs', 'cmake_prefix_path')
[37.506s] INFO:colcon.colcon_core.shell:Creating environment hook '/home/jsh/robot_ws/install/micro_ros_msgs/share/micro_ros_msgs/hook/cmake_prefix_path.ps1'
[37.507s] INFO:colcon.colcon_core.shell:Creating environment descriptor '/home/jsh/robot_ws/install/micro_ros_msgs/share/micro_ros_msgs/hook/cmake_prefix_path.dsv'
[37.509s] INFO:colcon.colcon_core.shell:Creating environment hook '/home/jsh/robot_ws/install/micro_ros_msgs/share/micro_ros_msgs/hook/cmake_prefix_path.sh'
[37.512s] Level 1:colcon.colcon_core.environment:checking '/home/jsh/robot_ws/install/micro_ros_msgs/lib'
[37.513s] Level 1:colcon.colcon_core.shell:create_environment_hook('micro_ros_msgs', 'ld_library_path_lib')
[37.514s] INFO:colcon.colcon_core.shell:Creating environment hook '/home/jsh/robot_ws/install/micro_ros_msgs/share/micro_ros_msgs/hook/ld_library_path_lib.ps1'
[37.516s] INFO:colcon.colcon_core.shell:Creating environment descriptor '/home/jsh/robot_ws/install/micro_ros_msgs/share/micro_ros_msgs/hook/ld_library_path_lib.dsv'
[37.518s] INFO:colcon.colcon_core.shell:Creating environment hook '/home/jsh/robot_ws/install/micro_ros_msgs/share/micro_ros_msgs/hook/ld_library_path_lib.sh'
[37.520s] Level 1:colcon.colcon_core.environment:checking '/home/jsh/robot_ws/install/micro_ros_msgs/bin'
[37.520s] Level 1:colcon.colcon_core.environment:checking '/home/jsh/robot_ws/install/micro_ros_msgs/lib/pkgconfig/micro_ros_msgs.pc'
[37.522s] Level 1:colcon.colcon_core.environment:checking '/home/jsh/robot_ws/install/micro_ros_msgs/lib/python3.10/site-packages'
[37.522s] Level 1:colcon.colcon_core.environment:checking '/home/jsh/robot_ws/install/micro_ros_msgs/bin'
[37.524s] INFO:colcon.colcon_core.shell:Creating package script '/home/jsh/robot_ws/install/micro_ros_msgs/share/micro_ros_msgs/package.ps1'
[37.526s] INFO:colcon.colcon_core.shell:Creating package descriptor '/home/jsh/robot_ws/install/micro_ros_msgs/share/micro_ros_msgs/package.dsv'
[37.528s] INFO:colcon.colcon_core.shell:Creating package script '/home/jsh/robot_ws/install/micro_ros_msgs/share/micro_ros_msgs/package.sh'
[37.530s] INFO:colcon.colcon_core.shell:Creating package script '/home/jsh/robot_ws/install/micro_ros_msgs/share/micro_ros_msgs/package.bash'
[37.532s] INFO:colcon.colcon_core.shell:Creating package script '/home/jsh/robot_ws/install/micro_ros_msgs/share/micro_ros_msgs/package.zsh'
[37.533s] Level 1:colcon.colcon_core.environment:create_file_with_runtime_dependencies(/home/jsh/robot_ws/install/micro_ros_msgs/share/colcon-core/packages/micro_ros_msgs)
[38.030s] Level 1:colcon.colcon_core.environment:create_environment_scripts_only(micro_ros_msgs)
[38.031s] Level 1:colcon.colcon_core.environment:checking '/home/jsh/robot_ws/install/micro_ros_msgs' for CMake module files
[38.035s] Level 1:colcon.colcon_core.environment:checking '/home/jsh/robot_ws/install/micro_ros_msgs' for CMake config files
[38.040s] Level 1:colcon.colcon_core.shell:create_environment_hook('micro_ros_msgs', 'cmake_prefix_path')
[38.041s] INFO:colcon.colcon_core.shell:Creating environment hook '/home/jsh/robot_ws/install/micro_ros_msgs/share/micro_ros_msgs/hook/cmake_prefix_path.ps1'
[38.043s] INFO:colcon.colcon_core.shell:Creating environment descriptor '/home/jsh/robot_ws/install/micro_ros_msgs/share/micro_ros_msgs/hook/cmake_prefix_path.dsv'
[38.045s] INFO:colcon.colcon_core.shell:Creating environment hook '/home/jsh/robot_ws/install/micro_ros_msgs/share/micro_ros_msgs/hook/cmake_prefix_path.sh'
[38.047s] Level 1:colcon.colcon_core.environment:checking '/home/jsh/robot_ws/install/micro_ros_msgs/lib'
[38.048s] Level 1:colcon.colcon_core.shell:create_environment_hook('micro_ros_msgs', 'ld_library_path_lib')
[38.049s] INFO:colcon.colcon_core.shell:Creating environment hook '/home/jsh/robot_ws/install/micro_ros_msgs/share/micro_ros_msgs/hook/ld_library_path_lib.ps1'
[38.051s] INFO:colcon.colcon_core.shell:Creating environment descriptor '/home/jsh/robot_ws/install/micro_ros_msgs/share/micro_ros_msgs/hook/ld_library_path_lib.dsv'
[38.053s] INFO:colcon.colcon_core.shell:Creating environment hook '/home/jsh/robot_ws/install/micro_ros_msgs/share/micro_ros_msgs/hook/ld_library_path_lib.sh'
[38.054s] Level 1:colcon.colcon_core.environment:checking '/home/jsh/robot_ws/install/micro_ros_msgs/bin'
[38.055s] Level 1:colcon.colcon_core.environment:checking '/home/jsh/robot_ws/install/micro_ros_msgs/lib/pkgconfig/micro_ros_msgs.pc'
[38.057s] Level 1:colcon.colcon_core.environment:checking '/home/jsh/robot_ws/install/micro_ros_msgs/lib/python3.10/site-packages'
[38.058s] Level 1:colcon.colcon_core.environment:checking '/home/jsh/robot_ws/install/micro_ros_msgs/bin'
[38.060s] INFO:colcon.colcon_core.shell:Creating package script '/home/jsh/robot_ws/install/micro_ros_msgs/share/micro_ros_msgs/package.ps1'
[38.063s] INFO:colcon.colcon_core.shell:Creating package descriptor '/home/jsh/robot_ws/install/micro_ros_msgs/share/micro_ros_msgs/package.dsv'
[38.066s] INFO:colcon.colcon_core.shell:Creating package script '/home/jsh/robot_ws/install/micro_ros_msgs/share/micro_ros_msgs/package.sh'
[38.068s] INFO:colcon.colcon_core.shell:Creating package script '/home/jsh/robot_ws/install/micro_ros_msgs/share/micro_ros_msgs/package.bash'
[38.070s] INFO:colcon.colcon_core.shell:Creating package script '/home/jsh/robot_ws/install/micro_ros_msgs/share/micro_ros_msgs/package.zsh'
[38.072s] Level 1:colcon.colcon_core.environment:create_file_with_runtime_dependencies(/home/jsh/robot_ws/install/micro_ros_msgs/share/colcon-core/packages/micro_ros_msgs)
[38.073s] INFO:colcon.colcon_ros.task.ament_cmake.build:Building ROS package in '/home/jsh/robot_ws/src/uros/micro-ROS-Agent/micro_ros_agent' with build type 'ament_cmake'
[38.075s] INFO:colcon.colcon_cmake.task.cmake.build:Building CMake package in '/home/jsh/robot_ws/src/uros/micro-ROS-Agent/micro_ros_agent'
[38.076s] INFO:colcon.colcon_core.shell:Skip shell extension 'powershell' for command environment: Not usable outside of PowerShell
[38.077s] DEBUG:colcon.colcon_core.shell:Skip shell extension 'dsv' for command environment
[38.134s] DEBUG:colcon.colcon_core.event_handler.log_command:Invoking command in '/home/jsh/robot_ws/build/micro_ros_agent': CMAKE_PREFIX_PATH=/home/jsh/robot_ws/install/micro_ros_msgs:/home/jsh/install/turtlebot3_multi_robot:/home/jsh/install/robot_gazebo:/home/jsh/install/robot_description:/home/jsh/install/robot_control:/home/jsh/install/pymoveit2:/home/jsh/install/multi_robot_arm:/home/jsh/robot_ws/install/pymoveit2:/home/jsh/robot_ws/install/multi_robot_arm:/home/jsh/robot_ws/install/micro_ros_setup:/opt/ros/humble /usr/bin/cmake /home/jsh/robot_ws/src/uros/micro-ROS-Agent/micro_ros_agent -DAMENT_CMAKE_SYMLINK_INSTALL=1 -DCMAKE_INSTALL_PREFIX=/home/jsh/robot_ws/install/micro_ros_agent
[39.907s] DEBUG:colcon.colcon_core.event_handler.log_command:Invoked command in '/home/jsh/robot_ws/build/micro_ros_agent' returned '0': CMAKE_PREFIX_PATH=/home/jsh/robot_ws/install/micro_ros_msgs:/home/jsh/install/turtlebot3_multi_robot:/home/jsh/install/robot_gazebo:/home/jsh/install/robot_description:/home/jsh/install/robot_control:/home/jsh/install/pymoveit2:/home/jsh/install/multi_robot_arm:/home/jsh/robot_ws/install/pymoveit2:/home/jsh/robot_ws/install/multi_robot_arm:/home/jsh/robot_ws/install/micro_ros_setup:/opt/ros/humble /usr/bin/cmake /home/jsh/robot_ws/src/uros/micro-ROS-Agent/micro_ros_agent -DAMENT_CMAKE_SYMLINK_INSTALL=1 -DCMAKE_INSTALL_PREFIX=/home/jsh/robot_ws/install/micro_ros_agent
[39.916s] DEBUG:colcon.colcon_core.event_handler.log_command:Invoking command in '/home/jsh/robot_ws/build/micro_ros_agent': CMAKE_PREFIX_PATH=/home/jsh/robot_ws/install/micro_ros_msgs:/home/jsh/install/turtlebot3_multi_robot:/home/jsh/install/robot_gazebo:/home/jsh/install/robot_description:/home/jsh/install/robot_control:/home/jsh/install/pymoveit2:/home/jsh/install/multi_robot_arm:/home/jsh/robot_ws/install/pymoveit2:/home/jsh/robot_ws/install/multi_robot_arm:/home/jsh/robot_ws/install/micro_ros_setup:/opt/ros/humble /usr/bin/cmake --build /home/jsh/robot_ws/build/micro_ros_agent -- -j8 -l8
[330.650s] DEBUG:colcon.colcon_core.event_handler.log_command:Invoked command in '/home/jsh/robot_ws/build/micro_ros_agent' returned '0': CMAKE_PREFIX_PATH=/home/jsh/robot_ws/install/micro_ros_msgs:/home/jsh/install/turtlebot3_multi_robot:/home/jsh/install/robot_gazebo:/home/jsh/install/robot_description:/home/jsh/install/robot_control:/home/jsh/install/pymoveit2:/home/jsh/install/multi_robot_arm:/home/jsh/robot_ws/install/pymoveit2:/home/jsh/robot_ws/install/multi_robot_arm:/home/jsh/robot_ws/install/micro_ros_setup:/opt/ros/humble /usr/bin/cmake --build /home/jsh/robot_ws/build/micro_ros_agent -- -j8 -l8
[330.813s] DEBUG:colcon.colcon_core.event_handler.log_command:Invoking command in '/home/jsh/robot_ws/build/micro_ros_agent': CMAKE_PREFIX_PATH=/home/jsh/robot_ws/install/micro_ros_msgs:/home/jsh/install/turtlebot3_multi_robot:/home/jsh/install/robot_gazebo:/home/jsh/install/robot_description:/home/jsh/install/robot_control:/home/jsh/install/pymoveit2:/home/jsh/install/multi_robot_arm:/home/jsh/robot_ws/install/pymoveit2:/home/jsh/robot_ws/install/multi_robot_arm:/home/jsh/robot_ws/install/micro_ros_setup:/opt/ros/humble /usr/bin/cmake --install /home/jsh/robot_ws/build/micro_ros_agent
[331.642s] Level 1:colcon.colcon_core.environment:create_environment_scripts_only(micro_ros_agent)
[331.645s] Level 1:colcon.colcon_core.environment:checking '/home/jsh/robot_ws/install/micro_ros_agent' for CMake module files
[331.648s] DEBUG:colcon.colcon_core.event_handler.log_command:Invoked command in '/home/jsh/robot_ws/build/micro_ros_agent' returned '0': CMAKE_PREFIX_PATH=/home/jsh/robot_ws/install/micro_ros_msgs:/home/jsh/install/turtlebot3_multi_robot:/home/jsh/install/robot_gazebo:/home/jsh/install/robot_description:/home/jsh/install/robot_control:/home/jsh/install/pymoveit2:/home/jsh/install/multi_robot_arm:/home/jsh/robot_ws/install/pymoveit2:/home/jsh/robot_ws/install/multi_robot_arm:/home/jsh/robot_ws/install/micro_ros_setup:/opt/ros/humble /usr/bin/cmake --install /home/jsh/robot_ws/build/micro_ros_agent
[331.650s] Level 1:colcon.colcon_core.environment:checking '/home/jsh/robot_ws/install/micro_ros_agent' for CMake config files
[331.657s] Level 1:colcon.colcon_core.shell:create_environment_hook('micro_ros_agent', 'cmake_prefix_path')
[331.659s] INFO:colcon.colcon_core.shell:Creating environment hook '/home/jsh/robot_ws/install/micro_ros_agent/share/micro_ros_agent/hook/cmake_prefix_path.ps1'
[331.661s] INFO:colcon.colcon_core.shell:Creating environment descriptor '/home/jsh/robot_ws/install/micro_ros_agent/share/micro_ros_agent/hook/cmake_prefix_path.dsv'
[331.663s] INFO:colcon.colcon_core.shell:Creating environment hook '/home/jsh/robot_ws/install/micro_ros_agent/share/micro_ros_agent/hook/cmake_prefix_path.sh'
[331.665s] Level 1:colcon.colcon_core.environment:checking '/home/jsh/robot_ws/install/micro_ros_agent/lib'
[331.666s] Level 1:colcon.colcon_core.shell:create_environment_hook('micro_ros_agent', 'ld_library_path_lib')
[331.667s] INFO:colcon.colcon_core.shell:Creating environment hook '/home/jsh/robot_ws/install/micro_ros_agent/share/micro_ros_agent/hook/ld_library_path_lib.ps1'
[331.669s] INFO:colcon.colcon_core.shell:Creating environment descriptor '/home/jsh/robot_ws/install/micro_ros_agent/share/micro_ros_agent/hook/ld_library_path_lib.dsv'
[331.671s] INFO:colcon.colcon_core.shell:Creating environment hook '/home/jsh/robot_ws/install/micro_ros_agent/share/micro_ros_agent/hook/ld_library_path_lib.sh'
[331.673s] Level 1:colcon.colcon_core.environment:checking '/home/jsh/robot_ws/install/micro_ros_agent/bin'
[331.673s] Level 1:colcon.colcon_core.environment:checking '/home/jsh/robot_ws/install/micro_ros_agent/lib/pkgconfig/micro_ros_agent.pc'
[331.675s] Level 1:colcon.colcon_core.environment:checking '/home/jsh/robot_ws/install/micro_ros_agent/lib/python3.10/site-packages'
[331.676s] Level 1:colcon.colcon_core.environment:checking '/home/jsh/robot_ws/install/micro_ros_agent/bin'
[331.678s] INFO:colcon.colcon_core.shell:Creating package script '/home/jsh/robot_ws/install/micro_ros_agent/share/micro_ros_agent/package.ps1'
[331.680s] INFO:colcon.colcon_core.shell:Creating package descriptor '/home/jsh/robot_ws/install/micro_ros_agent/share/micro_ros_agent/package.dsv'
[331.682s] INFO:colcon.colcon_core.shell:Creating package script '/home/jsh/robot_ws/install/micro_ros_agent/share/micro_ros_agent/package.sh'
[331.684s] INFO:colcon.colcon_core.shell:Creating package script '/home/jsh/robot_ws/install/micro_ros_agent/share/micro_ros_agent/package.bash'
[331.685s] INFO:colcon.colcon_core.shell:Creating package script '/home/jsh/robot_ws/install/micro_ros_agent/share/micro_ros_agent/package.zsh'
[331.687s] Level 1:colcon.colcon_core.environment:create_file_with_runtime_dependencies(/home/jsh/robot_ws/install/micro_ros_agent/share/colcon-core/packages/micro_ros_agent)
[331.862s] Level 1:colcon.colcon_core.environment:create_environment_scripts_only(micro_ros_agent)
[331.863s] Level 1:colcon.colcon_core.environment:checking '/home/jsh/robot_ws/install/micro_ros_agent' for CMake module files
[331.866s] Level 1:colcon.colcon_core.environment:checking '/home/jsh/robot_ws/install/micro_ros_agent' for CMake config files
[331.869s] Level 1:colcon.colcon_core.shell:create_environment_hook('micro_ros_agent', 'cmake_prefix_path')
[331.870s] INFO:colcon.colcon_core.shell:Creating environment hook '/home/jsh/robot_ws/install/micro_ros_agent/share/micro_ros_agent/hook/cmake_prefix_path.ps1'
[331.872s] INFO:colcon.colcon_core.shell:Creating environment descriptor '/home/jsh/robot_ws/install/micro_ros_agent/share/micro_ros_agent/hook/cmake_prefix_path.dsv'
[331.874s] INFO:colcon.colcon_core.shell:Creating environment hook '/home/jsh/robot_ws/install/micro_ros_agent/share/micro_ros_agent/hook/cmake_prefix_path.sh'
[331.876s] Level 1:colcon.colcon_core.environment:checking '/home/jsh/robot_ws/install/micro_ros_agent/lib'
[331.877s] Level 1:colcon.colcon_core.shell:create_environment_hook('micro_ros_agent', 'ld_library_path_lib')
[331.878s] INFO:colcon.colcon_core.shell:Creating environment hook '/home/jsh/robot_ws/install/micro_ros_agent/share/micro_ros_agent/hook/ld_library_path_lib.ps1'
[331.879s] INFO:colcon.colcon_core.shell:Creating environment descriptor '/home/jsh/robot_ws/install/micro_ros_agent/share/micro_ros_agent/hook/ld_library_path_lib.dsv'
[331.881s] INFO:colcon.colcon_core.shell:Creating environment hook '/home/jsh/robot_ws/install/micro_ros_agent/share/micro_ros_agent/hook/ld_library_path_lib.sh'
[331.883s] Level 1:colcon.colcon_core.environment:checking '/home/jsh/robot_ws/install/micro_ros_agent/bin'
[331.883s] Level 1:colcon.colcon_core.environment:checking '/home/jsh/robot_ws/install/micro_ros_agent/lib/pkgconfig/micro_ros_agent.pc'
[331.884s] Level 1:colcon.colcon_core.environment:checking '/home/jsh/robot_ws/install/micro_ros_agent/lib/python3.10/site-packages'
[331.886s] Level 1:colcon.colcon_core.environment:checking '/home/jsh/robot_ws/install/micro_ros_agent/bin'
[331.888s] INFO:colcon.colcon_core.shell:Creating package script '/home/jsh/robot_ws/install/micro_ros_agent/share/micro_ros_agent/package.ps1'
[331.890s] INFO:colcon.colcon_core.shell:Creating package descriptor '/home/jsh/robot_ws/install/micro_ros_agent/share/micro_ros_agent/package.dsv'
[331.892s] INFO:colcon.colcon_core.shell:Creating package script '/home/jsh/robot_ws/install/micro_ros_agent/share/micro_ros_agent/package.sh'
[331.894s] INFO:colcon.colcon_core.shell:Creating package script '/home/jsh/robot_ws/install/micro_ros_agent/share/micro_ros_agent/package.bash'
[331.897s] INFO:colcon.colcon_core.shell:Creating package script '/home/jsh/robot_ws/install/micro_ros_agent/share/micro_ros_agent/package.zsh'
[331.899s] Level 1:colcon.colcon_core.environment:create_file_with_runtime_dependencies(/home/jsh/robot_ws/install/micro_ros_agent/share/colcon-core/packages/micro_ros_agent)
[331.900s] DEBUG:colcon.colcon_parallel_executor.executor.parallel:closing loop
[331.901s] DEBUG:colcon.colcon_parallel_executor.executor.parallel:loop closed
[331.901s] DEBUG:colcon.colcon_parallel_executor.executor.parallel:run_until_complete finished with '0'
[331.901s] DEBUG:colcon.colcon_core.event_reactor:joining thread
[331.932s] INFO:colcon.colcon_core.plugin_system:Skipping extension 'colcon_notification.desktop_notification.terminal_notifier': Not used on non-Darwin systems
[331.932s] INFO:colcon.colcon_core.plugin_system:Skipping extension 'colcon_notification.desktop_notification.win32': Not used on non-Windows systems
[331.933s] INFO:colcon.colcon_notification.desktop_notification:Sending desktop notification using 'notify2'
[331.998s] DEBUG:colcon.colcon_core.event_reactor:joined thread
[332.001s] INFO:colcon.colcon_core.shell:Creating prefix script '/home/jsh/robot_ws/install/local_setup.ps1'
[332.005s] INFO:colcon.colcon_core.shell:Creating prefix util module '/home/jsh/robot_ws/install/_local_setup_util_ps1.py'
[332.012s] INFO:colcon.colcon_core.shell:Creating prefix chain script '/home/jsh/robot_ws/install/setup.ps1'
[332.022s] INFO:colcon.colcon_core.shell:Creating prefix script '/home/jsh/robot_ws/install/local_setup.sh'
[332.025s] INFO:colcon.colcon_core.shell:Creating prefix util module '/home/jsh/robot_ws/install/_local_setup_util_sh.py'
[332.028s] INFO:colcon.colcon_core.shell:Creating prefix chain script '/home/jsh/robot_ws/install/setup.sh'
[332.038s] INFO:colcon.colcon_core.shell:Creating prefix script '/home/jsh/robot_ws/install/local_setup.bash'
[332.041s] INFO:colcon.colcon_core.shell:Creating prefix chain script '/home/jsh/robot_ws/install/setup.bash'
[332.048s] INFO:colcon.colcon_core.shell:Creating prefix script '/home/jsh/robot_ws/install/local_setup.zsh'
[332.051s] INFO:colcon.colcon_core.shell:Creating prefix chain script '/home/jsh/robot_ws/install/setup.zsh'
