[0.602s] DEBUG:colcon:Command line arguments: ['/usr/bin/colcon', 'build', '--symlink-install']
[0.603s] DEBUG:colcon:Parsed command line arguments: Namespace(log_base=None, log_level=None, verb_name='build', build_base='build', install_base='install', merge_install=False, symlink_install=True, test_result_base=None, continue_on_error=False, executor='parallel', parallel_workers=8, event_handlers=None, ignore_user_meta=False, metas=['./colcon.meta'], base_paths=['.'], packages_ignore=None, packages_ignore_regex=None, paths=None, packages_up_to=None, packages_up_to_regex=None, packages_above=None, packages_above_and_dependencies=None, packages_above_depth=None, packages_select_by_dep=None, packages_skip_by_dep=None, packages_skip_up_to=None, packages_select_build_failed=False, packages_skip_build_finished=False, packages_select_test_failures=False, packages_skip_test_passed=False, packages_select=None, packages_skip=None, packages_select_regex=None, packages_skip_regex=None, packages_start=None, packages_end=None, allow_overriding=[], cmake_args=None, cmake_target=None, cmake_target_skip_unavailable=False, cmake_clean_cache=False, cmake_clean_first=False, cmake_force_configure=False, ament_cmake_args=None, catkin_cmake_args=None, catkin_skip_building_tests=False, mixin_files=None, mixin=None, verb_parser=<colcon_mixin.mixin.mixin_argument.MixinArgumentDecorator object at 0x73552a517010>, verb_extension=<colcon_core.verb.build.BuildVerb object at 0x73552a516b30>, main=<bound method BuildVerb.main of <colcon_core.verb.build.BuildVerb object at 0x73552a516b30>>, mixin_verb=('build',))
[1.598s] Level 1:colcon.colcon_core.package_discovery:discover_packages(colcon_meta) check parameters
[1.598s] Level 1:colcon.colcon_core.package_discovery:discover_packages(recursive) check parameters
[1.598s] Level 1:colcon.colcon_core.package_discovery:discover_packages(ignore) check parameters
[1.598s] Level 1:colcon.colcon_core.package_discovery:discover_packages(path) check parameters
[1.599s] Level 1:colcon.colcon_core.package_discovery:discover_packages(colcon_meta) discover
[1.599s] Level 1:colcon.colcon_core.package_discovery:discover_packages(recursive) discover
[1.599s] INFO:colcon.colcon_core.package_discovery:Crawling recursively for packages in '/home/jsh/robot_ws'
[1.600s] Level 1:colcon.colcon_core.package_identification:_identify(.) by extensions ['ignore', 'ignore_ament_install']
[1.600s] Level 1:colcon.colcon_core.package_identification:_identify(.) by extension 'ignore'
[1.601s] Level 1:colcon.colcon_core.package_identification:_identify(.) by extension 'ignore_ament_install'
[1.601s] Level 1:colcon.colcon_core.package_identification:_identify(.) by extensions ['colcon_pkg']
[1.601s] Level 1:colcon.colcon_core.package_identification:_identify(.) by extension 'colcon_pkg'
[1.601s] Level 1:colcon.colcon_core.package_identification:_identify(.) by extensions ['colcon_meta']
[1.602s] Level 1:colcon.colcon_core.package_identification:_identify(.) by extension 'colcon_meta'
[1.602s] Level 1:colcon.colcon_core.package_identification:_identify(.) by extensions ['ros']
[1.602s] Level 1:colcon.colcon_core.package_identification:_identify(.) by extension 'ros'
[1.655s] Level 1:colcon.colcon_core.package_identification:_identify(.) by extensions ['cmake', 'python']
[1.655s] Level 1:colcon.colcon_core.package_identification:_identify(.) by extension 'cmake'
[1.656s] Level 1:colcon.colcon_core.package_identification:_identify(.) by extension 'python'
[1.656s] Level 1:colcon.colcon_core.package_identification:_identify(.) by extensions ['python_setup_py']
[1.656s] Level 1:colcon.colcon_core.package_identification:_identify(.) by extension 'python_setup_py'
[1.656s] Level 1:colcon.colcon_core.package_identification:_identify(build) by extensions ['ignore', 'ignore_ament_install']
[1.657s] Level 1:colcon.colcon_core.package_identification:_identify(build) by extension 'ignore'
[1.657s] Level 1:colcon.colcon_core.package_identification:_identify(build) ignored
[1.658s] Level 1:colcon.colcon_core.package_identification:_identify(install) by extensions ['ignore', 'ignore_ament_install']
[1.658s] Level 1:colcon.colcon_core.package_identification:_identify(install) by extension 'ignore'
[1.658s] Level 1:colcon.colcon_core.package_identification:_identify(install) ignored
[1.659s] Level 1:colcon.colcon_core.package_identification:_identify(log) by extensions ['ignore', 'ignore_ament_install']
[1.659s] Level 1:colcon.colcon_core.package_identification:_identify(log) by extension 'ignore'
[1.660s] Level 1:colcon.colcon_core.package_identification:_identify(log) ignored
[1.660s] Level 1:colcon.colcon_core.package_identification:_identify(src) by extensions ['ignore', 'ignore_ament_install']
[1.660s] Level 1:colcon.colcon_core.package_identification:_identify(src) by extension 'ignore'
[1.661s] Level 1:colcon.colcon_core.package_identification:_identify(src) by extension 'ignore_ament_install'
[1.661s] Level 1:colcon.colcon_core.package_identification:_identify(src) by extensions ['colcon_pkg']
[1.661s] Level 1:colcon.colcon_core.package_identification:_identify(src) by extension 'colcon_pkg'
[1.661s] Level 1:colcon.colcon_core.package_identification:_identify(src) by extensions ['colcon_meta']
[1.662s] Level 1:colcon.colcon_core.package_identification:_identify(src) by extension 'colcon_meta'
[1.662s] Level 1:colcon.colcon_core.package_identification:_identify(src) by extensions ['ros']
[1.662s] Level 1:colcon.colcon_core.package_identification:_identify(src) by extension 'ros'
[1.662s] Level 1:colcon.colcon_core.package_identification:_identify(src) by extensions ['cmake', 'python']
[1.663s] Level 1:colcon.colcon_core.package_identification:_identify(src) by extension 'cmake'
[1.663s] Level 1:colcon.colcon_core.package_identification:_identify(src) by extension 'python'
[1.663s] Level 1:colcon.colcon_core.package_identification:_identify(src) by extensions ['python_setup_py']
[1.663s] Level 1:colcon.colcon_core.package_identification:_identify(src) by extension 'python_setup_py'
[1.664s] Level 1:colcon.colcon_core.package_identification:_identify(src/micro_ros_setup) by extensions ['ignore', 'ignore_ament_install']
[1.664s] Level 1:colcon.colcon_core.package_identification:_identify(src/micro_ros_setup) by extension 'ignore'
[1.665s] Level 1:colcon.colcon_core.package_identification:_identify(src/micro_ros_setup) by extension 'ignore_ament_install'
[1.665s] Level 1:colcon.colcon_core.package_identification:_identify(src/micro_ros_setup) by extensions ['colcon_pkg']
[1.665s] Level 1:colcon.colcon_core.package_identification:_identify(src/micro_ros_setup) by extension 'colcon_pkg'
[1.665s] Level 1:colcon.colcon_core.package_identification:_identify(src/micro_ros_setup) by extensions ['colcon_meta']
[1.666s] Level 1:colcon.colcon_core.package_identification:_identify(src/micro_ros_setup) by extension 'colcon_meta'
[1.666s] Level 1:colcon.colcon_core.package_identification:_identify(src/micro_ros_setup) by extensions ['ros']
[1.666s] Level 1:colcon.colcon_core.package_identification:_identify(src/micro_ros_setup) by extension 'ros'
[1.678s] DEBUG:colcon.colcon_core.package_identification:Package 'src/micro_ros_setup' with type 'ros.ament_cmake' and name 'micro_ros_setup'
[1.679s] Level 1:colcon.colcon_core.package_identification:_identify(src/multi_robot_arm) by extensions ['ignore', 'ignore_ament_install']
[1.679s] Level 1:colcon.colcon_core.package_identification:_identify(src/multi_robot_arm) by extension 'ignore'
[1.680s] Level 1:colcon.colcon_core.package_identification:_identify(src/multi_robot_arm) by extension 'ignore_ament_install'
[1.680s] Level 1:colcon.colcon_core.package_identification:_identify(src/multi_robot_arm) by extensions ['colcon_pkg']
[1.680s] Level 1:colcon.colcon_core.package_identification:_identify(src/multi_robot_arm) by extension 'colcon_pkg'
[1.681s] Level 1:colcon.colcon_core.package_identification:_identify(src/multi_robot_arm) by extensions ['colcon_meta']
[1.681s] Level 1:colcon.colcon_core.package_identification:_identify(src/multi_robot_arm) by extension 'colcon_meta'
[1.681s] Level 1:colcon.colcon_core.package_identification:_identify(src/multi_robot_arm) by extensions ['ros']
[1.681s] Level 1:colcon.colcon_core.package_identification:_identify(src/multi_robot_arm) by extension 'ros'
[1.685s] DEBUG:colcon.colcon_core.package_identification:Package 'src/multi_robot_arm' with type 'ros.ament_cmake' and name 'multi_robot_arm'
[1.685s] Level 1:colcon.colcon_core.package_identification:_identify(src/pymoveit2) by extensions ['ignore', 'ignore_ament_install']
[1.686s] Level 1:colcon.colcon_core.package_identification:_identify(src/pymoveit2) by extension 'ignore'
[1.686s] Level 1:colcon.colcon_core.package_identification:_identify(src/pymoveit2) by extension 'ignore_ament_install'
[1.686s] Level 1:colcon.colcon_core.package_identification:_identify(src/pymoveit2) by extensions ['colcon_pkg']
[1.686s] Level 1:colcon.colcon_core.package_identification:_identify(src/pymoveit2) by extension 'colcon_pkg'
[1.687s] Level 1:colcon.colcon_core.package_identification:_identify(src/pymoveit2) by extensions ['colcon_meta']
[1.687s] Level 1:colcon.colcon_core.package_identification:_identify(src/pymoveit2) by extension 'colcon_meta'
[1.687s] Level 1:colcon.colcon_core.package_identification:_identify(src/pymoveit2) by extensions ['ros']
[1.687s] Level 1:colcon.colcon_core.package_identification:_identify(src/pymoveit2) by extension 'ros'
[1.694s] DEBUG:colcon.colcon_core.package_identification:Package 'src/pymoveit2' with type 'ros.ament_cmake' and name 'pymoveit2'
[1.694s] Level 1:colcon.colcon_core.package_identification:_identify(src/uros) by extensions ['ignore', 'ignore_ament_install']
[1.694s] Level 1:colcon.colcon_core.package_identification:_identify(src/uros) by extension 'ignore'
[1.695s] Level 1:colcon.colcon_core.package_identification:_identify(src/uros) by extension 'ignore_ament_install'
[1.695s] Level 1:colcon.colcon_core.package_identification:_identify(src/uros) by extensions ['colcon_pkg']
[1.695s] Level 1:colcon.colcon_core.package_identification:_identify(src/uros) by extension 'colcon_pkg'
[1.695s] Level 1:colcon.colcon_core.package_identification:_identify(src/uros) by extensions ['colcon_meta']
[1.695s] Level 1:colcon.colcon_core.package_identification:_identify(src/uros) by extension 'colcon_meta'
[1.696s] Level 1:colcon.colcon_core.package_identification:_identify(src/uros) by extensions ['ros']
[1.696s] Level 1:colcon.colcon_core.package_identification:_identify(src/uros) by extension 'ros'
[1.696s] Level 1:colcon.colcon_core.package_identification:_identify(src/uros) by extensions ['cmake', 'python']
[1.696s] Level 1:colcon.colcon_core.package_identification:_identify(src/uros) by extension 'cmake'
[1.697s] Level 1:colcon.colcon_core.package_identification:_identify(src/uros) by extension 'python'
[1.697s] Level 1:colcon.colcon_core.package_identification:_identify(src/uros) by extensions ['python_setup_py']
[1.697s] Level 1:colcon.colcon_core.package_identification:_identify(src/uros) by extension 'python_setup_py'
[1.698s] Level 1:colcon.colcon_core.package_identification:_identify(src/uros/micro-ROS-Agent) by extensions ['ignore', 'ignore_ament_install']
[1.698s] Level 1:colcon.colcon_core.package_identification:_identify(src/uros/micro-ROS-Agent) by extension 'ignore'
[1.699s] Level 1:colcon.colcon_core.package_identification:_identify(src/uros/micro-ROS-Agent) by extension 'ignore_ament_install'
[1.699s] Level 1:colcon.colcon_core.package_identification:_identify(src/uros/micro-ROS-Agent) by extensions ['colcon_pkg']
[1.699s] Level 1:colcon.colcon_core.package_identification:_identify(src/uros/micro-ROS-Agent) by extension 'colcon_pkg'
[1.699s] Level 1:colcon.colcon_core.package_identification:_identify(src/uros/micro-ROS-Agent) by extensions ['colcon_meta']
[1.700s] Level 1:colcon.colcon_core.package_identification:_identify(src/uros/micro-ROS-Agent) by extension 'colcon_meta'
[1.700s] Level 1:colcon.colcon_core.package_identification:_identify(src/uros/micro-ROS-Agent) by extensions ['ros']
[1.700s] Level 1:colcon.colcon_core.package_identification:_identify(src/uros/micro-ROS-Agent) by extension 'ros'
[1.700s] Level 1:colcon.colcon_core.package_identification:_identify(src/uros/micro-ROS-Agent) by extensions ['cmake', 'python']
[1.701s] Level 1:colcon.colcon_core.package_identification:_identify(src/uros/micro-ROS-Agent) by extension 'cmake'
[1.701s] Level 1:colcon.colcon_core.package_identification:_identify(src/uros/micro-ROS-Agent) by extension 'python'
[1.701s] Level 1:colcon.colcon_core.package_identification:_identify(src/uros/micro-ROS-Agent) by extensions ['python_setup_py']
[1.701s] Level 1:colcon.colcon_core.package_identification:_identify(src/uros/micro-ROS-Agent) by extension 'python_setup_py'
[1.702s] Level 1:colcon.colcon_core.package_identification:_identify(src/uros/micro-ROS-Agent/micro_ros_agent) by extensions ['ignore', 'ignore_ament_install']
[1.702s] Level 1:colcon.colcon_core.package_identification:_identify(src/uros/micro-ROS-Agent/micro_ros_agent) by extension 'ignore'
[1.702s] Level 1:colcon.colcon_core.package_identification:_identify(src/uros/micro-ROS-Agent/micro_ros_agent) by extension 'ignore_ament_install'
[1.702s] Level 1:colcon.colcon_core.package_identification:_identify(src/uros/micro-ROS-Agent/micro_ros_agent) by extensions ['colcon_pkg']
[1.703s] Level 1:colcon.colcon_core.package_identification:_identify(src/uros/micro-ROS-Agent/micro_ros_agent) by extension 'colcon_pkg'
[1.703s] Level 1:colcon.colcon_core.package_identification:_identify(src/uros/micro-ROS-Agent/micro_ros_agent) by extensions ['colcon_meta']
[1.703s] Level 1:colcon.colcon_core.package_identification:_identify(src/uros/micro-ROS-Agent/micro_ros_agent) by extension 'colcon_meta'
[1.703s] Level 1:colcon.colcon_core.package_identification:_identify(src/uros/micro-ROS-Agent/micro_ros_agent) by extensions ['ros']
[1.704s] Level 1:colcon.colcon_core.package_identification:_identify(src/uros/micro-ROS-Agent/micro_ros_agent) by extension 'ros'
[1.709s] DEBUG:colcon.colcon_core.package_identification:Package 'src/uros/micro-ROS-Agent/micro_ros_agent' with type 'ros.ament_cmake' and name 'micro_ros_agent'
[1.710s] Level 1:colcon.colcon_core.package_identification:_identify(src/uros/micro-ROS-Agent/snap) by extensions ['ignore', 'ignore_ament_install']
[1.710s] Level 1:colcon.colcon_core.package_identification:_identify(src/uros/micro-ROS-Agent/snap) by extension 'ignore'
[1.711s] Level 1:colcon.colcon_core.package_identification:_identify(src/uros/micro-ROS-Agent/snap) by extension 'ignore_ament_install'
[1.711s] Level 1:colcon.colcon_core.package_identification:_identify(src/uros/micro-ROS-Agent/snap) by extensions ['colcon_pkg']
[1.711s] Level 1:colcon.colcon_core.package_identification:_identify(src/uros/micro-ROS-Agent/snap) by extension 'colcon_pkg'
[1.711s] Level 1:colcon.colcon_core.package_identification:_identify(src/uros/micro-ROS-Agent/snap) by extensions ['colcon_meta']
[1.711s] Level 1:colcon.colcon_core.package_identification:_identify(src/uros/micro-ROS-Agent/snap) by extension 'colcon_meta'
[1.712s] Level 1:colcon.colcon_core.package_identification:_identify(src/uros/micro-ROS-Agent/snap) by extensions ['ros']
[1.712s] Level 1:colcon.colcon_core.package_identification:_identify(src/uros/micro-ROS-Agent/snap) by extension 'ros'
[1.712s] Level 1:colcon.colcon_core.package_identification:_identify(src/uros/micro-ROS-Agent/snap) by extensions ['cmake', 'python']
[1.712s] Level 1:colcon.colcon_core.package_identification:_identify(src/uros/micro-ROS-Agent/snap) by extension 'cmake'
[1.713s] Level 1:colcon.colcon_core.package_identification:_identify(src/uros/micro-ROS-Agent/snap) by extension 'python'
[1.713s] Level 1:colcon.colcon_core.package_identification:_identify(src/uros/micro-ROS-Agent/snap) by extensions ['python_setup_py']
[1.713s] Level 1:colcon.colcon_core.package_identification:_identify(src/uros/micro-ROS-Agent/snap) by extension 'python_setup_py'
[1.713s] Level 1:colcon.colcon_core.package_identification:_identify(src/uros/micro-ROS-Agent/snap/hooks) by extensions ['ignore', 'ignore_ament_install']
[1.714s] Level 1:colcon.colcon_core.package_identification:_identify(src/uros/micro-ROS-Agent/snap/hooks) by extension 'ignore'
[1.714s] Level 1:colcon.colcon_core.package_identification:_identify(src/uros/micro-ROS-Agent/snap/hooks) by extension 'ignore_ament_install'
[1.714s] Level 1:colcon.colcon_core.package_identification:_identify(src/uros/micro-ROS-Agent/snap/hooks) by extensions ['colcon_pkg']
[1.714s] Level 1:colcon.colcon_core.package_identification:_identify(src/uros/micro-ROS-Agent/snap/hooks) by extension 'colcon_pkg'
[1.715s] Level 1:colcon.colcon_core.package_identification:_identify(src/uros/micro-ROS-Agent/snap/hooks) by extensions ['colcon_meta']
[1.715s] Level 1:colcon.colcon_core.package_identification:_identify(src/uros/micro-ROS-Agent/snap/hooks) by extension 'colcon_meta'
[1.715s] Level 1:colcon.colcon_core.package_identification:_identify(src/uros/micro-ROS-Agent/snap/hooks) by extensions ['ros']
[1.715s] Level 1:colcon.colcon_core.package_identification:_identify(src/uros/micro-ROS-Agent/snap/hooks) by extension 'ros'
[1.715s] Level 1:colcon.colcon_core.package_identification:_identify(src/uros/micro-ROS-Agent/snap/hooks) by extensions ['cmake', 'python']
[1.716s] Level 1:colcon.colcon_core.package_identification:_identify(src/uros/micro-ROS-Agent/snap/hooks) by extension 'cmake'
[1.716s] Level 1:colcon.colcon_core.package_identification:_identify(src/uros/micro-ROS-Agent/snap/hooks) by extension 'python'
[1.716s] Level 1:colcon.colcon_core.package_identification:_identify(src/uros/micro-ROS-Agent/snap/hooks) by extensions ['python_setup_py']
[1.716s] Level 1:colcon.colcon_core.package_identification:_identify(src/uros/micro-ROS-Agent/snap/hooks) by extension 'python_setup_py'
[1.717s] Level 1:colcon.colcon_core.package_identification:_identify(src/uros/micro-ROS-Agent/snap/local) by extensions ['ignore', 'ignore_ament_install']
[1.717s] Level 1:colcon.colcon_core.package_identification:_identify(src/uros/micro-ROS-Agent/snap/local) by extension 'ignore'
[1.717s] Level 1:colcon.colcon_core.package_identification:_identify(src/uros/micro-ROS-Agent/snap/local) by extension 'ignore_ament_install'
[1.717s] Level 1:colcon.colcon_core.package_identification:_identify(src/uros/micro-ROS-Agent/snap/local) by extensions ['colcon_pkg']
[1.718s] Level 1:colcon.colcon_core.package_identification:_identify(src/uros/micro-ROS-Agent/snap/local) by extension 'colcon_pkg'
[1.718s] Level 1:colcon.colcon_core.package_identification:_identify(src/uros/micro-ROS-Agent/snap/local) by extensions ['colcon_meta']
[1.718s] Level 1:colcon.colcon_core.package_identification:_identify(src/uros/micro-ROS-Agent/snap/local) by extension 'colcon_meta'
[1.718s] Level 1:colcon.colcon_core.package_identification:_identify(src/uros/micro-ROS-Agent/snap/local) by extensions ['ros']
[1.719s] Level 1:colcon.colcon_core.package_identification:_identify(src/uros/micro-ROS-Agent/snap/local) by extension 'ros'
[1.719s] Level 1:colcon.colcon_core.package_identification:_identify(src/uros/micro-ROS-Agent/snap/local) by extensions ['cmake', 'python']
[1.719s] Level 1:colcon.colcon_core.package_identification:_identify(src/uros/micro-ROS-Agent/snap/local) by extension 'cmake'
[1.719s] Level 1:colcon.colcon_core.package_identification:_identify(src/uros/micro-ROS-Agent/snap/local) by extension 'python'
[1.720s] Level 1:colcon.colcon_core.package_identification:_identify(src/uros/micro-ROS-Agent/snap/local) by extensions ['python_setup_py']
[1.720s] Level 1:colcon.colcon_core.package_identification:_identify(src/uros/micro-ROS-Agent/snap/local) by extension 'python_setup_py'
[1.720s] Level 1:colcon.colcon_core.package_identification:_identify(src/uros/micro_ros_msgs) by extensions ['ignore', 'ignore_ament_install']
[1.721s] Level 1:colcon.colcon_core.package_identification:_identify(src/uros/micro_ros_msgs) by extension 'ignore'
[1.721s] Level 1:colcon.colcon_core.package_identification:_identify(src/uros/micro_ros_msgs) by extension 'ignore_ament_install'
[1.722s] Level 1:colcon.colcon_core.package_identification:_identify(src/uros/micro_ros_msgs) by extensions ['colcon_pkg']
[1.722s] Level 1:colcon.colcon_core.package_identification:_identify(src/uros/micro_ros_msgs) by extension 'colcon_pkg'
[1.722s] Level 1:colcon.colcon_core.package_identification:_identify(src/uros/micro_ros_msgs) by extensions ['colcon_meta']
[1.722s] Level 1:colcon.colcon_core.package_identification:_identify(src/uros/micro_ros_msgs) by extension 'colcon_meta'
[1.722s] Level 1:colcon.colcon_core.package_identification:_identify(src/uros/micro_ros_msgs) by extensions ['ros']
[1.723s] Level 1:colcon.colcon_core.package_identification:_identify(src/uros/micro_ros_msgs) by extension 'ros'
[1.725s] DEBUG:colcon.colcon_core.package_identification:Package 'src/uros/micro_ros_msgs' with type 'ros.ament_cmake' and name 'micro_ros_msgs'
[1.725s] Level 1:colcon.colcon_core.package_discovery:discover_packages(recursive) using defaults
[1.725s] Level 1:colcon.colcon_core.package_discovery:discover_packages(ignore) discover
[1.725s] Level 1:colcon.colcon_core.package_discovery:discover_packages(ignore) using defaults
[1.726s] Level 1:colcon.colcon_core.package_discovery:discover_packages(path) discover
[1.726s] Level 1:colcon.colcon_core.package_discovery:discover_packages(path) using defaults
[1.867s] Level 1:colcon.colcon_core.package_discovery:discover_packages(prefix_path) check parameters
[1.868s] Level 1:colcon.colcon_core.package_discovery:discover_packages(prefix_path) discover
[1.879s] DEBUG:colcon.colcon_installed_package_information.package_discovery:Found 6 installed packages in /home/jsh/install
[1.882s] DEBUG:colcon.colcon_installed_package_information.package_discovery:Found 5 installed packages in /home/jsh/robot_ws/install
[1.892s] DEBUG:colcon.colcon_installed_package_information.package_discovery:Found 428 installed packages in /opt/ros/humble
[1.902s] Level 1:colcon.colcon_core.package_discovery:discover_packages(prefix_path) using defaults
[2.190s] Level 5:colcon.colcon_core.verb:set package 'micro_ros_msgs' build argument 'cmake_args' from command line to 'None'
[2.190s] Level 5:colcon.colcon_core.verb:set package 'micro_ros_msgs' build argument 'cmake_target' from command line to 'None'
[2.190s] Level 5:colcon.colcon_core.verb:set package 'micro_ros_msgs' build argument 'cmake_target_skip_unavailable' from command line to 'False'
[2.190s] Level 5:colcon.colcon_core.verb:set package 'micro_ros_msgs' build argument 'cmake_clean_cache' from command line to 'False'
[2.190s] Level 5:colcon.colcon_core.verb:set package 'micro_ros_msgs' build argument 'cmake_clean_first' from command line to 'False'
[2.190s] Level 5:colcon.colcon_core.verb:set package 'micro_ros_msgs' build argument 'cmake_force_configure' from command line to 'False'
[2.190s] Level 5:colcon.colcon_core.verb:set package 'micro_ros_msgs' build argument 'ament_cmake_args' from command line to 'None'
[2.191s] Level 5:colcon.colcon_core.verb:set package 'micro_ros_msgs' build argument 'catkin_cmake_args' from command line to 'None'
[2.191s] Level 5:colcon.colcon_core.verb:set package 'micro_ros_msgs' build argument 'catkin_skip_building_tests' from command line to 'False'
[2.191s] DEBUG:colcon.colcon_core.verb:Building package 'micro_ros_msgs' with the following arguments: {'ament_cmake_args': None, 'build_base': '/home/jsh/robot_ws/build/micro_ros_msgs', 'catkin_cmake_args': None, 'catkin_skip_building_tests': False, 'cmake_args': None, 'cmake_clean_cache': False, 'cmake_clean_first': False, 'cmake_force_configure': False, 'cmake_target': None, 'cmake_target_skip_unavailable': False, 'install_base': '/home/jsh/robot_ws/install/micro_ros_msgs', 'merge_install': False, 'path': '/home/jsh/robot_ws/src/uros/micro_ros_msgs', 'symlink_install': True, 'test_result_base': None}
[2.193s] Level 5:colcon.colcon_core.verb:set package 'micro_ros_setup' build argument 'cmake_args' from command line to 'None'
[2.193s] Level 5:colcon.colcon_core.verb:set package 'micro_ros_setup' build argument 'cmake_target' from command line to 'None'
[2.193s] Level 5:colcon.colcon_core.verb:set package 'micro_ros_setup' build argument 'cmake_target_skip_unavailable' from command line to 'False'
[2.193s] Level 5:colcon.colcon_core.verb:set package 'micro_ros_setup' build argument 'cmake_clean_cache' from command line to 'False'
[2.193s] Level 5:colcon.colcon_core.verb:set package 'micro_ros_setup' build argument 'cmake_clean_first' from command line to 'False'
[2.194s] Level 5:colcon.colcon_core.verb:set package 'micro_ros_setup' build argument 'cmake_force_configure' from command line to 'False'
[2.194s] Level 5:colcon.colcon_core.verb:set package 'micro_ros_setup' build argument 'ament_cmake_args' from command line to 'None'
[2.194s] Level 5:colcon.colcon_core.verb:set package 'micro_ros_setup' build argument 'catkin_cmake_args' from command line to 'None'
[2.194s] Level 5:colcon.colcon_core.verb:set package 'micro_ros_setup' build argument 'catkin_skip_building_tests' from command line to 'False'
[2.194s] DEBUG:colcon.colcon_core.verb:Building package 'micro_ros_setup' with the following arguments: {'ament_cmake_args': None, 'build_base': '/home/jsh/robot_ws/build/micro_ros_setup', 'catkin_cmake_args': None, 'catkin_skip_building_tests': False, 'cmake_args': None, 'cmake_clean_cache': False, 'cmake_clean_first': False, 'cmake_force_configure': False, 'cmake_target': None, 'cmake_target_skip_unavailable': False, 'install_base': '/home/jsh/robot_ws/install/micro_ros_setup', 'merge_install': False, 'path': '/home/jsh/robot_ws/src/micro_ros_setup', 'symlink_install': True, 'test_result_base': None}
[2.196s] Level 5:colcon.colcon_core.verb:set package 'multi_robot_arm' build argument 'cmake_args' from command line to 'None'
[2.197s] Level 5:colcon.colcon_core.verb:set package 'multi_robot_arm' build argument 'cmake_target' from command line to 'None'
[2.197s] Level 5:colcon.colcon_core.verb:set package 'multi_robot_arm' build argument 'cmake_target_skip_unavailable' from command line to 'False'
[2.197s] Level 5:colcon.colcon_core.verb:set package 'multi_robot_arm' build argument 'cmake_clean_cache' from command line to 'False'
[2.197s] Level 5:colcon.colcon_core.verb:set package 'multi_robot_arm' build argument 'cmake_clean_first' from command line to 'False'
[2.197s] Level 5:colcon.colcon_core.verb:set package 'multi_robot_arm' build argument 'cmake_force_configure' from command line to 'False'
[2.197s] Level 5:colcon.colcon_core.verb:set package 'multi_robot_arm' build argument 'ament_cmake_args' from command line to 'None'
[2.197s] Level 5:colcon.colcon_core.verb:set package 'multi_robot_arm' build argument 'catkin_cmake_args' from command line to 'None'
[2.198s] Level 5:colcon.colcon_core.verb:set package 'multi_robot_arm' build argument 'catkin_skip_building_tests' from command line to 'False'
[2.198s] DEBUG:colcon.colcon_core.verb:Building package 'multi_robot_arm' with the following arguments: {'ament_cmake_args': None, 'build_base': '/home/jsh/robot_ws/build/multi_robot_arm', 'catkin_cmake_args': None, 'catkin_skip_building_tests': False, 'cmake_args': None, 'cmake_clean_cache': False, 'cmake_clean_first': False, 'cmake_force_configure': False, 'cmake_target': None, 'cmake_target_skip_unavailable': False, 'install_base': '/home/jsh/robot_ws/install/multi_robot_arm', 'merge_install': False, 'path': '/home/jsh/robot_ws/src/multi_robot_arm', 'symlink_install': True, 'test_result_base': None}
[2.200s] Level 5:colcon.colcon_core.verb:set package 'pymoveit2' build argument 'cmake_args' from command line to 'None'
[2.200s] Level 5:colcon.colcon_core.verb:set package 'pymoveit2' build argument 'cmake_target' from command line to 'None'
[2.200s] Level 5:colcon.colcon_core.verb:set package 'pymoveit2' build argument 'cmake_target_skip_unavailable' from command line to 'False'
[2.200s] Level 5:colcon.colcon_core.verb:set package 'pymoveit2' build argument 'cmake_clean_cache' from command line to 'False'
[2.200s] Level 5:colcon.colcon_core.verb:set package 'pymoveit2' build argument 'cmake_clean_first' from command line to 'False'
[2.201s] Level 5:colcon.colcon_core.verb:set package 'pymoveit2' build argument 'cmake_force_configure' from command line to 'False'
[2.201s] Level 5:colcon.colcon_core.verb:set package 'pymoveit2' build argument 'ament_cmake_args' from command line to 'None'
[2.201s] Level 5:colcon.colcon_core.verb:set package 'pymoveit2' build argument 'catkin_cmake_args' from command line to 'None'
[2.201s] Level 5:colcon.colcon_core.verb:set package 'pymoveit2' build argument 'catkin_skip_building_tests' from command line to 'False'
[2.201s] DEBUG:colcon.colcon_core.verb:Building package 'pymoveit2' with the following arguments: {'ament_cmake_args': None, 'build_base': '/home/jsh/robot_ws/build/pymoveit2', 'catkin_cmake_args': None, 'catkin_skip_building_tests': False, 'cmake_args': None, 'cmake_clean_cache': False, 'cmake_clean_first': False, 'cmake_force_configure': False, 'cmake_target': None, 'cmake_target_skip_unavailable': False, 'install_base': '/home/jsh/robot_ws/install/pymoveit2', 'merge_install': False, 'path': '/home/jsh/robot_ws/src/pymoveit2', 'symlink_install': True, 'test_result_base': None}
[2.204s] Level 5:colcon.colcon_core.verb:set package 'micro_ros_agent' build argument 'cmake_args' from command line to 'None'
[2.204s] Level 5:colcon.colcon_core.verb:set package 'micro_ros_agent' build argument 'cmake_target' from command line to 'None'
[2.204s] Level 5:colcon.colcon_core.verb:set package 'micro_ros_agent' build argument 'cmake_target_skip_unavailable' from command line to 'False'
[2.204s] Level 5:colcon.colcon_core.verb:set package 'micro_ros_agent' build argument 'cmake_clean_cache' from command line to 'False'
[2.204s] Level 5:colcon.colcon_core.verb:set package 'micro_ros_agent' build argument 'cmake_clean_first' from command line to 'False'
[2.204s] Level 5:colcon.colcon_core.verb:set package 'micro_ros_agent' build argument 'cmake_force_configure' from command line to 'False'
[2.204s] Level 5:colcon.colcon_core.verb:set package 'micro_ros_agent' build argument 'ament_cmake_args' from command line to 'None'
[2.205s] Level 5:colcon.colcon_core.verb:set package 'micro_ros_agent' build argument 'catkin_cmake_args' from command line to 'None'
[2.205s] Level 5:colcon.colcon_core.verb:set package 'micro_ros_agent' build argument 'catkin_skip_building_tests' from command line to 'False'
[2.205s] DEBUG:colcon.colcon_core.verb:Building package 'micro_ros_agent' with the following arguments: {'ament_cmake_args': None, 'build_base': '/home/jsh/robot_ws/build/micro_ros_agent', 'catkin_cmake_args': None, 'catkin_skip_building_tests': False, 'cmake_args': None, 'cmake_clean_cache': False, 'cmake_clean_first': False, 'cmake_force_configure': False, 'cmake_target': None, 'cmake_target_skip_unavailable': False, 'install_base': '/home/jsh/robot_ws/install/micro_ros_agent', 'merge_install': False, 'path': '/home/jsh/robot_ws/src/uros/micro-ROS-Agent/micro_ros_agent', 'symlink_install': True, 'test_result_base': None}
[2.206s] INFO:colcon.colcon_core.executor:Executing jobs using 'parallel' executor
[2.210s] DEBUG:colcon.colcon_parallel_executor.executor.parallel:run_until_complete
[2.211s] INFO:colcon.colcon_ros.task.ament_cmake.build:Building ROS package in '/home/jsh/robot_ws/src/uros/micro_ros_msgs' with build type 'ament_cmake'
[2.211s] INFO:colcon.colcon_cmake.task.cmake.build:Building CMake package in '/home/jsh/robot_ws/src/uros/micro_ros_msgs'
[2.220s] INFO:colcon.colcon_core.plugin_system:Skipping extension 'colcon_core.shell.bat': Not used on non-Windows systems
[2.221s] INFO:colcon.colcon_core.shell:Skip shell extension 'powershell' for command environment: Not usable outside of PowerShell
[2.222s] DEBUG:colcon.colcon_core.shell:Skip shell extension 'dsv' for command environment
[2.243s] INFO:colcon.colcon_ros.task.ament_cmake.build:Building ROS package in '/home/jsh/robot_ws/src/micro_ros_setup' with build type 'ament_cmake'
[2.244s] INFO:colcon.colcon_cmake.task.cmake.build:Building CMake package in '/home/jsh/robot_ws/src/micro_ros_setup'
[2.246s] INFO:colcon.colcon_core.shell:Skip shell extension 'powershell' for command environment: Not usable outside of PowerShell
[2.246s] DEBUG:colcon.colcon_core.shell:Skip shell extension 'dsv' for command environment
[2.267s] INFO:colcon.colcon_ros.task.ament_cmake.build:Building ROS package in '/home/jsh/robot_ws/src/multi_robot_arm' with build type 'ament_cmake'
[2.268s] INFO:colcon.colcon_cmake.task.cmake.build:Building CMake package in '/home/jsh/robot_ws/src/multi_robot_arm'
[2.270s] INFO:colcon.colcon_core.shell:Skip shell extension 'powershell' for command environment: Not usable outside of PowerShell
[2.270s] DEBUG:colcon.colcon_core.shell:Skip shell extension 'dsv' for command environment
[2.294s] INFO:colcon.colcon_ros.task.ament_cmake.build:Building ROS package in '/home/jsh/robot_ws/src/pymoveit2' with build type 'ament_cmake'
[2.294s] INFO:colcon.colcon_cmake.task.cmake.build:Building CMake package in '/home/jsh/robot_ws/src/pymoveit2'
[2.296s] INFO:colcon.colcon_core.shell:Skip shell extension 'powershell' for command environment: Not usable outside of PowerShell
[2.296s] DEBUG:colcon.colcon_core.shell:Skip shell extension 'dsv' for command environment
[2.342s] DEBUG:colcon.colcon_core.event_handler.log_command:Invoking command in '/home/jsh/robot_ws/build/micro_ros_msgs': CMAKE_PREFIX_PATH=${CMAKE_PREFIX_PATH}:/opt/ros/humble /usr/bin/cmake --build /home/jsh/robot_ws/build/micro_ros_msgs -- -j8 -l8
[2.371s] DEBUG:colcon.colcon_core.event_handler.log_command:Invoking command in '/home/jsh/robot_ws/build/micro_ros_setup': CMAKE_PREFIX_PATH=${CMAKE_PREFIX_PATH}:/opt/ros/humble /usr/bin/cmake --build /home/jsh/robot_ws/build/micro_ros_setup -- -j8 -l8
[2.391s] DEBUG:colcon.colcon_core.event_handler.log_command:Invoking command in '/home/jsh/robot_ws/build/multi_robot_arm': CMAKE_PREFIX_PATH=${CMAKE_PREFIX_PATH}:/opt/ros/humble /usr/bin/cmake --build /home/jsh/robot_ws/build/multi_robot_arm -- -j8 -l8
[2.416s] DEBUG:colcon.colcon_core.event_handler.log_command:Invoking command in '/home/jsh/robot_ws/build/pymoveit2': CMAKE_PREFIX_PATH=${CMAKE_PREFIX_PATH}:/opt/ros/humble /usr/bin/cmake --build /home/jsh/robot_ws/build/pymoveit2 -- -j8 -l8
[2.557s] DEBUG:colcon.colcon_core.event_handler.log_command:Invoked command in '/home/jsh/robot_ws/build/micro_ros_setup' returned '0': CMAKE_PREFIX_PATH=${CMAKE_PREFIX_PATH}:/opt/ros/humble /usr/bin/cmake --build /home/jsh/robot_ws/build/micro_ros_setup -- -j8 -l8
[2.619s] DEBUG:colcon.colcon_core.event_handler.log_command:Invoked command in '/home/jsh/robot_ws/build/multi_robot_arm' returned '0': CMAKE_PREFIX_PATH=${CMAKE_PREFIX_PATH}:/opt/ros/humble /usr/bin/cmake --build /home/jsh/robot_ws/build/multi_robot_arm -- -j8 -l8
[2.791s] DEBUG:colcon.colcon_core.event_handler.log_command:Invoking command in '/home/jsh/robot_ws/build/micro_ros_setup': CMAKE_PREFIX_PATH=${CMAKE_PREFIX_PATH}:/opt/ros/humble /usr/bin/cmake --install /home/jsh/robot_ws/build/micro_ros_setup
[2.814s] DEBUG:colcon.colcon_core.event_handler.log_command:Invoking command in '/home/jsh/robot_ws/build/multi_robot_arm': CMAKE_PREFIX_PATH=${CMAKE_PREFIX_PATH}:/opt/ros/humble /usr/bin/cmake --install /home/jsh/robot_ws/build/multi_robot_arm
[2.978s] Level 1:colcon.colcon_core.environment:create_environment_scripts_only(micro_ros_setup)
[3.017s] Level 1:colcon.colcon_core.environment:checking '/home/jsh/robot_ws/install/micro_ros_setup' for CMake module files
[3.056s] Level 1:colcon.colcon_core.environment:checking '/home/jsh/robot_ws/install/micro_ros_setup' for CMake config files
[3.081s] Level 1:colcon.colcon_core.shell:create_environment_hook('micro_ros_setup', 'cmake_prefix_path')
[3.082s] INFO:colcon.colcon_core.shell:Creating environment hook '/home/jsh/robot_ws/install/micro_ros_setup/share/micro_ros_setup/hook/cmake_prefix_path.ps1'
[3.090s] INFO:colcon.colcon_core.shell:Creating environment descriptor '/home/jsh/robot_ws/install/micro_ros_setup/share/micro_ros_setup/hook/cmake_prefix_path.dsv'
[3.095s] INFO:colcon.colcon_core.shell:Creating environment hook '/home/jsh/robot_ws/install/micro_ros_setup/share/micro_ros_setup/hook/cmake_prefix_path.sh'
[3.106s] Level 1:colcon.colcon_core.environment:checking '/home/jsh/robot_ws/install/micro_ros_setup/lib'
[3.108s] Level 1:colcon.colcon_core.environment:checking '/home/jsh/robot_ws/install/micro_ros_setup/bin'
[3.109s] Level 1:colcon.colcon_core.environment:checking '/home/jsh/robot_ws/install/micro_ros_setup/lib/pkgconfig/micro_ros_setup.pc'
[3.112s] Level 1:colcon.colcon_core.environment:checking '/home/jsh/robot_ws/install/micro_ros_setup/lib/python3.10/site-packages'
[3.114s] Level 1:colcon.colcon_core.environment:checking '/home/jsh/robot_ws/install/micro_ros_setup/bin'
[3.117s] INFO:colcon.colcon_core.shell:Creating package script '/home/jsh/robot_ws/install/micro_ros_setup/share/micro_ros_setup/package.ps1'
[3.124s] INFO:colcon.colcon_core.shell:Creating package descriptor '/home/jsh/robot_ws/install/micro_ros_setup/share/micro_ros_setup/package.dsv'
[3.130s] INFO:colcon.colcon_core.shell:Creating package script '/home/jsh/robot_ws/install/micro_ros_setup/share/micro_ros_setup/package.sh'
[3.137s] INFO:colcon.colcon_core.shell:Creating package script '/home/jsh/robot_ws/install/micro_ros_setup/share/micro_ros_setup/package.bash'
[3.145s] INFO:colcon.colcon_core.shell:Creating package script '/home/jsh/robot_ws/install/micro_ros_setup/share/micro_ros_setup/package.zsh'
[3.154s] Level 1:colcon.colcon_core.environment:create_file_with_runtime_dependencies(/home/jsh/robot_ws/install/micro_ros_setup/share/colcon-core/packages/micro_ros_setup)
[3.175s] Level 1:colcon.colcon_core.environment:create_environment_scripts_only(multi_robot_arm)
[3.178s] Level 1:colcon.colcon_core.environment:checking '/home/jsh/robot_ws/install/multi_robot_arm' for CMake module files
[3.184s] Level 1:colcon.colcon_core.environment:checking '/home/jsh/robot_ws/install/multi_robot_arm' for CMake config files
[3.186s] Level 1:colcon.colcon_core.shell:create_environment_hook('multi_robot_arm', 'cmake_prefix_path')
[3.188s] INFO:colcon.colcon_core.shell:Creating environment hook '/home/jsh/robot_ws/install/multi_robot_arm/share/multi_robot_arm/hook/cmake_prefix_path.ps1'
[3.190s] INFO:colcon.colcon_core.shell:Creating environment descriptor '/home/jsh/robot_ws/install/multi_robot_arm/share/multi_robot_arm/hook/cmake_prefix_path.dsv'
[3.193s] INFO:colcon.colcon_core.shell:Creating environment hook '/home/jsh/robot_ws/install/multi_robot_arm/share/multi_robot_arm/hook/cmake_prefix_path.sh'
[3.211s] Level 1:colcon.colcon_core.environment:checking '/home/jsh/robot_ws/install/multi_robot_arm/bin'
[3.216s] Level 1:colcon.colcon_core.environment:checking '/home/jsh/robot_ws/install/multi_robot_arm/lib/pkgconfig/multi_robot_arm.pc'
[3.218s] Level 1:colcon.colcon_core.environment:checking '/home/jsh/robot_ws/install/multi_robot_arm/lib/python3.10/site-packages'
[3.220s] Level 1:colcon.colcon_core.environment:checking '/home/jsh/robot_ws/install/multi_robot_arm/bin'
[3.223s] INFO:colcon.colcon_core.shell:Creating package script '/home/jsh/robot_ws/install/multi_robot_arm/share/multi_robot_arm/package.ps1'
[3.234s] DEBUG:colcon.colcon_core.event_handler.log_command:Invoked command in '/home/jsh/robot_ws/build/micro_ros_setup' returned '0': CMAKE_PREFIX_PATH=${CMAKE_PREFIX_PATH}:/opt/ros/humble /usr/bin/cmake --install /home/jsh/robot_ws/build/micro_ros_setup
[3.239s] INFO:colcon.colcon_core.shell:Creating package descriptor '/home/jsh/robot_ws/install/multi_robot_arm/share/multi_robot_arm/package.dsv'
[3.247s] INFO:colcon.colcon_core.shell:Creating package script '/home/jsh/robot_ws/install/multi_robot_arm/share/multi_robot_arm/package.sh'
[3.251s] INFO:colcon.colcon_core.shell:Creating package script '/home/jsh/robot_ws/install/multi_robot_arm/share/multi_robot_arm/package.bash'
[3.255s] INFO:colcon.colcon_core.shell:Creating package script '/home/jsh/robot_ws/install/multi_robot_arm/share/multi_robot_arm/package.zsh'
[3.257s] Level 1:colcon.colcon_core.environment:create_file_with_runtime_dependencies(/home/jsh/robot_ws/install/multi_robot_arm/share/colcon-core/packages/multi_robot_arm)
[3.274s] DEBUG:colcon.colcon_core.event_handler.log_command:Invoked command in '/home/jsh/robot_ws/build/multi_robot_arm' returned '0': CMAKE_PREFIX_PATH=${CMAKE_PREFIX_PATH}:/opt/ros/humble /usr/bin/cmake --install /home/jsh/robot_ws/build/multi_robot_arm
[3.322s] Level 1:colcon.colcon_core.environment:create_environment_scripts_only(micro_ros_setup)
[3.327s] Level 1:colcon.colcon_core.environment:checking '/home/jsh/robot_ws/install/micro_ros_setup' for CMake module files
[3.338s] Level 1:colcon.colcon_core.environment:checking '/home/jsh/robot_ws/install/micro_ros_setup' for CMake config files
[3.348s] Level 1:colcon.colcon_core.shell:create_environment_hook('micro_ros_setup', 'cmake_prefix_path')
[3.350s] INFO:colcon.colcon_core.shell:Creating environment hook '/home/jsh/robot_ws/install/micro_ros_setup/share/micro_ros_setup/hook/cmake_prefix_path.ps1'
[3.353s] INFO:colcon.colcon_core.shell:Creating environment descriptor '/home/jsh/robot_ws/install/micro_ros_setup/share/micro_ros_setup/hook/cmake_prefix_path.dsv'
[3.360s] INFO:colcon.colcon_core.shell:Creating environment hook '/home/jsh/robot_ws/install/micro_ros_setup/share/micro_ros_setup/hook/cmake_prefix_path.sh'
[3.364s] Level 1:colcon.colcon_core.environment:checking '/home/jsh/robot_ws/install/micro_ros_setup/lib'
[3.365s] Level 1:colcon.colcon_core.environment:checking '/home/jsh/robot_ws/install/micro_ros_setup/bin'
[3.366s] Level 1:colcon.colcon_core.environment:checking '/home/jsh/robot_ws/install/micro_ros_setup/lib/pkgconfig/micro_ros_setup.pc'
[3.368s] Level 1:colcon.colcon_core.environment:checking '/home/jsh/robot_ws/install/micro_ros_setup/lib/python3.10/site-packages'
[3.377s] Level 1:colcon.colcon_core.environment:checking '/home/jsh/robot_ws/install/micro_ros_setup/bin'
[3.379s] INFO:colcon.colcon_core.shell:Creating package script '/home/jsh/robot_ws/install/micro_ros_setup/share/micro_ros_setup/package.ps1'
[3.383s] INFO:colcon.colcon_core.shell:Creating package descriptor '/home/jsh/robot_ws/install/micro_ros_setup/share/micro_ros_setup/package.dsv'
[3.390s] INFO:colcon.colcon_core.shell:Creating package script '/home/jsh/robot_ws/install/micro_ros_setup/share/micro_ros_setup/package.sh'
[3.393s] INFO:colcon.colcon_core.shell:Creating package script '/home/jsh/robot_ws/install/micro_ros_setup/share/micro_ros_setup/package.bash'
[3.400s] INFO:colcon.colcon_core.shell:Creating package script '/home/jsh/robot_ws/install/micro_ros_setup/share/micro_ros_setup/package.zsh'
[3.403s] Level 1:colcon.colcon_core.environment:create_file_with_runtime_dependencies(/home/jsh/robot_ws/install/micro_ros_setup/share/colcon-core/packages/micro_ros_setup)
[3.430s] Level 1:colcon.colcon_core.environment:create_environment_scripts_only(multi_robot_arm)
[3.433s] Level 1:colcon.colcon_core.environment:checking '/home/jsh/robot_ws/install/multi_robot_arm' for CMake module files
[3.439s] Level 1:colcon.colcon_core.environment:checking '/home/jsh/robot_ws/install/multi_robot_arm' for CMake config files
[3.441s] Level 1:colcon.colcon_core.shell:create_environment_hook('multi_robot_arm', 'cmake_prefix_path')
[3.442s] INFO:colcon.colcon_core.shell:Creating environment hook '/home/jsh/robot_ws/install/multi_robot_arm/share/multi_robot_arm/hook/cmake_prefix_path.ps1'
[3.445s] INFO:colcon.colcon_core.shell:Creating environment descriptor '/home/jsh/robot_ws/install/multi_robot_arm/share/multi_robot_arm/hook/cmake_prefix_path.dsv'
[3.446s] INFO:colcon.colcon_core.shell:Creating environment hook '/home/jsh/robot_ws/install/multi_robot_arm/share/multi_robot_arm/hook/cmake_prefix_path.sh'
[3.449s] Level 1:colcon.colcon_core.environment:checking '/home/jsh/robot_ws/install/multi_robot_arm/bin'
[3.449s] Level 1:colcon.colcon_core.environment:checking '/home/jsh/robot_ws/install/multi_robot_arm/lib/pkgconfig/multi_robot_arm.pc'
[3.450s] Level 1:colcon.colcon_core.environment:checking '/home/jsh/robot_ws/install/multi_robot_arm/lib/python3.10/site-packages'
[3.451s] Level 1:colcon.colcon_core.environment:checking '/home/jsh/robot_ws/install/multi_robot_arm/bin'
[3.453s] INFO:colcon.colcon_core.shell:Creating package script '/home/jsh/robot_ws/install/multi_robot_arm/share/multi_robot_arm/package.ps1'
[3.456s] INFO:colcon.colcon_core.shell:Creating package descriptor '/home/jsh/robot_ws/install/multi_robot_arm/share/multi_robot_arm/package.dsv'
[3.459s] INFO:colcon.colcon_core.shell:Creating package script '/home/jsh/robot_ws/install/multi_robot_arm/share/multi_robot_arm/package.sh'
[3.462s] INFO:colcon.colcon_core.shell:Creating package script '/home/jsh/robot_ws/install/multi_robot_arm/share/multi_robot_arm/package.bash'
[3.464s] INFO:colcon.colcon_core.shell:Creating package script '/home/jsh/robot_ws/install/multi_robot_arm/share/multi_robot_arm/package.zsh'
[3.467s] Level 1:colcon.colcon_core.environment:create_file_with_runtime_dependencies(/home/jsh/robot_ws/install/multi_robot_arm/share/colcon-core/packages/multi_robot_arm)
[4.631s] DEBUG:colcon.colcon_core.event_handler.log_command:Invoked command in '/home/jsh/robot_ws/build/micro_ros_msgs' returned '0': CMAKE_PREFIX_PATH=${CMAKE_PREFIX_PATH}:/opt/ros/humble /usr/bin/cmake --build /home/jsh/robot_ws/build/micro_ros_msgs -- -j8 -l8
[4.648s] DEBUG:colcon.colcon_core.event_handler.log_command:Invoked command in '/home/jsh/robot_ws/build/pymoveit2' returned '0': CMAKE_PREFIX_PATH=${CMAKE_PREFIX_PATH}:/opt/ros/humble /usr/bin/cmake --build /home/jsh/robot_ws/build/pymoveit2 -- -j8 -l8
[4.774s] DEBUG:colcon.colcon_core.event_handler.log_command:Invoking command in '/home/jsh/robot_ws/build/pymoveit2': CMAKE_PREFIX_PATH=${CMAKE_PREFIX_PATH}:/opt/ros/humble /usr/bin/cmake --install /home/jsh/robot_ws/build/pymoveit2
[5.132s] Level 1:colcon.colcon_core.environment:create_environment_scripts_only(pymoveit2)
[5.135s] Level 1:colcon.colcon_core.environment:checking '/home/jsh/robot_ws/install/pymoveit2' for CMake module files
[5.137s] DEBUG:colcon.colcon_core.event_handler.log_command:Invoked command in '/home/jsh/robot_ws/build/pymoveit2' returned '0': CMAKE_PREFIX_PATH=${CMAKE_PREFIX_PATH}:/opt/ros/humble /usr/bin/cmake --install /home/jsh/robot_ws/build/pymoveit2
[5.141s] Level 1:colcon.colcon_core.environment:checking '/home/jsh/robot_ws/install/pymoveit2' for CMake config files
[5.145s] Level 1:colcon.colcon_core.shell:create_environment_hook('pymoveit2', 'cmake_prefix_path')
[5.146s] INFO:colcon.colcon_core.shell:Creating environment hook '/home/jsh/robot_ws/install/pymoveit2/share/pymoveit2/hook/cmake_prefix_path.ps1'
[5.147s] INFO:colcon.colcon_core.shell:Creating environment descriptor '/home/jsh/robot_ws/install/pymoveit2/share/pymoveit2/hook/cmake_prefix_path.dsv'
[5.149s] INFO:colcon.colcon_core.shell:Creating environment hook '/home/jsh/robot_ws/install/pymoveit2/share/pymoveit2/hook/cmake_prefix_path.sh'
[5.152s] Level 1:colcon.colcon_core.environment:checking '/home/jsh/robot_ws/install/pymoveit2/lib'
[5.152s] Level 1:colcon.colcon_core.environment:checking '/home/jsh/robot_ws/install/pymoveit2/bin'
[5.153s] Level 1:colcon.colcon_core.environment:checking '/home/jsh/robot_ws/install/pymoveit2/lib/pkgconfig/pymoveit2.pc'
[5.154s] Level 1:colcon.colcon_core.environment:checking '/home/jsh/robot_ws/install/pymoveit2/lib/python3.10/site-packages'
[5.155s] Level 1:colcon.colcon_core.environment:checking '/home/jsh/robot_ws/install/pymoveit2/bin'
[5.157s] INFO:colcon.colcon_core.shell:Creating package script '/home/jsh/robot_ws/install/pymoveit2/share/pymoveit2/package.ps1'
[5.159s] INFO:colcon.colcon_core.shell:Creating package descriptor '/home/jsh/robot_ws/install/pymoveit2/share/pymoveit2/package.dsv'
[5.161s] INFO:colcon.colcon_core.shell:Creating package script '/home/jsh/robot_ws/install/pymoveit2/share/pymoveit2/package.sh'
[5.163s] INFO:colcon.colcon_core.shell:Creating package script '/home/jsh/robot_ws/install/pymoveit2/share/pymoveit2/package.bash'
[5.165s] INFO:colcon.colcon_core.shell:Creating package script '/home/jsh/robot_ws/install/pymoveit2/share/pymoveit2/package.zsh'
[5.166s] Level 1:colcon.colcon_core.environment:create_file_with_runtime_dependencies(/home/jsh/robot_ws/install/pymoveit2/share/colcon-core/packages/pymoveit2)
[5.181s] DEBUG:colcon.colcon_core.event_handler.log_command:Invoking command in '/home/jsh/robot_ws/build/micro_ros_msgs': CMAKE_PREFIX_PATH=${CMAKE_PREFIX_PATH}:/opt/ros/humble /usr/bin/cmake --install /home/jsh/robot_ws/build/micro_ros_msgs
[5.289s] Level 1:colcon.colcon_core.environment:create_environment_scripts_only(pymoveit2)
[5.290s] Level 1:colcon.colcon_core.environment:checking '/home/jsh/robot_ws/install/pymoveit2' for CMake module files
[5.314s] Level 1:colcon.colcon_core.environment:checking '/home/jsh/robot_ws/install/pymoveit2' for CMake config files
[5.323s] Level 1:colcon.colcon_core.shell:create_environment_hook('pymoveit2', 'cmake_prefix_path')
[5.326s] INFO:colcon.colcon_core.shell:Creating environment hook '/home/jsh/robot_ws/install/pymoveit2/share/pymoveit2/hook/cmake_prefix_path.ps1'
[5.328s] INFO:colcon.colcon_core.shell:Creating environment descriptor '/home/jsh/robot_ws/install/pymoveit2/share/pymoveit2/hook/cmake_prefix_path.dsv'
[5.331s] INFO:colcon.colcon_core.shell:Creating environment hook '/home/jsh/robot_ws/install/pymoveit2/share/pymoveit2/hook/cmake_prefix_path.sh'
[5.334s] Level 1:colcon.colcon_core.environment:checking '/home/jsh/robot_ws/install/pymoveit2/lib'
[5.335s] Level 1:colcon.colcon_core.environment:checking '/home/jsh/robot_ws/install/pymoveit2/bin'
[5.336s] Level 1:colcon.colcon_core.environment:checking '/home/jsh/robot_ws/install/pymoveit2/lib/pkgconfig/pymoveit2.pc'
[5.338s] Level 1:colcon.colcon_core.environment:checking '/home/jsh/robot_ws/install/pymoveit2/lib/python3.10/site-packages'
[5.339s] Level 1:colcon.colcon_core.environment:checking '/home/jsh/robot_ws/install/pymoveit2/bin'
[5.342s] INFO:colcon.colcon_core.shell:Creating package script '/home/jsh/robot_ws/install/pymoveit2/share/pymoveit2/package.ps1'
[5.345s] INFO:colcon.colcon_core.shell:Creating package descriptor '/home/jsh/robot_ws/install/pymoveit2/share/pymoveit2/package.dsv'
[5.349s] INFO:colcon.colcon_core.shell:Creating package script '/home/jsh/robot_ws/install/pymoveit2/share/pymoveit2/package.sh'
[5.351s] INFO:colcon.colcon_core.shell:Creating package script '/home/jsh/robot_ws/install/pymoveit2/share/pymoveit2/package.bash'
[5.354s] INFO:colcon.colcon_core.shell:Creating package script '/home/jsh/robot_ws/install/pymoveit2/share/pymoveit2/package.zsh'
[5.356s] Level 1:colcon.colcon_core.environment:create_file_with_runtime_dependencies(/home/jsh/robot_ws/install/pymoveit2/share/colcon-core/packages/pymoveit2)
[5.610s] Level 1:colcon.colcon_core.environment:create_environment_scripts_only(micro_ros_msgs)
[5.611s] Level 1:colcon.colcon_core.environment:checking '/home/jsh/robot_ws/install/micro_ros_msgs' for CMake module files
[5.615s] DEBUG:colcon.colcon_core.event_handler.log_command:Invoked command in '/home/jsh/robot_ws/build/micro_ros_msgs' returned '0': CMAKE_PREFIX_PATH=${CMAKE_PREFIX_PATH}:/opt/ros/humble /usr/bin/cmake --install /home/jsh/robot_ws/build/micro_ros_msgs
[5.617s] Level 1:colcon.colcon_core.environment:checking '/home/jsh/robot_ws/install/micro_ros_msgs' for CMake config files
[5.621s] Level 1:colcon.colcon_core.shell:create_environment_hook('micro_ros_msgs', 'cmake_prefix_path')
[5.623s] INFO:colcon.colcon_core.shell:Creating environment hook '/home/jsh/robot_ws/install/micro_ros_msgs/share/micro_ros_msgs/hook/cmake_prefix_path.ps1'
[5.625s] INFO:colcon.colcon_core.shell:Creating environment descriptor '/home/jsh/robot_ws/install/micro_ros_msgs/share/micro_ros_msgs/hook/cmake_prefix_path.dsv'
[5.626s] INFO:colcon.colcon_core.shell:Creating environment hook '/home/jsh/robot_ws/install/micro_ros_msgs/share/micro_ros_msgs/hook/cmake_prefix_path.sh'
[5.629s] Level 1:colcon.colcon_core.environment:checking '/home/jsh/robot_ws/install/micro_ros_msgs/lib'
[5.629s] Level 1:colcon.colcon_core.shell:create_environment_hook('micro_ros_msgs', 'ld_library_path_lib')
[5.630s] INFO:colcon.colcon_core.shell:Creating environment hook '/home/jsh/robot_ws/install/micro_ros_msgs/share/micro_ros_msgs/hook/ld_library_path_lib.ps1'
[5.632s] INFO:colcon.colcon_core.shell:Creating environment descriptor '/home/jsh/robot_ws/install/micro_ros_msgs/share/micro_ros_msgs/hook/ld_library_path_lib.dsv'
[5.634s] INFO:colcon.colcon_core.shell:Creating environment hook '/home/jsh/robot_ws/install/micro_ros_msgs/share/micro_ros_msgs/hook/ld_library_path_lib.sh'
[5.635s] Level 1:colcon.colcon_core.environment:checking '/home/jsh/robot_ws/install/micro_ros_msgs/bin'
[5.635s] Level 1:colcon.colcon_core.environment:checking '/home/jsh/robot_ws/install/micro_ros_msgs/lib/pkgconfig/micro_ros_msgs.pc'
[5.637s] Level 1:colcon.colcon_core.environment:checking '/home/jsh/robot_ws/install/micro_ros_msgs/lib/python3.10/site-packages'
[5.638s] Level 1:colcon.colcon_core.environment:checking '/home/jsh/robot_ws/install/micro_ros_msgs/bin'
[5.639s] INFO:colcon.colcon_core.shell:Creating package script '/home/jsh/robot_ws/install/micro_ros_msgs/share/micro_ros_msgs/package.ps1'
[5.641s] INFO:colcon.colcon_core.shell:Creating package descriptor '/home/jsh/robot_ws/install/micro_ros_msgs/share/micro_ros_msgs/package.dsv'
[5.644s] INFO:colcon.colcon_core.shell:Creating package script '/home/jsh/robot_ws/install/micro_ros_msgs/share/micro_ros_msgs/package.sh'
[5.647s] INFO:colcon.colcon_core.shell:Creating package script '/home/jsh/robot_ws/install/micro_ros_msgs/share/micro_ros_msgs/package.bash'
[5.648s] INFO:colcon.colcon_core.shell:Creating package script '/home/jsh/robot_ws/install/micro_ros_msgs/share/micro_ros_msgs/package.zsh'
[5.650s] Level 1:colcon.colcon_core.environment:create_file_with_runtime_dependencies(/home/jsh/robot_ws/install/micro_ros_msgs/share/colcon-core/packages/micro_ros_msgs)
[6.144s] Level 1:colcon.colcon_core.environment:create_environment_scripts_only(micro_ros_msgs)
[6.145s] Level 1:colcon.colcon_core.environment:checking '/home/jsh/robot_ws/install/micro_ros_msgs' for CMake module files
[6.148s] Level 1:colcon.colcon_core.environment:checking '/home/jsh/robot_ws/install/micro_ros_msgs' for CMake config files
[6.153s] Level 1:colcon.colcon_core.shell:create_environment_hook('micro_ros_msgs', 'cmake_prefix_path')
[6.154s] INFO:colcon.colcon_core.shell:Creating environment hook '/home/jsh/robot_ws/install/micro_ros_msgs/share/micro_ros_msgs/hook/cmake_prefix_path.ps1'
[6.156s] INFO:colcon.colcon_core.shell:Creating environment descriptor '/home/jsh/robot_ws/install/micro_ros_msgs/share/micro_ros_msgs/hook/cmake_prefix_path.dsv'
[6.157s] INFO:colcon.colcon_core.shell:Creating environment hook '/home/jsh/robot_ws/install/micro_ros_msgs/share/micro_ros_msgs/hook/cmake_prefix_path.sh'
[6.160s] Level 1:colcon.colcon_core.environment:checking '/home/jsh/robot_ws/install/micro_ros_msgs/lib'
[6.160s] Level 1:colcon.colcon_core.shell:create_environment_hook('micro_ros_msgs', 'ld_library_path_lib')
[6.161s] INFO:colcon.colcon_core.shell:Creating environment hook '/home/jsh/robot_ws/install/micro_ros_msgs/share/micro_ros_msgs/hook/ld_library_path_lib.ps1'
[6.163s] INFO:colcon.colcon_core.shell:Creating environment descriptor '/home/jsh/robot_ws/install/micro_ros_msgs/share/micro_ros_msgs/hook/ld_library_path_lib.dsv'
[6.164s] INFO:colcon.colcon_core.shell:Creating environment hook '/home/jsh/robot_ws/install/micro_ros_msgs/share/micro_ros_msgs/hook/ld_library_path_lib.sh'
[6.166s] Level 1:colcon.colcon_core.environment:checking '/home/jsh/robot_ws/install/micro_ros_msgs/bin'
[6.166s] Level 1:colcon.colcon_core.environment:checking '/home/jsh/robot_ws/install/micro_ros_msgs/lib/pkgconfig/micro_ros_msgs.pc'
[6.167s] Level 1:colcon.colcon_core.environment:checking '/home/jsh/robot_ws/install/micro_ros_msgs/lib/python3.10/site-packages'
[6.169s] Level 1:colcon.colcon_core.environment:checking '/home/jsh/robot_ws/install/micro_ros_msgs/bin'
[6.170s] INFO:colcon.colcon_core.shell:Creating package script '/home/jsh/robot_ws/install/micro_ros_msgs/share/micro_ros_msgs/package.ps1'
[6.173s] INFO:colcon.colcon_core.shell:Creating package descriptor '/home/jsh/robot_ws/install/micro_ros_msgs/share/micro_ros_msgs/package.dsv'
[6.175s] INFO:colcon.colcon_core.shell:Creating package script '/home/jsh/robot_ws/install/micro_ros_msgs/share/micro_ros_msgs/package.sh'
[6.177s] INFO:colcon.colcon_core.shell:Creating package script '/home/jsh/robot_ws/install/micro_ros_msgs/share/micro_ros_msgs/package.bash'
[6.179s] INFO:colcon.colcon_core.shell:Creating package script '/home/jsh/robot_ws/install/micro_ros_msgs/share/micro_ros_msgs/package.zsh'
[6.181s] Level 1:colcon.colcon_core.environment:create_file_with_runtime_dependencies(/home/jsh/robot_ws/install/micro_ros_msgs/share/colcon-core/packages/micro_ros_msgs)
[6.183s] INFO:colcon.colcon_ros.task.ament_cmake.build:Building ROS package in '/home/jsh/robot_ws/src/uros/micro-ROS-Agent/micro_ros_agent' with build type 'ament_cmake'
[6.184s] INFO:colcon.colcon_cmake.task.cmake.build:Building CMake package in '/home/jsh/robot_ws/src/uros/micro-ROS-Agent/micro_ros_agent'
[6.186s] INFO:colcon.colcon_core.shell:Skip shell extension 'powershell' for command environment: Not usable outside of PowerShell
[6.187s] DEBUG:colcon.colcon_core.shell:Skip shell extension 'dsv' for command environment
[6.251s] DEBUG:colcon.colcon_core.event_handler.log_command:Invoking command in '/home/jsh/robot_ws/build/micro_ros_agent': CMAKE_PREFIX_PATH=/home/jsh/robot_ws/install/micro_ros_msgs:/home/jsh/install/turtlebot3_multi_robot:/home/jsh/install/robot_gazebo:/home/jsh/install/robot_description:/home/jsh/install/robot_control:/home/jsh/install/pymoveit2:/home/jsh/install/multi_robot_arm:/home/jsh/robot_ws/install/pymoveit2:/home/jsh/robot_ws/install/multi_robot_arm:/home/jsh/robot_ws/install/micro_ros_setup:/opt/ros/humble /usr/bin/cmake --build /home/jsh/robot_ws/build/micro_ros_agent -- -j8 -l8
[6.628s] DEBUG:colcon.colcon_core.event_handler.log_command:Invoked command in '/home/jsh/robot_ws/build/micro_ros_agent' returned '0': CMAKE_PREFIX_PATH=/home/jsh/robot_ws/install/micro_ros_msgs:/home/jsh/install/turtlebot3_multi_robot:/home/jsh/install/robot_gazebo:/home/jsh/install/robot_description:/home/jsh/install/robot_control:/home/jsh/install/pymoveit2:/home/jsh/install/multi_robot_arm:/home/jsh/robot_ws/install/pymoveit2:/home/jsh/robot_ws/install/multi_robot_arm:/home/jsh/robot_ws/install/micro_ros_setup:/opt/ros/humble /usr/bin/cmake --build /home/jsh/robot_ws/build/micro_ros_agent -- -j8 -l8
[6.809s] DEBUG:colcon.colcon_core.event_handler.log_command:Invoking command in '/home/jsh/robot_ws/build/micro_ros_agent': CMAKE_PREFIX_PATH=/home/jsh/robot_ws/install/micro_ros_msgs:/home/jsh/install/turtlebot3_multi_robot:/home/jsh/install/robot_gazebo:/home/jsh/install/robot_description:/home/jsh/install/robot_control:/home/jsh/install/pymoveit2:/home/jsh/install/multi_robot_arm:/home/jsh/robot_ws/install/pymoveit2:/home/jsh/robot_ws/install/multi_robot_arm:/home/jsh/robot_ws/install/micro_ros_setup:/opt/ros/humble /usr/bin/cmake --install /home/jsh/robot_ws/build/micro_ros_agent
[6.914s] Level 1:colcon.colcon_core.environment:create_environment_scripts_only(micro_ros_agent)
[6.916s] Level 1:colcon.colcon_core.environment:checking '/home/jsh/robot_ws/install/micro_ros_agent' for CMake module files
[6.918s] DEBUG:colcon.colcon_core.event_handler.log_command:Invoked command in '/home/jsh/robot_ws/build/micro_ros_agent' returned '0': CMAKE_PREFIX_PATH=/home/jsh/robot_ws/install/micro_ros_msgs:/home/jsh/install/turtlebot3_multi_robot:/home/jsh/install/robot_gazebo:/home/jsh/install/robot_description:/home/jsh/install/robot_control:/home/jsh/install/pymoveit2:/home/jsh/install/multi_robot_arm:/home/jsh/robot_ws/install/pymoveit2:/home/jsh/robot_ws/install/multi_robot_arm:/home/jsh/robot_ws/install/micro_ros_setup:/opt/ros/humble /usr/bin/cmake --install /home/jsh/robot_ws/build/micro_ros_agent
[6.920s] Level 1:colcon.colcon_core.environment:checking '/home/jsh/robot_ws/install/micro_ros_agent' for CMake config files
[6.925s] Level 1:colcon.colcon_core.shell:create_environment_hook('micro_ros_agent', 'cmake_prefix_path')
[6.927s] INFO:colcon.colcon_core.shell:Creating environment hook '/home/jsh/robot_ws/install/micro_ros_agent/share/micro_ros_agent/hook/cmake_prefix_path.ps1'
[6.929s] INFO:colcon.colcon_core.shell:Creating environment descriptor '/home/jsh/robot_ws/install/micro_ros_agent/share/micro_ros_agent/hook/cmake_prefix_path.dsv'
[6.930s] INFO:colcon.colcon_core.shell:Creating environment hook '/home/jsh/robot_ws/install/micro_ros_agent/share/micro_ros_agent/hook/cmake_prefix_path.sh'
[6.932s] Level 1:colcon.colcon_core.environment:checking '/home/jsh/robot_ws/install/micro_ros_agent/lib'
[6.933s] Level 1:colcon.colcon_core.shell:create_environment_hook('micro_ros_agent', 'ld_library_path_lib')
[6.935s] INFO:colcon.colcon_core.shell:Creating environment hook '/home/jsh/robot_ws/install/micro_ros_agent/share/micro_ros_agent/hook/ld_library_path_lib.ps1'
[6.937s] INFO:colcon.colcon_core.shell:Creating environment descriptor '/home/jsh/robot_ws/install/micro_ros_agent/share/micro_ros_agent/hook/ld_library_path_lib.dsv'
[6.938s] INFO:colcon.colcon_core.shell:Creating environment hook '/home/jsh/robot_ws/install/micro_ros_agent/share/micro_ros_agent/hook/ld_library_path_lib.sh'
[6.940s] Level 1:colcon.colcon_core.environment:checking '/home/jsh/robot_ws/install/micro_ros_agent/bin'
[6.940s] Level 1:colcon.colcon_core.environment:checking '/home/jsh/robot_ws/install/micro_ros_agent/lib/pkgconfig/micro_ros_agent.pc'
[6.942s] Level 1:colcon.colcon_core.environment:checking '/home/jsh/robot_ws/install/micro_ros_agent/lib/python3.10/site-packages'
[6.943s] Level 1:colcon.colcon_core.environment:checking '/home/jsh/robot_ws/install/micro_ros_agent/bin'
[6.945s] INFO:colcon.colcon_core.shell:Creating package script '/home/jsh/robot_ws/install/micro_ros_agent/share/micro_ros_agent/package.ps1'
[6.948s] INFO:colcon.colcon_core.shell:Creating package descriptor '/home/jsh/robot_ws/install/micro_ros_agent/share/micro_ros_agent/package.dsv'
[6.950s] INFO:colcon.colcon_core.shell:Creating package script '/home/jsh/robot_ws/install/micro_ros_agent/share/micro_ros_agent/package.sh'
[6.954s] INFO:colcon.colcon_core.shell:Creating package script '/home/jsh/robot_ws/install/micro_ros_agent/share/micro_ros_agent/package.bash'
[6.957s] INFO:colcon.colcon_core.shell:Creating package script '/home/jsh/robot_ws/install/micro_ros_agent/share/micro_ros_agent/package.zsh'
[6.959s] Level 1:colcon.colcon_core.environment:create_file_with_runtime_dependencies(/home/jsh/robot_ws/install/micro_ros_agent/share/colcon-core/packages/micro_ros_agent)
[7.129s] Level 1:colcon.colcon_core.environment:create_environment_scripts_only(micro_ros_agent)
[7.130s] Level 1:colcon.colcon_core.environment:checking '/home/jsh/robot_ws/install/micro_ros_agent' for CMake module files
[7.132s] Level 1:colcon.colcon_core.environment:checking '/home/jsh/robot_ws/install/micro_ros_agent' for CMake config files
[7.137s] Level 1:colcon.colcon_core.shell:create_environment_hook('micro_ros_agent', 'cmake_prefix_path')
[7.138s] INFO:colcon.colcon_core.shell:Creating environment hook '/home/jsh/robot_ws/install/micro_ros_agent/share/micro_ros_agent/hook/cmake_prefix_path.ps1'
[7.139s] INFO:colcon.colcon_core.shell:Creating environment descriptor '/home/jsh/robot_ws/install/micro_ros_agent/share/micro_ros_agent/hook/cmake_prefix_path.dsv'
[7.141s] INFO:colcon.colcon_core.shell:Creating environment hook '/home/jsh/robot_ws/install/micro_ros_agent/share/micro_ros_agent/hook/cmake_prefix_path.sh'
[7.143s] Level 1:colcon.colcon_core.environment:checking '/home/jsh/robot_ws/install/micro_ros_agent/lib'
[7.144s] Level 1:colcon.colcon_core.shell:create_environment_hook('micro_ros_agent', 'ld_library_path_lib')
[7.145s] INFO:colcon.colcon_core.shell:Creating environment hook '/home/jsh/robot_ws/install/micro_ros_agent/share/micro_ros_agent/hook/ld_library_path_lib.ps1'
[7.146s] INFO:colcon.colcon_core.shell:Creating environment descriptor '/home/jsh/robot_ws/install/micro_ros_agent/share/micro_ros_agent/hook/ld_library_path_lib.dsv'
[7.148s] INFO:colcon.colcon_core.shell:Creating environment hook '/home/jsh/robot_ws/install/micro_ros_agent/share/micro_ros_agent/hook/ld_library_path_lib.sh'
[7.150s] Level 1:colcon.colcon_core.environment:checking '/home/jsh/robot_ws/install/micro_ros_agent/bin'
[7.150s] Level 1:colcon.colcon_core.environment:checking '/home/jsh/robot_ws/install/micro_ros_agent/lib/pkgconfig/micro_ros_agent.pc'
[7.151s] Level 1:colcon.colcon_core.environment:checking '/home/jsh/robot_ws/install/micro_ros_agent/lib/python3.10/site-packages'
[7.153s] Level 1:colcon.colcon_core.environment:checking '/home/jsh/robot_ws/install/micro_ros_agent/bin'
[7.155s] INFO:colcon.colcon_core.shell:Creating package script '/home/jsh/robot_ws/install/micro_ros_agent/share/micro_ros_agent/package.ps1'
[7.158s] INFO:colcon.colcon_core.shell:Creating package descriptor '/home/jsh/robot_ws/install/micro_ros_agent/share/micro_ros_agent/package.dsv'
[7.161s] INFO:colcon.colcon_core.shell:Creating package script '/home/jsh/robot_ws/install/micro_ros_agent/share/micro_ros_agent/package.sh'
[7.164s] INFO:colcon.colcon_core.shell:Creating package script '/home/jsh/robot_ws/install/micro_ros_agent/share/micro_ros_agent/package.bash'
[7.166s] INFO:colcon.colcon_core.shell:Creating package script '/home/jsh/robot_ws/install/micro_ros_agent/share/micro_ros_agent/package.zsh'
[7.167s] Level 1:colcon.colcon_core.environment:create_file_with_runtime_dependencies(/home/jsh/robot_ws/install/micro_ros_agent/share/colcon-core/packages/micro_ros_agent)
[7.168s] DEBUG:colcon.colcon_parallel_executor.executor.parallel:closing loop
[7.170s] DEBUG:colcon.colcon_parallel_executor.executor.parallel:loop closed
[7.170s] DEBUG:colcon.colcon_parallel_executor.executor.parallel:run_until_complete finished with '0'
[7.171s] DEBUG:colcon.colcon_core.event_reactor:joining thread
[7.197s] INFO:colcon.colcon_core.plugin_system:Skipping extension 'colcon_notification.desktop_notification.terminal_notifier': Not used on non-Darwin systems
[7.197s] INFO:colcon.colcon_core.plugin_system:Skipping extension 'colcon_notification.desktop_notification.win32': Not used on non-Windows systems
[7.197s] INFO:colcon.colcon_notification.desktop_notification:Sending desktop notification using 'notify2'
[7.258s] DEBUG:colcon.colcon_core.event_reactor:joined thread
[7.260s] INFO:colcon.colcon_core.shell:Creating prefix script '/home/jsh/robot_ws/install/local_setup.ps1'
[7.265s] INFO:colcon.colcon_core.shell:Creating prefix util module '/home/jsh/robot_ws/install/_local_setup_util_ps1.py'
[7.273s] INFO:colcon.colcon_core.shell:Creating prefix chain script '/home/jsh/robot_ws/install/setup.ps1'
[7.281s] INFO:colcon.colcon_core.shell:Creating prefix script '/home/jsh/robot_ws/install/local_setup.sh'
[7.283s] INFO:colcon.colcon_core.shell:Creating prefix util module '/home/jsh/robot_ws/install/_local_setup_util_sh.py'
[7.286s] INFO:colcon.colcon_core.shell:Creating prefix chain script '/home/jsh/robot_ws/install/setup.sh'
[7.296s] INFO:colcon.colcon_core.shell:Creating prefix script '/home/jsh/robot_ws/install/local_setup.bash'
[7.299s] INFO:colcon.colcon_core.shell:Creating prefix chain script '/home/jsh/robot_ws/install/setup.bash'
[7.307s] INFO:colcon.colcon_core.shell:Creating prefix script '/home/jsh/robot_ws/install/local_setup.zsh'
[7.309s] INFO:colcon.colcon_core.shell:Creating prefix chain script '/home/jsh/robot_ws/install/setup.zsh'
