[0.123s] Invoking command in '/home/jsh/robot_ws/build/micro_ros_msgs': CMAKE_PREFIX_PATH=/opt/ros/humble /usr/bin/cmake --build /home/jsh/robot_ws/build/micro_ros_msgs -- -j8 -l8
[0.412s] [  2%] Built target micro_ros_msgs__cpp
[0.435s] [ 12%] Built target micro_ros_msgs__rosidl_generator_c
[0.449s] [ 12%] Built target ament_cmake_python_symlink_micro_ros_msgs
[0.610s] [ 23%] Built target micro_ros_msgs__rosidl_typesupport_introspection_cpp
[0.614s] [ 34%] Built target micro_ros_msgs__rosidl_typesupport_fastrtps_c
[0.617s] [ 44%] Built target micro_ros_msgs__rosidl_typesupport_fastrtps_cpp
[0.621s] [ 55%] Built target micro_ros_msgs__rosidl_typesupport_introspection_c
[0.650s] [ 68%] Built target micro_ros_msgs__rosidl_typesupport_c
[0.651s] [ 76%] Built target micro_ros_msgs__rosidl_typesupport_cpp
[0.850s] [ 76%] Built target micro_ros_msgs
[0.865s] [ 78%] Built target micro_ros_msgs__py
[0.952s] [ 87%] Built target micro_ros_msgs__rosidl_generator_py
[1.073s] [ 91%] Built target micro_ros_msgs__rosidl_typesupport_c__pyext
[1.077s] [ 95%] Built target micro_ros_msgs__rosidl_typesupport_introspection_c__pyext
[1.083s] [100%] Built target micro_ros_msgs__rosidl_typesupport_fastrtps_c__pyext
[1.846s] running egg_info
[1.849s] writing micro_ros_msgs.egg-info/PKG-INFO
[1.850s] writing dependency_links to micro_ros_msgs.egg-info/dependency_links.txt
[1.851s] writing top-level names to micro_ros_msgs.egg-info/top_level.txt
[1.862s] reading manifest file 'micro_ros_msgs.egg-info/SOURCES.txt'
[1.865s] writing manifest file 'micro_ros_msgs.egg-info/SOURCES.txt'
[1.972s] [100%] Built target ament_cmake_python_build_micro_ros_msgs_egg
[2.020s] Invoked command in '/home/jsh/robot_ws/build/micro_ros_msgs' returned '0': CMAKE_PREFIX_PATH=/opt/ros/humble /usr/bin/cmake --build /home/jsh/robot_ws/build/micro_ros_msgs -- -j8 -l8
[2.410s] Invoking command in '/home/jsh/robot_ws/build/micro_ros_msgs': CMAKE_PREFIX_PATH=/opt/ros/humble /usr/bin/cmake --install /home/jsh/robot_ws/build/micro_ros_msgs
[2.439s] -- Install configuration: ""
[2.441s] -- Execute custom install script
[2.443s] -- Up-to-date symlink: /home/jsh/robot_ws/install/micro_ros_msgs/share/ament_index/resource_index/rosidl_interfaces/micro_ros_msgs
[2.446s] -- Up-to-date symlink: /home/jsh/robot_ws/install/micro_ros_msgs/include/micro_ros_msgs/micro_ros_msgs/msg/detail/entity__functions.h
[2.446s] -- Up-to-date symlink: /home/jsh/robot_ws/install/micro_ros_msgs/include/micro_ros_msgs/micro_ros_msgs/msg/detail/entity__struct.h
[2.447s] -- Up-to-date symlink: /home/jsh/robot_ws/install/micro_ros_msgs/include/micro_ros_msgs/micro_ros_msgs/msg/detail/entity__type_support.h
[2.448s] -- Up-to-date symlink: /home/jsh/robot_ws/install/micro_ros_msgs/include/micro_ros_msgs/micro_ros_msgs/msg/detail/graph__functions.h
[2.448s] -- Up-to-date symlink: /home/jsh/robot_ws/install/micro_ros_msgs/include/micro_ros_msgs/micro_ros_msgs/msg/detail/graph__struct.h
[2.449s] -- Up-to-date symlink: /home/jsh/robot_ws/install/micro_ros_msgs/include/micro_ros_msgs/micro_ros_msgs/msg/detail/graph__type_support.h
[2.451s] -- Up-to-date symlink: /home/jsh/robot_ws/install/micro_ros_msgs/include/micro_ros_msgs/micro_ros_msgs/msg/detail/node__functions.h
[2.452s] -- Up-to-date symlink: /home/jsh/robot_ws/install/micro_ros_msgs/include/micro_ros_msgs/micro_ros_msgs/msg/detail/node__struct.h
[2.452s] -- Up-to-date symlink: /home/jsh/robot_ws/install/micro_ros_msgs/include/micro_ros_msgs/micro_ros_msgs/msg/detail/node__type_support.h
[2.453s] -- Up-to-date symlink: /home/jsh/robot_ws/install/micro_ros_msgs/include/micro_ros_msgs/micro_ros_msgs/msg/entity.h
[2.454s] -- Up-to-date symlink: /home/jsh/robot_ws/install/micro_ros_msgs/include/micro_ros_msgs/micro_ros_msgs/msg/graph.h
[2.455s] -- Up-to-date symlink: /home/jsh/robot_ws/install/micro_ros_msgs/include/micro_ros_msgs/micro_ros_msgs/msg/node.h
[2.455s] -- Up-to-date symlink: /home/jsh/robot_ws/install/micro_ros_msgs/include/micro_ros_msgs/micro_ros_msgs/msg/rosidl_generator_c__visibility_control.h
[2.456s] -- Up-to-date symlink: /home/jsh/robot_ws/install/micro_ros_msgs/share/micro_ros_msgs/environment/library_path.sh
[2.457s] -- Up-to-date symlink: /home/jsh/robot_ws/install/micro_ros_msgs/share/micro_ros_msgs/environment/library_path.dsv
[2.460s] -- Up-to-date symlink: /home/jsh/robot_ws/install/micro_ros_msgs/include/micro_ros_msgs/micro_ros_msgs/msg/detail/entity__rosidl_typesupport_fastrtps_c.h
[2.460s] -- Up-to-date symlink: /home/jsh/robot_ws/install/micro_ros_msgs/include/micro_ros_msgs/micro_ros_msgs/msg/detail/graph__rosidl_typesupport_fastrtps_c.h
[2.461s] -- Up-to-date symlink: /home/jsh/robot_ws/install/micro_ros_msgs/include/micro_ros_msgs/micro_ros_msgs/msg/detail/node__rosidl_typesupport_fastrtps_c.h
[2.462s] -- Up-to-date symlink: /home/jsh/robot_ws/install/micro_ros_msgs/include/micro_ros_msgs/micro_ros_msgs/msg/rosidl_typesupport_fastrtps_c__visibility_control.h
[2.463s] -- Up-to-date symlink: /home/jsh/robot_ws/install/micro_ros_msgs/include/micro_ros_msgs/micro_ros_msgs/msg/detail/entity__rosidl_typesupport_introspection_c.h
[2.464s] -- Up-to-date symlink: /home/jsh/robot_ws/install/micro_ros_msgs/include/micro_ros_msgs/micro_ros_msgs/msg/detail/graph__rosidl_typesupport_introspection_c.h
[2.466s] -- Up-to-date symlink: /home/jsh/robot_ws/install/micro_ros_msgs/include/micro_ros_msgs/micro_ros_msgs/msg/detail/node__rosidl_typesupport_introspection_c.h
[2.467s] -- Up-to-date symlink: /home/jsh/robot_ws/install/micro_ros_msgs/include/micro_ros_msgs/micro_ros_msgs/msg/rosidl_typesupport_introspection_c__visibility_control.h
[2.468s] -- Up-to-date symlink: /home/jsh/robot_ws/install/micro_ros_msgs/include/micro_ros_msgs/micro_ros_msgs/msg/detail/entity__builder.hpp
[2.469s] -- Up-to-date symlink: /home/jsh/robot_ws/install/micro_ros_msgs/include/micro_ros_msgs/micro_ros_msgs/msg/detail/entity__struct.hpp
[2.470s] -- Up-to-date symlink: /home/jsh/robot_ws/install/micro_ros_msgs/include/micro_ros_msgs/micro_ros_msgs/msg/detail/entity__traits.hpp
[2.470s] -- Up-to-date symlink: /home/jsh/robot_ws/install/micro_ros_msgs/include/micro_ros_msgs/micro_ros_msgs/msg/detail/graph__builder.hpp
[2.471s] -- Up-to-date symlink: /home/jsh/robot_ws/install/micro_ros_msgs/include/micro_ros_msgs/micro_ros_msgs/msg/detail/graph__struct.hpp
[2.471s] -- Up-to-date symlink: /home/jsh/robot_ws/install/micro_ros_msgs/include/micro_ros_msgs/micro_ros_msgs/msg/detail/graph__traits.hpp
[2.472s] -- Up-to-date symlink: /home/jsh/robot_ws/install/micro_ros_msgs/include/micro_ros_msgs/micro_ros_msgs/msg/detail/node__builder.hpp
[2.473s] -- Up-to-date symlink: /home/jsh/robot_ws/install/micro_ros_msgs/include/micro_ros_msgs/micro_ros_msgs/msg/detail/node__struct.hpp
[2.473s] -- Up-to-date symlink: /home/jsh/robot_ws/install/micro_ros_msgs/include/micro_ros_msgs/micro_ros_msgs/msg/detail/node__traits.hpp
[2.473s] -- Up-to-date symlink: /home/jsh/robot_ws/install/micro_ros_msgs/include/micro_ros_msgs/micro_ros_msgs/msg/entity.hpp
[2.474s] -- Up-to-date symlink: /home/jsh/robot_ws/install/micro_ros_msgs/include/micro_ros_msgs/micro_ros_msgs/msg/graph.hpp
[2.475s] -- Up-to-date symlink: /home/jsh/robot_ws/install/micro_ros_msgs/include/micro_ros_msgs/micro_ros_msgs/msg/node.hpp
[2.477s] -- Up-to-date symlink: /home/jsh/robot_ws/install/micro_ros_msgs/include/micro_ros_msgs/micro_ros_msgs/msg/detail/entity__rosidl_typesupport_fastrtps_cpp.hpp
[2.478s] -- Up-to-date symlink: /home/jsh/robot_ws/install/micro_ros_msgs/include/micro_ros_msgs/micro_ros_msgs/msg/detail/graph__rosidl_typesupport_fastrtps_cpp.hpp
[2.479s] -- Up-to-date symlink: /home/jsh/robot_ws/install/micro_ros_msgs/include/micro_ros_msgs/micro_ros_msgs/msg/detail/node__rosidl_typesupport_fastrtps_cpp.hpp
[2.479s] -- Up-to-date symlink: /home/jsh/robot_ws/install/micro_ros_msgs/include/micro_ros_msgs/micro_ros_msgs/msg/rosidl_typesupport_fastrtps_cpp__visibility_control.h
[2.481s] -- Up-to-date symlink: /home/jsh/robot_ws/install/micro_ros_msgs/include/micro_ros_msgs/micro_ros_msgs/msg/detail/entity__rosidl_typesupport_introspection_cpp.hpp
[2.481s] -- Up-to-date symlink: /home/jsh/robot_ws/install/micro_ros_msgs/include/micro_ros_msgs/micro_ros_msgs/msg/detail/graph__rosidl_typesupport_introspection_cpp.hpp
[2.482s] -- Up-to-date symlink: /home/jsh/robot_ws/install/micro_ros_msgs/include/micro_ros_msgs/micro_ros_msgs/msg/detail/node__rosidl_typesupport_introspection_cpp.hpp
[2.483s] -- Up-to-date symlink: /home/jsh/robot_ws/install/micro_ros_msgs/share/micro_ros_msgs/environment/pythonpath.sh
[2.484s] -- Up-to-date symlink: /home/jsh/robot_ws/install/micro_ros_msgs/share/micro_ros_msgs/environment/pythonpath.dsv
[2.486s] -- Up-to-date symlink: /home/jsh/robot_ws/install/micro_ros_msgs/local/lib/python3.10/dist-packages/micro_ros_msgs-3.0.1-py3.10.egg-info/PKG-INFO
[2.487s] -- Up-to-date symlink: /home/jsh/robot_ws/install/micro_ros_msgs/local/lib/python3.10/dist-packages/micro_ros_msgs-3.0.1-py3.10.egg-info/SOURCES.txt
[2.488s] -- Up-to-date symlink: /home/jsh/robot_ws/install/micro_ros_msgs/local/lib/python3.10/dist-packages/micro_ros_msgs-3.0.1-py3.10.egg-info/dependency_links.txt
[2.488s] -- Up-to-date symlink: /home/jsh/robot_ws/install/micro_ros_msgs/local/lib/python3.10/dist-packages/micro_ros_msgs-3.0.1-py3.10.egg-info/top_level.txt
[2.491s] -- Up-to-date symlink: /home/jsh/robot_ws/install/micro_ros_msgs/local/lib/python3.10/dist-packages/micro_ros_msgs/__init__.py
[2.492s] -- Up-to-date symlink: /home/jsh/robot_ws/install/micro_ros_msgs/local/lib/python3.10/dist-packages/micro_ros_msgs/_micro_ros_msgs_s.ep.rosidl_typesupport_c.c
[2.492s] -- Up-to-date symlink: /home/jsh/robot_ws/install/micro_ros_msgs/local/lib/python3.10/dist-packages/micro_ros_msgs/_micro_ros_msgs_s.ep.rosidl_typesupport_fastrtps_c.c
[2.497s] -- Up-to-date symlink: /home/jsh/robot_ws/install/micro_ros_msgs/local/lib/python3.10/dist-packages/micro_ros_msgs/_micro_ros_msgs_s.ep.rosidl_typesupport_introspection_c.c
[2.498s] -- Up-to-date symlink: /home/jsh/robot_ws/install/micro_ros_msgs/local/lib/python3.10/dist-packages/micro_ros_msgs/libmicro_ros_msgs__rosidl_generator_py.so
[2.498s] -- Up-to-date symlink: /home/jsh/robot_ws/install/micro_ros_msgs/local/lib/python3.10/dist-packages/micro_ros_msgs/micro_ros_msgs_s__rosidl_typesupport_c.cpython-310-x86_64-linux-gnu.so
[2.499s] -- Up-to-date symlink: /home/jsh/robot_ws/install/micro_ros_msgs/local/lib/python3.10/dist-packages/micro_ros_msgs/micro_ros_msgs_s__rosidl_typesupport_fastrtps_c.cpython-310-x86_64-linux-gnu.so
[2.499s] -- Up-to-date symlink: /home/jsh/robot_ws/install/micro_ros_msgs/local/lib/python3.10/dist-packages/micro_ros_msgs/micro_ros_msgs_s__rosidl_typesupport_introspection_c.cpython-310-x86_64-linux-gnu.so
[2.500s] -- Up-to-date symlink: /home/jsh/robot_ws/install/micro_ros_msgs/local/lib/python3.10/dist-packages/micro_ros_msgs/msg/__init__.py
[2.500s] -- Up-to-date symlink: /home/jsh/robot_ws/install/micro_ros_msgs/local/lib/python3.10/dist-packages/micro_ros_msgs/msg/_entity.py
[2.500s] -- Up-to-date symlink: /home/jsh/robot_ws/install/micro_ros_msgs/local/lib/python3.10/dist-packages/micro_ros_msgs/msg/_entity_s.c
[2.501s] -- Up-to-date symlink: /home/jsh/robot_ws/install/micro_ros_msgs/local/lib/python3.10/dist-packages/micro_ros_msgs/msg/_graph.py
[2.501s] -- Up-to-date symlink: /home/jsh/robot_ws/install/micro_ros_msgs/local/lib/python3.10/dist-packages/micro_ros_msgs/msg/_graph_s.c
[2.502s] -- Up-to-date symlink: /home/jsh/robot_ws/install/micro_ros_msgs/local/lib/python3.10/dist-packages/micro_ros_msgs/msg/_node.py
[2.503s] -- Up-to-date symlink: /home/jsh/robot_ws/install/micro_ros_msgs/local/lib/python3.10/dist-packages/micro_ros_msgs/msg/_node_s.c
[2.503s] -- Up-to-date symlink: /home/jsh/robot_ws/install/micro_ros_msgs/local/lib/python3.10/dist-packages/micro_ros_msgs/micro_ros_msgs_s__rosidl_typesupport_fastrtps_c.cpython-310-x86_64-linux-gnu.so
[2.504s] -- Up-to-date symlink: /home/jsh/robot_ws/install/micro_ros_msgs/local/lib/python3.10/dist-packages/micro_ros_msgs/micro_ros_msgs_s__rosidl_typesupport_introspection_c.cpython-310-x86_64-linux-gnu.so
[2.504s] -- Up-to-date symlink: /home/jsh/robot_ws/install/micro_ros_msgs/local/lib/python3.10/dist-packages/micro_ros_msgs/micro_ros_msgs_s__rosidl_typesupport_c.cpython-310-x86_64-linux-gnu.so
[2.504s] -- Up-to-date symlink: /home/jsh/robot_ws/install/micro_ros_msgs/share/micro_ros_msgs/msg/Graph.idl
[2.505s] -- Up-to-date symlink: /home/jsh/robot_ws/install/micro_ros_msgs/share/micro_ros_msgs/msg/Node.idl
[2.506s] -- Up-to-date symlink: /home/jsh/robot_ws/install/micro_ros_msgs/share/micro_ros_msgs/msg/Entity.idl
[2.507s] -- Up-to-date symlink: /home/jsh/robot_ws/install/micro_ros_msgs/share/micro_ros_msgs/msg/Graph.msg
[2.507s] -- Up-to-date symlink: /home/jsh/robot_ws/install/micro_ros_msgs/share/micro_ros_msgs/msg/Node.msg
[2.508s] -- Up-to-date symlink: /home/jsh/robot_ws/install/micro_ros_msgs/share/micro_ros_msgs/msg/Entity.msg
[2.508s] -- Up-to-date symlink: /home/jsh/robot_ws/install/micro_ros_msgs/share/ament_index/resource_index/package_run_dependencies/micro_ros_msgs
[2.509s] -- Up-to-date symlink: /home/jsh/robot_ws/install/micro_ros_msgs/share/ament_index/resource_index/parent_prefix_path/micro_ros_msgs
[2.510s] -- Up-to-date symlink: /home/jsh/robot_ws/install/micro_ros_msgs/share/micro_ros_msgs/environment/ament_prefix_path.sh
[2.510s] -- Up-to-date symlink: /home/jsh/robot_ws/install/micro_ros_msgs/share/micro_ros_msgs/environment/ament_prefix_path.dsv
[2.511s] -- Up-to-date symlink: /home/jsh/robot_ws/install/micro_ros_msgs/share/micro_ros_msgs/environment/path.sh
[2.512s] -- Up-to-date symlink: /home/jsh/robot_ws/install/micro_ros_msgs/share/micro_ros_msgs/environment/path.dsv
[2.513s] -- Up-to-date symlink: /home/jsh/robot_ws/install/micro_ros_msgs/share/micro_ros_msgs/local_setup.bash
[2.513s] -- Up-to-date symlink: /home/jsh/robot_ws/install/micro_ros_msgs/share/micro_ros_msgs/local_setup.sh
[2.516s] -- Up-to-date symlink: /home/jsh/robot_ws/install/micro_ros_msgs/share/micro_ros_msgs/local_setup.zsh
[2.516s] -- Up-to-date symlink: /home/jsh/robot_ws/install/micro_ros_msgs/share/micro_ros_msgs/local_setup.dsv
[2.516s] -- Symlinking: /home/jsh/robot_ws/install/micro_ros_msgs/share/micro_ros_msgs/package.dsv
[2.553s] -- Up-to-date symlink: /home/jsh/robot_ws/install/micro_ros_msgs/share/ament_index/resource_index/packages/micro_ros_msgs
[2.554s] -- Up-to-date symlink: /home/jsh/robot_ws/install/micro_ros_msgs/share/micro_ros_msgs/cmake/rosidl_cmake-extras.cmake
[2.556s] -- Up-to-date symlink: /home/jsh/robot_ws/install/micro_ros_msgs/share/micro_ros_msgs/cmake/ament_cmake_export_include_directories-extras.cmake
[2.557s] -- Up-to-date symlink: /home/jsh/robot_ws/install/micro_ros_msgs/share/micro_ros_msgs/cmake/ament_cmake_export_libraries-extras.cmake
[2.559s] -- Up-to-date symlink: /home/jsh/robot_ws/install/micro_ros_msgs/share/micro_ros_msgs/cmake/ament_cmake_export_targets-extras.cmake
[2.560s] -- Up-to-date symlink: /home/jsh/robot_ws/install/micro_ros_msgs/share/micro_ros_msgs/cmake/rosidl_cmake_export_typesupport_targets-extras.cmake
[2.561s] -- Up-to-date symlink: /home/jsh/robot_ws/install/micro_ros_msgs/share/micro_ros_msgs/cmake/ament_cmake_export_dependencies-extras.cmake
[2.562s] -- Up-to-date symlink: /home/jsh/robot_ws/install/micro_ros_msgs/share/micro_ros_msgs/cmake/rosidl_cmake_export_typesupport_libraries-extras.cmake
[2.564s] -- Up-to-date symlink: /home/jsh/robot_ws/install/micro_ros_msgs/share/micro_ros_msgs/cmake/micro_ros_msgsConfig.cmake
[2.565s] -- Up-to-date symlink: /home/jsh/robot_ws/install/micro_ros_msgs/share/micro_ros_msgs/cmake/micro_ros_msgsConfig-version.cmake
[2.566s] -- Up-to-date symlink: /home/jsh/robot_ws/install/micro_ros_msgs/share/micro_ros_msgs/package.xml
[2.568s] -- Up-to-date: /home/jsh/robot_ws/install/micro_ros_msgs/lib/libmicro_ros_msgs__rosidl_generator_c.so
[2.571s] -- Up-to-date: /home/jsh/robot_ws/install/micro_ros_msgs/lib/libmicro_ros_msgs__rosidl_typesupport_fastrtps_c.so
[2.573s] -- Up-to-date: /home/jsh/robot_ws/install/micro_ros_msgs/lib/libmicro_ros_msgs__rosidl_typesupport_introspection_c.so
[2.574s] -- Up-to-date: /home/jsh/robot_ws/install/micro_ros_msgs/lib/libmicro_ros_msgs__rosidl_typesupport_c.so
[2.576s] -- Up-to-date: /home/jsh/robot_ws/install/micro_ros_msgs/lib/libmicro_ros_msgs__rosidl_typesupport_fastrtps_cpp.so
[2.578s] -- Up-to-date: /home/jsh/robot_ws/install/micro_ros_msgs/lib/libmicro_ros_msgs__rosidl_typesupport_introspection_cpp.so
[2.579s] -- Up-to-date: /home/jsh/robot_ws/install/micro_ros_msgs/lib/libmicro_ros_msgs__rosidl_typesupport_cpp.so
[2.699s] Listing '/home/jsh/robot_ws/install/micro_ros_msgs/local/lib/python3.10/dist-packages/micro_ros_msgs'...
[2.699s] Listing '/home/jsh/robot_ws/install/micro_ros_msgs/local/lib/python3.10/dist-packages/micro_ros_msgs/msg'...
[2.712s] -- Up-to-date: /home/jsh/robot_ws/install/micro_ros_msgs/lib/libmicro_ros_msgs__rosidl_generator_py.so
[2.714s] -- Up-to-date: /home/jsh/robot_ws/install/micro_ros_msgs/share/micro_ros_msgs/cmake/export_micro_ros_msgs__rosidl_generator_cExport.cmake
[2.714s] -- Up-to-date: /home/jsh/robot_ws/install/micro_ros_msgs/share/micro_ros_msgs/cmake/export_micro_ros_msgs__rosidl_generator_cExport-noconfig.cmake
[2.715s] -- Up-to-date: /home/jsh/robot_ws/install/micro_ros_msgs/share/micro_ros_msgs/cmake/export_micro_ros_msgs__rosidl_typesupport_fastrtps_cExport.cmake
[2.715s] -- Up-to-date: /home/jsh/robot_ws/install/micro_ros_msgs/share/micro_ros_msgs/cmake/export_micro_ros_msgs__rosidl_typesupport_fastrtps_cExport-noconfig.cmake
[2.715s] -- Up-to-date: /home/jsh/robot_ws/install/micro_ros_msgs/share/micro_ros_msgs/cmake/micro_ros_msgs__rosidl_typesupport_introspection_cExport.cmake
[2.716s] -- Up-to-date: /home/jsh/robot_ws/install/micro_ros_msgs/share/micro_ros_msgs/cmake/micro_ros_msgs__rosidl_typesupport_introspection_cExport-noconfig.cmake
[2.716s] -- Up-to-date: /home/jsh/robot_ws/install/micro_ros_msgs/share/micro_ros_msgs/cmake/micro_ros_msgs__rosidl_typesupport_cExport.cmake
[2.717s] -- Up-to-date: /home/jsh/robot_ws/install/micro_ros_msgs/share/micro_ros_msgs/cmake/micro_ros_msgs__rosidl_typesupport_cExport-noconfig.cmake
[2.717s] -- Up-to-date: /home/jsh/robot_ws/install/micro_ros_msgs/share/micro_ros_msgs/cmake/export_micro_ros_msgs__rosidl_generator_cppExport.cmake
[2.717s] -- Up-to-date: /home/jsh/robot_ws/install/micro_ros_msgs/share/micro_ros_msgs/cmake/export_micro_ros_msgs__rosidl_typesupport_fastrtps_cppExport.cmake
[2.718s] -- Up-to-date: /home/jsh/robot_ws/install/micro_ros_msgs/share/micro_ros_msgs/cmake/export_micro_ros_msgs__rosidl_typesupport_fastrtps_cppExport-noconfig.cmake
[2.719s] -- Up-to-date: /home/jsh/robot_ws/install/micro_ros_msgs/share/micro_ros_msgs/cmake/micro_ros_msgs__rosidl_typesupport_introspection_cppExport.cmake
[2.719s] -- Up-to-date: /home/jsh/robot_ws/install/micro_ros_msgs/share/micro_ros_msgs/cmake/micro_ros_msgs__rosidl_typesupport_introspection_cppExport-noconfig.cmake
[2.720s] -- Up-to-date: /home/jsh/robot_ws/install/micro_ros_msgs/share/micro_ros_msgs/cmake/micro_ros_msgs__rosidl_typesupport_cppExport.cmake
[2.720s] -- Up-to-date: /home/jsh/robot_ws/install/micro_ros_msgs/share/micro_ros_msgs/cmake/micro_ros_msgs__rosidl_typesupport_cppExport-noconfig.cmake
[2.720s] -- Up-to-date: /home/jsh/robot_ws/install/micro_ros_msgs/share/micro_ros_msgs/cmake/export_micro_ros_msgs__rosidl_generator_pyExport.cmake
[2.720s] -- Up-to-date: /home/jsh/robot_ws/install/micro_ros_msgs/share/micro_ros_msgs/cmake/export_micro_ros_msgs__rosidl_generator_pyExport-noconfig.cmake
[2.728s] Invoked command in '/home/jsh/robot_ws/build/micro_ros_msgs' returned '0': CMAKE_PREFIX_PATH=/opt/ros/humble /usr/bin/cmake --install /home/jsh/robot_ws/build/micro_ros_msgs
