[0.136s] Invoking command in '/home/jsh/robot_ws/build/pymoveit2': CMAKE_PREFIX_PATH=${CMAKE_PREFIX_PATH}:/opt/ros/humble /usr/bin/cmake --build /home/jsh/robot_ws/build/pymoveit2 -- -j8 -l8
[0.267s] -- Found ament_cmake: 1.3.8 (/opt/ros/humble/share/ament_cmake/cmake)
[1.196s] -- Override CMake install command with custom implementation using symlinks instead of copying resources
[1.910s] -- Configuring done
[1.922s] -- Generating done
[1.926s] -- Build files have been written to: /home/jsh/robot_ws/build/pymoveit2
[2.091s] Built target ament_cmake_python_symlink_pymoveit2
[3.418s] running egg_info
[3.421s] writing pymoveit2.egg-info/PKG-INFO
[3.422s] writing dependency_links to pymoveit2.egg-info/dependency_links.txt
[3.423s] writing top-level names to pymoveit2.egg-info/top_level.txt
[3.432s] reading manifest file 'pymoveit2.egg-info/SOURCES.txt'
[3.436s] writing manifest file 'pymoveit2.egg-info/SOURCES.txt'
[3.557s] Built target ament_cmake_python_build_pymoveit2_egg
[3.631s] Invoked command in '/home/jsh/robot_ws/build/pymoveit2' returned '0': CMAKE_PREFIX_PATH=${CMAKE_PREFIX_PATH}:/opt/ros/humble /usr/bin/cmake --build /home/jsh/robot_ws/build/pymoveit2 -- -j8 -l8
[3.747s] Invoking command in '/home/jsh/robot_ws/build/pymoveit2': CMAKE_PREFIX_PATH=${CMAKE_PREFIX_PATH}:/opt/ros/humble /usr/bin/cmake --install /home/jsh/robot_ws/build/pymoveit2
[3.782s] -- Install configuration: ""
[3.784s] -- Execute custom install script
[3.785s] -- Up-to-date symlink: /home/jsh/robot_ws/install/pymoveit2/share/pymoveit2/environment/pythonpath.sh
[3.787s] -- Up-to-date symlink: /home/jsh/robot_ws/install/pymoveit2/share/pymoveit2/environment/pythonpath.dsv
[3.790s] -- Up-to-date symlink: /home/jsh/robot_ws/install/pymoveit2/local/lib/python3.10/dist-packages/pymoveit2-2.1.0-py3.10.egg-info/PKG-INFO
[3.791s] -- Up-to-date symlink: /home/jsh/robot_ws/install/pymoveit2/local/lib/python3.10/dist-packages/pymoveit2-2.1.0-py3.10.egg-info/SOURCES.txt
[3.792s] -- Up-to-date symlink: /home/jsh/robot_ws/install/pymoveit2/local/lib/python3.10/dist-packages/pymoveit2-2.1.0-py3.10.egg-info/dependency_links.txt
[3.792s] -- Up-to-date symlink: /home/jsh/robot_ws/install/pymoveit2/local/lib/python3.10/dist-packages/pymoveit2-2.1.0-py3.10.egg-info/top_level.txt
[3.796s] -- Up-to-date symlink: /home/jsh/robot_ws/install/pymoveit2/local/lib/python3.10/dist-packages/pymoveit2/__init__.py
[3.797s] -- Up-to-date symlink: /home/jsh/robot_ws/install/pymoveit2/local/lib/python3.10/dist-packages/pymoveit2/gripper_command.py
[3.797s] -- Up-to-date symlink: /home/jsh/robot_ws/install/pymoveit2/local/lib/python3.10/dist-packages/pymoveit2/moveit2.py
[3.798s] -- Up-to-date symlink: /home/jsh/robot_ws/install/pymoveit2/local/lib/python3.10/dist-packages/pymoveit2/moveit2_gripper.py
[3.799s] -- Up-to-date symlink: /home/jsh/robot_ws/install/pymoveit2/local/lib/python3.10/dist-packages/pymoveit2/moveit2_servo.py
[3.800s] -- Up-to-date symlink: /home/jsh/robot_ws/install/pymoveit2/local/lib/python3.10/dist-packages/pymoveit2/robots/__init__.py
[3.800s] -- Up-to-date symlink: /home/jsh/robot_ws/install/pymoveit2/local/lib/python3.10/dist-packages/pymoveit2/robots/panda.py
[3.801s] -- Up-to-date symlink: /home/jsh/robot_ws/install/pymoveit2/local/lib/python3.10/dist-packages/pymoveit2/robots/ur5.py
[3.802s] -- Up-to-date symlink: /home/jsh/robot_ws/install/pymoveit2/lib/pymoveit2/ex_collision_object.py
[3.803s] -- Up-to-date symlink: /home/jsh/robot_ws/install/pymoveit2/lib/pymoveit2/ex_gripper_command.py
[3.804s] -- Up-to-date symlink: /home/jsh/robot_ws/install/pymoveit2/lib/pymoveit2/ex_gripper.py
[3.804s] -- Up-to-date symlink: /home/jsh/robot_ws/install/pymoveit2/lib/pymoveit2/ex_joint_goal.py
[3.805s] -- Up-to-date symlink: /home/jsh/robot_ws/install/pymoveit2/lib/pymoveit2/ex_pose_goal.py
[3.806s] -- Up-to-date symlink: /home/jsh/robot_ws/install/pymoveit2/lib/pymoveit2/ex_servo.py
[3.807s] -- Up-to-date symlink: /home/jsh/robot_ws/install/pymoveit2/lib/pymoveit2/task_bag.py
[3.808s] -- Up-to-date symlink: /home/jsh/robot_ws/install/pymoveit2/lib/pymoveit2/task_box.py
[3.810s] -- Up-to-date symlink: /home/jsh/robot_ws/install/pymoveit2/share/ament_index/resource_index/package_run_dependencies/pymoveit2
[3.811s] -- Up-to-date symlink: /home/jsh/robot_ws/install/pymoveit2/share/ament_index/resource_index/parent_prefix_path/pymoveit2
[3.812s] -- Up-to-date symlink: /home/jsh/robot_ws/install/pymoveit2/share/pymoveit2/environment/ament_prefix_path.sh
[3.813s] -- Up-to-date symlink: /home/jsh/robot_ws/install/pymoveit2/share/pymoveit2/environment/ament_prefix_path.dsv
[3.814s] -- Up-to-date symlink: /home/jsh/robot_ws/install/pymoveit2/share/pymoveit2/environment/path.sh
[3.815s] -- Up-to-date symlink: /home/jsh/robot_ws/install/pymoveit2/share/pymoveit2/environment/path.dsv
[3.816s] -- Up-to-date symlink: /home/jsh/robot_ws/install/pymoveit2/share/pymoveit2/local_setup.bash
[3.817s] -- Up-to-date symlink: /home/jsh/robot_ws/install/pymoveit2/share/pymoveit2/local_setup.sh
[3.818s] -- Up-to-date symlink: /home/jsh/robot_ws/install/pymoveit2/share/pymoveit2/local_setup.zsh
[3.819s] -- Up-to-date symlink: /home/jsh/robot_ws/install/pymoveit2/share/pymoveit2/local_setup.dsv
[3.820s] -- Symlinking: /home/jsh/robot_ws/install/pymoveit2/share/pymoveit2/package.dsv
[3.856s] -- Up-to-date symlink: /home/jsh/robot_ws/install/pymoveit2/share/ament_index/resource_index/packages/pymoveit2
[3.857s] -- Up-to-date symlink: /home/jsh/robot_ws/install/pymoveit2/share/pymoveit2/cmake/pymoveit2Config.cmake
[3.857s] -- Up-to-date symlink: /home/jsh/robot_ws/install/pymoveit2/share/pymoveit2/cmake/pymoveit2Config-version.cmake
[3.858s] -- Up-to-date symlink: /home/jsh/robot_ws/install/pymoveit2/share/pymoveit2/package.xml
[3.990s] Listing '/home/jsh/robot_ws/install/pymoveit2/local/lib/python3.10/dist-packages/pymoveit2'...
[3.991s] Listing '/home/jsh/robot_ws/install/pymoveit2/local/lib/python3.10/dist-packages/pymoveit2/robots'...
[4.019s] Invoked command in '/home/jsh/robot_ws/build/pymoveit2' returned '0': CMAKE_PREFIX_PATH=${CMAKE_PREFIX_PATH}:/opt/ros/humble /usr/bin/cmake --install /home/jsh/robot_ws/build/pymoveit2
