[0.116s] Invoking command in '/home/jsh/robot_ws/build/pymoveit2': CMAKE_PREFIX_PATH=/opt/ros/humble /usr/bin/cmake --build /home/jsh/robot_ws/build/pymoveit2 -- -j8 -l8
[0.413s] Built target ament_cmake_python_symlink_pymoveit2
[1.777s] running egg_info
[1.781s] writing pymoveit2.egg-info/PKG-INFO
[1.782s] writing dependency_links to pymoveit2.egg-info/dependency_links.txt
[1.782s] writing top-level names to pymoveit2.egg-info/top_level.txt
[1.793s] reading manifest file 'pymoveit2.egg-info/SOURCES.txt'
[1.795s] writing manifest file 'pymoveit2.egg-info/SOURCES.txt'
[1.907s] Built target ament_cmake_python_build_pymoveit2_egg
[1.942s] Invoked command in '/home/jsh/robot_ws/build/pymoveit2' returned '0': CMAKE_PREFIX_PATH=/opt/ros/humble /usr/bin/cmake --build /home/jsh/robot_ws/build/pymoveit2 -- -j8 -l8
[2.037s] Invoking command in '/home/jsh/robot_ws/build/pymoveit2': CMAKE_PREFIX_PATH=/opt/ros/humble /usr/bin/cmake --install /home/jsh/robot_ws/build/pymoveit2
[2.071s] -- Install configuration: ""
[2.073s] -- Execute custom install script
[2.075s] -- Up-to-date symlink: /home/jsh/robot_ws/install/pymoveit2/share/pymoveit2/environment/pythonpath.sh
[2.076s] -- Up-to-date symlink: /home/jsh/robot_ws/install/pymoveit2/share/pymoveit2/environment/pythonpath.dsv
[2.079s] -- Up-to-date symlink: /home/jsh/robot_ws/install/pymoveit2/local/lib/python3.10/dist-packages/pymoveit2-2.1.0-py3.10.egg-info/PKG-INFO
[2.079s] -- Up-to-date symlink: /home/jsh/robot_ws/install/pymoveit2/local/lib/python3.10/dist-packages/pymoveit2-2.1.0-py3.10.egg-info/SOURCES.txt
[2.080s] -- Up-to-date symlink: /home/jsh/robot_ws/install/pymoveit2/local/lib/python3.10/dist-packages/pymoveit2-2.1.0-py3.10.egg-info/dependency_links.txt
[2.081s] -- Up-to-date symlink: /home/jsh/robot_ws/install/pymoveit2/local/lib/python3.10/dist-packages/pymoveit2-2.1.0-py3.10.egg-info/top_level.txt
[2.084s] -- Up-to-date symlink: /home/jsh/robot_ws/install/pymoveit2/local/lib/python3.10/dist-packages/pymoveit2/__init__.py
[2.085s] -- Up-to-date symlink: /home/jsh/robot_ws/install/pymoveit2/local/lib/python3.10/dist-packages/pymoveit2/gripper_command.py
[2.086s] -- Up-to-date symlink: /home/jsh/robot_ws/install/pymoveit2/local/lib/python3.10/dist-packages/pymoveit2/moveit2.py
[2.086s] -- Up-to-date symlink: /home/jsh/robot_ws/install/pymoveit2/local/lib/python3.10/dist-packages/pymoveit2/moveit2_gripper.py
[2.087s] -- Up-to-date symlink: /home/jsh/robot_ws/install/pymoveit2/local/lib/python3.10/dist-packages/pymoveit2/moveit2_servo.py
[2.088s] -- Up-to-date symlink: /home/jsh/robot_ws/install/pymoveit2/local/lib/python3.10/dist-packages/pymoveit2/robots/__init__.py
[2.089s] -- Up-to-date symlink: /home/jsh/robot_ws/install/pymoveit2/local/lib/python3.10/dist-packages/pymoveit2/robots/panda.py
[2.090s] -- Up-to-date symlink: /home/jsh/robot_ws/install/pymoveit2/local/lib/python3.10/dist-packages/pymoveit2/robots/ur5.py
[2.091s] -- Up-to-date symlink: /home/jsh/robot_ws/install/pymoveit2/lib/pymoveit2/ex_collision_object.py
[2.092s] -- Up-to-date symlink: /home/jsh/robot_ws/install/pymoveit2/lib/pymoveit2/ex_gripper_command.py
[2.093s] -- Up-to-date symlink: /home/jsh/robot_ws/install/pymoveit2/lib/pymoveit2/ex_gripper.py
[2.095s] -- Up-to-date symlink: /home/jsh/robot_ws/install/pymoveit2/lib/pymoveit2/ex_joint_goal.py
[2.095s] -- Up-to-date symlink: /home/jsh/robot_ws/install/pymoveit2/lib/pymoveit2/ex_pose_goal.py
[2.096s] -- Up-to-date symlink: /home/jsh/robot_ws/install/pymoveit2/lib/pymoveit2/ex_servo_1.py
[2.097s] -- Up-to-date symlink: /home/jsh/robot_ws/install/pymoveit2/lib/pymoveit2/ex_servo_2.py
[2.098s] -- Up-to-date symlink: /home/jsh/robot_ws/install/pymoveit2/lib/pymoveit2/ex_multi_move.py
[2.098s] -- Up-to-date symlink: /home/jsh/robot_ws/install/pymoveit2/lib/pymoveit2/runner.py
[2.099s] -- Up-to-date symlink: /home/jsh/robot_ws/install/pymoveit2/lib/pymoveit2/dual_pose_goal.py
[2.100s] -- Up-to-date symlink: /home/jsh/robot_ws/install/pymoveit2/lib/pymoveit2/joint.py
[2.101s] -- Up-to-date symlink: /home/jsh/robot_ws/install/pymoveit2/lib/pymoveit2/task_bag.py
[2.102s] -- Up-to-date symlink: /home/jsh/robot_ws/install/pymoveit2/lib/pymoveit2/task_wrap.py
[2.102s] -- Up-to-date symlink: /home/jsh/robot_ws/install/pymoveit2/share/ament_index/resource_index/package_run_dependencies/pymoveit2
[2.104s] -- Up-to-date symlink: /home/jsh/robot_ws/install/pymoveit2/share/ament_index/resource_index/parent_prefix_path/pymoveit2
[2.105s] -- Up-to-date symlink: /home/jsh/robot_ws/install/pymoveit2/share/pymoveit2/environment/ament_prefix_path.sh
[2.106s] -- Up-to-date symlink: /home/jsh/robot_ws/install/pymoveit2/share/pymoveit2/environment/ament_prefix_path.dsv
[2.108s] -- Up-to-date symlink: /home/jsh/robot_ws/install/pymoveit2/share/pymoveit2/environment/path.sh
[2.109s] -- Up-to-date symlink: /home/jsh/robot_ws/install/pymoveit2/share/pymoveit2/environment/path.dsv
[2.109s] -- Up-to-date symlink: /home/jsh/robot_ws/install/pymoveit2/share/pymoveit2/local_setup.bash
[2.111s] -- Up-to-date symlink: /home/jsh/robot_ws/install/pymoveit2/share/pymoveit2/local_setup.sh
[2.112s] -- Up-to-date symlink: /home/jsh/robot_ws/install/pymoveit2/share/pymoveit2/local_setup.zsh
[2.113s] -- Up-to-date symlink: /home/jsh/robot_ws/install/pymoveit2/share/pymoveit2/local_setup.dsv
[2.113s] -- Symlinking: /home/jsh/robot_ws/install/pymoveit2/share/pymoveit2/package.dsv
[2.147s] -- Up-to-date symlink: /home/jsh/robot_ws/install/pymoveit2/share/ament_index/resource_index/packages/pymoveit2
[2.149s] -- Up-to-date symlink: /home/jsh/robot_ws/install/pymoveit2/share/pymoveit2/cmake/pymoveit2Config.cmake
[2.149s] -- Up-to-date symlink: /home/jsh/robot_ws/install/pymoveit2/share/pymoveit2/cmake/pymoveit2Config-version.cmake
[2.150s] -- Up-to-date symlink: /home/jsh/robot_ws/install/pymoveit2/share/pymoveit2/package.xml
[2.282s] Listing '/home/jsh/robot_ws/install/pymoveit2/local/lib/python3.10/dist-packages/pymoveit2'...
[2.283s] Listing '/home/jsh/robot_ws/install/pymoveit2/local/lib/python3.10/dist-packages/pymoveit2/robots'...
[2.306s] Invoked command in '/home/jsh/robot_ws/build/pymoveit2' returned '0': CMAKE_PREFIX_PATH=/opt/ros/humble /usr/bin/cmake --install /home/jsh/robot_ws/build/pymoveit2
