[0.106s] Invoking command in '/home/jsh/robot_ws/build/multi_robot_arm': CMAKE_PREFIX_PATH=${CMAKE_PREFIX_PATH}:/opt/ros/humble /usr/bin/cmake --build /home/jsh/robot_ws/build/multi_robot_arm -- -j8 -l8
[0.250s] -- Found ament_cmake: 1.3.8 (/opt/ros/humble/share/ament_cmake/cmake)
[1.034s] -- Override CMake install command with custom implementation using symlinks instead of copying resources
[1.069s] -- Found rclcpp: 16.0.8 (/opt/ros/humble/share/rclcpp/cmake)
[1.231s] -- Found rosidl_generator_c: 3.1.5 (/opt/ros/humble/share/rosidl_generator_c/cmake)
[1.243s] -- Found rosidl_adapter: 3.1.5 (/opt/ros/humble/share/rosidl_adapter/cmake)
[1.276s] -- Found rosidl_generator_cpp: 3.1.5 (/opt/ros/humble/share/rosidl_generator_cpp/cmake)
[1.328s] -- Using all available rosidl_typesupport_c: rosidl_typesupport_fastrtps_c;rosidl_typesupport_introspection_c
[1.405s] -- Using all available rosidl_typesupport_cpp: rosidl_typesupport_fastrtps_cpp;rosidl_typesupport_introspection_cpp
[1.698s] -- Found rmw_implementation_cmake: 6.1.1 (/opt/ros/humble/share/rmw_implementation_cmake/cmake)
[1.706s] -- Found rmw_fastrtps_cpp: 6.2.6 (/opt/ros/humble/share/rmw_fastrtps_cpp/cmake)
[2.299s] -- Using RMW implementation 'rmw_fastrtps_cpp' as default
[3.105s] -- Found gazebo_ros: 3.7.0 (/opt/ros/humble/share/gazebo_ros/cmake)
[3.251s] -- Found DART: /usr/include (Required is at least version "6.6") found components: dart 
[3.403s] -- Found Protobuf: /usr/lib/x86_64-linux-gnu/libprotobuf.so (found version "3.12.4") 
[3.415s] -- Looking for ignition-math6 -- found version 6.15.1
[3.436s] -- Searching for dependencies of ignition-math6
[3.443s] -- Looking for OGRE...
[3.470s] -- Found Ogre Ghadamon (1.9.0)
[3.471s] -- Found OGRE: optimized;/usr/lib/x86_64-linux-gnu/libOgreMain.so;debug;/usr/lib/x86_64-linux-gnu/libOgreMain.so
[3.515s] -- Looking for OGRE_Paging...
[3.516s] -- Found OGRE_Paging: optimized;/usr/lib/x86_64-linux-gnu/libOgrePaging.so;debug;/usr/lib/x86_64-linux-gnu/libOgrePaging.so
[3.517s] -- Looking for OGRE_Terrain...
[3.517s] -- Found OGRE_Terrain: optimized;/usr/lib/x86_64-linux-gnu/libOgreTerrain.so;debug;/usr/lib/x86_64-linux-gnu/libOgreTerrain.so
[3.518s] -- Looking for OGRE_Property...
[3.518s] -- Found OGRE_Property: optimized;/usr/lib/x86_64-linux-gnu/libOgreProperty.so;debug;/usr/lib/x86_64-linux-gnu/libOgreProperty.so
[3.519s] -- Looking for OGRE_RTShaderSystem...
[3.520s] -- Found OGRE_RTShaderSystem: optimized;/usr/lib/x86_64-linux-gnu/libOgreRTShaderSystem.so;debug;/usr/lib/x86_64-linux-gnu/libOgreRTShaderSystem.so
[3.520s] -- Looking for OGRE_Volume...
[3.521s] -- Found OGRE_Volume: optimized;/usr/lib/x86_64-linux-gnu/libOgreVolume.so;debug;/usr/lib/x86_64-linux-gnu/libOgreVolume.so
[3.521s] -- Looking for OGRE_Overlay...
[3.522s] -- Found OGRE_Overlay: optimized;/usr/lib/x86_64-linux-gnu/libOgreOverlay.so;debug;/usr/lib/x86_64-linux-gnu/libOgreOverlay.so
[4.119s] -- Looking for ignition-math6 -- found version 6.15.1
[4.121s] -- Looking for ignition-transport8 -- found version 8.2.1
[4.123s] -- Searching for dependencies of ignition-transport8
[4.190s] -- Found Protobuf: /usr/lib/x86_64-linux-gnu/libprotobuf.so (found suitable version "3.12.4", minimum required is "3") 
[4.232s] -- Config-file not installed for ZeroMQ -- checking for pkg-config
[4.246s] -- Checking for module 'libzmq >= 4'
[4.291s] --   Found libzmq , version 4.3.4
[4.410s] -- Checking for module 'uuid'
[4.445s] --   Found uuid, version 2.37.2
[4.540s] -- Looking for ignition-msgs5 -- found version 5.8.1
[4.541s] -- Searching for dependencies of ignition-msgs5
[4.602s] -- Looking for ignition-math6 -- found version 6.15.1
[4.617s] -- Checking for module 'tinyxml2'
[4.651s] --   Found tinyxml2, version 9.0.0
[4.758s] -- Looking for ignition-msgs5 -- found version 5.8.1
[4.760s] -- Looking for ignition-common3 -- found version 3.14.0
[4.762s] -- Searching for dependencies of ignition-common3
[4.763s] -- Looking for dlfcn.h - found
[4.763s] -- Looking for libdl - found
[4.802s] -- Searching for <ignition-common3> component [graphics]
[4.804s] -- Looking for ignition-common3-graphics -- found version 3.14.0
[4.805s] -- Searching for dependencies of ignition-common3-graphics
[4.807s] -- Looking for ignition-math6 -- found version 6.15.1
[4.811s] -- Looking for ignition-fuel_tools4 -- found version 4.4.0
[4.812s] -- Searching for dependencies of ignition-fuel_tools4
[4.930s] -- Checking for module 'jsoncpp'
[4.965s] --   Found jsoncpp, version 1.9.5
[5.076s] -- Checking for module 'libzip'
[5.115s] --   Found libzip, version 1.7.3
[5.208s] -- Looking for ignition-common3 -- found version 3.14.0
[5.210s] -- Looking for ignition-math6 -- found version 6.15.1
[5.211s] -- Looking for ignition-msgs5 -- found version 5.8.1
[5.216s] -- Gazebo version: 11.10
[5.417s] -- Configuring done
[5.432s] -- Generating done
[5.438s] -- Build files have been written to: /home/jsh/robot_ws/build/multi_robot_arm
[5.520s] Invoked command in '/home/jsh/robot_ws/build/multi_robot_arm' returned '0': CMAKE_PREFIX_PATH=${CMAKE_PREFIX_PATH}:/opt/ros/humble /usr/bin/cmake --build /home/jsh/robot_ws/build/multi_robot_arm -- -j8 -l8
[5.594s] Invoking command in '/home/jsh/robot_ws/build/multi_robot_arm': CMAKE_PREFIX_PATH=${CMAKE_PREFIX_PATH}:/opt/ros/humble /usr/bin/cmake --install /home/jsh/robot_ws/build/multi_robot_arm
[5.614s] -- Install configuration: ""
[5.615s] -- Execute custom install script
[5.616s] -- Up-to-date symlink: /home/jsh/robot_ws/install/multi_robot_arm/share/multi_robot_arm/launch/arm2.urdf.yaml
[5.617s] -- Up-to-date symlink: /home/jsh/robot_ws/install/multi_robot_arm/share/multi_robot_arm/launch/dual_robot.yaml
[5.617s] -- Up-to-date symlink: /home/jsh/robot_ws/install/multi_robot_arm/share/multi_robot_arm/launch/gazebo_arm.launch.py
[5.618s] -- Up-to-date symlink: /home/jsh/robot_ws/install/multi_robot_arm/share/multi_robot_arm/launch/gazebo_arm2.launch.py
[5.619s] -- Up-to-date symlink: /home/jsh/robot_ws/install/multi_robot_arm/share/multi_robot_arm/config/ur/ur5/chomp_planning.yaml
[5.619s] -- Up-to-date symlink: /home/jsh/robot_ws/install/multi_robot_arm/share/multi_robot_arm/config/ur/ur5/default_kinematics copy.yaml
[5.620s] -- Up-to-date symlink: /home/jsh/robot_ws/install/multi_robot_arm/share/multi_robot_arm/config/ur/ur5/default_kinematics.yaml
[5.620s] -- Up-to-date symlink: /home/jsh/robot_ws/install/multi_robot_arm/share/multi_robot_arm/config/ur/ur5/dual_robot.yaml
[5.620s] -- Up-to-date symlink: /home/jsh/robot_ws/install/multi_robot_arm/share/multi_robot_arm/config/ur/ur5/initial_positions.yaml
[5.620s] -- Up-to-date symlink: /home/jsh/robot_ws/install/multi_robot_arm/share/multi_robot_arm/config/ur/ur5/joint_limits.yaml
[5.621s] -- Up-to-date symlink: /home/jsh/robot_ws/install/multi_robot_arm/share/multi_robot_arm/config/ur/ur5/joint_limits_planning.yaml
[5.621s] -- Up-to-date symlink: /home/jsh/robot_ws/install/multi_robot_arm/share/multi_robot_arm/config/ur/ur5/kinematics.yaml
[5.622s] -- Up-to-date symlink: /home/jsh/robot_ws/install/multi_robot_arm/share/multi_robot_arm/config/ur/ur5/moveit_controller_manager.yaml
[5.622s] -- Up-to-date symlink: /home/jsh/robot_ws/install/multi_robot_arm/share/multi_robot_arm/config/ur/ur5/ompl_planning.yaml
[5.622s] -- Up-to-date symlink: /home/jsh/robot_ws/install/multi_robot_arm/share/multi_robot_arm/config/ur/ur5/physical_parameters.yaml
[5.623s] -- Up-to-date symlink: /home/jsh/robot_ws/install/multi_robot_arm/share/multi_robot_arm/config/ur/ur5/robot.srdf
[5.623s] -- Up-to-date symlink: /home/jsh/robot_ws/install/multi_robot_arm/share/multi_robot_arm/config/ur/ur5/ros_controllers_robot.yaml
[5.623s] -- Up-to-date symlink: /home/jsh/robot_ws/install/multi_robot_arm/share/multi_robot_arm/config/ur/ur5/visual_parameters copy.yaml
[5.624s] -- Up-to-date symlink: /home/jsh/robot_ws/install/multi_robot_arm/share/multi_robot_arm/config/ur/ur5/visual_parameters.yaml
[5.626s] -- Up-to-date symlink: /home/jsh/robot_ws/install/multi_robot_arm/share/multi_robot_arm/urdf/ur/inc/ur_common.xacro
[5.626s] -- Up-to-date symlink: /home/jsh/robot_ws/install/multi_robot_arm/share/multi_robot_arm/urdf/ur/inc/ur_transmissions.xacro
[5.627s] -- Up-to-date symlink: /home/jsh/robot_ws/install/multi_robot_arm/share/multi_robot_arm/urdf/ur/meshes/arm/collision/arm_01.stl
[5.627s] -- Up-to-date symlink: /home/jsh/robot_ws/install/multi_robot_arm/share/multi_robot_arm/urdf/ur/meshes/arm/collision/arm_02.stl
[5.628s] -- Up-to-date symlink: /home/jsh/robot_ws/install/multi_robot_arm/share/multi_robot_arm/urdf/ur/meshes/arm/collision/arm_02_v3-cut-5.stl
[5.628s] -- Up-to-date symlink: /home/jsh/robot_ws/install/multi_robot_arm/share/multi_robot_arm/urdf/ur/meshes/arm/collision/arm_03.stl
[5.629s] -- Up-to-date symlink: /home/jsh/robot_ws/install/multi_robot_arm/share/multi_robot_arm/urdf/ur/meshes/arm/collision/base.stl
[5.629s] -- Up-to-date symlink: /home/jsh/robot_ws/install/multi_robot_arm/share/multi_robot_arm/urdf/ur/meshes/arm/collision/gear1.stl
[5.630s] -- Up-to-date symlink: /home/jsh/robot_ws/install/multi_robot_arm/share/multi_robot_arm/urdf/ur/meshes/arm/collision/gear2.stl
[5.630s] -- Up-to-date symlink: /home/jsh/robot_ws/install/multi_robot_arm/share/multi_robot_arm/urdf/ur/meshes/arm/collision/grip_link_1.stl
[5.631s] -- Up-to-date symlink: /home/jsh/robot_ws/install/multi_robot_arm/share/multi_robot_arm/urdf/ur/meshes/arm/collision/gripper.stl
[5.631s] -- Up-to-date symlink: /home/jsh/robot_ws/install/multi_robot_arm/share/multi_robot_arm/urdf/ur/meshes/arm/collision/gripper_1.stl
[5.631s] -- Up-to-date symlink: /home/jsh/robot_ws/install/multi_robot_arm/share/multi_robot_arm/urdf/ur/meshes/arm/collision/gripper_base.stl
[5.632s] -- Up-to-date symlink: /home/jsh/robot_ws/install/multi_robot_arm/share/multi_robot_arm/urdf/ur/meshes/arm/collision/waist.stl
[5.632s] -- Up-to-date symlink: /home/jsh/robot_ws/install/multi_robot_arm/share/multi_robot_arm/urdf/ur/meshes/arm/visual/arm_01.dae
[5.632s] -- Up-to-date symlink: /home/jsh/robot_ws/install/multi_robot_arm/share/multi_robot_arm/urdf/ur/meshes/arm/visual/arm_02.dae
[5.633s] -- Up-to-date symlink: /home/jsh/robot_ws/install/multi_robot_arm/share/multi_robot_arm/urdf/ur/meshes/arm/visual/arm_03.dae
[5.633s] -- Up-to-date symlink: /home/jsh/robot_ws/install/multi_robot_arm/share/multi_robot_arm/urdf/ur/meshes/arm/visual/base.dae
[5.634s] -- Up-to-date symlink: /home/jsh/robot_ws/install/multi_robot_arm/share/multi_robot_arm/urdf/ur/meshes/arm/visual/gear1.dae
[5.634s] -- Up-to-date symlink: /home/jsh/robot_ws/install/multi_robot_arm/share/multi_robot_arm/urdf/ur/meshes/arm/visual/gear2.dae
[5.634s] -- Up-to-date symlink: /home/jsh/robot_ws/install/multi_robot_arm/share/multi_robot_arm/urdf/ur/meshes/arm/visual/grip_link_1.dae
[5.635s] -- Up-to-date symlink: /home/jsh/robot_ws/install/multi_robot_arm/share/multi_robot_arm/urdf/ur/meshes/arm/visual/gripper.dae
[5.635s] -- Up-to-date symlink: /home/jsh/robot_ws/install/multi_robot_arm/share/multi_robot_arm/urdf/ur/meshes/arm/visual/gripper_1.dae
[5.635s] -- Up-to-date symlink: /home/jsh/robot_ws/install/multi_robot_arm/share/multi_robot_arm/urdf/ur/meshes/arm/visual/gripper_base.dae
[5.636s] -- Up-to-date symlink: /home/jsh/robot_ws/install/multi_robot_arm/share/multi_robot_arm/urdf/ur/meshes/arm/visual/waist.dae
[5.636s] -- Up-to-date symlink: /home/jsh/robot_ws/install/multi_robot_arm/share/multi_robot_arm/urdf/ur/meshes/ur5/collision/arm_01.stl
[5.637s] -- Up-to-date symlink: /home/jsh/robot_ws/install/multi_robot_arm/share/multi_robot_arm/urdf/ur/meshes/ur5/collision/arm_02.stl
[5.637s] -- Up-to-date symlink: /home/jsh/robot_ws/install/multi_robot_arm/share/multi_robot_arm/urdf/ur/meshes/ur5/collision/arm_03.stl
[5.638s] -- Up-to-date symlink: /home/jsh/robot_ws/install/multi_robot_arm/share/multi_robot_arm/urdf/ur/meshes/ur5/collision/base.stl
[5.638s] -- Up-to-date symlink: /home/jsh/robot_ws/install/multi_robot_arm/share/multi_robot_arm/urdf/ur/meshes/ur5/collision/gear1.stl
[5.639s] -- Up-to-date symlink: /home/jsh/robot_ws/install/multi_robot_arm/share/multi_robot_arm/urdf/ur/meshes/ur5/collision/gear2.stl
[5.639s] -- Up-to-date symlink: /home/jsh/robot_ws/install/multi_robot_arm/share/multi_robot_arm/urdf/ur/meshes/ur5/collision/grip_link_1.stl
[5.639s] -- Up-to-date symlink: /home/jsh/robot_ws/install/multi_robot_arm/share/multi_robot_arm/urdf/ur/meshes/ur5/collision/gripper.stl
[5.640s] -- Up-to-date symlink: /home/jsh/robot_ws/install/multi_robot_arm/share/multi_robot_arm/urdf/ur/meshes/ur5/collision/gripper_1.stl
[5.640s] -- Up-to-date symlink: /home/jsh/robot_ws/install/multi_robot_arm/share/multi_robot_arm/urdf/ur/meshes/ur5/collision/gripper_base.stl
[5.641s] -- Up-to-date symlink: /home/jsh/robot_ws/install/multi_robot_arm/share/multi_robot_arm/urdf/ur/meshes/ur5/collision/waist.stl
[5.641s] -- Up-to-date symlink: /home/jsh/robot_ws/install/multi_robot_arm/share/multi_robot_arm/urdf/ur/meshes/ur5/visual/arm_01.dae
[5.642s] -- Up-to-date symlink: /home/jsh/robot_ws/install/multi_robot_arm/share/multi_robot_arm/urdf/ur/meshes/ur5/visual/arm_02.dae
[5.642s] -- Up-to-date symlink: /home/jsh/robot_ws/install/multi_robot_arm/share/multi_robot_arm/urdf/ur/meshes/ur5/visual/arm_03.dae
[5.642s] -- Up-to-date symlink: /home/jsh/robot_ws/install/multi_robot_arm/share/multi_robot_arm/urdf/ur/meshes/ur5/visual/base.dae
[5.643s] -- Up-to-date symlink: /home/jsh/robot_ws/install/multi_robot_arm/share/multi_robot_arm/urdf/ur/meshes/ur5/visual/gear1.dae
[5.643s] -- Up-to-date symlink: /home/jsh/robot_ws/install/multi_robot_arm/share/multi_robot_arm/urdf/ur/meshes/ur5/visual/gear2.dae
[5.643s] -- Up-to-date symlink: /home/jsh/robot_ws/install/multi_robot_arm/share/multi_robot_arm/urdf/ur/meshes/ur5/visual/grip_link_1.dae
[5.644s] -- Up-to-date symlink: /home/jsh/robot_ws/install/multi_robot_arm/share/multi_robot_arm/urdf/ur/meshes/ur5/visual/gripper.dae
[5.644s] -- Up-to-date symlink: /home/jsh/robot_ws/install/multi_robot_arm/share/multi_robot_arm/urdf/ur/meshes/ur5/visual/gripper_1.dae
[5.645s] -- Up-to-date symlink: /home/jsh/robot_ws/install/multi_robot_arm/share/multi_robot_arm/urdf/ur/meshes/ur5/visual/gripper_base.dae
[5.645s] -- Up-to-date symlink: /home/jsh/robot_ws/install/multi_robot_arm/share/multi_robot_arm/urdf/ur/meshes/ur5/visual/waist.dae
[5.646s] -- Up-to-date symlink: /home/jsh/robot_ws/install/multi_robot_arm/share/multi_robot_arm/urdf/ur/ur5/ur_macro.xacro
[5.646s] -- Up-to-date symlink: /home/jsh/robot_ws/install/multi_robot_arm/share/multi_robot_arm/urdf/ur/ur5/ur_ros2_control.xacro
[5.646s] -- Up-to-date symlink: /home/jsh/robot_ws/install/multi_robot_arm/share/multi_robot_arm/urdf/ur/ur5/ur_urdf.xacro
[5.647s] -- Up-to-date symlink: /home/jsh/robot_ws/install/multi_robot_arm/share/multi_robot_arm/worlds/empty.world
[5.647s] -- Up-to-date symlink: /home/jsh/robot_ws/install/multi_robot_arm/share/multi_robot_arm/environment/multi_robot_arm.dsv
[5.648s] -- Up-to-date symlink: /home/jsh/robot_ws/install/multi_robot_arm/share/ament_index/resource_index/package_run_dependencies/multi_robot_arm
[5.649s] -- Up-to-date symlink: /home/jsh/robot_ws/install/multi_robot_arm/share/ament_index/resource_index/parent_prefix_path/multi_robot_arm
[5.650s] -- Up-to-date symlink: /home/jsh/robot_ws/install/multi_robot_arm/share/multi_robot_arm/environment/ament_prefix_path.sh
[5.650s] -- Up-to-date symlink: /home/jsh/robot_ws/install/multi_robot_arm/share/multi_robot_arm/environment/ament_prefix_path.dsv
[5.651s] -- Up-to-date symlink: /home/jsh/robot_ws/install/multi_robot_arm/share/multi_robot_arm/environment/path.sh
[5.651s] -- Up-to-date symlink: /home/jsh/robot_ws/install/multi_robot_arm/share/multi_robot_arm/environment/path.dsv
[5.652s] -- Up-to-date symlink: /home/jsh/robot_ws/install/multi_robot_arm/share/multi_robot_arm/local_setup.bash
[5.652s] -- Up-to-date symlink: /home/jsh/robot_ws/install/multi_robot_arm/share/multi_robot_arm/local_setup.sh
[5.653s] -- Up-to-date symlink: /home/jsh/robot_ws/install/multi_robot_arm/share/multi_robot_arm/local_setup.zsh
[5.653s] -- Up-to-date symlink: /home/jsh/robot_ws/install/multi_robot_arm/share/multi_robot_arm/local_setup.dsv
[5.653s] -- Symlinking: /home/jsh/robot_ws/install/multi_robot_arm/share/multi_robot_arm/package.dsv
[5.683s] -- Up-to-date symlink: /home/jsh/robot_ws/install/multi_robot_arm/share/ament_index/resource_index/packages/multi_robot_arm
[5.683s] -- Up-to-date symlink: /home/jsh/robot_ws/install/multi_robot_arm/share/multi_robot_arm/cmake/multi_robot_armConfig.cmake
[5.684s] -- Up-to-date symlink: /home/jsh/robot_ws/install/multi_robot_arm/share/multi_robot_arm/cmake/multi_robot_armConfig-version.cmake
[5.684s] -- Up-to-date symlink: /home/jsh/robot_ws/install/multi_robot_arm/share/multi_robot_arm/package.xml
[5.690s] Invoked command in '/home/jsh/robot_ws/build/multi_robot_arm' returned '0': CMAKE_PREFIX_PATH=${CMAKE_PREFIX_PATH}:/opt/ros/humble /usr/bin/cmake --install /home/jsh/robot_ws/build/multi_robot_arm
